D:\php\php-sdk\phpdev\vc11\x86\php-5.6.20\ext\wing\lib\cximage\jpeg\x64\Debug\cl.command.1.tlog
D:\php\php-sdk\phpdev\vc11\x86\php-5.6.20\ext\wing\lib\cximage\jpeg\x64\Debug\CL.read.1.tlog
D:\php\php-sdk\phpdev\vc11\x86\php-5.6.20\ext\wing\lib\cximage\jpeg\x64\Debug\CL.write.1.tlog
D:\php\php-sdk\phpdev\vc11\x86\php-5.6.20\ext\wing\lib\cximage\jpeg\x64\Debug\jaricom.obj
D:\php\php-sdk\phpdev\vc11\x86\php-5.6.20\ext\wing\lib\cximage\jpeg\x64\Debug\jcapimin.obj
D:\php\php-sdk\phpdev\vc11\x86\php-5.6.20\ext\wing\lib\cximage\jpeg\x64\Debug\jcapistd.obj
D:\php\php-sdk\phpdev\vc11\x86\php-5.6.20\ext\wing\lib\cximage\jpeg\x64\Debug\jcarith.obj
D:\php\php-sdk\phpdev\vc11\x86\php-5.6.20\ext\wing\lib\cximage\jpeg\x64\Debug\jccoefct.obj
D:\php\php-sdk\phpdev\vc11\x86\php-5.6.20\ext\wing\lib\cximage\jpeg\x64\Debug\jccolor.obj
D:\php\php-sdk\phpdev\vc11\x86\php-5.6.20\ext\wing\lib\cximage\jpeg\x64\Debug\jcdctmgr.obj
D:\php\php-sdk\phpdev\vc11\x86\php-5.6.20\ext\wing\lib\cximage\jpeg\x64\Debug\jchuff.obj
D:\php\php-sdk\phpdev\vc11\x86\php-5.6.20\ext\wing\lib\cximage\jpeg\x64\Debug\jcinit.obj
D:\php\php-sdk\phpdev\vc11\x86\php-5.6.20\ext\wing\lib\cximage\jpeg\x64\Debug\jcmainct.obj
D:\php\php-sdk\phpdev\vc11\x86\php-5.6.20\ext\wing\lib\cximage\jpeg\x64\Debug\jcmarker.obj
D:\php\php-sdk\phpdev\vc11\x86\php-5.6.20\ext\wing\lib\cximage\jpeg\x64\Debug\jcmaster.obj
D:\php\php-sdk\phpdev\vc11\x86\php-5.6.20\ext\wing\lib\cximage\jpeg\x64\Debug\jcomapi.obj
D:\php\php-sdk\phpdev\vc11\x86\php-5.6.20\ext\wing\lib\cximage\jpeg\x64\Debug\jcparam.obj
D:\php\php-sdk\phpdev\vc11\x86\php-5.6.20\ext\wing\lib\cximage\jpeg\x64\Debug\jcprepct.obj
D:\php\php-sdk\phpdev\vc11\x86\php-5.6.20\ext\wing\lib\cximage\jpeg\x64\Debug\jcsample.obj
D:\php\php-sdk\phpdev\vc11\x86\php-5.6.20\ext\wing\lib\cximage\jpeg\x64\Debug\jctrans.obj
D:\php\php-sdk\phpdev\vc11\x86\php-5.6.20\ext\wing\lib\cximage\jpeg\x64\Debug\jdapimin.obj
D:\php\php-sdk\phpdev\vc11\x86\php-5.6.20\ext\wing\lib\cximage\jpeg\x64\Debug\jdapistd.obj
D:\php\php-sdk\phpdev\vc11\x86\php-5.6.20\ext\wing\lib\cximage\jpeg\x64\Debug\jdarith.obj
D:\php\php-sdk\phpdev\vc11\x86\php-5.6.20\ext\wing\lib\cximage\jpeg\x64\Debug\jdatadst.obj
D:\php\php-sdk\phpdev\vc11\x86\php-5.6.20\ext\wing\lib\cximage\jpeg\x64\Debug\jdatasrc.obj
D:\php\php-sdk\phpdev\vc11\x86\php-5.6.20\ext\wing\lib\cximage\jpeg\x64\Debug\jdcoefct.obj
D:\php\php-sdk\phpdev\vc11\x86\php-5.6.20\ext\wing\lib\cximage\jpeg\x64\Debug\jdcolor.obj
D:\php\php-sdk\phpdev\vc11\x86\php-5.6.20\ext\wing\lib\cximage\jpeg\x64\Debug\jddctmgr.obj
D:\php\php-sdk\phpdev\vc11\x86\php-5.6.20\ext\wing\lib\cximage\jpeg\x64\Debug\jdhuff.obj
D:\php\php-sdk\phpdev\vc11\x86\php-5.6.20\ext\wing\lib\cximage\jpeg\x64\Debug\jdinput.obj
D:\php\php-sdk\phpdev\vc11\x86\php-5.6.20\ext\wing\lib\cximage\jpeg\x64\Debug\jdmainct.obj
D:\php\php-sdk\phpdev\vc11\x86\php-5.6.20\ext\wing\lib\cximage\jpeg\x64\Debug\jdmarker.obj
D:\php\php-sdk\phpdev\vc11\x86\php-5.6.20\ext\wing\lib\cximage\jpeg\x64\Debug\jdmaster.obj
D:\php\php-sdk\phpdev\vc11\x86\php-5.6.20\ext\wing\lib\cximage\jpeg\x64\Debug\jdmerge.obj
D:\php\php-sdk\phpdev\vc11\x86\php-5.6.20\ext\wing\lib\cximage\jpeg\x64\Debug\jdpostct.obj
D:\php\php-sdk\phpdev\vc11\x86\php-5.6.20\ext\wing\lib\cximage\jpeg\x64\Debug\jdsample.obj
D:\php\php-sdk\phpdev\vc11\x86\php-5.6.20\ext\wing\lib\cximage\jpeg\x64\Debug\jdtrans.obj
D:\php\php-sdk\phpdev\vc11\x86\php-5.6.20\ext\wing\lib\cximage\jpeg\x64\Debug\jerror.obj
D:\php\php-sdk\phpdev\vc11\x86\php-5.6.20\ext\wing\lib\cximage\jpeg\x64\Debug\jfdctflt.obj
D:\php\php-sdk\phpdev\vc11\x86\php-5.6.20\ext\wing\lib\cximage\jpeg\x64\Debug\jfdctfst.obj
D:\php\php-sdk\phpdev\vc11\x86\php-5.6.20\ext\wing\lib\cximage\jpeg\x64\Debug\jfdctint.obj
D:\php\php-sdk\phpdev\vc11\x86\php-5.6.20\ext\wing\lib\cximage\jpeg\x64\Debug\jidctflt.obj
D:\php\php-sdk\phpdev\vc11\x86\php-5.6.20\ext\wing\lib\cximage\jpeg\x64\Debug\jidctfst.obj
D:\php\php-sdk\phpdev\vc11\x86\php-5.6.20\ext\wing\lib\cximage\jpeg\x64\Debug\jidctint.obj
D:\php\php-sdk\phpdev\vc11\x86\php-5.6.20\ext\wing\lib\cximage\jpeg\x64\Debug\jmemmgr.obj
D:\php\php-sdk\phpdev\vc11\x86\php-5.6.20\ext\wing\lib\cximage\jpeg\x64\Debug\jmemnobs.obj
D:\php\php-sdk\phpdev\vc11\x86\php-5.6.20\ext\wing\lib\cximage\jpeg\x64\Debug\jpeg.write.1.tlog
D:\php\php-sdk\phpdev\vc11\x86\php-5.6.20\ext\wing\lib\cximage\jpeg\x64\Debug\jquant1.obj
D:\php\php-sdk\phpdev\vc11\x86\php-5.6.20\ext\wing\lib\cximage\jpeg\x64\Debug\jquant2.obj
D:\php\php-sdk\phpdev\vc11\x86\php-5.6.20\ext\wing\lib\cximage\jpeg\x64\Debug\jutils.obj
D:\php\php-sdk\phpdev\vc11\x86\php-5.6.20\ext\wing\lib\cximage\jpeg\x64\Debug\lib.command.1.tlog
D:\php\php-sdk\phpdev\vc11\x86\php-5.6.20\ext\wing\lib\cximage\jpeg\x64\Debug\Lib-link.read.1.tlog
D:\php\php-sdk\phpdev\vc11\x86\php-5.6.20\ext\wing\lib\cximage\jpeg\x64\Debug\Lib-link.write.1.tlog
D:\php\php-sdk\phpdev\vc11\x86\php-5.6.20\ext\wing\lib\cximage\jpeg\x64\Debug\vc100.idb
D:\php\php-sdk\phpdev\vc11\x86\php-5.6.20\ext\wing\lib\cximage\jpeg\x64\Debug\vc100.pdb
D:\WEBTOP\CXIMAGE\JPEG\X64\DEBUG\JARICOM.OBJ
D:\WEBTOP\CXIMAGE\JPEG\X64\DEBUG\JCAPIMIN.OBJ
D:\WEBTOP\CXIMAGE\JPEG\X64\DEBUG\JCAPISTD.OBJ
D:\WEBTOP\CXIMAGE\JPEG\X64\DEBUG\JCARITH.OBJ
D:\WEBTOP\CXIMAGE\JPEG\X64\DEBUG\JCCOEFCT.OBJ
D:\WEBTOP\CXIMAGE\JPEG\X64\DEBUG\JCCOLOR.OBJ
D:\WEBTOP\CXIMAGE\JPEG\X64\DEBUG\JCDCTMGR.OBJ
D:\WEBTOP\CXIMAGE\JPEG\X64\DEBUG\JCHUFF.OBJ
D:\WEBTOP\CXIMAGE\JPEG\X64\DEBUG\JCINIT.OBJ
D:\WEBTOP\CXIMAGE\JPEG\X64\DEBUG\JCMAINCT.OBJ
D:\WEBTOP\CXIMAGE\JPEG\X64\DEBUG\JCMARKER.OBJ
D:\WEBTOP\CXIMAGE\JPEG\X64\DEBUG\JCMASTER.OBJ
D:\WEBTOP\CXIMAGE\JPEG\X64\DEBUG\JCOMAPI.OBJ
D:\WEBTOP\CXIMAGE\JPEG\X64\DEBUG\JCPARAM.OBJ
D:\WEBTOP\CXIMAGE\JPEG\X64\DEBUG\JCPREPCT.OBJ
D:\WEBTOP\CXIMAGE\JPEG\X64\DEBUG\JCSAMPLE.OBJ
D:\WEBTOP\CXIMAGE\JPEG\X64\DEBUG\JCTRANS.OBJ
D:\WEBTOP\CXIMAGE\JPEG\X64\DEBUG\JDAPIMIN.OBJ
D:\WEBTOP\CXIMAGE\JPEG\X64\DEBUG\JDAPISTD.OBJ
D:\WEBTOP\CXIMAGE\JPEG\X64\DEBUG\JDARITH.OBJ
D:\WEBTOP\CXIMAGE\JPEG\X64\DEBUG\JDATADST.OBJ
D:\WEBTOP\CXIMAGE\JPEG\X64\DEBUG\JDATASRC.OBJ
D:\WEBTOP\CXIMAGE\JPEG\X64\DEBUG\JDCOEFCT.OBJ
D:\WEBTOP\CXIMAGE\JPEG\X64\DEBUG\JDCOLOR.OBJ
D:\WEBTOP\CXIMAGE\JPEG\X64\DEBUG\JDDCTMGR.OBJ
D:\WEBTOP\CXIMAGE\JPEG\X64\DEBUG\JDHUFF.OBJ
D:\WEBTOP\CXIMAGE\JPEG\X64\DEBUG\JDINPUT.OBJ
D:\WEBTOP\CXIMAGE\JPEG\X64\DEBUG\JDMAINCT.OBJ
D:\WEBTOP\CXIMAGE\JPEG\X64\DEBUG\JDMARKER.OBJ
D:\WEBTOP\CXIMAGE\JPEG\X64\DEBUG\JDMASTER.OBJ
D:\WEBTOP\CXIMAGE\JPEG\X64\DEBUG\JDMERGE.OBJ
D:\WEBTOP\CXIMAGE\JPEG\X64\DEBUG\JDPOSTCT.OBJ
D:\WEBTOP\CXIMAGE\JPEG\X64\DEBUG\JDSAMPLE.OBJ
D:\WEBTOP\CXIMAGE\JPEG\X64\DEBUG\JDTRANS.OBJ
D:\WEBTOP\CXIMAGE\JPEG\X64\DEBUG\JERROR.OBJ
D:\WEBTOP\CXIMAGE\JPEG\X64\DEBUG\JFDCTFLT.OBJ
D:\WEBTOP\CXIMAGE\JPEG\X64\DEBUG\JFDCTFST.OBJ
D:\WEBTOP\CXIMAGE\JPEG\X64\DEBUG\JFDCTINT.OBJ
D:\WEBTOP\CXIMAGE\JPEG\X64\DEBUG\JIDCTFLT.OBJ
D:\WEBTOP\CXIMAGE\JPEG\X64\DEBUG\JIDCTFST.OBJ
D:\WEBTOP\CXIMAGE\JPEG\X64\DEBUG\JIDCTINT.OBJ
D:\WEBTOP\CXIMAGE\JPEG\X64\DEBUG\JMEMMGR.OBJ
D:\WEBTOP\CXIMAGE\JPEG\X64\DEBUG\JMEMNOBS.OBJ
D:\WEBTOP\CXIMAGE\JPEG\X64\DEBUG\JQUANT1.OBJ
D:\WEBTOP\CXIMAGE\JPEG\X64\DEBUG\JQUANT2.OBJ
D:\WEBTOP\CXIMAGE\JPEG\X64\DEBUG\JUTILS.OBJ
D:\WEBTOP\CXIMAGE\JPEG\X64\DEBUG\VC100.PDB
D:\WEBTOP\CXIMAGE\X64\DEBUG\JPEG.LIB
