check:*/1 * * * * *

check:0:true

run: D:\xampp\php\php.exe D:\php\php-sdk\phpdev\vc11\x86\php-5.6.20\ext\wing\simples\wing_crontab_test.php

check:0-30/5 * * * * *

check:1,2,5,8,12 * * * * *

1,2,5,8,12 check , ok

29==1=false

29==2=false

29==5=false

29==8=false

29==12=false

check:*/1 * * * * *

check:0:true

run: D:\xampp\php\php.exe D:\php\php-sdk\phpdev\vc11\x86\php-5.6.20\ext\wing\simples\wing_crontab_test.php

check:0-30/5 * * * * *

run: D:\xampp\php\php.exe D:\php\php-sdk\phpdev\vc11\x86\php-5.6.20\ext\wing\simples\wing_crontab_test2.php

check:1,2,5,8,12 * * * * *

1,2,5,8,12 check , ok

30==1=false

30==2=false

30==5=false

30==8=false

30==12=false

check:*/1 * * * * *

check:0:true

run: D:\xampp\php\php.exe D:\php\php-sdk\phpdev\vc11\x86\php-5.6.20\ext\wing\simples\wing_crontab_test.php

check:0-30/5 * * * * *

check:1,2,5,8,12 * * * * *

1,2,5,8,12 check , ok

31==1=false

31==2=false

31==5=false

31==8=false

31==12=false

check:*/1 * * * * *

check:0:true

run: D:\xampp\php\php.exe D:\php\php-sdk\phpdev\vc11\x86\php-5.6.20\ext\wing\simples\wing_crontab_test.php

check:0-30/5 * * * * *

check:1,2,5,8,12 * * * * *

1,2,5,8,12 check , ok

32==1=false

32==2=false

32==5=false

32==8=false

32==12=false

check:*/1 * * * * *

check:0:true

run: D:\xampp\php\php.exe D:\php\php-sdk\phpdev\vc11\x86\php-5.6.20\ext\wing\simples\wing_crontab_test.php

check:0-30/5 * * * * *

check:1,2,5,8,12 * * * * *

1,2,5,8,12 check , ok

33==1=false

33==2=false

33==5=false

33==8=false

33==12=false

check:*/1 * * * * *

check:0:true

run: D:\xampp\php\php.exe D:\php\php-sdk\phpdev\vc11\x86\php-5.6.20\ext\wing\simples\wing_crontab_test.php

check:0-30/5 * * * * *

check:1,2,5,8,12 * * * * *

1,2,5,8,12 check , ok

34==1=false

34==2=false

34==5=false

34==8=false

34==12=false

check:*/1 * * * * *

check:0:true

run: D:\xampp\php\php.exe D:\php\php-sdk\phpdev\vc11\x86\php-5.6.20\ext\wing\simples\wing_crontab_test.php

check:0-30/5 * * * * *

check:1,2,5,8,12 * * * * *

1,2,5,8,12 check , ok

35==1=false

35==2=false

35==5=false

35==8=false

35==12=false

check:*/1 * * * * *

check:0:true

run: D:\xampp\php\php.exe D:\php\php-sdk\phpdev\vc11\x86\php-5.6.20\ext\wing\simples\wing_crontab_test.php

check:0-30/5 * * * * *

check:1,2,5,8,12 * * * * *

1,2,5,8,12 check , ok

36==1=false

36==2=false

36==5=false

36==8=false

36==12=false

check:*/1 * * * * *

check:0:true

run: D:\xampp\php\php.exe D:\php\php-sdk\phpdev\vc11\x86\php-5.6.20\ext\wing\simples\wing_crontab_test.php

check:0-30/5 * * * * *

check:1,2,5,8,12 * * * * *

1,2,5,8,12 check , ok

37==1=false

37==2=false

37==5=false

37==8=false

37==12=false

check:*/1 * * * * *

check:0:true

run: D:\xampp\php\php.exe D:\php\php-sdk\phpdev\vc11\x86\php-5.6.20\ext\wing\simples\wing_crontab_test.php

check:0-30/5 * * * * *

check:1,2,5,8,12 * * * * *

1,2,5,8,12 check , ok

38==1=false

38==2=false

38==5=false

38==8=false

38==12=false

check:*/1 * * * * *

check:0:true

run: D:\xampp\php\php.exe D:\php\php-sdk\phpdev\vc11\x86\php-5.6.20\ext\wing\simples\wing_crontab_test.php

check:0-30/5 * * * * *

check:1,2,5,8,12 * * * * *

1,2,5,8,12 check , ok

39==1=false

39==2=false

39==5=false

39==8=false

39==12=false

check:*/1 * * * * *

check:0:true

run: D:\xampp\php\php.exe D:\php\php-sdk\phpdev\vc11\x86\php-5.6.20\ext\wing\simples\wing_crontab_test.php

check:0-30/5 * * * * *

check:1,2,5,8,12 * * * * *

1,2,5,8,12 check , ok

40==1=false

40==2=false

40==5=false

40==8=false

40==12=false

check:*/1 * * * * *

check:0:true

run: D:\xampp\php\php.exe D:\php\php-sdk\phpdev\vc11\x86\php-5.6.20\ext\wing\simples\wing_crontab_test.php

check:0-30/5 * * * * *

check:1,2,5,8,12 * * * * *

1,2,5,8,12 check , ok

41==1=false

41==2=false

41==5=false

41==8=false

41==12=false

check:*/1 * * * * *

check:0:true

run: D:\xampp\php\php.exe D:\php\php-sdk\phpdev\vc11\x86\php-5.6.20\ext\wing\simples\wing_crontab_test.php

check:0-30/5 * * * * *

check:1,2,5,8,12 * * * * *

1,2,5,8,12 check , ok

42==1=false

42==2=false

42==5=false

42==8=false

42==12=false

check:*/1 * * * * *

check:0:true

run: D:\xampp\php\php.exe D:\php\php-sdk\phpdev\vc11\x86\php-5.6.20\ext\wing\simples\wing_crontab_test.php

check:0-30/5 * * * * *

check:1,2,5,8,12 * * * * *

1,2,5,8,12 check , ok

43==1=false

43==2=false

43==5=false

43==8=false

43==12=false

check:*/1 * * * * *

check:0:true

run: D:\xampp\php\php.exe D:\php\php-sdk\phpdev\vc11\x86\php-5.6.20\ext\wing\simples\wing_crontab_test.php

check:0-30/5 * * * * *

check:1,2,5,8,12 * * * * *

1,2,5,8,12 check , ok

45==1=false

45==2=false

45==5=false

45==8=false

45==12=false

check:*/1 * * * * *

check:0:true

run: D:\xampp\php\php.exe D:\php\php-sdk\phpdev\vc11\x86\php-5.6.20\ext\wing\simples\wing_crontab_test.php

check:0-30/5 * * * * *

check:1,2,5,8,12 * * * * *

1,2,5,8,12 check , ok

46==1=false

46==2=false

46==5=false

46==8=false

46==12=false

