D:\php\php-sdk\phpdev\vc11\x86\php-5.6.20\ext\wing\lib\cximage\mng\Release\cl.command.1.tlog
D:\php\php-sdk\phpdev\vc11\x86\php-5.6.20\ext\wing\lib\cximage\mng\Release\CL.read.1.tlog
D:\php\php-sdk\phpdev\vc11\x86\php-5.6.20\ext\wing\lib\cximage\mng\Release\CL.write.1.tlog
D:\php\php-sdk\phpdev\vc11\x86\php-5.6.20\ext\wing\lib\cximage\mng\Release\lib.command.1.tlog
D:\php\php-sdk\phpdev\vc11\x86\php-5.6.20\ext\wing\lib\cximage\mng\Release\Lib-link.read.1.tlog
D:\php\php-sdk\phpdev\vc11\x86\php-5.6.20\ext\wing\lib\cximage\mng\Release\Lib-link.write.1.tlog
D:\php\php-sdk\phpdev\vc11\x86\php-5.6.20\ext\wing\lib\cximage\mng\Release\libmng_callback_xs.obj
D:\php\php-sdk\phpdev\vc11\x86\php-5.6.20\ext\wing\lib\cximage\mng\Release\libmng_chunk_descr.obj
D:\php\php-sdk\phpdev\vc11\x86\php-5.6.20\ext\wing\lib\cximage\mng\Release\libmng_chunk_io.obj
D:\php\php-sdk\phpdev\vc11\x86\php-5.6.20\ext\wing\lib\cximage\mng\Release\libmng_chunk_prc.obj
D:\php\php-sdk\phpdev\vc11\x86\php-5.6.20\ext\wing\lib\cximage\mng\Release\libmng_chunk_xs.obj
D:\php\php-sdk\phpdev\vc11\x86\php-5.6.20\ext\wing\lib\cximage\mng\Release\libmng_cms.obj
D:\php\php-sdk\phpdev\vc11\x86\php-5.6.20\ext\wing\lib\cximage\mng\Release\libmng_display.obj
D:\php\php-sdk\phpdev\vc11\x86\php-5.6.20\ext\wing\lib\cximage\mng\Release\libmng_dither.obj
D:\php\php-sdk\phpdev\vc11\x86\php-5.6.20\ext\wing\lib\cximage\mng\Release\libmng_error.obj
D:\php\php-sdk\phpdev\vc11\x86\php-5.6.20\ext\wing\lib\cximage\mng\Release\libmng_filter.obj
D:\php\php-sdk\phpdev\vc11\x86\php-5.6.20\ext\wing\lib\cximage\mng\Release\libmng_hlapi.obj
D:\php\php-sdk\phpdev\vc11\x86\php-5.6.20\ext\wing\lib\cximage\mng\Release\libmng_jpeg.obj
D:\php\php-sdk\phpdev\vc11\x86\php-5.6.20\ext\wing\lib\cximage\mng\Release\libmng_object_prc.obj
D:\php\php-sdk\phpdev\vc11\x86\php-5.6.20\ext\wing\lib\cximage\mng\Release\libmng_pixels.obj
D:\php\php-sdk\phpdev\vc11\x86\php-5.6.20\ext\wing\lib\cximage\mng\Release\libmng_prop_xs.obj
D:\php\php-sdk\phpdev\vc11\x86\php-5.6.20\ext\wing\lib\cximage\mng\Release\libmng_read.obj
D:\php\php-sdk\phpdev\vc11\x86\php-5.6.20\ext\wing\lib\cximage\mng\Release\libmng_trace.obj
D:\php\php-sdk\phpdev\vc11\x86\php-5.6.20\ext\wing\lib\cximage\mng\Release\libmng_write.obj
D:\php\php-sdk\phpdev\vc11\x86\php-5.6.20\ext\wing\lib\cximage\mng\Release\libmng_zlib.obj
D:\php\php-sdk\phpdev\vc11\x86\php-5.6.20\ext\wing\lib\cximage\mng\Release\mng.write.1.tlog
D:\php\php-sdk\phpdev\vc11\x86\php-5.6.20\ext\wing\lib\cximage\mng\Release\vc100.pdb
D:\WEBTOP\CXIMAGE\MNG\RELEASE\LIBMNG_CALLBACK_XS.OBJ
D:\WEBTOP\CXIMAGE\MNG\RELEASE\LIBMNG_CHUNK_DESCR.OBJ
D:\WEBTOP\CXIMAGE\MNG\RELEASE\LIBMNG_CHUNK_IO.OBJ
D:\WEBTOP\CXIMAGE\MNG\RELEASE\LIBMNG_CHUNK_PRC.OBJ
D:\WEBTOP\CXIMAGE\MNG\RELEASE\LIBMNG_CHUNK_XS.OBJ
D:\WEBTOP\CXIMAGE\MNG\RELEASE\LIBMNG_CMS.OBJ
D:\WEBTOP\CXIMAGE\MNG\RELEASE\LIBMNG_DISPLAY.OBJ
D:\WEBTOP\CXIMAGE\MNG\RELEASE\LIBMNG_DITHER.OBJ
D:\WEBTOP\CXIMAGE\MNG\RELEASE\LIBMNG_ERROR.OBJ
D:\WEBTOP\CXIMAGE\MNG\RELEASE\LIBMNG_FILTER.OBJ
D:\WEBTOP\CXIMAGE\MNG\RELEASE\LIBMNG_HLAPI.OBJ
D:\WEBTOP\CXIMAGE\MNG\RELEASE\LIBMNG_JPEG.OBJ
D:\WEBTOP\CXIMAGE\MNG\RELEASE\LIBMNG_OBJECT_PRC.OBJ
D:\WEBTOP\CXIMAGE\MNG\RELEASE\LIBMNG_PIXELS.OBJ
D:\WEBTOP\CXIMAGE\MNG\RELEASE\LIBMNG_PROP_XS.OBJ
D:\WEBTOP\CXIMAGE\MNG\RELEASE\LIBMNG_READ.OBJ
D:\WEBTOP\CXIMAGE\MNG\RELEASE\LIBMNG_TRACE.OBJ
D:\WEBTOP\CXIMAGE\MNG\RELEASE\LIBMNG_WRITE.OBJ
D:\WEBTOP\CXIMAGE\MNG\RELEASE\LIBMNG_ZLIB.OBJ
D:\WEBTOP\CXIMAGE\MNG\RELEASE\VC100.PDB
D:\WEBTOP\CXIMAGE\RELEASE\MNG.LIB
