D:\php\php-sdk\phpdev\vc11\x86\php-5.6.20\ext\wing\lib\cximage\zlib\Debug\adler32.obj
D:\php\php-sdk\phpdev\vc11\x86\php-5.6.20\ext\wing\lib\cximage\zlib\Debug\cl.command.1.tlog
D:\php\php-sdk\phpdev\vc11\x86\php-5.6.20\ext\wing\lib\cximage\zlib\Debug\CL.read.1.tlog
D:\php\php-sdk\phpdev\vc11\x86\php-5.6.20\ext\wing\lib\cximage\zlib\Debug\CL.write.1.tlog
D:\php\php-sdk\phpdev\vc11\x86\php-5.6.20\ext\wing\lib\cximage\zlib\Debug\compress.obj
D:\php\php-sdk\phpdev\vc11\x86\php-5.6.20\ext\wing\lib\cximage\zlib\Debug\crc32.obj
D:\php\php-sdk\phpdev\vc11\x86\php-5.6.20\ext\wing\lib\cximage\zlib\Debug\deflate.obj
D:\php\php-sdk\phpdev\vc11\x86\php-5.6.20\ext\wing\lib\cximage\zlib\Debug\infback.obj
D:\php\php-sdk\phpdev\vc11\x86\php-5.6.20\ext\wing\lib\cximage\zlib\Debug\inffast.obj
D:\php\php-sdk\phpdev\vc11\x86\php-5.6.20\ext\wing\lib\cximage\zlib\Debug\inflate.obj
D:\php\php-sdk\phpdev\vc11\x86\php-5.6.20\ext\wing\lib\cximage\zlib\Debug\inftrees.obj
D:\php\php-sdk\phpdev\vc11\x86\php-5.6.20\ext\wing\lib\cximage\zlib\Debug\lib.command.1.tlog
D:\php\php-sdk\phpdev\vc11\x86\php-5.6.20\ext\wing\lib\cximage\zlib\Debug\Lib-link.read.1.tlog
D:\php\php-sdk\phpdev\vc11\x86\php-5.6.20\ext\wing\lib\cximage\zlib\Debug\Lib-link.write.1.tlog
D:\php\php-sdk\phpdev\vc11\x86\php-5.6.20\ext\wing\lib\cximage\zlib\Debug\trees.obj
D:\php\php-sdk\phpdev\vc11\x86\php-5.6.20\ext\wing\lib\cximage\zlib\Debug\uncompr.obj
D:\php\php-sdk\phpdev\vc11\x86\php-5.6.20\ext\wing\lib\cximage\zlib\Debug\vc100.idb
D:\php\php-sdk\phpdev\vc11\x86\php-5.6.20\ext\wing\lib\cximage\zlib\Debug\vc100.pdb
D:\php\php-sdk\phpdev\vc11\x86\php-5.6.20\ext\wing\lib\cximage\zlib\Debug\zlib.write.1.tlog
D:\php\php-sdk\phpdev\vc11\x86\php-5.6.20\ext\wing\lib\cximage\zlib\Debug\zutil.obj
D:\WEBTOP\CXIMAGE\DEBUG\ZLIB.LIB
D:\WEBTOP\CXIMAGE\ZLIB\DEBUG\ADLER32.OBJ
D:\WEBTOP\CXIMAGE\ZLIB\DEBUG\COMPRESS.OBJ
D:\WEBTOP\CXIMAGE\ZLIB\DEBUG\CRC32.OBJ
D:\WEBTOP\CXIMAGE\ZLIB\DEBUG\DEFLATE.OBJ
D:\WEBTOP\CXIMAGE\ZLIB\DEBUG\INFBACK.OBJ
D:\WEBTOP\CXIMAGE\ZLIB\DEBUG\INFFAST.OBJ
D:\WEBTOP\CXIMAGE\ZLIB\DEBUG\INFLATE.OBJ
D:\WEBTOP\CXIMAGE\ZLIB\DEBUG\INFTREES.OBJ
D:\WEBTOP\CXIMAGE\ZLIB\DEBUG\TREES.OBJ
D:\WEBTOP\CXIMAGE\ZLIB\DEBUG\UNCOMPR.OBJ
D:\WEBTOP\CXIMAGE\ZLIB\DEBUG\VC100.PDB
D:\WEBTOP\CXIMAGE\ZLIB\DEBUG\ZUTIL.OBJ
