D:\php\php-sdk\phpdev\vc11\x86\php-5.6.20\ext\wing\lib\cximage\CxImage\Debug\cl.command.1.tlog
D:\php\php-sdk\phpdev\vc11\x86\php-5.6.20\ext\wing\lib\cximage\CxImage\Debug\CL.read.1.tlog
D:\php\php-sdk\phpdev\vc11\x86\php-5.6.20\ext\wing\lib\cximage\CxImage\Debug\CL.write.1.tlog
D:\php\php-sdk\phpdev\vc11\x86\php-5.6.20\ext\wing\lib\cximage\CxImage\Debug\cximage.write.1.tlog
D:\php\php-sdk\phpdev\vc11\x86\php-5.6.20\ext\wing\lib\cximage\CxImage\Debug\lib.command.1.tlog
D:\php\php-sdk\phpdev\vc11\x86\php-5.6.20\ext\wing\lib\cximage\CxImage\Debug\Lib-link.read.1.tlog
D:\php\php-sdk\phpdev\vc11\x86\php-5.6.20\ext\wing\lib\cximage\CxImage\Debug\Lib-link.write.1.tlog
D:\php\php-sdk\phpdev\vc11\x86\php-5.6.20\ext\wing\lib\cximage\CxImage\Debug\tif_xfile.obj
D:\php\php-sdk\phpdev\vc11\x86\php-5.6.20\ext\wing\lib\cximage\CxImage\Debug\vc100.idb
D:\php\php-sdk\phpdev\vc11\x86\php-5.6.20\ext\wing\lib\cximage\CxImage\Debug\vc100.pdb
D:\php\php-sdk\phpdev\vc11\x86\php-5.6.20\ext\wing\lib\cximage\CxImage\Debug\ximabmp.obj
D:\php\php-sdk\phpdev\vc11\x86\php-5.6.20\ext\wing\lib\cximage\CxImage\Debug\ximadsp.obj
D:\php\php-sdk\phpdev\vc11\x86\php-5.6.20\ext\wing\lib\cximage\CxImage\Debug\ximaenc.obj
D:\php\php-sdk\phpdev\vc11\x86\php-5.6.20\ext\wing\lib\cximage\CxImage\Debug\ximaexif.obj
D:\php\php-sdk\phpdev\vc11\x86\php-5.6.20\ext\wing\lib\cximage\CxImage\Debug\ximage.obj
D:\php\php-sdk\phpdev\vc11\x86\php-5.6.20\ext\wing\lib\cximage\CxImage\Debug\ximagif.obj
D:\php\php-sdk\phpdev\vc11\x86\php-5.6.20\ext\wing\lib\cximage\CxImage\Debug\ximahist.obj
D:\php\php-sdk\phpdev\vc11\x86\php-5.6.20\ext\wing\lib\cximage\CxImage\Debug\ximaico.obj
D:\php\php-sdk\phpdev\vc11\x86\php-5.6.20\ext\wing\lib\cximage\CxImage\Debug\ximainfo.obj
D:\php\php-sdk\phpdev\vc11\x86\php-5.6.20\ext\wing\lib\cximage\CxImage\Debug\ximaint.obj
D:\php\php-sdk\phpdev\vc11\x86\php-5.6.20\ext\wing\lib\cximage\CxImage\Debug\ximajas.obj
D:\php\php-sdk\phpdev\vc11\x86\php-5.6.20\ext\wing\lib\cximage\CxImage\Debug\ximajbg.obj
D:\php\php-sdk\phpdev\vc11\x86\php-5.6.20\ext\wing\lib\cximage\CxImage\Debug\ximajpg.obj
D:\php\php-sdk\phpdev\vc11\x86\php-5.6.20\ext\wing\lib\cximage\CxImage\Debug\ximalpha.obj
D:\php\php-sdk\phpdev\vc11\x86\php-5.6.20\ext\wing\lib\cximage\CxImage\Debug\ximalyr.obj
D:\php\php-sdk\phpdev\vc11\x86\php-5.6.20\ext\wing\lib\cximage\CxImage\Debug\ximamng.obj
D:\php\php-sdk\phpdev\vc11\x86\php-5.6.20\ext\wing\lib\cximage\CxImage\Debug\ximapal.obj
D:\php\php-sdk\phpdev\vc11\x86\php-5.6.20\ext\wing\lib\cximage\CxImage\Debug\ximapcx.obj
D:\php\php-sdk\phpdev\vc11\x86\php-5.6.20\ext\wing\lib\cximage\CxImage\Debug\ximapng.obj
D:\php\php-sdk\phpdev\vc11\x86\php-5.6.20\ext\wing\lib\cximage\CxImage\Debug\ximapsd.obj
D:\php\php-sdk\phpdev\vc11\x86\php-5.6.20\ext\wing\lib\cximage\CxImage\Debug\ximaraw.obj
D:\php\php-sdk\phpdev\vc11\x86\php-5.6.20\ext\wing\lib\cximage\CxImage\Debug\ximasel.obj
D:\php\php-sdk\phpdev\vc11\x86\php-5.6.20\ext\wing\lib\cximage\CxImage\Debug\ximaska.obj
D:\php\php-sdk\phpdev\vc11\x86\php-5.6.20\ext\wing\lib\cximage\CxImage\Debug\ximatga.obj
D:\php\php-sdk\phpdev\vc11\x86\php-5.6.20\ext\wing\lib\cximage\CxImage\Debug\ximath.obj
D:\php\php-sdk\phpdev\vc11\x86\php-5.6.20\ext\wing\lib\cximage\CxImage\Debug\ximatif.obj
D:\php\php-sdk\phpdev\vc11\x86\php-5.6.20\ext\wing\lib\cximage\CxImage\Debug\ximatran.obj
D:\php\php-sdk\phpdev\vc11\x86\php-5.6.20\ext\wing\lib\cximage\CxImage\Debug\ximawbmp.obj
D:\php\php-sdk\phpdev\vc11\x86\php-5.6.20\ext\wing\lib\cximage\CxImage\Debug\ximawmf.obj
D:\php\php-sdk\phpdev\vc11\x86\php-5.6.20\ext\wing\lib\cximage\CxImage\Debug\ximawnd.obj
D:\php\php-sdk\phpdev\vc11\x86\php-5.6.20\ext\wing\lib\cximage\CxImage\Debug\xmemfile.obj
D:\WEBTOP\CXIMAGE\CXIMAGE\DEBUG\TIF_XFILE.OBJ
D:\WEBTOP\CXIMAGE\CXIMAGE\DEBUG\VC100.PDB
D:\WEBTOP\CXIMAGE\CXIMAGE\DEBUG\XIMABMP.OBJ
D:\WEBTOP\CXIMAGE\CXIMAGE\DEBUG\XIMADSP.OBJ
D:\WEBTOP\CXIMAGE\CXIMAGE\DEBUG\XIMAENC.OBJ
D:\WEBTOP\CXIMAGE\CXIMAGE\DEBUG\XIMAEXIF.OBJ
D:\WEBTOP\CXIMAGE\CXIMAGE\DEBUG\XIMAGE.OBJ
D:\WEBTOP\CXIMAGE\CXIMAGE\DEBUG\XIMAGIF.OBJ
D:\WEBTOP\CXIMAGE\CXIMAGE\DEBUG\XIMAHIST.OBJ
D:\WEBTOP\CXIMAGE\CXIMAGE\DEBUG\XIMAICO.OBJ
D:\WEBTOP\CXIMAGE\CXIMAGE\DEBUG\XIMAINFO.OBJ
D:\WEBTOP\CXIMAGE\CXIMAGE\DEBUG\XIMAINT.OBJ
D:\WEBTOP\CXIMAGE\CXIMAGE\DEBUG\XIMAJAS.OBJ
D:\WEBTOP\CXIMAGE\CXIMAGE\DEBUG\XIMAJBG.OBJ
D:\WEBTOP\CXIMAGE\CXIMAGE\DEBUG\XIMAJPG.OBJ
D:\WEBTOP\CXIMAGE\CXIMAGE\DEBUG\XIMALPHA.OBJ
D:\WEBTOP\CXIMAGE\CXIMAGE\DEBUG\XIMALYR.OBJ
D:\WEBTOP\CXIMAGE\CXIMAGE\DEBUG\XIMAMNG.OBJ
D:\WEBTOP\CXIMAGE\CXIMAGE\DEBUG\XIMAPAL.OBJ
D:\WEBTOP\CXIMAGE\CXIMAGE\DEBUG\XIMAPCX.OBJ
D:\WEBTOP\CXIMAGE\CXIMAGE\DEBUG\XIMAPNG.OBJ
D:\WEBTOP\CXIMAGE\CXIMAGE\DEBUG\XIMAPSD.OBJ
D:\WEBTOP\CXIMAGE\CXIMAGE\DEBUG\XIMARAW.OBJ
D:\WEBTOP\CXIMAGE\CXIMAGE\DEBUG\XIMASEL.OBJ
D:\WEBTOP\CXIMAGE\CXIMAGE\DEBUG\XIMASKA.OBJ
D:\WEBTOP\CXIMAGE\CXIMAGE\DEBUG\XIMATGA.OBJ
D:\WEBTOP\CXIMAGE\CXIMAGE\DEBUG\XIMATH.OBJ
D:\WEBTOP\CXIMAGE\CXIMAGE\DEBUG\XIMATIF.OBJ
D:\WEBTOP\CXIMAGE\CXIMAGE\DEBUG\XIMATRAN.OBJ
D:\WEBTOP\CXIMAGE\CXIMAGE\DEBUG\XIMAWBMP.OBJ
D:\WEBTOP\CXIMAGE\CXIMAGE\DEBUG\XIMAWMF.OBJ
D:\WEBTOP\CXIMAGE\CXIMAGE\DEBUG\XIMAWND.OBJ
D:\WEBTOP\CXIMAGE\CXIMAGE\DEBUG\XMEMFILE.OBJ
D:\WEBTOP\CXIMAGE\DEBUG\CXIMAGE.LIB
