D:\php\php-sdk\phpdev\vc11\x86\php-5.6.20\ext\wing\lib\cximage\demo\Release\BCMenu.obj
D:\php\php-sdk\phpdev\vc11\x86\php-5.6.20\ext\wing\lib\cximage\demo\Release\ChildFrm.obj
D:\php\php-sdk\phpdev\vc11\x86\php-5.6.20\ext\wing\lib\cximage\demo\Release\cl.command.1.tlog
D:\php\php-sdk\phpdev\vc11\x86\php-5.6.20\ext\wing\lib\cximage\demo\Release\CL.read.1.tlog
D:\php\php-sdk\phpdev\vc11\x86\php-5.6.20\ext\wing\lib\cximage\demo\Release\CL.write.1.tlog
D:\php\php-sdk\phpdev\vc11\x86\php-5.6.20\ext\wing\lib\cximage\demo\Release\demo.obj
D:\php\php-sdk\phpdev\vc11\x86\php-5.6.20\ext\wing\lib\cximage\demo\Release\demo.pch
D:\php\php-sdk\phpdev\vc11\x86\php-5.6.20\ext\wing\lib\cximage\demo\Release\demo.res
D:\php\php-sdk\phpdev\vc11\x86\php-5.6.20\ext\wing\lib\cximage\demo\Release\demo.vcxprojResolveAssemblyReference.cache
D:\php\php-sdk\phpdev\vc11\x86\php-5.6.20\ext\wing\lib\cximage\demo\Release\demo.write.1.tlog
D:\php\php-sdk\phpdev\vc11\x86\php-5.6.20\ext\wing\lib\cximage\demo\Release\demodll.vcxprojResolveAssemblyReference.cache
D:\php\php-sdk\phpdev\vc11\x86\php-5.6.20\ext\wing\lib\cximage\demo\Release\demoDoc.obj
D:\php\php-sdk\phpdev\vc11\x86\php-5.6.20\ext\wing\lib\cximage\demo\Release\demoView.obj
D:\php\php-sdk\phpdev\vc11\x86\php-5.6.20\ext\wing\lib\cximage\demo\Release\dlgcapture.obj
D:\php\php-sdk\phpdev\vc11\x86\php-5.6.20\ext\wing\lib\cximage\demo\Release\DlgColorize.obj
D:\php\php-sdk\phpdev\vc11\x86\php-5.6.20\ext\wing\lib\cximage\demo\Release\DlgCombine.obj
D:\php\php-sdk\phpdev\vc11\x86\php-5.6.20\ext\wing\lib\cximage\demo\Release\DlgCustomFilter.obj
D:\php\php-sdk\phpdev\vc11\x86\php-5.6.20\ext\wing\lib\cximage\demo\Release\DlgDataExt.obj
D:\php\php-sdk\phpdev\vc11\x86\php-5.6.20\ext\wing\lib\cximage\demo\Release\DlgDecBpp.obj
D:\php\php-sdk\phpdev\vc11\x86\php-5.6.20\ext\wing\lib\cximage\demo\Release\DlgDither.obj
D:\php\php-sdk\phpdev\vc11\x86\php-5.6.20\ext\wing\lib\cximage\demo\Release\DlgExpand.obj
D:\php\php-sdk\phpdev\vc11\x86\php-5.6.20\ext\wing\lib\cximage\demo\Release\DlgFFT.obj
D:\php\php-sdk\phpdev\vc11\x86\php-5.6.20\ext\wing\lib\cximage\demo\Release\DlgFloodFill.obj
D:\php\php-sdk\phpdev\vc11\x86\php-5.6.20\ext\wing\lib\cximage\demo\Release\DlgGamma.obj
D:\php\php-sdk\phpdev\vc11\x86\php-5.6.20\ext\wing\lib\cximage\demo\Release\DlgHisto.obj
D:\php\php-sdk\phpdev\vc11\x86\php-5.6.20\ext\wing\lib\cximage\demo\Release\DlgIncBpp.obj
D:\php\php-sdk\phpdev\vc11\x86\php-5.6.20\ext\wing\lib\cximage\demo\Release\DlgJpeg.obj
D:\php\php-sdk\phpdev\vc11\x86\php-5.6.20\ext\wing\lib\cximage\demo\Release\DlgMix.obj
D:\php\php-sdk\phpdev\vc11\x86\php-5.6.20\ext\wing\lib\cximage\demo\Release\DlgOpacity.obj
D:\php\php-sdk\phpdev\vc11\x86\php-5.6.20\ext\wing\lib\cximage\demo\Release\DlgOptions.obj
D:\php\php-sdk\phpdev\vc11\x86\php-5.6.20\ext\wing\lib\cximage\demo\Release\DlgPalette.obj
D:\php\php-sdk\phpdev\vc11\x86\php-5.6.20\ext\wing\lib\cximage\demo\Release\DlgRepair.obj
D:\php\php-sdk\phpdev\vc11\x86\php-5.6.20\ext\wing\lib\cximage\demo\Release\DlgResample.obj
D:\php\php-sdk\phpdev\vc11\x86\php-5.6.20\ext\wing\lib\cximage\demo\Release\DlgRotate.obj
D:\php\php-sdk\phpdev\vc11\x86\php-5.6.20\ext\wing\lib\cximage\demo\Release\DlgShadow.obj
D:\php\php-sdk\phpdev\vc11\x86\php-5.6.20\ext\wing\lib\cximage\demo\Release\DlgSkew.obj
D:\php\php-sdk\phpdev\vc11\x86\php-5.6.20\ext\wing\lib\cximage\demo\Release\DlgText.obj
D:\php\php-sdk\phpdev\vc11\x86\php-5.6.20\ext\wing\lib\cximage\demo\Release\DlgThreshold.obj
D:\php\php-sdk\phpdev\vc11\x86\php-5.6.20\ext\wing\lib\cximage\demo\Release\DlgURL.obj
D:\php\php-sdk\phpdev\vc11\x86\php-5.6.20\ext\wing\lib\cximage\demo\Release\link.command.1.tlog
D:\php\php-sdk\phpdev\vc11\x86\php-5.6.20\ext\wing\lib\cximage\demo\Release\link.read.1.tlog
D:\php\php-sdk\phpdev\vc11\x86\php-5.6.20\ext\wing\lib\cximage\demo\Release\link.write.1.tlog
D:\php\php-sdk\phpdev\vc11\x86\php-5.6.20\ext\wing\lib\cximage\demo\Release\logomdi.obj
D:\php\php-sdk\phpdev\vc11\x86\php-5.6.20\ext\wing\lib\cximage\demo\Release\MainFrm.obj
D:\php\php-sdk\phpdev\vc11\x86\php-5.6.20\ext\wing\lib\cximage\demo\Release\Quantize.obj
D:\php\php-sdk\phpdev\vc11\x86\php-5.6.20\ext\wing\lib\cximage\demo\Release\rc.command.1.tlog
D:\php\php-sdk\phpdev\vc11\x86\php-5.6.20\ext\wing\lib\cximage\demo\Release\rc.read.1.tlog
D:\php\php-sdk\phpdev\vc11\x86\php-5.6.20\ext\wing\lib\cximage\demo\Release\rc.write.1.tlog
D:\php\php-sdk\phpdev\vc11\x86\php-5.6.20\ext\wing\lib\cximage\demo\Release\stdafx.obj
D:\php\php-sdk\phpdev\vc11\x86\php-5.6.20\ext\wing\lib\cximage\demo\Release\TwainCpp.obj
D:\php\php-sdk\phpdev\vc11\x86\php-5.6.20\ext\wing\lib\cximage\demo\Release\vc100.pdb
D:\php\php-sdk\phpdev\vc11\x86\php-5.6.20\ext\wing\lib\cximage\demo\Release\xTargetButton.obj
D:\WEBTOP\CXIMAGE\DEMO\RELEASE\BCMENU.OBJ
D:\WEBTOP\CXIMAGE\DEMO\RELEASE\CHILDFRM.OBJ
D:\WEBTOP\CXIMAGE\DEMO\RELEASE\DEMO.OBJ
D:\WEBTOP\CXIMAGE\DEMO\RELEASE\DEMO.PCH
D:\WEBTOP\CXIMAGE\DEMO\RELEASE\DEMO.RES
D:\WEBTOP\CXIMAGE\DEMO\RELEASE\DEMODOC.OBJ
D:\WEBTOP\CXIMAGE\DEMO\RELEASE\DEMOVIEW.OBJ
D:\WEBTOP\CXIMAGE\DEMO\RELEASE\DLGCAPTURE.OBJ
D:\WEBTOP\CXIMAGE\DEMO\RELEASE\DLGCOLORIZE.OBJ
D:\WEBTOP\CXIMAGE\DEMO\RELEASE\DLGCOMBINE.OBJ
D:\WEBTOP\CXIMAGE\DEMO\RELEASE\DLGCUSTOMFILTER.OBJ
D:\WEBTOP\CXIMAGE\DEMO\RELEASE\DLGDATAEXT.OBJ
D:\WEBTOP\CXIMAGE\DEMO\RELEASE\DLGDECBPP.OBJ
D:\WEBTOP\CXIMAGE\DEMO\RELEASE\DLGDITHER.OBJ
D:\WEBTOP\CXIMAGE\DEMO\RELEASE\DLGEXPAND.OBJ
D:\WEBTOP\CXIMAGE\DEMO\RELEASE\DLGFFT.OBJ
D:\WEBTOP\CXIMAGE\DEMO\RELEASE\DLGFLOODFILL.OBJ
D:\WEBTOP\CXIMAGE\DEMO\RELEASE\DLGGAMMA.OBJ
D:\WEBTOP\CXIMAGE\DEMO\RELEASE\DLGHISTO.OBJ
D:\WEBTOP\CXIMAGE\DEMO\RELEASE\DLGINCBPP.OBJ
D:\WEBTOP\CXIMAGE\DEMO\RELEASE\DLGJPEG.OBJ
D:\WEBTOP\CXIMAGE\DEMO\RELEASE\DLGMIX.OBJ
D:\WEBTOP\CXIMAGE\DEMO\RELEASE\DLGOPACITY.OBJ
D:\WEBTOP\CXIMAGE\DEMO\RELEASE\DLGOPTIONS.OBJ
D:\WEBTOP\CXIMAGE\DEMO\RELEASE\DLGPALETTE.OBJ
D:\WEBTOP\CXIMAGE\DEMO\RELEASE\DLGREPAIR.OBJ
D:\WEBTOP\CXIMAGE\DEMO\RELEASE\DLGRESAMPLE.OBJ
D:\WEBTOP\CXIMAGE\DEMO\RELEASE\DLGROTATE.OBJ
D:\WEBTOP\CXIMAGE\DEMO\RELEASE\DLGSHADOW.OBJ
D:\WEBTOP\CXIMAGE\DEMO\RELEASE\DLGSKEW.OBJ
D:\WEBTOP\CXIMAGE\DEMO\RELEASE\DLGTEXT.OBJ
D:\WEBTOP\CXIMAGE\DEMO\RELEASE\DLGTHRESHOLD.OBJ
D:\WEBTOP\CXIMAGE\DEMO\RELEASE\DLGURL.OBJ
D:\WEBTOP\CXIMAGE\DEMO\RELEASE\LOGOMDI.OBJ
D:\WEBTOP\CXIMAGE\DEMO\RELEASE\MAINFRM.OBJ
D:\WEBTOP\CXIMAGE\DEMO\RELEASE\QUANTIZE.OBJ
D:\WEBTOP\CXIMAGE\DEMO\RELEASE\STDAFX.OBJ
D:\WEBTOP\CXIMAGE\DEMO\RELEASE\TWAINCPP.OBJ
D:\WEBTOP\CXIMAGE\DEMO\RELEASE\VC100.PDB
D:\WEBTOP\CXIMAGE\DEMO\RELEASE\XTARGETBUTTON.OBJ
