生成启动时间为 2016/5/14 10:49:13。
     1>项目“D:\php\php-sdk\phpdev\vc11\x86\php-5.6.20\ext\wing\lib\cximage\demo\demo.vcxproj”在节点 3 上(rebuild 个目标)。
     1>_PrepareForClean:
         正在删除文件“Release\demo.lastbuildstate”。
       InitializeBuildStatus:
         正在对“Release\demo.unsuccessfulbuild”执行 Touch 任务。
       ClCompile:
         C:\Program Files (x86)\Microsoft Visual Studio 10.0\VC\bin\CL.exe /c /I..\cximage /Zi /nologo /W3 /WX- /O2 /Oi /Oy- /GL /D WIN32 /D _WINDOWS /D NDEBUG /D VATI_EXTENSIONS /D _CRT_SECURE_NO_DEPRECATE /D _CRT_NON_CONFORMING_SWPRINTFS /D _WIN32_IE=0x0501 /D _MBCS /Gm- /EHsc /MT /GS /Gy /fp:precise /Zc:wchar_t /Zc:forScope /Yc /Fp"Release\demo.pch" /Fo"Release\\" /Fd"Release\vc100.pdb" /Gd /TP /analyze- /errorReport:prompt stdafx.cpp
         stdafx.cpp
         C:\Program Files (x86)\Microsoft Visual Studio 10.0\VC\bin\CL.exe /c /I..\cximage /Zi /nologo /W3 /WX- /O2 /Oi /Oy- /GL /D WIN32 /D _WINDOWS /D NDEBUG /D VATI_EXTENSIONS /D _CRT_SECURE_NO_DEPRECATE /D _CRT_NON_CONFORMING_SWPRINTFS /D _WIN32_IE=0x0501 /D _MBCS /Gm- /EHsc /MT /GS /Gy /fp:precise /Zc:wchar_t /Zc:forScope /Fo"Release\\" /Fd"Release\vc100.pdb" /Gd /TP /analyze- /errorReport:prompt BCMenu.cpp ChildFrm.cpp demo.cpp demoDoc.cpp demoView.cpp dlgcapture.cpp DlgColorize.cpp DlgCombine.cpp DlgCustomFilter.cpp DlgDataExt.cpp DlgDecBpp.cpp DlgDither.cpp DlgExpand.cpp DlgFFT.cpp DlgFloodFill.cpp DlgGamma.cpp DlgHisto.cpp DlgIncBpp.cpp DlgJpeg.cpp DlgMix.cpp DlgOpacity.cpp DlgOptions.cpp DlgPalette.cpp DlgRepair.cpp DlgResample.cpp DlgRotate.cpp DlgShadow.cpp DlgSkew.cpp DlgText.cpp DlgThreshold.cpp DlgURL.cpp logomdi.cpp MainFrm.cpp Quantize.cpp TwainCpp.cpp xTargetButton.cpp
         BCMenu.cpp
     1>BCMenu.cpp(1972): warning C4018: “<”: 有符号/无符号不匹配
         ChildFrm.cpp
         demo.cpp
     1>d:\php\php-sdk\phpdev\vc11\x86\php-5.6.20\ext\wing\lib\cximage\demo\Twain.h : warning C4819: 该文件包含不能在当前代码页(936)中表示的字符。请将该文件保存为 Unicode 格式以防止数据丢失
         demoDoc.cpp
     1>d:\php\php-sdk\phpdev\vc11\x86\php-5.6.20\ext\wing\lib\cximage\demo\Twain.h : warning C4819: 该文件包含不能在当前代码页(936)中表示的字符。请将该文件保存为 Unicode 格式以防止数据丢失
         demoView.cpp
     1>d:\php\php-sdk\phpdev\vc11\x86\php-5.6.20\ext\wing\lib\cximage\demo\Twain.h : warning C4819: 该文件包含不能在当前代码页(936)中表示的字符。请将该文件保存为 Unicode 格式以防止数据丢失
         dlgcapture.cpp
         DlgColorize.cpp
         DlgCombine.cpp
         DlgCustomFilter.cpp
         DlgDataExt.cpp
         DlgDecBpp.cpp
         DlgDither.cpp
         DlgExpand.cpp
         DlgFFT.cpp
         DlgFloodFill.cpp
         DlgGamma.cpp
         DlgHisto.cpp
     1>d:\php\php-sdk\phpdev\vc11\x86\php-5.6.20\ext\wing\lib\cximage\demo\Twain.h : warning C4819: 该文件包含不能在当前代码页(936)中表示的字符。请将该文件保存为 Unicode 格式以防止数据丢失
         DlgIncBpp.cpp
         DlgJpeg.cpp
         DlgMix.cpp
         正在编译...
         DlgOpacity.cpp
         DlgOptions.cpp
         DlgPalette.cpp
         DlgRepair.cpp
         DlgResample.cpp
         DlgRotate.cpp
         DlgShadow.cpp
         DlgSkew.cpp
         DlgText.cpp
         DlgThreshold.cpp
         DlgURL.cpp
         logomdi.cpp
         MainFrm.cpp
     1>d:\php\php-sdk\phpdev\vc11\x86\php-5.6.20\ext\wing\lib\cximage\demo\Twain.h : warning C4819: 该文件包含不能在当前代码页(936)中表示的字符。请将该文件保存为 Unicode 格式以防止数据丢失
         Quantize.cpp
         TwainCpp.cpp
     1>d:\php\php-sdk\phpdev\vc11\x86\php-5.6.20\ext\wing\lib\cximage\demo\Twain.h : warning C4819: 该文件包含不能在当前代码页(936)中表示的字符。请将该文件保存为 Unicode 格式以防止数据丢失
         xTargetButton.cpp
       ResourceCompile:
         C:\Program Files (x86)\Microsoft SDKs\Windows\v7.0A\bin\rc.exe /D NDEBUG /l"0x0409" /IRelease\ /nologo /fo"Release\demo.res" demo.rc 
     1>C:\Program Files (x86)\MSBuild\Microsoft.Cpp\v4.0\Microsoft.CppBuild.targets(990,5): warning MSB8012: TargetPath(D:\php\php-sdk\phpdev\vc11\x86\php-5.6.20\ext\wing\lib\cximage\Release\demo.exe) 与 Linker 的 OutputFile 属性值(D:\php\php-sdk\phpdev\vc11\x86\php-5.6.20\ext\wing\lib\cximage\bin\demo.exe)不匹配。这可能导致项目生成不正确。若要更正此问题，请确保 $(OutDir)、$(TargetName) 和 $(TargetExt) 属性值与 %(Link.OutputFile) 中指定的值匹配。
       Link:
         C:\Program Files (x86)\Microsoft Visual Studio 10.0\VC\bin\link.exe /ERRORREPORT:PROMPT /OUT:"../bin/demo.exe" /INCREMENTAL:NO /NOLOGO wininet.lib ../Release/png.lib ../Release/jpeg.lib ../Release/zlib.lib ../Release/tiff.lib ../Release/jbig.lib ../Release/jasper.lib ../Release/mng.lib ../Release/libdcr.lib ../Release/libpsd.lib ../Release/cximage.lib kernel32.lib user32.lib gdi32.lib winspool.lib comdlg32.lib advapi32.lib shell32.lib ole32.lib oleaut32.lib uuid.lib odbc32.lib odbccp32.lib /MANIFEST /ManifestFile:"Release\demo.exe.intermediate.manifest" /MANIFESTUAC:"level='asInvoker' uiAccess='false'" /DEBUG /PDB:"D:\php\php-sdk\phpdev\vc11\x86\php-5.6.20\ext\wing\lib\cximage\Release\demo.pdb" /SUBSYSTEM:WINDOWS /OPT:REF /OPT:ICF /LTCG /TLBID:1 /DYNAMICBASE /NXCOMPAT /IMPLIB:"D:\php\php-sdk\phpdev\vc11\x86\php-5.6.20\ext\wing\lib\cximage\Release\demo.lib" /MACHINE:X86 Release\demo.res
         Release\BCMenu.obj
         Release\ChildFrm.obj
         Release\demo.obj
         Release\demoDoc.obj
         Release\demoView.obj
         Release\dlgcapture.obj
         Release\DlgColorize.obj
         Release\DlgCombine.obj
         Release\DlgCustomFilter.obj
         Release\DlgDataExt.obj
         Release\DlgDecBpp.obj
         Release\DlgDither.obj
         Release\DlgExpand.obj
         Release\DlgFFT.obj
         Release\DlgFloodFill.obj
         Release\DlgGamma.obj
         Release\DlgHisto.obj
         Release\DlgIncBpp.obj
         Release\DlgJpeg.obj
         Release\DlgMix.obj
         Release\DlgOpacity.obj
         Release\DlgOptions.obj
         Release\DlgPalette.obj
         Release\DlgRepair.obj
         Release\DlgResample.obj
         Release\DlgRotate.obj
         Release\DlgShadow.obj
         Release\DlgSkew.obj
         Release\DlgText.obj
         Release\DlgThreshold.obj
         Release\DlgURL.obj
         Release\logomdi.obj
         Release\MainFrm.obj
         Release\Quantize.obj
         Release\stdafx.obj
         Release\TwainCpp.obj
         Release\xTargetButton.obj
         "D:\php\php-sdk\phpdev\vc11\x86\php-5.6.20\ext\wing\lib\cximage\CxImage\Release\cximage.lib"
         "D:\php\php-sdk\phpdev\vc11\x86\php-5.6.20\ext\wing\lib\cximage\Release\jasper.lib"
         "D:\php\php-sdk\phpdev\vc11\x86\php-5.6.20\ext\wing\lib\cximage\Release\jbig.lib"
         "D:\php\php-sdk\phpdev\vc11\x86\php-5.6.20\ext\wing\lib\cximage\Release\jpeg.lib"
         "D:\php\php-sdk\phpdev\vc11\x86\php-5.6.20\ext\wing\lib\cximage\Release\libpsd.lib"
         "D:\php\php-sdk\phpdev\vc11\x86\php-5.6.20\ext\wing\lib\cximage\Release\mng.lib"
         "D:\php\php-sdk\phpdev\vc11\x86\php-5.6.20\ext\wing\lib\cximage\Release\png.lib"
         "D:\php\php-sdk\phpdev\vc11\x86\php-5.6.20\ext\wing\lib\cximage\Release\libdcr.lib"
         "D:\php\php-sdk\phpdev\vc11\x86\php-5.6.20\ext\wing\lib\cximage\Release\tiff.lib"
         "D:\php\php-sdk\phpdev\vc11\x86\php-5.6.20\ext\wing\lib\cximage\Release\zlib.lib"
     1>LINK : fatal error LNK1181: 无法打开输入文件“../Release/cximage.lib”
     1>已完成生成项目“D:\php\php-sdk\phpdev\vc11\x86\php-5.6.20\ext\wing\lib\cximage\demo\demo.vcxproj”(rebuild 个目标)的操作 - 失败。

生成失败。

已用时间 00:00:26.66
