D:\PHP\PHP-SDK\PHPDEV\VC11\X86\PHP-5.6.20\EXT\WING\LIB\CXIMAGE\DEMO\RELEASE\BCMENU.OBJ
D:\PHP\PHP-SDK\PHPDEV\VC11\X86\PHP-5.6.20\EXT\WING\LIB\CXIMAGE\DEMO\RELEASE\CHILDFRM.OBJ
D:\php\php-sdk\phpdev\vc11\x86\php-5.6.20\ext\wing\lib\cximage\demo\Release\cl.command.1.tlog
D:\php\php-sdk\phpdev\vc11\x86\php-5.6.20\ext\wing\lib\cximage\demo\Release\CL.read.1.tlog
D:\php\php-sdk\phpdev\vc11\x86\php-5.6.20\ext\wing\lib\cximage\demo\Release\CL.write.1.tlog
D:\PHP\PHP-SDK\PHPDEV\VC11\X86\PHP-5.6.20\EXT\WING\LIB\CXIMAGE\DEMO\RELEASE\DEMO.OBJ
D:\PHP\PHP-SDK\PHPDEV\VC11\X86\PHP-5.6.20\EXT\WING\LIB\CXIMAGE\DEMO\RELEASE\DEMO.RES
D:\PHP\PHP-SDK\PHPDEV\VC11\X86\PHP-5.6.20\EXT\WING\LIB\CXIMAGE\DEMO\RELEASE\DEMODLL.PCH
D:\php\php-sdk\phpdev\vc11\x86\php-5.6.20\ext\wing\lib\cximage\demo\Release\demodll.vcxprojResolveAssemblyReference.cache
D:\php\php-sdk\phpdev\vc11\x86\php-5.6.20\ext\wing\lib\cximage\demo\Release\demodll.write.1.tlog
D:\PHP\PHP-SDK\PHPDEV\VC11\X86\PHP-5.6.20\EXT\WING\LIB\CXIMAGE\DEMO\RELEASE\DEMODOC.OBJ
D:\PHP\PHP-SDK\PHPDEV\VC11\X86\PHP-5.6.20\EXT\WING\LIB\CXIMAGE\DEMO\RELEASE\DEMOVIEW.OBJ
D:\PHP\PHP-SDK\PHPDEV\VC11\X86\PHP-5.6.20\EXT\WING\LIB\CXIMAGE\DEMO\RELEASE\DLGCAPTURE.OBJ
D:\PHP\PHP-SDK\PHPDEV\VC11\X86\PHP-5.6.20\EXT\WING\LIB\CXIMAGE\DEMO\RELEASE\DLGCOLORIZE.OBJ
D:\PHP\PHP-SDK\PHPDEV\VC11\X86\PHP-5.6.20\EXT\WING\LIB\CXIMAGE\DEMO\RELEASE\DLGCOMBINE.OBJ
D:\PHP\PHP-SDK\PHPDEV\VC11\X86\PHP-5.6.20\EXT\WING\LIB\CXIMAGE\DEMO\RELEASE\DLGCUSTOMFILTER.OBJ
D:\PHP\PHP-SDK\PHPDEV\VC11\X86\PHP-5.6.20\EXT\WING\LIB\CXIMAGE\DEMO\RELEASE\DLGDATAEXT.OBJ
D:\PHP\PHP-SDK\PHPDEV\VC11\X86\PHP-5.6.20\EXT\WING\LIB\CXIMAGE\DEMO\RELEASE\DLGDECBPP.OBJ
D:\PHP\PHP-SDK\PHPDEV\VC11\X86\PHP-5.6.20\EXT\WING\LIB\CXIMAGE\DEMO\RELEASE\DLGDITHER.OBJ
D:\PHP\PHP-SDK\PHPDEV\VC11\X86\PHP-5.6.20\EXT\WING\LIB\CXIMAGE\DEMO\RELEASE\DLGEXPAND.OBJ
D:\PHP\PHP-SDK\PHPDEV\VC11\X86\PHP-5.6.20\EXT\WING\LIB\CXIMAGE\DEMO\RELEASE\DLGFFT.OBJ
D:\PHP\PHP-SDK\PHPDEV\VC11\X86\PHP-5.6.20\EXT\WING\LIB\CXIMAGE\DEMO\RELEASE\DLGFLOODFILL.OBJ
D:\PHP\PHP-SDK\PHPDEV\VC11\X86\PHP-5.6.20\EXT\WING\LIB\CXIMAGE\DEMO\RELEASE\DLGGAMMA.OBJ
D:\PHP\PHP-SDK\PHPDEV\VC11\X86\PHP-5.6.20\EXT\WING\LIB\CXIMAGE\DEMO\RELEASE\DLGHISTO.OBJ
D:\PHP\PHP-SDK\PHPDEV\VC11\X86\PHP-5.6.20\EXT\WING\LIB\CXIMAGE\DEMO\RELEASE\DLGINCBPP.OBJ
D:\PHP\PHP-SDK\PHPDEV\VC11\X86\PHP-5.6.20\EXT\WING\LIB\CXIMAGE\DEMO\RELEASE\DLGJPEG.OBJ
D:\PHP\PHP-SDK\PHPDEV\VC11\X86\PHP-5.6.20\EXT\WING\LIB\CXIMAGE\DEMO\RELEASE\DLGMIX.OBJ
D:\PHP\PHP-SDK\PHPDEV\VC11\X86\PHP-5.6.20\EXT\WING\LIB\CXIMAGE\DEMO\RELEASE\DLGOPACITY.OBJ
D:\PHP\PHP-SDK\PHPDEV\VC11\X86\PHP-5.6.20\EXT\WING\LIB\CXIMAGE\DEMO\RELEASE\DLGOPTIONS.OBJ
D:\PHP\PHP-SDK\PHPDEV\VC11\X86\PHP-5.6.20\EXT\WING\LIB\CXIMAGE\DEMO\RELEASE\DLGPALETTE.OBJ
D:\PHP\PHP-SDK\PHPDEV\VC11\X86\PHP-5.6.20\EXT\WING\LIB\CXIMAGE\DEMO\RELEASE\DLGREPAIR.OBJ
D:\PHP\PHP-SDK\PHPDEV\VC11\X86\PHP-5.6.20\EXT\WING\LIB\CXIMAGE\DEMO\RELEASE\DLGRESAMPLE.OBJ
D:\PHP\PHP-SDK\PHPDEV\VC11\X86\PHP-5.6.20\EXT\WING\LIB\CXIMAGE\DEMO\RELEASE\DLGROTATE.OBJ
D:\PHP\PHP-SDK\PHPDEV\VC11\X86\PHP-5.6.20\EXT\WING\LIB\CXIMAGE\DEMO\RELEASE\DLGSHADOW.OBJ
D:\PHP\PHP-SDK\PHPDEV\VC11\X86\PHP-5.6.20\EXT\WING\LIB\CXIMAGE\DEMO\RELEASE\DLGSKEW.OBJ
D:\PHP\PHP-SDK\PHPDEV\VC11\X86\PHP-5.6.20\EXT\WING\LIB\CXIMAGE\DEMO\RELEASE\DLGTEXT.OBJ
D:\PHP\PHP-SDK\PHPDEV\VC11\X86\PHP-5.6.20\EXT\WING\LIB\CXIMAGE\DEMO\RELEASE\DLGTHRESHOLD.OBJ
D:\PHP\PHP-SDK\PHPDEV\VC11\X86\PHP-5.6.20\EXT\WING\LIB\CXIMAGE\DEMO\RELEASE\DLGURL.OBJ
D:\php\php-sdk\phpdev\vc11\x86\php-5.6.20\ext\wing\lib\cximage\demo\Release\link.command.1.tlog
D:\php\php-sdk\phpdev\vc11\x86\php-5.6.20\ext\wing\lib\cximage\demo\Release\link.read.1.tlog
D:\php\php-sdk\phpdev\vc11\x86\php-5.6.20\ext\wing\lib\cximage\demo\Release\link.write.1.tlog
D:\PHP\PHP-SDK\PHPDEV\VC11\X86\PHP-5.6.20\EXT\WING\LIB\CXIMAGE\DEMO\RELEASE\LOGOMDI.OBJ
D:\PHP\PHP-SDK\PHPDEV\VC11\X86\PHP-5.6.20\EXT\WING\LIB\CXIMAGE\DEMO\RELEASE\MAINFRM.OBJ
D:\PHP\PHP-SDK\PHPDEV\VC11\X86\PHP-5.6.20\EXT\WING\LIB\CXIMAGE\DEMO\RELEASE\QUANTIZE.OBJ
D:\php\php-sdk\phpdev\vc11\x86\php-5.6.20\ext\wing\lib\cximage\demo\Release\rc.command.1.tlog
D:\php\php-sdk\phpdev\vc11\x86\php-5.6.20\ext\wing\lib\cximage\demo\Release\rc.read.1.tlog
D:\php\php-sdk\phpdev\vc11\x86\php-5.6.20\ext\wing\lib\cximage\demo\Release\rc.write.1.tlog
D:\PHP\PHP-SDK\PHPDEV\VC11\X86\PHP-5.6.20\EXT\WING\LIB\CXIMAGE\DEMO\RELEASE\STDAFX.OBJ
D:\PHP\PHP-SDK\PHPDEV\VC11\X86\PHP-5.6.20\EXT\WING\LIB\CXIMAGE\DEMO\RELEASE\TWAINCPP.OBJ
D:\PHP\PHP-SDK\PHPDEV\VC11\X86\PHP-5.6.20\EXT\WING\LIB\CXIMAGE\DEMO\RELEASE\VC100.PDB
D:\PHP\PHP-SDK\PHPDEV\VC11\X86\PHP-5.6.20\EXT\WING\LIB\CXIMAGE\DEMO\RELEASE\XTARGETBUTTON.OBJ
