D:\php\php-sdk\phpdev\vc11\x86\php-5.6.20\ext\wing\lib\cximage\jpeg\Release\cl.command.1.tlog
D:\php\php-sdk\phpdev\vc11\x86\php-5.6.20\ext\wing\lib\cximage\jpeg\Release\CL.read.1.tlog
D:\php\php-sdk\phpdev\vc11\x86\php-5.6.20\ext\wing\lib\cximage\jpeg\Release\CL.write.1.tlog
D:\php\php-sdk\phpdev\vc11\x86\php-5.6.20\ext\wing\lib\cximage\jpeg\Release\jaricom.obj
D:\php\php-sdk\phpdev\vc11\x86\php-5.6.20\ext\wing\lib\cximage\jpeg\Release\jcapimin.obj
D:\php\php-sdk\phpdev\vc11\x86\php-5.6.20\ext\wing\lib\cximage\jpeg\Release\jcapistd.obj
D:\php\php-sdk\phpdev\vc11\x86\php-5.6.20\ext\wing\lib\cximage\jpeg\Release\jcarith.obj
D:\php\php-sdk\phpdev\vc11\x86\php-5.6.20\ext\wing\lib\cximage\jpeg\Release\jccoefct.obj
D:\php\php-sdk\phpdev\vc11\x86\php-5.6.20\ext\wing\lib\cximage\jpeg\Release\jccolor.obj
D:\php\php-sdk\phpdev\vc11\x86\php-5.6.20\ext\wing\lib\cximage\jpeg\Release\jcdctmgr.obj
D:\php\php-sdk\phpdev\vc11\x86\php-5.6.20\ext\wing\lib\cximage\jpeg\Release\jchuff.obj
D:\php\php-sdk\phpdev\vc11\x86\php-5.6.20\ext\wing\lib\cximage\jpeg\Release\jcinit.obj
D:\php\php-sdk\phpdev\vc11\x86\php-5.6.20\ext\wing\lib\cximage\jpeg\Release\jcmainct.obj
D:\php\php-sdk\phpdev\vc11\x86\php-5.6.20\ext\wing\lib\cximage\jpeg\Release\jcmarker.obj
D:\php\php-sdk\phpdev\vc11\x86\php-5.6.20\ext\wing\lib\cximage\jpeg\Release\jcmaster.obj
D:\php\php-sdk\phpdev\vc11\x86\php-5.6.20\ext\wing\lib\cximage\jpeg\Release\jcomapi.obj
D:\php\php-sdk\phpdev\vc11\x86\php-5.6.20\ext\wing\lib\cximage\jpeg\Release\jcparam.obj
D:\php\php-sdk\phpdev\vc11\x86\php-5.6.20\ext\wing\lib\cximage\jpeg\Release\jcprepct.obj
D:\php\php-sdk\phpdev\vc11\x86\php-5.6.20\ext\wing\lib\cximage\jpeg\Release\jcsample.obj
D:\php\php-sdk\phpdev\vc11\x86\php-5.6.20\ext\wing\lib\cximage\jpeg\Release\jctrans.obj
D:\php\php-sdk\phpdev\vc11\x86\php-5.6.20\ext\wing\lib\cximage\jpeg\Release\jdapimin.obj
D:\php\php-sdk\phpdev\vc11\x86\php-5.6.20\ext\wing\lib\cximage\jpeg\Release\jdapistd.obj
D:\php\php-sdk\phpdev\vc11\x86\php-5.6.20\ext\wing\lib\cximage\jpeg\Release\jdarith.obj
D:\php\php-sdk\phpdev\vc11\x86\php-5.6.20\ext\wing\lib\cximage\jpeg\Release\jdatadst.obj
D:\php\php-sdk\phpdev\vc11\x86\php-5.6.20\ext\wing\lib\cximage\jpeg\Release\jdatasrc.obj
D:\php\php-sdk\phpdev\vc11\x86\php-5.6.20\ext\wing\lib\cximage\jpeg\Release\jdcoefct.obj
D:\php\php-sdk\phpdev\vc11\x86\php-5.6.20\ext\wing\lib\cximage\jpeg\Release\jdcolor.obj
D:\php\php-sdk\phpdev\vc11\x86\php-5.6.20\ext\wing\lib\cximage\jpeg\Release\jddctmgr.obj
D:\php\php-sdk\phpdev\vc11\x86\php-5.6.20\ext\wing\lib\cximage\jpeg\Release\jdhuff.obj
D:\php\php-sdk\phpdev\vc11\x86\php-5.6.20\ext\wing\lib\cximage\jpeg\Release\jdinput.obj
D:\php\php-sdk\phpdev\vc11\x86\php-5.6.20\ext\wing\lib\cximage\jpeg\Release\jdmainct.obj
D:\php\php-sdk\phpdev\vc11\x86\php-5.6.20\ext\wing\lib\cximage\jpeg\Release\jdmarker.obj
D:\php\php-sdk\phpdev\vc11\x86\php-5.6.20\ext\wing\lib\cximage\jpeg\Release\jdmaster.obj
D:\php\php-sdk\phpdev\vc11\x86\php-5.6.20\ext\wing\lib\cximage\jpeg\Release\jdmerge.obj
D:\php\php-sdk\phpdev\vc11\x86\php-5.6.20\ext\wing\lib\cximage\jpeg\Release\jdpostct.obj
D:\php\php-sdk\phpdev\vc11\x86\php-5.6.20\ext\wing\lib\cximage\jpeg\Release\jdsample.obj
D:\php\php-sdk\phpdev\vc11\x86\php-5.6.20\ext\wing\lib\cximage\jpeg\Release\jdtrans.obj
D:\php\php-sdk\phpdev\vc11\x86\php-5.6.20\ext\wing\lib\cximage\jpeg\Release\jerror.obj
D:\php\php-sdk\phpdev\vc11\x86\php-5.6.20\ext\wing\lib\cximage\jpeg\Release\jfdctflt.obj
D:\php\php-sdk\phpdev\vc11\x86\php-5.6.20\ext\wing\lib\cximage\jpeg\Release\jfdctfst.obj
D:\php\php-sdk\phpdev\vc11\x86\php-5.6.20\ext\wing\lib\cximage\jpeg\Release\jfdctint.obj
D:\php\php-sdk\phpdev\vc11\x86\php-5.6.20\ext\wing\lib\cximage\jpeg\Release\jidctflt.obj
D:\php\php-sdk\phpdev\vc11\x86\php-5.6.20\ext\wing\lib\cximage\jpeg\Release\jidctfst.obj
D:\php\php-sdk\phpdev\vc11\x86\php-5.6.20\ext\wing\lib\cximage\jpeg\Release\jidctint.obj
D:\php\php-sdk\phpdev\vc11\x86\php-5.6.20\ext\wing\lib\cximage\jpeg\Release\jmemmgr.obj
D:\php\php-sdk\phpdev\vc11\x86\php-5.6.20\ext\wing\lib\cximage\jpeg\Release\jmemnobs.obj
D:\php\php-sdk\phpdev\vc11\x86\php-5.6.20\ext\wing\lib\cximage\jpeg\Release\jpeg.write.1.tlog
D:\php\php-sdk\phpdev\vc11\x86\php-5.6.20\ext\wing\lib\cximage\jpeg\Release\jquant1.obj
D:\php\php-sdk\phpdev\vc11\x86\php-5.6.20\ext\wing\lib\cximage\jpeg\Release\jquant2.obj
D:\php\php-sdk\phpdev\vc11\x86\php-5.6.20\ext\wing\lib\cximage\jpeg\Release\jutils.obj
D:\php\php-sdk\phpdev\vc11\x86\php-5.6.20\ext\wing\lib\cximage\jpeg\Release\lib.command.1.tlog
D:\php\php-sdk\phpdev\vc11\x86\php-5.6.20\ext\wing\lib\cximage\jpeg\Release\Lib-link.read.1.tlog
D:\php\php-sdk\phpdev\vc11\x86\php-5.6.20\ext\wing\lib\cximage\jpeg\Release\Lib-link.write.1.tlog
D:\php\php-sdk\phpdev\vc11\x86\php-5.6.20\ext\wing\lib\cximage\jpeg\Release\vc100.pdb
D:\WEBTOP\CXIMAGE\JPEG\RELEASE\JARICOM.OBJ
D:\WEBTOP\CXIMAGE\JPEG\RELEASE\JCAPIMIN.OBJ
D:\WEBTOP\CXIMAGE\JPEG\RELEASE\JCAPISTD.OBJ
D:\WEBTOP\CXIMAGE\JPEG\RELEASE\JCARITH.OBJ
D:\WEBTOP\CXIMAGE\JPEG\RELEASE\JCCOEFCT.OBJ
D:\WEBTOP\CXIMAGE\JPEG\RELEASE\JCCOLOR.OBJ
D:\WEBTOP\CXIMAGE\JPEG\RELEASE\JCDCTMGR.OBJ
D:\WEBTOP\CXIMAGE\JPEG\RELEASE\JCHUFF.OBJ
D:\WEBTOP\CXIMAGE\JPEG\RELEASE\JCINIT.OBJ
D:\WEBTOP\CXIMAGE\JPEG\RELEASE\JCMAINCT.OBJ
D:\WEBTOP\CXIMAGE\JPEG\RELEASE\JCMARKER.OBJ
D:\WEBTOP\CXIMAGE\JPEG\RELEASE\JCMASTER.OBJ
D:\WEBTOP\CXIMAGE\JPEG\RELEASE\JCOMAPI.OBJ
D:\WEBTOP\CXIMAGE\JPEG\RELEASE\JCPARAM.OBJ
D:\WEBTOP\CXIMAGE\JPEG\RELEASE\JCPREPCT.OBJ
D:\WEBTOP\CXIMAGE\JPEG\RELEASE\JCSAMPLE.OBJ
D:\WEBTOP\CXIMAGE\JPEG\RELEASE\JCTRANS.OBJ
D:\WEBTOP\CXIMAGE\JPEG\RELEASE\JDAPIMIN.OBJ
D:\WEBTOP\CXIMAGE\JPEG\RELEASE\JDAPISTD.OBJ
D:\WEBTOP\CXIMAGE\JPEG\RELEASE\JDARITH.OBJ
D:\WEBTOP\CXIMAGE\JPEG\RELEASE\JDATADST.OBJ
D:\WEBTOP\CXIMAGE\JPEG\RELEASE\JDATASRC.OBJ
D:\WEBTOP\CXIMAGE\JPEG\RELEASE\JDCOEFCT.OBJ
D:\WEBTOP\CXIMAGE\JPEG\RELEASE\JDCOLOR.OBJ
D:\WEBTOP\CXIMAGE\JPEG\RELEASE\JDDCTMGR.OBJ
D:\WEBTOP\CXIMAGE\JPEG\RELEASE\JDHUFF.OBJ
D:\WEBTOP\CXIMAGE\JPEG\RELEASE\JDINPUT.OBJ
D:\WEBTOP\CXIMAGE\JPEG\RELEASE\JDMAINCT.OBJ
D:\WEBTOP\CXIMAGE\JPEG\RELEASE\JDMARKER.OBJ
D:\WEBTOP\CXIMAGE\JPEG\RELEASE\JDMASTER.OBJ
D:\WEBTOP\CXIMAGE\JPEG\RELEASE\JDMERGE.OBJ
D:\WEBTOP\CXIMAGE\JPEG\RELEASE\JDPOSTCT.OBJ
D:\WEBTOP\CXIMAGE\JPEG\RELEASE\JDSAMPLE.OBJ
D:\WEBTOP\CXIMAGE\JPEG\RELEASE\JDTRANS.OBJ
D:\WEBTOP\CXIMAGE\JPEG\RELEASE\JERROR.OBJ
D:\WEBTOP\CXIMAGE\JPEG\RELEASE\JFDCTFLT.OBJ
D:\WEBTOP\CXIMAGE\JPEG\RELEASE\JFDCTFST.OBJ
D:\WEBTOP\CXIMAGE\JPEG\RELEASE\JFDCTINT.OBJ
D:\WEBTOP\CXIMAGE\JPEG\RELEASE\JIDCTFLT.OBJ
D:\WEBTOP\CXIMAGE\JPEG\RELEASE\JIDCTFST.OBJ
D:\WEBTOP\CXIMAGE\JPEG\RELEASE\JIDCTINT.OBJ
D:\WEBTOP\CXIMAGE\JPEG\RELEASE\JMEMMGR.OBJ
D:\WEBTOP\CXIMAGE\JPEG\RELEASE\JMEMNOBS.OBJ
D:\WEBTOP\CXIMAGE\JPEG\RELEASE\JQUANT1.OBJ
D:\WEBTOP\CXIMAGE\JPEG\RELEASE\JQUANT2.OBJ
D:\WEBTOP\CXIMAGE\JPEG\RELEASE\JUTILS.OBJ
D:\WEBTOP\CXIMAGE\JPEG\RELEASE\VC100.PDB
D:\WEBTOP\CXIMAGE\RELEASE\JPEG.LIB
