D:\php\php-sdk\phpdev\vc11\x86\php-5.6.20\ext\wing\lib\cximage\demo\x64\Release\BCMenu.obj
D:\php\php-sdk\phpdev\vc11\x86\php-5.6.20\ext\wing\lib\cximage\demo\x64\Release\ChildFrm.obj
D:\php\php-sdk\phpdev\vc11\x86\php-5.6.20\ext\wing\lib\cximage\demo\x64\Release\cl.command.1.tlog
D:\php\php-sdk\phpdev\vc11\x86\php-5.6.20\ext\wing\lib\cximage\demo\x64\Release\CL.read.1.tlog
D:\php\php-sdk\phpdev\vc11\x86\php-5.6.20\ext\wing\lib\cximage\demo\x64\Release\CL.write.1.tlog
D:\php\php-sdk\phpdev\vc11\x86\php-5.6.20\ext\wing\lib\cximage\demo\x64\Release\demo.exe.intermediate.manifest
D:\php\php-sdk\phpdev\vc11\x86\php-5.6.20\ext\wing\lib\cximage\demo\x64\Release\demo.obj
D:\php\php-sdk\phpdev\vc11\x86\php-5.6.20\ext\wing\lib\cximage\demo\x64\Release\demo.pch
D:\php\php-sdk\phpdev\vc11\x86\php-5.6.20\ext\wing\lib\cximage\demo\x64\Release\demo.res
D:\php\php-sdk\phpdev\vc11\x86\php-5.6.20\ext\wing\lib\cximage\demo\x64\Release\demo.write.1.tlog
D:\php\php-sdk\phpdev\vc11\x86\php-5.6.20\ext\wing\lib\cximage\demo\x64\Release\demoDoc.obj
D:\php\php-sdk\phpdev\vc11\x86\php-5.6.20\ext\wing\lib\cximage\demo\x64\Release\demoView.obj
D:\php\php-sdk\phpdev\vc11\x86\php-5.6.20\ext\wing\lib\cximage\demo\x64\Release\dlgcapture.obj
D:\php\php-sdk\phpdev\vc11\x86\php-5.6.20\ext\wing\lib\cximage\demo\x64\Release\DlgColorize.obj
D:\php\php-sdk\phpdev\vc11\x86\php-5.6.20\ext\wing\lib\cximage\demo\x64\Release\DlgCombine.obj
D:\php\php-sdk\phpdev\vc11\x86\php-5.6.20\ext\wing\lib\cximage\demo\x64\Release\DlgCustomFilter.obj
D:\php\php-sdk\phpdev\vc11\x86\php-5.6.20\ext\wing\lib\cximage\demo\x64\Release\DlgDataExt.obj
D:\php\php-sdk\phpdev\vc11\x86\php-5.6.20\ext\wing\lib\cximage\demo\x64\Release\DlgDecBpp.obj
D:\php\php-sdk\phpdev\vc11\x86\php-5.6.20\ext\wing\lib\cximage\demo\x64\Release\DlgDither.obj
D:\php\php-sdk\phpdev\vc11\x86\php-5.6.20\ext\wing\lib\cximage\demo\x64\Release\DlgExpand.obj
D:\php\php-sdk\phpdev\vc11\x86\php-5.6.20\ext\wing\lib\cximage\demo\x64\Release\DlgFFT.obj
D:\php\php-sdk\phpdev\vc11\x86\php-5.6.20\ext\wing\lib\cximage\demo\x64\Release\DlgFloodFill.obj
D:\php\php-sdk\phpdev\vc11\x86\php-5.6.20\ext\wing\lib\cximage\demo\x64\Release\DlgGamma.obj
D:\php\php-sdk\phpdev\vc11\x86\php-5.6.20\ext\wing\lib\cximage\demo\x64\Release\DlgHisto.obj
D:\php\php-sdk\phpdev\vc11\x86\php-5.6.20\ext\wing\lib\cximage\demo\x64\Release\DlgIncBpp.obj
D:\php\php-sdk\phpdev\vc11\x86\php-5.6.20\ext\wing\lib\cximage\demo\x64\Release\DlgJpeg.obj
D:\php\php-sdk\phpdev\vc11\x86\php-5.6.20\ext\wing\lib\cximage\demo\x64\Release\DlgMix.obj
D:\php\php-sdk\phpdev\vc11\x86\php-5.6.20\ext\wing\lib\cximage\demo\x64\Release\DlgOpacity.obj
D:\php\php-sdk\phpdev\vc11\x86\php-5.6.20\ext\wing\lib\cximage\demo\x64\Release\DlgOptions.obj
D:\php\php-sdk\phpdev\vc11\x86\php-5.6.20\ext\wing\lib\cximage\demo\x64\Release\DlgPalette.obj
D:\php\php-sdk\phpdev\vc11\x86\php-5.6.20\ext\wing\lib\cximage\demo\x64\Release\DlgRepair.obj
D:\php\php-sdk\phpdev\vc11\x86\php-5.6.20\ext\wing\lib\cximage\demo\x64\Release\DlgResample.obj
D:\php\php-sdk\phpdev\vc11\x86\php-5.6.20\ext\wing\lib\cximage\demo\x64\Release\DlgRotate.obj
D:\php\php-sdk\phpdev\vc11\x86\php-5.6.20\ext\wing\lib\cximage\demo\x64\Release\DlgShadow.obj
D:\php\php-sdk\phpdev\vc11\x86\php-5.6.20\ext\wing\lib\cximage\demo\x64\Release\DlgSkew.obj
D:\php\php-sdk\phpdev\vc11\x86\php-5.6.20\ext\wing\lib\cximage\demo\x64\Release\DlgText.obj
D:\php\php-sdk\phpdev\vc11\x86\php-5.6.20\ext\wing\lib\cximage\demo\x64\Release\DlgThreshold.obj
D:\php\php-sdk\phpdev\vc11\x86\php-5.6.20\ext\wing\lib\cximage\demo\x64\Release\DlgURL.obj
D:\php\php-sdk\phpdev\vc11\x86\php-5.6.20\ext\wing\lib\cximage\demo\x64\Release\link.command.1.tlog
D:\php\php-sdk\phpdev\vc11\x86\php-5.6.20\ext\wing\lib\cximage\demo\x64\Release\link.read.1.tlog
D:\php\php-sdk\phpdev\vc11\x86\php-5.6.20\ext\wing\lib\cximage\demo\x64\Release\link.write.1.tlog
D:\php\php-sdk\phpdev\vc11\x86\php-5.6.20\ext\wing\lib\cximage\demo\x64\Release\link-cvtres.read.1.tlog
D:\php\php-sdk\phpdev\vc11\x86\php-5.6.20\ext\wing\lib\cximage\demo\x64\Release\link-cvtres.write.1.tlog
D:\php\php-sdk\phpdev\vc11\x86\php-5.6.20\ext\wing\lib\cximage\demo\x64\Release\logomdi.obj
D:\php\php-sdk\phpdev\vc11\x86\php-5.6.20\ext\wing\lib\cximage\demo\x64\Release\MainFrm.obj
D:\php\php-sdk\phpdev\vc11\x86\php-5.6.20\ext\wing\lib\cximage\demo\x64\Release\mt.command.1.tlog
D:\php\php-sdk\phpdev\vc11\x86\php-5.6.20\ext\wing\lib\cximage\demo\x64\Release\mt.read.1.tlog
D:\php\php-sdk\phpdev\vc11\x86\php-5.6.20\ext\wing\lib\cximage\demo\x64\Release\mt.write.1.tlog
D:\php\php-sdk\phpdev\vc11\x86\php-5.6.20\ext\wing\lib\cximage\demo\x64\Release\Quantize.obj
D:\php\php-sdk\phpdev\vc11\x86\php-5.6.20\ext\wing\lib\cximage\demo\x64\Release\rc.command.1.tlog
D:\php\php-sdk\phpdev\vc11\x86\php-5.6.20\ext\wing\lib\cximage\demo\x64\Release\rc.read.1.tlog
D:\php\php-sdk\phpdev\vc11\x86\php-5.6.20\ext\wing\lib\cximage\demo\x64\Release\rc.write.1.tlog
D:\php\php-sdk\phpdev\vc11\x86\php-5.6.20\ext\wing\lib\cximage\demo\x64\Release\stdafx.obj
D:\php\php-sdk\phpdev\vc11\x86\php-5.6.20\ext\wing\lib\cximage\demo\x64\Release\TwainCpp.obj
D:\php\php-sdk\phpdev\vc11\x86\php-5.6.20\ext\wing\lib\cximage\demo\x64\Release\vc100.pdb
D:\php\php-sdk\phpdev\vc11\x86\php-5.6.20\ext\wing\lib\cximage\demo\x64\Release\xTargetButton.obj
D:\WEBTOP\CXIMAGE\DEMO\X64\RELEASE\BCMENU.OBJ
D:\WEBTOP\CXIMAGE\DEMO\X64\RELEASE\CHILDFRM.OBJ
D:\WEBTOP\CXIMAGE\DEMO\X64\RELEASE\DEMO.EXE.INTERMEDIATE.MANIFEST
D:\WEBTOP\CXIMAGE\DEMO\X64\RELEASE\DEMO.OBJ
D:\WEBTOP\CXIMAGE\DEMO\X64\RELEASE\DEMO.PCH
D:\WEBTOP\CXIMAGE\DEMO\X64\RELEASE\DEMO.RES
D:\WEBTOP\CXIMAGE\DEMO\X64\RELEASE\DEMODOC.OBJ
D:\WEBTOP\CXIMAGE\DEMO\X64\RELEASE\DEMOVIEW.OBJ
D:\WEBTOP\CXIMAGE\DEMO\X64\RELEASE\DLGCAPTURE.OBJ
D:\WEBTOP\CXIMAGE\DEMO\X64\RELEASE\DLGCOLORIZE.OBJ
D:\WEBTOP\CXIMAGE\DEMO\X64\RELEASE\DLGCOMBINE.OBJ
D:\WEBTOP\CXIMAGE\DEMO\X64\RELEASE\DLGCUSTOMFILTER.OBJ
D:\WEBTOP\CXIMAGE\DEMO\X64\RELEASE\DLGDATAEXT.OBJ
D:\WEBTOP\CXIMAGE\DEMO\X64\RELEASE\DLGDECBPP.OBJ
D:\WEBTOP\CXIMAGE\DEMO\X64\RELEASE\DLGDITHER.OBJ
D:\WEBTOP\CXIMAGE\DEMO\X64\RELEASE\DLGEXPAND.OBJ
D:\WEBTOP\CXIMAGE\DEMO\X64\RELEASE\DLGFFT.OBJ
D:\WEBTOP\CXIMAGE\DEMO\X64\RELEASE\DLGFLOODFILL.OBJ
D:\WEBTOP\CXIMAGE\DEMO\X64\RELEASE\DLGGAMMA.OBJ
D:\WEBTOP\CXIMAGE\DEMO\X64\RELEASE\DLGHISTO.OBJ
D:\WEBTOP\CXIMAGE\DEMO\X64\RELEASE\DLGINCBPP.OBJ
D:\WEBTOP\CXIMAGE\DEMO\X64\RELEASE\DLGJPEG.OBJ
D:\WEBTOP\CXIMAGE\DEMO\X64\RELEASE\DLGMIX.OBJ
D:\WEBTOP\CXIMAGE\DEMO\X64\RELEASE\DLGOPACITY.OBJ
D:\WEBTOP\CXIMAGE\DEMO\X64\RELEASE\DLGOPTIONS.OBJ
D:\WEBTOP\CXIMAGE\DEMO\X64\RELEASE\DLGPALETTE.OBJ
D:\WEBTOP\CXIMAGE\DEMO\X64\RELEASE\DLGREPAIR.OBJ
D:\WEBTOP\CXIMAGE\DEMO\X64\RELEASE\DLGRESAMPLE.OBJ
D:\WEBTOP\CXIMAGE\DEMO\X64\RELEASE\DLGROTATE.OBJ
D:\WEBTOP\CXIMAGE\DEMO\X64\RELEASE\DLGSHADOW.OBJ
D:\WEBTOP\CXIMAGE\DEMO\X64\RELEASE\DLGSKEW.OBJ
D:\WEBTOP\CXIMAGE\DEMO\X64\RELEASE\DLGTEXT.OBJ
D:\WEBTOP\CXIMAGE\DEMO\X64\RELEASE\DLGTHRESHOLD.OBJ
D:\WEBTOP\CXIMAGE\DEMO\X64\RELEASE\DLGURL.OBJ
D:\WEBTOP\CXIMAGE\DEMO\X64\RELEASE\LOGOMDI.OBJ
D:\WEBTOP\CXIMAGE\DEMO\X64\RELEASE\MAINFRM.OBJ
D:\WEBTOP\CXIMAGE\DEMO\X64\RELEASE\QUANTIZE.OBJ
D:\WEBTOP\CXIMAGE\DEMO\X64\RELEASE\STDAFX.OBJ
D:\WEBTOP\CXIMAGE\DEMO\X64\RELEASE\TWAINCPP.OBJ
D:\WEBTOP\CXIMAGE\DEMO\X64\RELEASE\VC100.PDB
D:\WEBTOP\CXIMAGE\DEMO\X64\RELEASE\XTARGETBUTTON.OBJ
D:\WEBTOP\CXIMAGE\X64\RELEASE\DEMO.EXE
D:\webtop\cximage\x64\Release\demo.exp
D:\webtop\cximage\x64\Release\demo.lib
D:\WEBTOP\CXIMAGE\X64\RELEASE\DEMO.PDB
