生成启动时间为 2016/5/14 10:48:44。
     1>项目“D:\php\php-sdk\phpdev\vc11\x86\php-5.6.20\ext\wing\lib\cximage\demo\demo.vcxproj”在节点 7 上(rebuild 个目标)。
     1>_PrepareForClean:
         正在删除文件“x64\Release\demo.lastbuildstate”。
       InitializeBuildStatus:
         正在创建“x64\Release\demo.unsuccessfulbuild”，因为已指定“AlwaysCreate”。
       ClCompile:
         C:\Program Files (x86)\Microsoft Visual Studio 10.0\VC\bin\x86_amd64\CL.exe /c /I..\cximage /Zi /nologo /W3 /WX- /O2 /Oi /GL /D WIN32 /D _WINDOWS /D NDEBUG /D VATI_EXTENSIONS /D _CRT_SECURE_NO_DEPRECATE /D _CRT_NON_CONFORMING_SWPRINTFS /D _WIN32_IE=0x0501 /D _UNICODE /D UNICODE /D _AFXDLL /Gm- /EHsc /MD /GS /Gy /fp:precise /Zc:wchar_t /Zc:forScope /Yc /Fp"x64\Release\demo.pch" /Fo"x64\Release\\" /Fd"x64\Release\vc100.pdb" /Gd /TP /errorReport:prompt stdafx.cpp
         stdafx.cpp
         C:\Program Files (x86)\Microsoft Visual Studio 10.0\VC\bin\x86_amd64\CL.exe /c /I..\cximage /Zi /nologo /W3 /WX- /O2 /Oi /GL /D WIN32 /D _WINDOWS /D NDEBUG /D VATI_EXTENSIONS /D _CRT_SECURE_NO_DEPRECATE /D _CRT_NON_CONFORMING_SWPRINTFS /D _WIN32_IE=0x0501 /D _UNICODE /D UNICODE /D _AFXDLL /Gm- /EHsc /MD /GS /Gy /fp:precise /Zc:wchar_t /Zc:forScope /Fo"x64\Release\\" /Fd"x64\Release\vc100.pdb" /Gd /TP /errorReport:prompt BCMenu.cpp ChildFrm.cpp demo.cpp demoDoc.cpp demoView.cpp dlgcapture.cpp DlgColorize.cpp DlgCombine.cpp DlgCustomFilter.cpp DlgDataExt.cpp DlgDecBpp.cpp DlgDither.cpp DlgExpand.cpp DlgFFT.cpp DlgFloodFill.cpp DlgGamma.cpp DlgHisto.cpp DlgIncBpp.cpp DlgJpeg.cpp DlgMix.cpp DlgOpacity.cpp DlgOptions.cpp DlgPalette.cpp DlgRepair.cpp DlgResample.cpp DlgRotate.cpp DlgShadow.cpp DlgSkew.cpp DlgText.cpp DlgThreshold.cpp DlgURL.cpp logomdi.cpp MainFrm.cpp Quantize.cpp TwainCpp.cpp xTargetButton.cpp
         BCMenu.cpp
     1>BCMenu.cpp(225): warning C4244: “初始化”: 从“INT_PTR”转换到“int”，可能丢失数据
     1>BCMenu.cpp(235): warning C4244: “初始化”: 从“INT_PTR”转换到“int”，可能丢失数据
     1>BCMenu.cpp(246): warning C4244: “初始化”: 从“INT_PTR”转换到“int”，可能丢失数据
     1>BCMenu.cpp(250): warning C4244: “初始化”: 从“INT_PTR”转换到“int”，可能丢失数据
     1>BCMenu.cpp(252): warning C4244: “=”: 从“INT_PTR”转换到“int”，可能丢失数据
     1>BCMenu.cpp(262): warning C4244: “初始化”: 从“INT_PTR”转换到“int”，可能丢失数据
     1>BCMenu.cpp(979): warning C4267: “参数”: 从“size_t”转换到“int”，可能丢失数据
     1>BCMenu.cpp(1543): warning C4244: “=”: 从“INT_PTR”转换到“int”，可能丢失数据
     1>BCMenu.cpp(1708): warning C4244: “=”: 从“INT_PTR”转换到“int”，可能丢失数据
     1>BCMenu.cpp(1744): warning C4244: “初始化”: 从“INT_PTR”转换到“int”，可能丢失数据
     1>BCMenu.cpp(1769): warning C4244: “初始化”: 从“INT_PTR”转换到“int”，可能丢失数据
     1>BCMenu.cpp(1820): warning C4267: “参数”: 从“size_t”转换到“int”，可能丢失数据
     1>BCMenu.cpp(1830): warning C4267: “参数”: 从“size_t”转换到“int”，可能丢失数据
     1>BCMenu.cpp(1834): warning C4267: “参数”: 从“size_t”转换到“int”，可能丢失数据
     1>BCMenu.cpp(1874): warning C4244: “初始化”: 从“INT_PTR”转换到“UINT”，可能丢失数据
     1>BCMenu.cpp(1972): warning C4018: “<”: 有符号/无符号不匹配
     1>BCMenu.cpp(2591): warning C4244: “初始化”: 从“INT_PTR”转换到“int”，可能丢失数据
     1>BCMenu.cpp(2594): warning C4244: “初始化”: 从“INT_PTR”转换到“int”，可能丢失数据
     1>BCMenu.cpp(2604): warning C4244: “=”: 从“INT_PTR”转换到“int”，可能丢失数据
     1>BCMenu.cpp(2633): warning C4244: “初始化”: 从“INT_PTR”转换到“int”，可能丢失数据
     1>BCMenu.cpp(2655): warning C4244: “初始化”: 从“INT_PTR”转换到“int”，可能丢失数据
     1>BCMenu.cpp(2658): warning C4244: “初始化”: 从“INT_PTR”转换到“int”，可能丢失数据
     1>BCMenu.cpp(2668): warning C4244: “=”: 从“INT_PTR”转换到“int”，可能丢失数据
     1>BCMenu.cpp(2968): warning C4244: “初始化”: 从“INT_PTR”转换到“UINT”，可能丢失数据
     1>BCMenu.cpp(3063): warning C4244: “初始化”: 从“INT_PTR”转换到“int”，可能丢失数据
     1>BCMenu.cpp(3077): warning C4244: “初始化”: 从“INT_PTR”转换到“int”，可能丢失数据
     1>BCMenu.cpp(3107): warning C4244: “初始化”: 从“INT_PTR”转换到“int”，可能丢失数据
         ChildFrm.cpp
         demo.cpp
     1>d:\php\php-sdk\phpdev\vc11\x86\php-5.6.20\ext\wing\lib\cximage\demo\Twain.h : warning C4819: 该文件包含不能在当前代码页(936)中表示的字符。请将该文件保存为 Unicode 格式以防止数据丢失
     1>demo.cpp(910): warning C4267: “=”: 从“size_t”转换到“int”，可能丢失数据
         demoDoc.cpp
     1>d:\php\php-sdk\phpdev\vc11\x86\php-5.6.20\ext\wing\lib\cximage\demo\Twain.h : warning C4819: 该文件包含不能在当前代码页(936)中表示的字符。请将该文件保存为 Unicode 格式以防止数据丢失
     1>demoDoc.cpp(419): warning C4267: “=”: 从“size_t”转换到“int”，可能丢失数据
         demoView.cpp
     1>d:\php\php-sdk\phpdev\vc11\x86\php-5.6.20\ext\wing\lib\cximage\demo\Twain.h : warning C4819: 该文件包含不能在当前代码页(936)中表示的字符。请将该文件保存为 Unicode 格式以防止数据丢失
         dlgcapture.cpp
         DlgColorize.cpp
         DlgCombine.cpp
         DlgCustomFilter.cpp
         DlgDataExt.cpp
         DlgDecBpp.cpp
         DlgDither.cpp
         DlgExpand.cpp
         DlgFFT.cpp
         DlgFloodFill.cpp
         DlgGamma.cpp
         DlgHisto.cpp
     1>d:\php\php-sdk\phpdev\vc11\x86\php-5.6.20\ext\wing\lib\cximage\demo\Twain.h : warning C4819: 该文件包含不能在当前代码页(936)中表示的字符。请将该文件保存为 Unicode 格式以防止数据丢失
         DlgIncBpp.cpp
         DlgJpeg.cpp
         DlgMix.cpp
     1>DlgMix.cpp(181): warning C4244: “=”: 从“DWORD_PTR”转换到“int”，可能丢失数据
         Compiling...
         DlgOpacity.cpp
         DlgOptions.cpp
     1>D:\php\php-sdk\phpdev\vc11\x86\php-5.6.20\ext\wing\lib\cximage\cximage\ximaraw.h(79): warning C4267: “return”: 从“size_t”转换到“int32_t”，可能丢失数据
     1>D:\php\php-sdk\phpdev\vc11\x86\php-5.6.20\ext\wing\lib\cximage\cximage\ximaraw.h(82): warning C4267: “return”: 从“size_t”转换到“int32_t”，可能丢失数据
         DlgPalette.cpp
         DlgRepair.cpp
         DlgResample.cpp
         DlgRotate.cpp
         DlgShadow.cpp
         DlgSkew.cpp
         DlgText.cpp
         DlgThreshold.cpp
         DlgURL.cpp
         logomdi.cpp
         MainFrm.cpp
     1>d:\php\php-sdk\phpdev\vc11\x86\php-5.6.20\ext\wing\lib\cximage\demo\Twain.h : warning C4819: 该文件包含不能在当前代码页(936)中表示的字符。请将该文件保存为 Unicode 格式以防止数据丢失
     1>MainFrm.cpp(189): warning C4244: “初始化”: 从“SIZE_T”转换到“DWORD”，可能丢失数据
         Quantize.cpp
         TwainCpp.cpp
     1>d:\php\php-sdk\phpdev\vc11\x86\php-5.6.20\ext\wing\lib\cximage\demo\Twain.h : warning C4819: 该文件包含不能在当前代码页(936)中表示的字符。请将该文件保存为 Unicode 格式以防止数据丢失
         xTargetButton.cpp
       ResourceCompile:
         C:\Program Files (x86)\Microsoft SDKs\Windows\v7.0A\bin\rc.exe /D NDEBUG /D _UNICODE /D UNICODE /D _AFXDLL /l"0x0409" /Ix64\Release\ /nologo /fo"x64\Release\demo.res" demo.rc 
       Link:
         C:\Program Files (x86)\Microsoft Visual Studio 10.0\VC\bin\x86_amd64\link.exe /ERRORREPORT:PROMPT /OUT:"D:\php\php-sdk\phpdev\vc11\x86\php-5.6.20\ext\wing\lib\cximage\x64\Release\demo.exe" /INCREMENTAL:NO /NOLOGO wininet.lib ../x64/Release/png.lib ../x64/Release/jpeg.lib ../x64/Release/zlib.lib ../x64/Release/tiff.lib ../x64/Release/jbig.lib ../x64/Release/jasper.lib ../x64/Release/mng.lib ../x64/Release/libdcr.lib ../x64/Release/libpsd.lib ../x64/Release/cximage.lib /MANIFEST /ManifestFile:"x64\Release\demo.exe.intermediate.manifest" /MANIFESTUAC:"level='asInvoker' uiAccess='false'" /DEBUG /PDB:"D:\php\php-sdk\phpdev\vc11\x86\php-5.6.20\ext\wing\lib\cximage\x64\Release\demo.pdb" /SUBSYSTEM:WINDOWS /OPT:REF /OPT:ICF /LTCG /TLBID:1 /ENTRY:"wWinMainCRTStartup" /DYNAMICBASE /NXCOMPAT /IMPLIB:"D:\php\php-sdk\phpdev\vc11\x86\php-5.6.20\ext\wing\lib\cximage\x64\Release\demo.lib" /MACHINE:X64 x64\Release\demo.res
         x64\Release\BCMenu.obj
         x64\Release\ChildFrm.obj
         x64\Release\demo.obj
         x64\Release\demoDoc.obj
         x64\Release\demoView.obj
         x64\Release\dlgcapture.obj
         x64\Release\DlgColorize.obj
         x64\Release\DlgCombine.obj
         x64\Release\DlgCustomFilter.obj
         x64\Release\DlgDataExt.obj
         x64\Release\DlgDecBpp.obj
         x64\Release\DlgDither.obj
         x64\Release\DlgExpand.obj
         x64\Release\DlgFFT.obj
         x64\Release\DlgFloodFill.obj
         x64\Release\DlgGamma.obj
         x64\Release\DlgHisto.obj
         x64\Release\DlgIncBpp.obj
         x64\Release\DlgJpeg.obj
         x64\Release\DlgMix.obj
         x64\Release\DlgOpacity.obj
         x64\Release\DlgOptions.obj
         x64\Release\DlgPalette.obj
         x64\Release\DlgRepair.obj
         x64\Release\DlgResample.obj
         x64\Release\DlgRotate.obj
         x64\Release\DlgShadow.obj
         x64\Release\DlgSkew.obj
         x64\Release\DlgText.obj
         x64\Release\DlgThreshold.obj
         x64\Release\DlgURL.obj
         x64\Release\logomdi.obj
         x64\Release\MainFrm.obj
         x64\Release\Quantize.obj
         x64\Release\stdafx.obj
         x64\Release\TwainCpp.obj
         x64\Release\xTargetButton.obj
         "D:\php\php-sdk\phpdev\vc11\x86\php-5.6.20\ext\wing\lib\cximage\CxImage\Release\cximage.lib"
         "D:\php\php-sdk\phpdev\vc11\x86\php-5.6.20\ext\wing\lib\cximage\Release\jasper.lib"
         "D:\php\php-sdk\phpdev\vc11\x86\php-5.6.20\ext\wing\lib\cximage\Release\jbig.lib"
         "D:\php\php-sdk\phpdev\vc11\x86\php-5.6.20\ext\wing\lib\cximage\Release\jpeg.lib"
         "D:\php\php-sdk\phpdev\vc11\x86\php-5.6.20\ext\wing\lib\cximage\Release\libpsd.lib"
         "D:\php\php-sdk\phpdev\vc11\x86\php-5.6.20\ext\wing\lib\cximage\Release\mng.lib"
         "D:\php\php-sdk\phpdev\vc11\x86\php-5.6.20\ext\wing\lib\cximage\Release\png.lib"
         "D:\php\php-sdk\phpdev\vc11\x86\php-5.6.20\ext\wing\lib\cximage\Release\libdcr.lib"
         "D:\php\php-sdk\phpdev\vc11\x86\php-5.6.20\ext\wing\lib\cximage\Release\tiff.lib"
         "D:\php\php-sdk\phpdev\vc11\x86\php-5.6.20\ext\wing\lib\cximage\Release\zlib.lib"
     1>LINK : fatal error LNK1181: 无法打开输入文件“../x64/Release/cximage.lib”
     1>已完成生成项目“D:\php\php-sdk\phpdev\vc11\x86\php-5.6.20\ext\wing\lib\cximage\demo\demo.vcxproj”(rebuild 个目标)的操作 - 失败。

生成失败。

已用时间 00:00:28.55
