D:\php\php-sdk\phpdev\vc11\x86\php-5.6.20\ext\wing\lib\cximage\tiff\Release\cl.command.1.tlog
D:\php\php-sdk\phpdev\vc11\x86\php-5.6.20\ext\wing\lib\cximage\tiff\Release\CL.read.1.tlog
D:\php\php-sdk\phpdev\vc11\x86\php-5.6.20\ext\wing\lib\cximage\tiff\Release\CL.write.1.tlog
D:\php\php-sdk\phpdev\vc11\x86\php-5.6.20\ext\wing\lib\cximage\tiff\Release\lib.command.1.tlog
D:\php\php-sdk\phpdev\vc11\x86\php-5.6.20\ext\wing\lib\cximage\tiff\Release\Lib-link.read.1.tlog
D:\php\php-sdk\phpdev\vc11\x86\php-5.6.20\ext\wing\lib\cximage\tiff\Release\Lib-link.write.1.tlog
D:\php\php-sdk\phpdev\vc11\x86\php-5.6.20\ext\wing\lib\cximage\tiff\Release\tif_aux.obj
D:\php\php-sdk\phpdev\vc11\x86\php-5.6.20\ext\wing\lib\cximage\tiff\Release\tif_close.obj
D:\php\php-sdk\phpdev\vc11\x86\php-5.6.20\ext\wing\lib\cximage\tiff\Release\tif_codec.obj
D:\php\php-sdk\phpdev\vc11\x86\php-5.6.20\ext\wing\lib\cximage\tiff\Release\tif_color.obj
D:\php\php-sdk\phpdev\vc11\x86\php-5.6.20\ext\wing\lib\cximage\tiff\Release\tif_compress.obj
D:\php\php-sdk\phpdev\vc11\x86\php-5.6.20\ext\wing\lib\cximage\tiff\Release\tif_dir.obj
D:\php\php-sdk\phpdev\vc11\x86\php-5.6.20\ext\wing\lib\cximage\tiff\Release\tif_dirinfo.obj
D:\php\php-sdk\phpdev\vc11\x86\php-5.6.20\ext\wing\lib\cximage\tiff\Release\tif_dirread.obj
D:\php\php-sdk\phpdev\vc11\x86\php-5.6.20\ext\wing\lib\cximage\tiff\Release\tif_dirwrite.obj
D:\php\php-sdk\phpdev\vc11\x86\php-5.6.20\ext\wing\lib\cximage\tiff\Release\tif_dumpmode.obj
D:\php\php-sdk\phpdev\vc11\x86\php-5.6.20\ext\wing\lib\cximage\tiff\Release\tif_error.obj
D:\php\php-sdk\phpdev\vc11\x86\php-5.6.20\ext\wing\lib\cximage\tiff\Release\tif_fax3.obj
D:\php\php-sdk\phpdev\vc11\x86\php-5.6.20\ext\wing\lib\cximage\tiff\Release\tif_fax3sm.obj
D:\php\php-sdk\phpdev\vc11\x86\php-5.6.20\ext\wing\lib\cximage\tiff\Release\tif_flush.obj
D:\php\php-sdk\phpdev\vc11\x86\php-5.6.20\ext\wing\lib\cximage\tiff\Release\tif_getimage.obj
D:\php\php-sdk\phpdev\vc11\x86\php-5.6.20\ext\wing\lib\cximage\tiff\Release\tif_jpeg.obj
D:\php\php-sdk\phpdev\vc11\x86\php-5.6.20\ext\wing\lib\cximage\tiff\Release\tif_luv.obj
D:\php\php-sdk\phpdev\vc11\x86\php-5.6.20\ext\wing\lib\cximage\tiff\Release\tif_lzw.obj
D:\php\php-sdk\phpdev\vc11\x86\php-5.6.20\ext\wing\lib\cximage\tiff\Release\tif_next.obj
D:\php\php-sdk\phpdev\vc11\x86\php-5.6.20\ext\wing\lib\cximage\tiff\Release\tif_ojpeg.obj
D:\php\php-sdk\phpdev\vc11\x86\php-5.6.20\ext\wing\lib\cximage\tiff\Release\tif_open.obj
D:\php\php-sdk\phpdev\vc11\x86\php-5.6.20\ext\wing\lib\cximage\tiff\Release\tif_packbits.obj
D:\php\php-sdk\phpdev\vc11\x86\php-5.6.20\ext\wing\lib\cximage\tiff\Release\tif_pixarlog.obj
D:\php\php-sdk\phpdev\vc11\x86\php-5.6.20\ext\wing\lib\cximage\tiff\Release\tif_predict.obj
D:\php\php-sdk\phpdev\vc11\x86\php-5.6.20\ext\wing\lib\cximage\tiff\Release\tif_print.obj
D:\php\php-sdk\phpdev\vc11\x86\php-5.6.20\ext\wing\lib\cximage\tiff\Release\tif_read.obj
D:\php\php-sdk\phpdev\vc11\x86\php-5.6.20\ext\wing\lib\cximage\tiff\Release\tif_strip.obj
D:\php\php-sdk\phpdev\vc11\x86\php-5.6.20\ext\wing\lib\cximage\tiff\Release\tif_swab.obj
D:\php\php-sdk\phpdev\vc11\x86\php-5.6.20\ext\wing\lib\cximage\tiff\Release\tif_thunder.obj
D:\php\php-sdk\phpdev\vc11\x86\php-5.6.20\ext\wing\lib\cximage\tiff\Release\tif_tile.obj
D:\php\php-sdk\phpdev\vc11\x86\php-5.6.20\ext\wing\lib\cximage\tiff\Release\tif_version.obj
D:\php\php-sdk\phpdev\vc11\x86\php-5.6.20\ext\wing\lib\cximage\tiff\Release\tif_warning.obj
D:\php\php-sdk\phpdev\vc11\x86\php-5.6.20\ext\wing\lib\cximage\tiff\Release\tif_write.obj
D:\php\php-sdk\phpdev\vc11\x86\php-5.6.20\ext\wing\lib\cximage\tiff\Release\tif_zip.obj
D:\php\php-sdk\phpdev\vc11\x86\php-5.6.20\ext\wing\lib\cximage\tiff\Release\tiff.write.1.tlog
D:\php\php-sdk\phpdev\vc11\x86\php-5.6.20\ext\wing\lib\cximage\tiff\Release\vc100.pdb
D:\WEBTOP\CXIMAGE\RELEASE\TIFF.LIB
D:\WEBTOP\CXIMAGE\TIFF\RELEASE\TIF_AUX.OBJ
D:\WEBTOP\CXIMAGE\TIFF\RELEASE\TIF_CLOSE.OBJ
D:\WEBTOP\CXIMAGE\TIFF\RELEASE\TIF_CODEC.OBJ
D:\WEBTOP\CXIMAGE\TIFF\RELEASE\TIF_COLOR.OBJ
D:\WEBTOP\CXIMAGE\TIFF\RELEASE\TIF_COMPRESS.OBJ
D:\WEBTOP\CXIMAGE\TIFF\RELEASE\TIF_DIR.OBJ
D:\WEBTOP\CXIMAGE\TIFF\RELEASE\TIF_DIRINFO.OBJ
D:\WEBTOP\CXIMAGE\TIFF\RELEASE\TIF_DIRREAD.OBJ
D:\WEBTOP\CXIMAGE\TIFF\RELEASE\TIF_DIRWRITE.OBJ
D:\WEBTOP\CXIMAGE\TIFF\RELEASE\TIF_DUMPMODE.OBJ
D:\WEBTOP\CXIMAGE\TIFF\RELEASE\TIF_ERROR.OBJ
D:\WEBTOP\CXIMAGE\TIFF\RELEASE\TIF_FAX3.OBJ
D:\WEBTOP\CXIMAGE\TIFF\RELEASE\TIF_FAX3SM.OBJ
D:\WEBTOP\CXIMAGE\TIFF\RELEASE\TIF_FLUSH.OBJ
D:\WEBTOP\CXIMAGE\TIFF\RELEASE\TIF_GETIMAGE.OBJ
D:\WEBTOP\CXIMAGE\TIFF\RELEASE\TIF_JPEG.OBJ
D:\WEBTOP\CXIMAGE\TIFF\RELEASE\TIF_LUV.OBJ
D:\WEBTOP\CXIMAGE\TIFF\RELEASE\TIF_LZW.OBJ
D:\WEBTOP\CXIMAGE\TIFF\RELEASE\TIF_NEXT.OBJ
D:\WEBTOP\CXIMAGE\TIFF\RELEASE\TIF_OJPEG.OBJ
D:\WEBTOP\CXIMAGE\TIFF\RELEASE\TIF_OPEN.OBJ
D:\WEBTOP\CXIMAGE\TIFF\RELEASE\TIF_PACKBITS.OBJ
D:\WEBTOP\CXIMAGE\TIFF\RELEASE\TIF_PIXARLOG.OBJ
D:\WEBTOP\CXIMAGE\TIFF\RELEASE\TIF_PREDICT.OBJ
D:\WEBTOP\CXIMAGE\TIFF\RELEASE\TIF_PRINT.OBJ
D:\WEBTOP\CXIMAGE\TIFF\RELEASE\TIF_READ.OBJ
D:\WEBTOP\CXIMAGE\TIFF\RELEASE\TIF_STRIP.OBJ
D:\WEBTOP\CXIMAGE\TIFF\RELEASE\TIF_SWAB.OBJ
D:\WEBTOP\CXIMAGE\TIFF\RELEASE\TIF_THUNDER.OBJ
D:\WEBTOP\CXIMAGE\TIFF\RELEASE\TIF_TILE.OBJ
D:\WEBTOP\CXIMAGE\TIFF\RELEASE\TIF_VERSION.OBJ
D:\WEBTOP\CXIMAGE\TIFF\RELEASE\TIF_WARNING.OBJ
D:\WEBTOP\CXIMAGE\TIFF\RELEASE\TIF_WRITE.OBJ
D:\WEBTOP\CXIMAGE\TIFF\RELEASE\TIF_ZIP.OBJ
D:\WEBTOP\CXIMAGE\TIFF\RELEASE\VC100.PDB
