D:\php\php-sdk\phpdev\vc11\x86\php-5.6.20\ext\wing\lib\cximage\libpsd\x64\Debug\adjustment.obj
D:\php\php-sdk\phpdev\vc11\x86\php-5.6.20\ext\wing\lib\cximage\libpsd\x64\Debug\bevel_emboss.obj
D:\php\php-sdk\phpdev\vc11\x86\php-5.6.20\ext\wing\lib\cximage\libpsd\x64\Debug\bitmap.obj
D:\php\php-sdk\phpdev\vc11\x86\php-5.6.20\ext\wing\lib\cximage\libpsd\x64\Debug\blend.obj
D:\php\php-sdk\phpdev\vc11\x86\php-5.6.20\ext\wing\lib\cximage\libpsd\x64\Debug\boundary.obj
D:\php\php-sdk\phpdev\vc11\x86\php-5.6.20\ext\wing\lib\cximage\libpsd\x64\Debug\brightness_contrast.obj
D:\php\php-sdk\phpdev\vc11\x86\php-5.6.20\ext\wing\lib\cximage\libpsd\x64\Debug\channel_image.obj
D:\php\php-sdk\phpdev\vc11\x86\php-5.6.20\ext\wing\lib\cximage\libpsd\x64\Debug\channel_mixer.obj
D:\php\php-sdk\phpdev\vc11\x86\php-5.6.20\ext\wing\lib\cximage\libpsd\x64\Debug\cl.command.1.tlog
D:\php\php-sdk\phpdev\vc11\x86\php-5.6.20\ext\wing\lib\cximage\libpsd\x64\Debug\CL.read.1.tlog
D:\php\php-sdk\phpdev\vc11\x86\php-5.6.20\ext\wing\lib\cximage\libpsd\x64\Debug\CL.write.1.tlog
D:\php\php-sdk\phpdev\vc11\x86\php-5.6.20\ext\wing\lib\cximage\libpsd\x64\Debug\color.obj
D:\php\php-sdk\phpdev\vc11\x86\php-5.6.20\ext\wing\lib\cximage\libpsd\x64\Debug\color_balance.obj
D:\php\php-sdk\phpdev\vc11\x86\php-5.6.20\ext\wing\lib\cximage\libpsd\x64\Debug\color_mode.obj
D:\php\php-sdk\phpdev\vc11\x86\php-5.6.20\ext\wing\lib\cximage\libpsd\x64\Debug\color_overlay.obj
D:\php\php-sdk\phpdev\vc11\x86\php-5.6.20\ext\wing\lib\cximage\libpsd\x64\Debug\curves.obj
D:\php\php-sdk\phpdev\vc11\x86\php-5.6.20\ext\wing\lib\cximage\libpsd\x64\Debug\descriptor.obj
D:\php\php-sdk\phpdev\vc11\x86\php-5.6.20\ext\wing\lib\cximage\libpsd\x64\Debug\drop_shadow.obj
D:\php\php-sdk\phpdev\vc11\x86\php-5.6.20\ext\wing\lib\cximage\libpsd\x64\Debug\effects.obj
D:\php\php-sdk\phpdev\vc11\x86\php-5.6.20\ext\wing\lib\cximage\libpsd\x64\Debug\file_header.obj
D:\php\php-sdk\phpdev\vc11\x86\php-5.6.20\ext\wing\lib\cximage\libpsd\x64\Debug\fixed.obj
D:\php\php-sdk\phpdev\vc11\x86\php-5.6.20\ext\wing\lib\cximage\libpsd\x64\Debug\gaussian_blur.obj
D:\php\php-sdk\phpdev\vc11\x86\php-5.6.20\ext\wing\lib\cximage\libpsd\x64\Debug\gradient_blend.obj
D:\php\php-sdk\phpdev\vc11\x86\php-5.6.20\ext\wing\lib\cximage\libpsd\x64\Debug\gradient_fill.obj
D:\php\php-sdk\phpdev\vc11\x86\php-5.6.20\ext\wing\lib\cximage\libpsd\x64\Debug\gradient_map.obj
D:\php\php-sdk\phpdev\vc11\x86\php-5.6.20\ext\wing\lib\cximage\libpsd\x64\Debug\gradient_overlay.obj
D:\php\php-sdk\phpdev\vc11\x86\php-5.6.20\ext\wing\lib\cximage\libpsd\x64\Debug\hue_saturation.obj
D:\php\php-sdk\phpdev\vc11\x86\php-5.6.20\ext\wing\lib\cximage\libpsd\x64\Debug\image_data.obj
D:\php\php-sdk\phpdev\vc11\x86\php-5.6.20\ext\wing\lib\cximage\libpsd\x64\Debug\image_resource.obj
D:\php\php-sdk\phpdev\vc11\x86\php-5.6.20\ext\wing\lib\cximage\libpsd\x64\Debug\inner_glow.obj
D:\php\php-sdk\phpdev\vc11\x86\php-5.6.20\ext\wing\lib\cximage\libpsd\x64\Debug\inner_shadow.obj
D:\php\php-sdk\phpdev\vc11\x86\php-5.6.20\ext\wing\lib\cximage\libpsd\x64\Debug\invert.obj
D:\php\php-sdk\phpdev\vc11\x86\php-5.6.20\ext\wing\lib\cximage\libpsd\x64\Debug\layer_mask.obj
D:\php\php-sdk\phpdev\vc11\x86\php-5.6.20\ext\wing\lib\cximage\libpsd\x64\Debug\levels.obj
D:\php\php-sdk\phpdev\vc11\x86\php-5.6.20\ext\wing\lib\cximage\libpsd\x64\Debug\lib.command.1.tlog
D:\php\php-sdk\phpdev\vc11\x86\php-5.6.20\ext\wing\lib\cximage\libpsd\x64\Debug\Lib-link.read.1.tlog
D:\php\php-sdk\phpdev\vc11\x86\php-5.6.20\ext\wing\lib\cximage\libpsd\x64\Debug\Lib-link.write.1.tlog
D:\php\php-sdk\phpdev\vc11\x86\php-5.6.20\ext\wing\lib\cximage\libpsd\x64\Debug\libpsd.write.1.tlog
D:\php\php-sdk\phpdev\vc11\x86\php-5.6.20\ext\wing\lib\cximage\libpsd\x64\Debug\outer_glow.obj
D:\php\php-sdk\phpdev\vc11\x86\php-5.6.20\ext\wing\lib\cximage\libpsd\x64\Debug\path.obj
D:\php\php-sdk\phpdev\vc11\x86\php-5.6.20\ext\wing\lib\cximage\libpsd\x64\Debug\pattern.obj
D:\php\php-sdk\phpdev\vc11\x86\php-5.6.20\ext\wing\lib\cximage\libpsd\x64\Debug\pattern_fill.obj
D:\php\php-sdk\phpdev\vc11\x86\php-5.6.20\ext\wing\lib\cximage\libpsd\x64\Debug\pattern_overlay.obj
D:\php\php-sdk\phpdev\vc11\x86\php-5.6.20\ext\wing\lib\cximage\libpsd\x64\Debug\photo_filter.obj
D:\php\php-sdk\phpdev\vc11\x86\php-5.6.20\ext\wing\lib\cximage\libpsd\x64\Debug\posterize.obj
D:\php\php-sdk\phpdev\vc11\x86\php-5.6.20\ext\wing\lib\cximage\libpsd\x64\Debug\psd.obj
D:\php\php-sdk\phpdev\vc11\x86\php-5.6.20\ext\wing\lib\cximage\libpsd\x64\Debug\psd_system.obj
D:\php\php-sdk\phpdev\vc11\x86\php-5.6.20\ext\wing\lib\cximage\libpsd\x64\Debug\psd_zip.obj
D:\php\php-sdk\phpdev\vc11\x86\php-5.6.20\ext\wing\lib\cximage\libpsd\x64\Debug\rect.obj
D:\php\php-sdk\phpdev\vc11\x86\php-5.6.20\ext\wing\lib\cximage\libpsd\x64\Debug\satin.obj
D:\php\php-sdk\phpdev\vc11\x86\php-5.6.20\ext\wing\lib\cximage\libpsd\x64\Debug\selective_color.obj
D:\php\php-sdk\phpdev\vc11\x86\php-5.6.20\ext\wing\lib\cximage\libpsd\x64\Debug\solid_color.obj
D:\php\php-sdk\phpdev\vc11\x86\php-5.6.20\ext\wing\lib\cximage\libpsd\x64\Debug\stream.obj
D:\php\php-sdk\phpdev\vc11\x86\php-5.6.20\ext\wing\lib\cximage\libpsd\x64\Debug\stroke.obj
D:\php\php-sdk\phpdev\vc11\x86\php-5.6.20\ext\wing\lib\cximage\libpsd\x64\Debug\threshold.obj
D:\php\php-sdk\phpdev\vc11\x86\php-5.6.20\ext\wing\lib\cximage\libpsd\x64\Debug\thumbnail.obj
D:\php\php-sdk\phpdev\vc11\x86\php-5.6.20\ext\wing\lib\cximage\libpsd\x64\Debug\type_tool.obj
D:\php\php-sdk\phpdev\vc11\x86\php-5.6.20\ext\wing\lib\cximage\libpsd\x64\Debug\vc100.idb
D:\php\php-sdk\phpdev\vc11\x86\php-5.6.20\ext\wing\lib\cximage\libpsd\x64\Debug\vc100.pdb
D:\WEBTOP\CXIMAGE\LIBPSD\X64\DEBUG\ADJUSTMENT.OBJ
D:\WEBTOP\CXIMAGE\LIBPSD\X64\DEBUG\BEVEL_EMBOSS.OBJ
D:\WEBTOP\CXIMAGE\LIBPSD\X64\DEBUG\BITMAP.OBJ
D:\WEBTOP\CXIMAGE\LIBPSD\X64\DEBUG\BLEND.OBJ
D:\WEBTOP\CXIMAGE\LIBPSD\X64\DEBUG\BOUNDARY.OBJ
D:\WEBTOP\CXIMAGE\LIBPSD\X64\DEBUG\BRIGHTNESS_CONTRAST.OBJ
D:\WEBTOP\CXIMAGE\LIBPSD\X64\DEBUG\CHANNEL_IMAGE.OBJ
D:\WEBTOP\CXIMAGE\LIBPSD\X64\DEBUG\CHANNEL_MIXER.OBJ
D:\WEBTOP\CXIMAGE\LIBPSD\X64\DEBUG\COLOR.OBJ
D:\WEBTOP\CXIMAGE\LIBPSD\X64\DEBUG\COLOR_BALANCE.OBJ
D:\WEBTOP\CXIMAGE\LIBPSD\X64\DEBUG\COLOR_MODE.OBJ
D:\WEBTOP\CXIMAGE\LIBPSD\X64\DEBUG\COLOR_OVERLAY.OBJ
D:\WEBTOP\CXIMAGE\LIBPSD\X64\DEBUG\CURVES.OBJ
D:\WEBTOP\CXIMAGE\LIBPSD\X64\DEBUG\DESCRIPTOR.OBJ
D:\WEBTOP\CXIMAGE\LIBPSD\X64\DEBUG\DROP_SHADOW.OBJ
D:\WEBTOP\CXIMAGE\LIBPSD\X64\DEBUG\EFFECTS.OBJ
D:\WEBTOP\CXIMAGE\LIBPSD\X64\DEBUG\FILE_HEADER.OBJ
D:\WEBTOP\CXIMAGE\LIBPSD\X64\DEBUG\FIXED.OBJ
D:\WEBTOP\CXIMAGE\LIBPSD\X64\DEBUG\GAUSSIAN_BLUR.OBJ
D:\WEBTOP\CXIMAGE\LIBPSD\X64\DEBUG\GRADIENT_BLEND.OBJ
D:\WEBTOP\CXIMAGE\LIBPSD\X64\DEBUG\GRADIENT_FILL.OBJ
D:\WEBTOP\CXIMAGE\LIBPSD\X64\DEBUG\GRADIENT_MAP.OBJ
D:\WEBTOP\CXIMAGE\LIBPSD\X64\DEBUG\GRADIENT_OVERLAY.OBJ
D:\WEBTOP\CXIMAGE\LIBPSD\X64\DEBUG\HUE_SATURATION.OBJ
D:\WEBTOP\CXIMAGE\LIBPSD\X64\DEBUG\IMAGE_DATA.OBJ
D:\WEBTOP\CXIMAGE\LIBPSD\X64\DEBUG\IMAGE_RESOURCE.OBJ
D:\WEBTOP\CXIMAGE\LIBPSD\X64\DEBUG\INNER_GLOW.OBJ
D:\WEBTOP\CXIMAGE\LIBPSD\X64\DEBUG\INNER_SHADOW.OBJ
D:\WEBTOP\CXIMAGE\LIBPSD\X64\DEBUG\INVERT.OBJ
D:\WEBTOP\CXIMAGE\LIBPSD\X64\DEBUG\LAYER_MASK.OBJ
D:\WEBTOP\CXIMAGE\LIBPSD\X64\DEBUG\LEVELS.OBJ
D:\WEBTOP\CXIMAGE\LIBPSD\X64\DEBUG\OUTER_GLOW.OBJ
D:\WEBTOP\CXIMAGE\LIBPSD\X64\DEBUG\PATH.OBJ
D:\WEBTOP\CXIMAGE\LIBPSD\X64\DEBUG\PATTERN.OBJ
D:\WEBTOP\CXIMAGE\LIBPSD\X64\DEBUG\PATTERN_FILL.OBJ
D:\WEBTOP\CXIMAGE\LIBPSD\X64\DEBUG\PATTERN_OVERLAY.OBJ
D:\WEBTOP\CXIMAGE\LIBPSD\X64\DEBUG\PHOTO_FILTER.OBJ
D:\WEBTOP\CXIMAGE\LIBPSD\X64\DEBUG\POSTERIZE.OBJ
D:\WEBTOP\CXIMAGE\LIBPSD\X64\DEBUG\PSD.OBJ
D:\WEBTOP\CXIMAGE\LIBPSD\X64\DEBUG\PSD_SYSTEM.OBJ
D:\WEBTOP\CXIMAGE\LIBPSD\X64\DEBUG\PSD_ZIP.OBJ
D:\WEBTOP\CXIMAGE\LIBPSD\X64\DEBUG\RECT.OBJ
D:\WEBTOP\CXIMAGE\LIBPSD\X64\DEBUG\SATIN.OBJ
D:\WEBTOP\CXIMAGE\LIBPSD\X64\DEBUG\SELECTIVE_COLOR.OBJ
D:\WEBTOP\CXIMAGE\LIBPSD\X64\DEBUG\SOLID_COLOR.OBJ
D:\WEBTOP\CXIMAGE\LIBPSD\X64\DEBUG\STREAM.OBJ
D:\WEBTOP\CXIMAGE\LIBPSD\X64\DEBUG\STROKE.OBJ
D:\WEBTOP\CXIMAGE\LIBPSD\X64\DEBUG\THRESHOLD.OBJ
D:\WEBTOP\CXIMAGE\LIBPSD\X64\DEBUG\THUMBNAIL.OBJ
D:\WEBTOP\CXIMAGE\LIBPSD\X64\DEBUG\TYPE_TOOL.OBJ
D:\WEBTOP\CXIMAGE\LIBPSD\X64\DEBUG\VC100.PDB
D:\WEBTOP\CXIMAGE\X64\DEBUG\LIBPSD.LIB
