生成启动时间为 2016/5/14 10:44:17。
     1>项目“D:\php\php-sdk\phpdev\vc11\x86\php-5.6.20\ext\wing\lib\cximage\libpsd\libpsd.vcxproj”在节点 2 上(rebuild 个目标)。
     1>_PrepareForClean:
         正在删除文件“x64\Debug\libpsd.lastbuildstate”。
       InitializeBuildStatus:
         正在创建“x64\Debug\libpsd.unsuccessfulbuild”，因为已指定“AlwaysCreate”。
       ClCompile:
         C:\Program Files (x86)\Microsoft Visual Studio 10.0\VC\bin\x86_amd64\CL.exe /c /Zi /nologo /W3 /WX- /Od /D WIN32 /D _DEBUG /D _LIB /D _CRT_SECURE_NO_DEPRECATE /D _UNICODE /D UNICODE /Gm /EHsc /RTC1 /MDd /GS /fp:precise /Zc:wchar_t /Zc:forScope /Fo"x64\Debug\\" /Fd"x64\Debug\vc100.pdb" /Gd /TC /errorReport:prompt adjustment.c bevel_emboss.c bitmap.c blend.c boundary.c brightness_contrast.c channel_image.c channel_mixer.c color.c color_balance.c color_mode.c color_overlay.c curves.c descriptor.c drop_shadow.c effects.c file_header.c fixed.c gaussian_blur.c gradient_blend.c gradient_fill.c gradient_map.c gradient_overlay.c hue_saturation.c image_data.c image_resource.c inner_glow.c inner_shadow.c invert.c layer_mask.c levels.c outer_glow.c path.c pattern.c pattern_fill.c pattern_overlay.c photo_filter.c posterize.c psd.c psd_system.c psd_zip.c rect.c satin.c selective_color.c solid_color.c stream.c stroke.c threshold.c thumbnail.c type_tool.c
         type_tool.c
         thumbnail.c
         threshold.c
         stroke.c
         stream.c
         solid_color.c
         selective_color.c
         satin.c
         rect.c
         psd_zip.c
         psd_system.c
     1>psd_system.c(59): warning C4267: “return”: 从“size_t”转换到“psd_int”，可能丢失数据
         psd.c
         posterize.c
         photo_filter.c
         pattern_overlay.c
         pattern_fill.c
         pattern.c
         path.c
         outer_glow.c
         levels.c
         Generating Code...
         Compiling...
         layer_mask.c
         invert.c
         inner_shadow.c
         inner_glow.c
         image_resource.c
         image_data.c
         hue_saturation.c
         gradient_overlay.c
         gradient_map.c
         gradient_fill.c
         gradient_blend.c
         gaussian_blur.c
         fixed.c
         file_header.c
         effects.c
         drop_shadow.c
         descriptor.c
         curves.c
         color_overlay.c
         color_mode.c
         Generating Code...
         Compiling...
         color_balance.c
         color.c
         channel_mixer.c
         channel_image.c
         brightness_contrast.c
         boundary.c
         blend.c
         bitmap.c
         bevel_emboss.c
         adjustment.c
         Generating Code...
       Lib:
         C:\Program Files (x86)\Microsoft Visual Studio 10.0\VC\bin\x86_amd64\Lib.exe /OUT:"D:\php\php-sdk\phpdev\vc11\x86\php-5.6.20\ext\wing\lib\cximage\x64\Debug\libpsd.lib" /NOLOGO x64\Debug\adjustment.obj
         x64\Debug\bevel_emboss.obj
         x64\Debug\bitmap.obj
         x64\Debug\blend.obj
         x64\Debug\boundary.obj
         x64\Debug\brightness_contrast.obj
         x64\Debug\channel_image.obj
         x64\Debug\channel_mixer.obj
         x64\Debug\color.obj
         x64\Debug\color_balance.obj
         x64\Debug\color_mode.obj
         x64\Debug\color_overlay.obj
         x64\Debug\curves.obj
         x64\Debug\descriptor.obj
         x64\Debug\drop_shadow.obj
         x64\Debug\effects.obj
         x64\Debug\file_header.obj
         x64\Debug\fixed.obj
         x64\Debug\gaussian_blur.obj
         x64\Debug\gradient_blend.obj
         x64\Debug\gradient_fill.obj
         x64\Debug\gradient_map.obj
         x64\Debug\gradient_overlay.obj
         x64\Debug\hue_saturation.obj
         x64\Debug\image_data.obj
         x64\Debug\image_resource.obj
         x64\Debug\inner_glow.obj
         x64\Debug\inner_shadow.obj
         x64\Debug\invert.obj
         x64\Debug\layer_mask.obj
         x64\Debug\levels.obj
         x64\Debug\outer_glow.obj
         x64\Debug\path.obj
         x64\Debug\pattern.obj
         x64\Debug\pattern_fill.obj
         x64\Debug\pattern_overlay.obj
         x64\Debug\photo_filter.obj
         x64\Debug\posterize.obj
         x64\Debug\psd.obj
         x64\Debug\psd_system.obj
         x64\Debug\psd_zip.obj
         x64\Debug\rect.obj
         x64\Debug\satin.obj
         x64\Debug\selective_color.obj
         x64\Debug\solid_color.obj
         x64\Debug\stream.obj
         x64\Debug\stroke.obj
         x64\Debug\threshold.obj
         x64\Debug\thumbnail.obj
         x64\Debug\type_tool.obj
         libpsd.vcxproj -> D:\php\php-sdk\phpdev\vc11\x86\php-5.6.20\ext\wing\lib\cximage\x64\Debug\libpsd.lib
       FinalizeBuildStatus:
         正在删除文件“x64\Debug\libpsd.unsuccessfulbuild”。
         正在对“x64\Debug\libpsd.lastbuildstate”执行 Touch 任务。
     1>已完成生成项目“D:\php\php-sdk\phpdev\vc11\x86\php-5.6.20\ext\wing\lib\cximage\libpsd\libpsd.vcxproj”(rebuild 个目标)的操作。

生成成功。

已用时间 00:00:01.47
