D:\php\php-sdk\phpdev\vc11\x86\php-5.6.20\ext\wing\lib\cximage\CxImage\x64\Debug\cl.command.1.tlog
D:\php\php-sdk\phpdev\vc11\x86\php-5.6.20\ext\wing\lib\cximage\CxImage\x64\Debug\CL.read.1.tlog
D:\php\php-sdk\phpdev\vc11\x86\php-5.6.20\ext\wing\lib\cximage\CxImage\x64\Debug\CL.write.1.tlog
D:\php\php-sdk\phpdev\vc11\x86\php-5.6.20\ext\wing\lib\cximage\CxImage\x64\Debug\cximage.write.1.tlog
D:\php\php-sdk\phpdev\vc11\x86\php-5.6.20\ext\wing\lib\cximage\CxImage\x64\Debug\lib.command.1.tlog
D:\php\php-sdk\phpdev\vc11\x86\php-5.6.20\ext\wing\lib\cximage\CxImage\x64\Debug\Lib-link.read.1.tlog
D:\php\php-sdk\phpdev\vc11\x86\php-5.6.20\ext\wing\lib\cximage\CxImage\x64\Debug\Lib-link.write.1.tlog
D:\php\php-sdk\phpdev\vc11\x86\php-5.6.20\ext\wing\lib\cximage\CxImage\x64\Debug\tif_xfile.obj
D:\php\php-sdk\phpdev\vc11\x86\php-5.6.20\ext\wing\lib\cximage\CxImage\x64\Debug\vc100.idb
D:\php\php-sdk\phpdev\vc11\x86\php-5.6.20\ext\wing\lib\cximage\CxImage\x64\Debug\vc100.pdb
D:\php\php-sdk\phpdev\vc11\x86\php-5.6.20\ext\wing\lib\cximage\CxImage\x64\Debug\ximabmp.obj
D:\php\php-sdk\phpdev\vc11\x86\php-5.6.20\ext\wing\lib\cximage\CxImage\x64\Debug\ximadsp.obj
D:\php\php-sdk\phpdev\vc11\x86\php-5.6.20\ext\wing\lib\cximage\CxImage\x64\Debug\ximaenc.obj
D:\php\php-sdk\phpdev\vc11\x86\php-5.6.20\ext\wing\lib\cximage\CxImage\x64\Debug\ximaexif.obj
D:\php\php-sdk\phpdev\vc11\x86\php-5.6.20\ext\wing\lib\cximage\CxImage\x64\Debug\ximage.obj
D:\php\php-sdk\phpdev\vc11\x86\php-5.6.20\ext\wing\lib\cximage\CxImage\x64\Debug\ximagif.obj
D:\php\php-sdk\phpdev\vc11\x86\php-5.6.20\ext\wing\lib\cximage\CxImage\x64\Debug\ximahist.obj
D:\php\php-sdk\phpdev\vc11\x86\php-5.6.20\ext\wing\lib\cximage\CxImage\x64\Debug\ximaico.obj
D:\php\php-sdk\phpdev\vc11\x86\php-5.6.20\ext\wing\lib\cximage\CxImage\x64\Debug\ximainfo.obj
D:\php\php-sdk\phpdev\vc11\x86\php-5.6.20\ext\wing\lib\cximage\CxImage\x64\Debug\ximaint.obj
D:\php\php-sdk\phpdev\vc11\x86\php-5.6.20\ext\wing\lib\cximage\CxImage\x64\Debug\ximajas.obj
D:\php\php-sdk\phpdev\vc11\x86\php-5.6.20\ext\wing\lib\cximage\CxImage\x64\Debug\ximajbg.obj
D:\php\php-sdk\phpdev\vc11\x86\php-5.6.20\ext\wing\lib\cximage\CxImage\x64\Debug\ximajpg.obj
D:\php\php-sdk\phpdev\vc11\x86\php-5.6.20\ext\wing\lib\cximage\CxImage\x64\Debug\ximalpha.obj
D:\php\php-sdk\phpdev\vc11\x86\php-5.6.20\ext\wing\lib\cximage\CxImage\x64\Debug\ximalyr.obj
D:\php\php-sdk\phpdev\vc11\x86\php-5.6.20\ext\wing\lib\cximage\CxImage\x64\Debug\ximamng.obj
D:\php\php-sdk\phpdev\vc11\x86\php-5.6.20\ext\wing\lib\cximage\CxImage\x64\Debug\ximapal.obj
D:\php\php-sdk\phpdev\vc11\x86\php-5.6.20\ext\wing\lib\cximage\CxImage\x64\Debug\ximapcx.obj
D:\php\php-sdk\phpdev\vc11\x86\php-5.6.20\ext\wing\lib\cximage\CxImage\x64\Debug\ximapng.obj
D:\php\php-sdk\phpdev\vc11\x86\php-5.6.20\ext\wing\lib\cximage\CxImage\x64\Debug\ximapsd.obj
D:\php\php-sdk\phpdev\vc11\x86\php-5.6.20\ext\wing\lib\cximage\CxImage\x64\Debug\ximaraw.obj
D:\php\php-sdk\phpdev\vc11\x86\php-5.6.20\ext\wing\lib\cximage\CxImage\x64\Debug\ximasel.obj
D:\php\php-sdk\phpdev\vc11\x86\php-5.6.20\ext\wing\lib\cximage\CxImage\x64\Debug\ximaska.obj
D:\php\php-sdk\phpdev\vc11\x86\php-5.6.20\ext\wing\lib\cximage\CxImage\x64\Debug\ximatga.obj
D:\php\php-sdk\phpdev\vc11\x86\php-5.6.20\ext\wing\lib\cximage\CxImage\x64\Debug\ximath.obj
D:\php\php-sdk\phpdev\vc11\x86\php-5.6.20\ext\wing\lib\cximage\CxImage\x64\Debug\ximatif.obj
D:\php\php-sdk\phpdev\vc11\x86\php-5.6.20\ext\wing\lib\cximage\CxImage\x64\Debug\ximatran.obj
D:\php\php-sdk\phpdev\vc11\x86\php-5.6.20\ext\wing\lib\cximage\CxImage\x64\Debug\ximawbmp.obj
D:\php\php-sdk\phpdev\vc11\x86\php-5.6.20\ext\wing\lib\cximage\CxImage\x64\Debug\ximawmf.obj
D:\php\php-sdk\phpdev\vc11\x86\php-5.6.20\ext\wing\lib\cximage\CxImage\x64\Debug\ximawnd.obj
D:\php\php-sdk\phpdev\vc11\x86\php-5.6.20\ext\wing\lib\cximage\CxImage\x64\Debug\xmemfile.obj
D:\WEBTOP\CXIMAGE\CXIMAGE\X64\DEBUG\TIF_XFILE.OBJ
D:\WEBTOP\CXIMAGE\CXIMAGE\X64\DEBUG\VC100.PDB
D:\WEBTOP\CXIMAGE\CXIMAGE\X64\DEBUG\XIMABMP.OBJ
D:\WEBTOP\CXIMAGE\CXIMAGE\X64\DEBUG\XIMADSP.OBJ
D:\WEBTOP\CXIMAGE\CXIMAGE\X64\DEBUG\XIMAENC.OBJ
D:\WEBTOP\CXIMAGE\CXIMAGE\X64\DEBUG\XIMAEXIF.OBJ
D:\WEBTOP\CXIMAGE\CXIMAGE\X64\DEBUG\XIMAGE.OBJ
D:\WEBTOP\CXIMAGE\CXIMAGE\X64\DEBUG\XIMAGIF.OBJ
D:\WEBTOP\CXIMAGE\CXIMAGE\X64\DEBUG\XIMAHIST.OBJ
D:\WEBTOP\CXIMAGE\CXIMAGE\X64\DEBUG\XIMAICO.OBJ
D:\WEBTOP\CXIMAGE\CXIMAGE\X64\DEBUG\XIMAINFO.OBJ
D:\WEBTOP\CXIMAGE\CXIMAGE\X64\DEBUG\XIMAINT.OBJ
D:\WEBTOP\CXIMAGE\CXIMAGE\X64\DEBUG\XIMAJAS.OBJ
D:\WEBTOP\CXIMAGE\CXIMAGE\X64\DEBUG\XIMAJBG.OBJ
D:\WEBTOP\CXIMAGE\CXIMAGE\X64\DEBUG\XIMAJPG.OBJ
D:\WEBTOP\CXIMAGE\CXIMAGE\X64\DEBUG\XIMALPHA.OBJ
D:\WEBTOP\CXIMAGE\CXIMAGE\X64\DEBUG\XIMALYR.OBJ
D:\WEBTOP\CXIMAGE\CXIMAGE\X64\DEBUG\XIMAMNG.OBJ
D:\WEBTOP\CXIMAGE\CXIMAGE\X64\DEBUG\XIMAPAL.OBJ
D:\WEBTOP\CXIMAGE\CXIMAGE\X64\DEBUG\XIMAPCX.OBJ
D:\WEBTOP\CXIMAGE\CXIMAGE\X64\DEBUG\XIMAPNG.OBJ
D:\WEBTOP\CXIMAGE\CXIMAGE\X64\DEBUG\XIMAPSD.OBJ
D:\WEBTOP\CXIMAGE\CXIMAGE\X64\DEBUG\XIMARAW.OBJ
D:\WEBTOP\CXIMAGE\CXIMAGE\X64\DEBUG\XIMASEL.OBJ
D:\WEBTOP\CXIMAGE\CXIMAGE\X64\DEBUG\XIMASKA.OBJ
D:\WEBTOP\CXIMAGE\CXIMAGE\X64\DEBUG\XIMATGA.OBJ
D:\WEBTOP\CXIMAGE\CXIMAGE\X64\DEBUG\XIMATH.OBJ
D:\WEBTOP\CXIMAGE\CXIMAGE\X64\DEBUG\XIMATIF.OBJ
D:\WEBTOP\CXIMAGE\CXIMAGE\X64\DEBUG\XIMATRAN.OBJ
D:\WEBTOP\CXIMAGE\CXIMAGE\X64\DEBUG\XIMAWBMP.OBJ
D:\WEBTOP\CXIMAGE\CXIMAGE\X64\DEBUG\XIMAWMF.OBJ
D:\WEBTOP\CXIMAGE\CXIMAGE\X64\DEBUG\XIMAWND.OBJ
D:\WEBTOP\CXIMAGE\CXIMAGE\X64\DEBUG\XMEMFILE.OBJ
D:\WEBTOP\CXIMAGE\X64\DEBUG\CXIMAGE.LIB
