生成启动时间为 2016/5/14 10:44:11。
     1>项目“D:\php\php-sdk\phpdev\vc11\x86\php-5.6.20\ext\wing\lib\cximage\jpeg\jpeg.vcxproj”在节点 2 上(rebuild 个目标)。
     1>_PrepareForClean:
         正在删除文件“Debug\jpeg.lastbuildstate”。
       InitializeBuildStatus:
         正在创建“Debug\jpeg.unsuccessfulbuild”，因为已指定“AlwaysCreate”。
       ClCompile:
         C:\Program Files (x86)\Microsoft Visual Studio 10.0\VC\bin\CL.exe /c /ZI /nologo /W3 /WX- /Od /Oy- /D WIN32 /D _DEBUG /D _LIB /D _CRT_SECURE_NO_DEPRECATE /D _UNICODE /D UNICODE /Gm /EHsc /RTC1 /MDd /GS /fp:precise /Zc:wchar_t /Zc:forScope /Fo"Debug\\" /Fd"Debug\vc100.pdb" /Gd /TC /analyze- /errorReport:prompt jaricom.c jcapimin.c jcapistd.c jcarith.c jccoefct.c jccolor.c jcdctmgr.c jchuff.c jcinit.c jcmainct.c jcmarker.c jcmaster.c jcomapi.c jcparam.c jcprepct.c jcsample.c jctrans.c jdapimin.c jdapistd.c jdarith.c jdatadst.c jdatasrc.c jdcoefct.c jdcolor.c jddctmgr.c jdhuff.c jdinput.c jdmainct.c jdmarker.c jdmaster.c jdmerge.c jdpostct.c jdsample.c jdtrans.c jerror.c jfdctflt.c jfdctfst.c jfdctint.c jidctflt.c jidctfst.c jidctint.c jmemmgr.c jmemnobs.c jquant1.c jquant2.c jutils.c
         jutils.c
         jquant2.c
         jquant1.c
         jmemnobs.c
         jmemmgr.c
         jidctint.c
         jidctfst.c
         jidctflt.c
         jfdctint.c
         jfdctfst.c
         jfdctflt.c
         jerror.c
         jdtrans.c
         jdsample.c
         jdpostct.c
         jdmerge.c
         jdmaster.c
         jdmarker.c
         jdmainct.c
         jdinput.c
         正在生成代码...
         正在编译...
         jdhuff.c
         jddctmgr.c
         jdcolor.c
         jdcoefct.c
         jdatasrc.c
         jdatadst.c
         jdarith.c
         jdapistd.c
         jdapimin.c
         jctrans.c
         jcsample.c
         jcprepct.c
         jcparam.c
         jcomapi.c
         jcmaster.c
         jcmarker.c
         jcmainct.c
         jcinit.c
         jchuff.c
         jcdctmgr.c
         正在生成代码...
         正在编译...
         jccolor.c
         jccoefct.c
         jcarith.c
         jcapistd.c
         jcapimin.c
         jaricom.c
         正在生成代码...
       Lib:
         C:\Program Files (x86)\Microsoft Visual Studio 10.0\VC\bin\Lib.exe /OUT:"D:\php\php-sdk\phpdev\vc11\x86\php-5.6.20\ext\wing\lib\cximage\Debug\jpeg.lib" /NOLOGO Debug\jaricom.obj
         Debug\jcapimin.obj
         Debug\jcapistd.obj
         Debug\jcarith.obj
         Debug\jccoefct.obj
         Debug\jccolor.obj
         Debug\jcdctmgr.obj
         Debug\jchuff.obj
         Debug\jcinit.obj
         Debug\jcmainct.obj
         Debug\jcmarker.obj
         Debug\jcmaster.obj
         Debug\jcomapi.obj
         Debug\jcparam.obj
         Debug\jcprepct.obj
         Debug\jcsample.obj
         Debug\jctrans.obj
         Debug\jdapimin.obj
         Debug\jdapistd.obj
         Debug\jdarith.obj
         Debug\jdatadst.obj
         Debug\jdatasrc.obj
         Debug\jdcoefct.obj
         Debug\jdcolor.obj
         Debug\jddctmgr.obj
         Debug\jdhuff.obj
         Debug\jdinput.obj
         Debug\jdmainct.obj
         Debug\jdmarker.obj
         Debug\jdmaster.obj
         Debug\jdmerge.obj
         Debug\jdpostct.obj
         Debug\jdsample.obj
         Debug\jdtrans.obj
         Debug\jerror.obj
         Debug\jfdctflt.obj
         Debug\jfdctfst.obj
         Debug\jfdctint.obj
         Debug\jidctflt.obj
         Debug\jidctfst.obj
         Debug\jidctint.obj
         Debug\jmemmgr.obj
         Debug\jmemnobs.obj
         Debug\jquant1.obj
         Debug\jquant2.obj
         Debug\jutils.obj
         jpeg.vcxproj -> D:\php\php-sdk\phpdev\vc11\x86\php-5.6.20\ext\wing\lib\cximage\Debug\jpeg.lib
       FinalizeBuildStatus:
         正在删除文件“Debug\jpeg.unsuccessfulbuild”。
         正在对“Debug\jpeg.lastbuildstate”执行 Touch 任务。
     1>已完成生成项目“D:\php\php-sdk\phpdev\vc11\x86\php-5.6.20\ext\wing\lib\cximage\jpeg\jpeg.vcxproj”(rebuild 个目标)的操作。

生成成功。

已用时间 00:00:01.53
