D:\php\php-sdk\phpdev\vc11\x86\php-5.6.20\ext\wing\lib\cximage\jpeg\Debug\cl.command.1.tlog
D:\php\php-sdk\phpdev\vc11\x86\php-5.6.20\ext\wing\lib\cximage\jpeg\Debug\CL.read.1.tlog
D:\php\php-sdk\phpdev\vc11\x86\php-5.6.20\ext\wing\lib\cximage\jpeg\Debug\CL.write.1.tlog
D:\php\php-sdk\phpdev\vc11\x86\php-5.6.20\ext\wing\lib\cximage\jpeg\Debug\jaricom.obj
D:\php\php-sdk\phpdev\vc11\x86\php-5.6.20\ext\wing\lib\cximage\jpeg\Debug\jcapimin.obj
D:\php\php-sdk\phpdev\vc11\x86\php-5.6.20\ext\wing\lib\cximage\jpeg\Debug\jcapistd.obj
D:\php\php-sdk\phpdev\vc11\x86\php-5.6.20\ext\wing\lib\cximage\jpeg\Debug\jcarith.obj
D:\php\php-sdk\phpdev\vc11\x86\php-5.6.20\ext\wing\lib\cximage\jpeg\Debug\jccoefct.obj
D:\php\php-sdk\phpdev\vc11\x86\php-5.6.20\ext\wing\lib\cximage\jpeg\Debug\jccolor.obj
D:\php\php-sdk\phpdev\vc11\x86\php-5.6.20\ext\wing\lib\cximage\jpeg\Debug\jcdctmgr.obj
D:\php\php-sdk\phpdev\vc11\x86\php-5.6.20\ext\wing\lib\cximage\jpeg\Debug\jchuff.obj
D:\php\php-sdk\phpdev\vc11\x86\php-5.6.20\ext\wing\lib\cximage\jpeg\Debug\jcinit.obj
D:\php\php-sdk\phpdev\vc11\x86\php-5.6.20\ext\wing\lib\cximage\jpeg\Debug\jcmainct.obj
D:\php\php-sdk\phpdev\vc11\x86\php-5.6.20\ext\wing\lib\cximage\jpeg\Debug\jcmarker.obj
D:\php\php-sdk\phpdev\vc11\x86\php-5.6.20\ext\wing\lib\cximage\jpeg\Debug\jcmaster.obj
D:\php\php-sdk\phpdev\vc11\x86\php-5.6.20\ext\wing\lib\cximage\jpeg\Debug\jcomapi.obj
D:\php\php-sdk\phpdev\vc11\x86\php-5.6.20\ext\wing\lib\cximage\jpeg\Debug\jcparam.obj
D:\php\php-sdk\phpdev\vc11\x86\php-5.6.20\ext\wing\lib\cximage\jpeg\Debug\jcprepct.obj
D:\php\php-sdk\phpdev\vc11\x86\php-5.6.20\ext\wing\lib\cximage\jpeg\Debug\jcsample.obj
D:\php\php-sdk\phpdev\vc11\x86\php-5.6.20\ext\wing\lib\cximage\jpeg\Debug\jctrans.obj
D:\php\php-sdk\phpdev\vc11\x86\php-5.6.20\ext\wing\lib\cximage\jpeg\Debug\jdapimin.obj
D:\php\php-sdk\phpdev\vc11\x86\php-5.6.20\ext\wing\lib\cximage\jpeg\Debug\jdapistd.obj
D:\php\php-sdk\phpdev\vc11\x86\php-5.6.20\ext\wing\lib\cximage\jpeg\Debug\jdarith.obj
D:\php\php-sdk\phpdev\vc11\x86\php-5.6.20\ext\wing\lib\cximage\jpeg\Debug\jdatadst.obj
D:\php\php-sdk\phpdev\vc11\x86\php-5.6.20\ext\wing\lib\cximage\jpeg\Debug\jdatasrc.obj
D:\php\php-sdk\phpdev\vc11\x86\php-5.6.20\ext\wing\lib\cximage\jpeg\Debug\jdcoefct.obj
D:\php\php-sdk\phpdev\vc11\x86\php-5.6.20\ext\wing\lib\cximage\jpeg\Debug\jdcolor.obj
D:\php\php-sdk\phpdev\vc11\x86\php-5.6.20\ext\wing\lib\cximage\jpeg\Debug\jddctmgr.obj
D:\php\php-sdk\phpdev\vc11\x86\php-5.6.20\ext\wing\lib\cximage\jpeg\Debug\jdhuff.obj
D:\php\php-sdk\phpdev\vc11\x86\php-5.6.20\ext\wing\lib\cximage\jpeg\Debug\jdinput.obj
D:\php\php-sdk\phpdev\vc11\x86\php-5.6.20\ext\wing\lib\cximage\jpeg\Debug\jdmainct.obj
D:\php\php-sdk\phpdev\vc11\x86\php-5.6.20\ext\wing\lib\cximage\jpeg\Debug\jdmarker.obj
D:\php\php-sdk\phpdev\vc11\x86\php-5.6.20\ext\wing\lib\cximage\jpeg\Debug\jdmaster.obj
D:\php\php-sdk\phpdev\vc11\x86\php-5.6.20\ext\wing\lib\cximage\jpeg\Debug\jdmerge.obj
D:\php\php-sdk\phpdev\vc11\x86\php-5.6.20\ext\wing\lib\cximage\jpeg\Debug\jdpostct.obj
D:\php\php-sdk\phpdev\vc11\x86\php-5.6.20\ext\wing\lib\cximage\jpeg\Debug\jdsample.obj
D:\php\php-sdk\phpdev\vc11\x86\php-5.6.20\ext\wing\lib\cximage\jpeg\Debug\jdtrans.obj
D:\php\php-sdk\phpdev\vc11\x86\php-5.6.20\ext\wing\lib\cximage\jpeg\Debug\jerror.obj
D:\php\php-sdk\phpdev\vc11\x86\php-5.6.20\ext\wing\lib\cximage\jpeg\Debug\jfdctflt.obj
D:\php\php-sdk\phpdev\vc11\x86\php-5.6.20\ext\wing\lib\cximage\jpeg\Debug\jfdctfst.obj
D:\php\php-sdk\phpdev\vc11\x86\php-5.6.20\ext\wing\lib\cximage\jpeg\Debug\jfdctint.obj
D:\php\php-sdk\phpdev\vc11\x86\php-5.6.20\ext\wing\lib\cximage\jpeg\Debug\jidctflt.obj
D:\php\php-sdk\phpdev\vc11\x86\php-5.6.20\ext\wing\lib\cximage\jpeg\Debug\jidctfst.obj
D:\php\php-sdk\phpdev\vc11\x86\php-5.6.20\ext\wing\lib\cximage\jpeg\Debug\jidctint.obj
D:\php\php-sdk\phpdev\vc11\x86\php-5.6.20\ext\wing\lib\cximage\jpeg\Debug\jmemmgr.obj
D:\php\php-sdk\phpdev\vc11\x86\php-5.6.20\ext\wing\lib\cximage\jpeg\Debug\jmemnobs.obj
D:\php\php-sdk\phpdev\vc11\x86\php-5.6.20\ext\wing\lib\cximage\jpeg\Debug\jpeg.write.1.tlog
D:\php\php-sdk\phpdev\vc11\x86\php-5.6.20\ext\wing\lib\cximage\jpeg\Debug\jquant1.obj
D:\php\php-sdk\phpdev\vc11\x86\php-5.6.20\ext\wing\lib\cximage\jpeg\Debug\jquant2.obj
D:\php\php-sdk\phpdev\vc11\x86\php-5.6.20\ext\wing\lib\cximage\jpeg\Debug\jutils.obj
D:\php\php-sdk\phpdev\vc11\x86\php-5.6.20\ext\wing\lib\cximage\jpeg\Debug\lib.command.1.tlog
D:\php\php-sdk\phpdev\vc11\x86\php-5.6.20\ext\wing\lib\cximage\jpeg\Debug\Lib-link.read.1.tlog
D:\php\php-sdk\phpdev\vc11\x86\php-5.6.20\ext\wing\lib\cximage\jpeg\Debug\Lib-link.write.1.tlog
D:\php\php-sdk\phpdev\vc11\x86\php-5.6.20\ext\wing\lib\cximage\jpeg\Debug\vc100.idb
D:\php\php-sdk\phpdev\vc11\x86\php-5.6.20\ext\wing\lib\cximage\jpeg\Debug\vc100.pdb
D:\WEBTOP\CXIMAGE\DEBUG\JPEG.LIB
D:\WEBTOP\CXIMAGE\JPEG\DEBUG\JARICOM.OBJ
D:\WEBTOP\CXIMAGE\JPEG\DEBUG\JCAPIMIN.OBJ
D:\WEBTOP\CXIMAGE\JPEG\DEBUG\JCAPISTD.OBJ
D:\WEBTOP\CXIMAGE\JPEG\DEBUG\JCARITH.OBJ
D:\WEBTOP\CXIMAGE\JPEG\DEBUG\JCCOEFCT.OBJ
D:\WEBTOP\CXIMAGE\JPEG\DEBUG\JCCOLOR.OBJ
D:\WEBTOP\CXIMAGE\JPEG\DEBUG\JCDCTMGR.OBJ
D:\WEBTOP\CXIMAGE\JPEG\DEBUG\JCHUFF.OBJ
D:\WEBTOP\CXIMAGE\JPEG\DEBUG\JCINIT.OBJ
D:\WEBTOP\CXIMAGE\JPEG\DEBUG\JCMAINCT.OBJ
D:\WEBTOP\CXIMAGE\JPEG\DEBUG\JCMARKER.OBJ
D:\WEBTOP\CXIMAGE\JPEG\DEBUG\JCMASTER.OBJ
D:\WEBTOP\CXIMAGE\JPEG\DEBUG\JCOMAPI.OBJ
D:\WEBTOP\CXIMAGE\JPEG\DEBUG\JCPARAM.OBJ
D:\WEBTOP\CXIMAGE\JPEG\DEBUG\JCPREPCT.OBJ
D:\WEBTOP\CXIMAGE\JPEG\DEBUG\JCSAMPLE.OBJ
D:\WEBTOP\CXIMAGE\JPEG\DEBUG\JCTRANS.OBJ
D:\WEBTOP\CXIMAGE\JPEG\DEBUG\JDAPIMIN.OBJ
D:\WEBTOP\CXIMAGE\JPEG\DEBUG\JDAPISTD.OBJ
D:\WEBTOP\CXIMAGE\JPEG\DEBUG\JDARITH.OBJ
D:\WEBTOP\CXIMAGE\JPEG\DEBUG\JDATADST.OBJ
D:\WEBTOP\CXIMAGE\JPEG\DEBUG\JDATASRC.OBJ
D:\WEBTOP\CXIMAGE\JPEG\DEBUG\JDCOEFCT.OBJ
D:\WEBTOP\CXIMAGE\JPEG\DEBUG\JDCOLOR.OBJ
D:\WEBTOP\CXIMAGE\JPEG\DEBUG\JDDCTMGR.OBJ
D:\WEBTOP\CXIMAGE\JPEG\DEBUG\JDHUFF.OBJ
D:\WEBTOP\CXIMAGE\JPEG\DEBUG\JDINPUT.OBJ
D:\WEBTOP\CXIMAGE\JPEG\DEBUG\JDMAINCT.OBJ
D:\WEBTOP\CXIMAGE\JPEG\DEBUG\JDMARKER.OBJ
D:\WEBTOP\CXIMAGE\JPEG\DEBUG\JDMASTER.OBJ
D:\WEBTOP\CXIMAGE\JPEG\DEBUG\JDMERGE.OBJ
D:\WEBTOP\CXIMAGE\JPEG\DEBUG\JDPOSTCT.OBJ
D:\WEBTOP\CXIMAGE\JPEG\DEBUG\JDSAMPLE.OBJ
D:\WEBTOP\CXIMAGE\JPEG\DEBUG\JDTRANS.OBJ
D:\WEBTOP\CXIMAGE\JPEG\DEBUG\JERROR.OBJ
D:\WEBTOP\CXIMAGE\JPEG\DEBUG\JFDCTFLT.OBJ
D:\WEBTOP\CXIMAGE\JPEG\DEBUG\JFDCTFST.OBJ
D:\WEBTOP\CXIMAGE\JPEG\DEBUG\JFDCTINT.OBJ
D:\WEBTOP\CXIMAGE\JPEG\DEBUG\JIDCTFLT.OBJ
D:\WEBTOP\CXIMAGE\JPEG\DEBUG\JIDCTFST.OBJ
D:\WEBTOP\CXIMAGE\JPEG\DEBUG\JIDCTINT.OBJ
D:\WEBTOP\CXIMAGE\JPEG\DEBUG\JMEMMGR.OBJ
D:\WEBTOP\CXIMAGE\JPEG\DEBUG\JMEMNOBS.OBJ
D:\WEBTOP\CXIMAGE\JPEG\DEBUG\JQUANT1.OBJ
D:\WEBTOP\CXIMAGE\JPEG\DEBUG\JQUANT2.OBJ
D:\WEBTOP\CXIMAGE\JPEG\DEBUG\JUTILS.OBJ
D:\WEBTOP\CXIMAGE\JPEG\DEBUG\VC100.PDB
