D:\php\php-sdk\phpdev\vc11\x86\php-5.6.20\ext\wing\lib\cximage\CxImage\x64\Release\cl.command.1.tlog
D:\php\php-sdk\phpdev\vc11\x86\php-5.6.20\ext\wing\lib\cximage\CxImage\x64\Release\CL.read.1.tlog
D:\php\php-sdk\phpdev\vc11\x86\php-5.6.20\ext\wing\lib\cximage\CxImage\x64\Release\CL.write.1.tlog
D:\php\php-sdk\phpdev\vc11\x86\php-5.6.20\ext\wing\lib\cximage\CxImage\x64\Release\cximage.write.1.tlog
D:\php\php-sdk\phpdev\vc11\x86\php-5.6.20\ext\wing\lib\cximage\CxImage\x64\Release\lib.command.1.tlog
D:\php\php-sdk\phpdev\vc11\x86\php-5.6.20\ext\wing\lib\cximage\CxImage\x64\Release\Lib-link.read.1.tlog
D:\php\php-sdk\phpdev\vc11\x86\php-5.6.20\ext\wing\lib\cximage\CxImage\x64\Release\Lib-link.write.1.tlog
D:\php\php-sdk\phpdev\vc11\x86\php-5.6.20\ext\wing\lib\cximage\CxImage\x64\Release\tif_xfile.obj
D:\php\php-sdk\phpdev\vc11\x86\php-5.6.20\ext\wing\lib\cximage\CxImage\x64\Release\vc100.pdb
D:\php\php-sdk\phpdev\vc11\x86\php-5.6.20\ext\wing\lib\cximage\CxImage\x64\Release\ximabmp.obj
D:\php\php-sdk\phpdev\vc11\x86\php-5.6.20\ext\wing\lib\cximage\CxImage\x64\Release\ximadsp.obj
D:\php\php-sdk\phpdev\vc11\x86\php-5.6.20\ext\wing\lib\cximage\CxImage\x64\Release\ximaenc.obj
D:\php\php-sdk\phpdev\vc11\x86\php-5.6.20\ext\wing\lib\cximage\CxImage\x64\Release\ximaexif.obj
D:\php\php-sdk\phpdev\vc11\x86\php-5.6.20\ext\wing\lib\cximage\CxImage\x64\Release\ximage.obj
D:\php\php-sdk\phpdev\vc11\x86\php-5.6.20\ext\wing\lib\cximage\CxImage\x64\Release\ximagif.obj
D:\php\php-sdk\phpdev\vc11\x86\php-5.6.20\ext\wing\lib\cximage\CxImage\x64\Release\ximahist.obj
D:\php\php-sdk\phpdev\vc11\x86\php-5.6.20\ext\wing\lib\cximage\CxImage\x64\Release\ximaico.obj
D:\php\php-sdk\phpdev\vc11\x86\php-5.6.20\ext\wing\lib\cximage\CxImage\x64\Release\ximainfo.obj
D:\php\php-sdk\phpdev\vc11\x86\php-5.6.20\ext\wing\lib\cximage\CxImage\x64\Release\ximaint.obj
D:\php\php-sdk\phpdev\vc11\x86\php-5.6.20\ext\wing\lib\cximage\CxImage\x64\Release\ximajas.obj
D:\php\php-sdk\phpdev\vc11\x86\php-5.6.20\ext\wing\lib\cximage\CxImage\x64\Release\ximajbg.obj
D:\php\php-sdk\phpdev\vc11\x86\php-5.6.20\ext\wing\lib\cximage\CxImage\x64\Release\ximajpg.obj
D:\php\php-sdk\phpdev\vc11\x86\php-5.6.20\ext\wing\lib\cximage\CxImage\x64\Release\ximalpha.obj
D:\php\php-sdk\phpdev\vc11\x86\php-5.6.20\ext\wing\lib\cximage\CxImage\x64\Release\ximalyr.obj
D:\php\php-sdk\phpdev\vc11\x86\php-5.6.20\ext\wing\lib\cximage\CxImage\x64\Release\ximamng.obj
D:\php\php-sdk\phpdev\vc11\x86\php-5.6.20\ext\wing\lib\cximage\CxImage\x64\Release\ximapal.obj
D:\php\php-sdk\phpdev\vc11\x86\php-5.6.20\ext\wing\lib\cximage\CxImage\x64\Release\ximapcx.obj
D:\php\php-sdk\phpdev\vc11\x86\php-5.6.20\ext\wing\lib\cximage\CxImage\x64\Release\ximapng.obj
D:\php\php-sdk\phpdev\vc11\x86\php-5.6.20\ext\wing\lib\cximage\CxImage\x64\Release\ximapsd.obj
D:\php\php-sdk\phpdev\vc11\x86\php-5.6.20\ext\wing\lib\cximage\CxImage\x64\Release\ximaraw.obj
D:\php\php-sdk\phpdev\vc11\x86\php-5.6.20\ext\wing\lib\cximage\CxImage\x64\Release\ximasel.obj
D:\php\php-sdk\phpdev\vc11\x86\php-5.6.20\ext\wing\lib\cximage\CxImage\x64\Release\ximaska.obj
D:\php\php-sdk\phpdev\vc11\x86\php-5.6.20\ext\wing\lib\cximage\CxImage\x64\Release\ximatga.obj
D:\php\php-sdk\phpdev\vc11\x86\php-5.6.20\ext\wing\lib\cximage\CxImage\x64\Release\ximath.obj
D:\php\php-sdk\phpdev\vc11\x86\php-5.6.20\ext\wing\lib\cximage\CxImage\x64\Release\ximatif.obj
D:\php\php-sdk\phpdev\vc11\x86\php-5.6.20\ext\wing\lib\cximage\CxImage\x64\Release\ximatran.obj
D:\php\php-sdk\phpdev\vc11\x86\php-5.6.20\ext\wing\lib\cximage\CxImage\x64\Release\ximawbmp.obj
D:\php\php-sdk\phpdev\vc11\x86\php-5.6.20\ext\wing\lib\cximage\CxImage\x64\Release\ximawmf.obj
D:\php\php-sdk\phpdev\vc11\x86\php-5.6.20\ext\wing\lib\cximage\CxImage\x64\Release\ximawnd.obj
D:\php\php-sdk\phpdev\vc11\x86\php-5.6.20\ext\wing\lib\cximage\CxImage\x64\Release\xmemfile.obj
D:\WEBTOP\CXIMAGE\CXIMAGE\X64\RELEASE\TIF_XFILE.OBJ
D:\WEBTOP\CXIMAGE\CXIMAGE\X64\RELEASE\VC100.PDB
D:\WEBTOP\CXIMAGE\CXIMAGE\X64\RELEASE\XIMABMP.OBJ
D:\WEBTOP\CXIMAGE\CXIMAGE\X64\RELEASE\XIMADSP.OBJ
D:\WEBTOP\CXIMAGE\CXIMAGE\X64\RELEASE\XIMAENC.OBJ
D:\WEBTOP\CXIMAGE\CXIMAGE\X64\RELEASE\XIMAEXIF.OBJ
D:\WEBTOP\CXIMAGE\CXIMAGE\X64\RELEASE\XIMAGE.OBJ
D:\WEBTOP\CXIMAGE\CXIMAGE\X64\RELEASE\XIMAGIF.OBJ
D:\WEBTOP\CXIMAGE\CXIMAGE\X64\RELEASE\XIMAHIST.OBJ
D:\WEBTOP\CXIMAGE\CXIMAGE\X64\RELEASE\XIMAICO.OBJ
D:\WEBTOP\CXIMAGE\CXIMAGE\X64\RELEASE\XIMAINFO.OBJ
D:\WEBTOP\CXIMAGE\CXIMAGE\X64\RELEASE\XIMAINT.OBJ
D:\WEBTOP\CXIMAGE\CXIMAGE\X64\RELEASE\XIMAJAS.OBJ
D:\WEBTOP\CXIMAGE\CXIMAGE\X64\RELEASE\XIMAJBG.OBJ
D:\WEBTOP\CXIMAGE\CXIMAGE\X64\RELEASE\XIMAJPG.OBJ
D:\WEBTOP\CXIMAGE\CXIMAGE\X64\RELEASE\XIMALPHA.OBJ
D:\WEBTOP\CXIMAGE\CXIMAGE\X64\RELEASE\XIMALYR.OBJ
D:\WEBTOP\CXIMAGE\CXIMAGE\X64\RELEASE\XIMAMNG.OBJ
D:\WEBTOP\CXIMAGE\CXIMAGE\X64\RELEASE\XIMAPAL.OBJ
D:\WEBTOP\CXIMAGE\CXIMAGE\X64\RELEASE\XIMAPCX.OBJ
D:\WEBTOP\CXIMAGE\CXIMAGE\X64\RELEASE\XIMAPNG.OBJ
D:\WEBTOP\CXIMAGE\CXIMAGE\X64\RELEASE\XIMAPSD.OBJ
D:\WEBTOP\CXIMAGE\CXIMAGE\X64\RELEASE\XIMARAW.OBJ
D:\WEBTOP\CXIMAGE\CXIMAGE\X64\RELEASE\XIMASEL.OBJ
D:\WEBTOP\CXIMAGE\CXIMAGE\X64\RELEASE\XIMASKA.OBJ
D:\WEBTOP\CXIMAGE\CXIMAGE\X64\RELEASE\XIMATGA.OBJ
D:\WEBTOP\CXIMAGE\CXIMAGE\X64\RELEASE\XIMATH.OBJ
D:\WEBTOP\CXIMAGE\CXIMAGE\X64\RELEASE\XIMATIF.OBJ
D:\WEBTOP\CXIMAGE\CXIMAGE\X64\RELEASE\XIMATRAN.OBJ
D:\WEBTOP\CXIMAGE\CXIMAGE\X64\RELEASE\XIMAWBMP.OBJ
D:\WEBTOP\CXIMAGE\CXIMAGE\X64\RELEASE\XIMAWMF.OBJ
D:\WEBTOP\CXIMAGE\CXIMAGE\X64\RELEASE\XIMAWND.OBJ
D:\WEBTOP\CXIMAGE\CXIMAGE\X64\RELEASE\XMEMFILE.OBJ
D:\WEBTOP\CXIMAGE\X64\RELEASE\CXIMAGE.LIB
