D:\php\php-sdk\phpdev\vc11\x86\php-5.6.20\ext\wing\lib\cximage\libpsd\Release\adjustment.obj
D:\php\php-sdk\phpdev\vc11\x86\php-5.6.20\ext\wing\lib\cximage\libpsd\Release\bevel_emboss.obj
D:\php\php-sdk\phpdev\vc11\x86\php-5.6.20\ext\wing\lib\cximage\libpsd\Release\bitmap.obj
D:\php\php-sdk\phpdev\vc11\x86\php-5.6.20\ext\wing\lib\cximage\libpsd\Release\blend.obj
D:\php\php-sdk\phpdev\vc11\x86\php-5.6.20\ext\wing\lib\cximage\libpsd\Release\boundary.obj
D:\php\php-sdk\phpdev\vc11\x86\php-5.6.20\ext\wing\lib\cximage\libpsd\Release\brightness_contrast.obj
D:\php\php-sdk\phpdev\vc11\x86\php-5.6.20\ext\wing\lib\cximage\libpsd\Release\channel_image.obj
D:\php\php-sdk\phpdev\vc11\x86\php-5.6.20\ext\wing\lib\cximage\libpsd\Release\channel_mixer.obj
D:\php\php-sdk\phpdev\vc11\x86\php-5.6.20\ext\wing\lib\cximage\libpsd\Release\cl.command.1.tlog
D:\php\php-sdk\phpdev\vc11\x86\php-5.6.20\ext\wing\lib\cximage\libpsd\Release\CL.read.1.tlog
D:\php\php-sdk\phpdev\vc11\x86\php-5.6.20\ext\wing\lib\cximage\libpsd\Release\CL.write.1.tlog
D:\php\php-sdk\phpdev\vc11\x86\php-5.6.20\ext\wing\lib\cximage\libpsd\Release\color.obj
D:\php\php-sdk\phpdev\vc11\x86\php-5.6.20\ext\wing\lib\cximage\libpsd\Release\color_balance.obj
D:\php\php-sdk\phpdev\vc11\x86\php-5.6.20\ext\wing\lib\cximage\libpsd\Release\color_mode.obj
D:\php\php-sdk\phpdev\vc11\x86\php-5.6.20\ext\wing\lib\cximage\libpsd\Release\color_overlay.obj
D:\php\php-sdk\phpdev\vc11\x86\php-5.6.20\ext\wing\lib\cximage\libpsd\Release\curves.obj
D:\php\php-sdk\phpdev\vc11\x86\php-5.6.20\ext\wing\lib\cximage\libpsd\Release\descriptor.obj
D:\php\php-sdk\phpdev\vc11\x86\php-5.6.20\ext\wing\lib\cximage\libpsd\Release\drop_shadow.obj
D:\php\php-sdk\phpdev\vc11\x86\php-5.6.20\ext\wing\lib\cximage\libpsd\Release\effects.obj
D:\php\php-sdk\phpdev\vc11\x86\php-5.6.20\ext\wing\lib\cximage\libpsd\Release\file_header.obj
D:\php\php-sdk\phpdev\vc11\x86\php-5.6.20\ext\wing\lib\cximage\libpsd\Release\fixed.obj
D:\php\php-sdk\phpdev\vc11\x86\php-5.6.20\ext\wing\lib\cximage\libpsd\Release\gaussian_blur.obj
D:\php\php-sdk\phpdev\vc11\x86\php-5.6.20\ext\wing\lib\cximage\libpsd\Release\gradient_blend.obj
D:\php\php-sdk\phpdev\vc11\x86\php-5.6.20\ext\wing\lib\cximage\libpsd\Release\gradient_fill.obj
D:\php\php-sdk\phpdev\vc11\x86\php-5.6.20\ext\wing\lib\cximage\libpsd\Release\gradient_map.obj
D:\php\php-sdk\phpdev\vc11\x86\php-5.6.20\ext\wing\lib\cximage\libpsd\Release\gradient_overlay.obj
D:\php\php-sdk\phpdev\vc11\x86\php-5.6.20\ext\wing\lib\cximage\libpsd\Release\hue_saturation.obj
D:\php\php-sdk\phpdev\vc11\x86\php-5.6.20\ext\wing\lib\cximage\libpsd\Release\image_data.obj
D:\php\php-sdk\phpdev\vc11\x86\php-5.6.20\ext\wing\lib\cximage\libpsd\Release\image_resource.obj
D:\php\php-sdk\phpdev\vc11\x86\php-5.6.20\ext\wing\lib\cximage\libpsd\Release\inner_glow.obj
D:\php\php-sdk\phpdev\vc11\x86\php-5.6.20\ext\wing\lib\cximage\libpsd\Release\inner_shadow.obj
D:\php\php-sdk\phpdev\vc11\x86\php-5.6.20\ext\wing\lib\cximage\libpsd\Release\invert.obj
D:\php\php-sdk\phpdev\vc11\x86\php-5.6.20\ext\wing\lib\cximage\libpsd\Release\layer_mask.obj
D:\php\php-sdk\phpdev\vc11\x86\php-5.6.20\ext\wing\lib\cximage\libpsd\Release\levels.obj
D:\php\php-sdk\phpdev\vc11\x86\php-5.6.20\ext\wing\lib\cximage\libpsd\Release\lib.command.1.tlog
D:\php\php-sdk\phpdev\vc11\x86\php-5.6.20\ext\wing\lib\cximage\libpsd\Release\Lib-link.read.1.tlog
D:\php\php-sdk\phpdev\vc11\x86\php-5.6.20\ext\wing\lib\cximage\libpsd\Release\Lib-link.write.1.tlog
D:\php\php-sdk\phpdev\vc11\x86\php-5.6.20\ext\wing\lib\cximage\libpsd\Release\libpsd.write.1.tlog
D:\php\php-sdk\phpdev\vc11\x86\php-5.6.20\ext\wing\lib\cximage\libpsd\Release\outer_glow.obj
D:\php\php-sdk\phpdev\vc11\x86\php-5.6.20\ext\wing\lib\cximage\libpsd\Release\path.obj
D:\php\php-sdk\phpdev\vc11\x86\php-5.6.20\ext\wing\lib\cximage\libpsd\Release\pattern.obj
D:\php\php-sdk\phpdev\vc11\x86\php-5.6.20\ext\wing\lib\cximage\libpsd\Release\pattern_fill.obj
D:\php\php-sdk\phpdev\vc11\x86\php-5.6.20\ext\wing\lib\cximage\libpsd\Release\pattern_overlay.obj
D:\php\php-sdk\phpdev\vc11\x86\php-5.6.20\ext\wing\lib\cximage\libpsd\Release\photo_filter.obj
D:\php\php-sdk\phpdev\vc11\x86\php-5.6.20\ext\wing\lib\cximage\libpsd\Release\posterize.obj
D:\php\php-sdk\phpdev\vc11\x86\php-5.6.20\ext\wing\lib\cximage\libpsd\Release\psd.obj
D:\php\php-sdk\phpdev\vc11\x86\php-5.6.20\ext\wing\lib\cximage\libpsd\Release\psd_system.obj
D:\php\php-sdk\phpdev\vc11\x86\php-5.6.20\ext\wing\lib\cximage\libpsd\Release\psd_zip.obj
D:\php\php-sdk\phpdev\vc11\x86\php-5.6.20\ext\wing\lib\cximage\libpsd\Release\rect.obj
D:\php\php-sdk\phpdev\vc11\x86\php-5.6.20\ext\wing\lib\cximage\libpsd\Release\satin.obj
D:\php\php-sdk\phpdev\vc11\x86\php-5.6.20\ext\wing\lib\cximage\libpsd\Release\selective_color.obj
D:\php\php-sdk\phpdev\vc11\x86\php-5.6.20\ext\wing\lib\cximage\libpsd\Release\solid_color.obj
D:\php\php-sdk\phpdev\vc11\x86\php-5.6.20\ext\wing\lib\cximage\libpsd\Release\stream.obj
D:\php\php-sdk\phpdev\vc11\x86\php-5.6.20\ext\wing\lib\cximage\libpsd\Release\stroke.obj
D:\php\php-sdk\phpdev\vc11\x86\php-5.6.20\ext\wing\lib\cximage\libpsd\Release\threshold.obj
D:\php\php-sdk\phpdev\vc11\x86\php-5.6.20\ext\wing\lib\cximage\libpsd\Release\thumbnail.obj
D:\php\php-sdk\phpdev\vc11\x86\php-5.6.20\ext\wing\lib\cximage\libpsd\Release\type_tool.obj
D:\php\php-sdk\phpdev\vc11\x86\php-5.6.20\ext\wing\lib\cximage\libpsd\Release\vc100.pdb
D:\WEBTOP\CXIMAGE\LIBPSD\RELEASE\ADJUSTMENT.OBJ
D:\WEBTOP\CXIMAGE\LIBPSD\RELEASE\BEVEL_EMBOSS.OBJ
D:\WEBTOP\CXIMAGE\LIBPSD\RELEASE\BITMAP.OBJ
D:\WEBTOP\CXIMAGE\LIBPSD\RELEASE\BLEND.OBJ
D:\WEBTOP\CXIMAGE\LIBPSD\RELEASE\BOUNDARY.OBJ
D:\WEBTOP\CXIMAGE\LIBPSD\RELEASE\BRIGHTNESS_CONTRAST.OBJ
D:\WEBTOP\CXIMAGE\LIBPSD\RELEASE\CHANNEL_IMAGE.OBJ
D:\WEBTOP\CXIMAGE\LIBPSD\RELEASE\CHANNEL_MIXER.OBJ
D:\WEBTOP\CXIMAGE\LIBPSD\RELEASE\COLOR.OBJ
D:\WEBTOP\CXIMAGE\LIBPSD\RELEASE\COLOR_BALANCE.OBJ
D:\WEBTOP\CXIMAGE\LIBPSD\RELEASE\COLOR_MODE.OBJ
D:\WEBTOP\CXIMAGE\LIBPSD\RELEASE\COLOR_OVERLAY.OBJ
D:\WEBTOP\CXIMAGE\LIBPSD\RELEASE\CURVES.OBJ
D:\WEBTOP\CXIMAGE\LIBPSD\RELEASE\DESCRIPTOR.OBJ
D:\WEBTOP\CXIMAGE\LIBPSD\RELEASE\DROP_SHADOW.OBJ
D:\WEBTOP\CXIMAGE\LIBPSD\RELEASE\EFFECTS.OBJ
D:\WEBTOP\CXIMAGE\LIBPSD\RELEASE\FILE_HEADER.OBJ
D:\WEBTOP\CXIMAGE\LIBPSD\RELEASE\FIXED.OBJ
D:\WEBTOP\CXIMAGE\LIBPSD\RELEASE\GAUSSIAN_BLUR.OBJ
D:\WEBTOP\CXIMAGE\LIBPSD\RELEASE\GRADIENT_BLEND.OBJ
D:\WEBTOP\CXIMAGE\LIBPSD\RELEASE\GRADIENT_FILL.OBJ
D:\WEBTOP\CXIMAGE\LIBPSD\RELEASE\GRADIENT_MAP.OBJ
D:\WEBTOP\CXIMAGE\LIBPSD\RELEASE\GRADIENT_OVERLAY.OBJ
D:\WEBTOP\CXIMAGE\LIBPSD\RELEASE\HUE_SATURATION.OBJ
D:\WEBTOP\CXIMAGE\LIBPSD\RELEASE\IMAGE_DATA.OBJ
D:\WEBTOP\CXIMAGE\LIBPSD\RELEASE\IMAGE_RESOURCE.OBJ
D:\WEBTOP\CXIMAGE\LIBPSD\RELEASE\INNER_GLOW.OBJ
D:\WEBTOP\CXIMAGE\LIBPSD\RELEASE\INNER_SHADOW.OBJ
D:\WEBTOP\CXIMAGE\LIBPSD\RELEASE\INVERT.OBJ
D:\WEBTOP\CXIMAGE\LIBPSD\RELEASE\LAYER_MASK.OBJ
D:\WEBTOP\CXIMAGE\LIBPSD\RELEASE\LEVELS.OBJ
D:\WEBTOP\CXIMAGE\LIBPSD\RELEASE\OUTER_GLOW.OBJ
D:\WEBTOP\CXIMAGE\LIBPSD\RELEASE\PATH.OBJ
D:\WEBTOP\CXIMAGE\LIBPSD\RELEASE\PATTERN.OBJ
D:\WEBTOP\CXIMAGE\LIBPSD\RELEASE\PATTERN_FILL.OBJ
D:\WEBTOP\CXIMAGE\LIBPSD\RELEASE\PATTERN_OVERLAY.OBJ
D:\WEBTOP\CXIMAGE\LIBPSD\RELEASE\PHOTO_FILTER.OBJ
D:\WEBTOP\CXIMAGE\LIBPSD\RELEASE\POSTERIZE.OBJ
D:\WEBTOP\CXIMAGE\LIBPSD\RELEASE\PSD.OBJ
D:\WEBTOP\CXIMAGE\LIBPSD\RELEASE\PSD_SYSTEM.OBJ
D:\WEBTOP\CXIMAGE\LIBPSD\RELEASE\PSD_ZIP.OBJ
D:\WEBTOP\CXIMAGE\LIBPSD\RELEASE\RECT.OBJ
D:\WEBTOP\CXIMAGE\LIBPSD\RELEASE\SATIN.OBJ
D:\WEBTOP\CXIMAGE\LIBPSD\RELEASE\SELECTIVE_COLOR.OBJ
D:\WEBTOP\CXIMAGE\LIBPSD\RELEASE\SOLID_COLOR.OBJ
D:\WEBTOP\CXIMAGE\LIBPSD\RELEASE\STREAM.OBJ
D:\WEBTOP\CXIMAGE\LIBPSD\RELEASE\STROKE.OBJ
D:\WEBTOP\CXIMAGE\LIBPSD\RELEASE\THRESHOLD.OBJ
D:\WEBTOP\CXIMAGE\LIBPSD\RELEASE\THUMBNAIL.OBJ
D:\WEBTOP\CXIMAGE\LIBPSD\RELEASE\TYPE_TOOL.OBJ
D:\WEBTOP\CXIMAGE\LIBPSD\RELEASE\VC100.PDB
D:\WEBTOP\CXIMAGE\RELEASE\LIBPSD.LIB
