生成启动时间为 2016/5/14 10:44:16。
     1>项目“D:\php\php-sdk\phpdev\vc11\x86\php-5.6.20\ext\wing\lib\cximage\libpsd\libpsd.vcxproj”在节点 2 上(rebuild 个目标)。
     1>_PrepareForClean:
         正在删除文件“Release\libpsd.lastbuildstate”。
       InitializeBuildStatus:
         正在创建“Release\libpsd.unsuccessfulbuild”，因为已指定“AlwaysCreate”。
       ClCompile:
         C:\Program Files (x86)\Microsoft Visual Studio 10.0\VC\bin\CL.exe /c /Zi /nologo /W3 /WX- /O2 /Oi /Oy- /GL /D WIN32 /D NDEBUG /D _LIB /D _CRT_SECURE_NO_DEPRECATE /D _MBCS /Gm- /EHsc /MT /GS /Gy /fp:precise /Zc:wchar_t /Zc:forScope /Fo"Release\\" /Fd"Release\vc100.pdb" /Gd /TC /analyze- /errorReport:prompt adjustment.c bevel_emboss.c bitmap.c blend.c boundary.c brightness_contrast.c channel_image.c channel_mixer.c color.c color_balance.c color_mode.c color_overlay.c curves.c descriptor.c drop_shadow.c effects.c file_header.c fixed.c gaussian_blur.c gradient_blend.c gradient_fill.c gradient_map.c gradient_overlay.c hue_saturation.c image_data.c image_resource.c inner_glow.c inner_shadow.c invert.c layer_mask.c levels.c outer_glow.c path.c pattern.c pattern_fill.c pattern_overlay.c photo_filter.c posterize.c psd.c psd_system.c psd_zip.c rect.c satin.c selective_color.c solid_color.c stream.c stroke.c threshold.c thumbnail.c type_tool.c
         adjustment.c
         bevel_emboss.c
         bitmap.c
         blend.c
         boundary.c
         brightness_contrast.c
         channel_image.c
         channel_mixer.c
         color.c
         color_balance.c
         color_mode.c
         color_overlay.c
         curves.c
         descriptor.c
         drop_shadow.c
         effects.c
         file_header.c
         fixed.c
         gaussian_blur.c
         gradient_blend.c
         正在编译...
         gradient_fill.c
         gradient_map.c
         gradient_overlay.c
         hue_saturation.c
         image_data.c
         image_resource.c
         inner_glow.c
         inner_shadow.c
         invert.c
         layer_mask.c
         levels.c
         outer_glow.c
         path.c
         pattern.c
         pattern_fill.c
         pattern_overlay.c
         photo_filter.c
         posterize.c
         psd.c
         psd_system.c
         正在编译...
         psd_zip.c
         rect.c
         satin.c
         selective_color.c
         solid_color.c
         stream.c
         stroke.c
         threshold.c
         thumbnail.c
         type_tool.c
       Lib:
         C:\Program Files (x86)\Microsoft Visual Studio 10.0\VC\bin\Lib.exe /OUT:"D:\php\php-sdk\phpdev\vc11\x86\php-5.6.20\ext\wing\lib\cximage\Release\libpsd.lib" /NOLOGO /LTCG Release\adjustment.obj
         Release\bevel_emboss.obj
         Release\bitmap.obj
         Release\blend.obj
         Release\boundary.obj
         Release\brightness_contrast.obj
         Release\channel_image.obj
         Release\channel_mixer.obj
         Release\color.obj
         Release\color_balance.obj
         Release\color_mode.obj
         Release\color_overlay.obj
         Release\curves.obj
         Release\descriptor.obj
         Release\drop_shadow.obj
         Release\effects.obj
         Release\file_header.obj
         Release\fixed.obj
         Release\gaussian_blur.obj
         Release\gradient_blend.obj
         Release\gradient_fill.obj
         Release\gradient_map.obj
         Release\gradient_overlay.obj
         Release\hue_saturation.obj
         Release\image_data.obj
         Release\image_resource.obj
         Release\inner_glow.obj
         Release\inner_shadow.obj
         Release\invert.obj
         Release\layer_mask.obj
         Release\levels.obj
         Release\outer_glow.obj
         Release\path.obj
         Release\pattern.obj
         Release\pattern_fill.obj
         Release\pattern_overlay.obj
         Release\photo_filter.obj
         Release\posterize.obj
         Release\psd.obj
         Release\psd_system.obj
         Release\psd_zip.obj
         Release\rect.obj
         Release\satin.obj
         Release\selective_color.obj
         Release\solid_color.obj
         Release\stream.obj
         Release\stroke.obj
         Release\threshold.obj
         Release\thumbnail.obj
         Release\type_tool.obj
         libpsd.vcxproj -> D:\php\php-sdk\phpdev\vc11\x86\php-5.6.20\ext\wing\lib\cximage\Release\libpsd.lib
       FinalizeBuildStatus:
         正在删除文件“Release\libpsd.unsuccessfulbuild”。
         正在对“Release\libpsd.lastbuildstate”执行 Touch 任务。
     1>已完成生成项目“D:\php\php-sdk\phpdev\vc11\x86\php-5.6.20\ext\wing\lib\cximage\libpsd\libpsd.vcxproj”(rebuild 个目标)的操作。

生成成功。

已用时间 00:00:01.20
