生成启动时间为 2016/5/14 10:49:40。
     1>项目“D:\php\php-sdk\phpdev\vc11\x86\php-5.6.20\ext\wing\lib\cximage\demo\demo.vcxproj”在节点 5 上(rebuild 个目标)。
     1>_PrepareForClean:
         正在删除文件“Debug\demo.lastbuildstate”。
       InitializeBuildStatus:
         正在创建“Debug\demo.unsuccessfulbuild”，因为已指定“AlwaysCreate”。
       ClCompile:
         C:\Program Files (x86)\Microsoft Visual Studio 10.0\VC\bin\CL.exe /c /I..\cximage /ZI /nologo /W3 /WX- /Od /Oy- /D WIN32 /D _WINDOWS /D _DEBUG /D VATI_EXTENSIONS /D _CRT_SECURE_NO_DEPRECATE /D _CRT_NON_CONFORMING_SWPRINTFS /D _WIN32_IE=0x0501 /D _UNICODE /D UNICODE /D _AFXDLL /Gm /EHsc /RTC1 /MDd /GS /fp:precise /Zc:wchar_t /Zc:forScope /Yc /Fp"Debug\demo.pch" /Fo"Debug\\" /Fd"Debug\vc100.pdb" /Gd /TP /analyze- /errorReport:prompt stdafx.cpp
         stdafx.cpp
         C:\Program Files (x86)\Microsoft Visual Studio 10.0\VC\bin\CL.exe /c /I..\cximage /ZI /nologo /W3 /WX- /Od /Oy- /D WIN32 /D _WINDOWS /D _DEBUG /D VATI_EXTENSIONS /D _CRT_SECURE_NO_DEPRECATE /D _CRT_NON_CONFORMING_SWPRINTFS /D _WIN32_IE=0x0501 /D _UNICODE /D UNICODE /D _AFXDLL /Gm /EHsc /RTC1 /MDd /GS /fp:precise /Zc:wchar_t /Zc:forScope /Fo"Debug\\" /Fd"Debug\vc100.pdb" /Gd /TP /analyze- /errorReport:prompt BCMenu.cpp ChildFrm.cpp demo.cpp demoDoc.cpp demoView.cpp dlgcapture.cpp DlgColorize.cpp DlgCombine.cpp DlgCustomFilter.cpp DlgDataExt.cpp DlgDecBpp.cpp DlgDither.cpp DlgExpand.cpp DlgFFT.cpp DlgFloodFill.cpp DlgGamma.cpp DlgHisto.cpp DlgIncBpp.cpp DlgJpeg.cpp DlgMix.cpp DlgOpacity.cpp DlgOptions.cpp DlgPalette.cpp DlgRepair.cpp DlgResample.cpp DlgRotate.cpp DlgShadow.cpp DlgSkew.cpp DlgText.cpp DlgThreshold.cpp DlgURL.cpp logomdi.cpp MainFrm.cpp Quantize.cpp TwainCpp.cpp xTargetButton.cpp
         xTargetButton.cpp
         TwainCpp.cpp
     1>d:\php\php-sdk\phpdev\vc11\x86\php-5.6.20\ext\wing\lib\cximage\demo\twain.h : warning C4819: 该文件包含不能在当前代码页(936)中表示的字符。请将该文件保存为 Unicode 格式以防止数据丢失
         Quantize.cpp
         MainFrm.cpp
     1>d:\php\php-sdk\phpdev\vc11\x86\php-5.6.20\ext\wing\lib\cximage\demo\twain.h : warning C4819: 该文件包含不能在当前代码页(936)中表示的字符。请将该文件保存为 Unicode 格式以防止数据丢失
         logomdi.cpp
         DlgURL.cpp
         DlgThreshold.cpp
         DlgText.cpp
         DlgSkew.cpp
         DlgShadow.cpp
         DlgRotate.cpp
         DlgResample.cpp
         DlgRepair.cpp
         DlgPalette.cpp
         DlgOptions.cpp
         DlgOpacity.cpp
         DlgMix.cpp
         DlgJpeg.cpp
         DlgIncBpp.cpp
         DlgHisto.cpp
     1>d:\php\php-sdk\phpdev\vc11\x86\php-5.6.20\ext\wing\lib\cximage\demo\twain.h : warning C4819: 该文件包含不能在当前代码页(936)中表示的字符。请将该文件保存为 Unicode 格式以防止数据丢失
         正在生成代码...
         正在编译...
         DlgGamma.cpp
         DlgFloodFill.cpp
         DlgFFT.cpp
         DlgExpand.cpp
         DlgDither.cpp
         DlgDecBpp.cpp
         DlgDataExt.cpp
         DlgCustomFilter.cpp
         DlgCombine.cpp
         DlgColorize.cpp
         dlgcapture.cpp
         demoView.cpp
     1>d:\php\php-sdk\phpdev\vc11\x86\php-5.6.20\ext\wing\lib\cximage\demo\twain.h : warning C4819: 该文件包含不能在当前代码页(936)中表示的字符。请将该文件保存为 Unicode 格式以防止数据丢失
         demoDoc.cpp
     1>d:\php\php-sdk\phpdev\vc11\x86\php-5.6.20\ext\wing\lib\cximage\demo\twain.h : warning C4819: 该文件包含不能在当前代码页(936)中表示的字符。请将该文件保存为 Unicode 格式以防止数据丢失
         demo.cpp
     1>d:\php\php-sdk\phpdev\vc11\x86\php-5.6.20\ext\wing\lib\cximage\demo\twain.h : warning C4819: 该文件包含不能在当前代码页(936)中表示的字符。请将该文件保存为 Unicode 格式以防止数据丢失
         ChildFrm.cpp
         BCMenu.cpp
     1>d:\php\php-sdk\phpdev\vc11\x86\php-5.6.20\ext\wing\lib\cximage\demo\bcmenu.cpp(1972): warning C4018: “<”: 有符号/无符号不匹配
         正在生成代码...
       ResourceCompile:
         C:\Program Files (x86)\Microsoft SDKs\Windows\v7.0A\bin\rc.exe /D _DEBUG /D _UNICODE /D UNICODE /D _AFXDLL /l"0x0409" /IDebug\ /nologo /fo"Debug\demo.res" demo.rc 
       ManifestResourceCompile:
         C:\Program Files (x86)\Microsoft SDKs\Windows\v7.0A\bin\rc.exe /nologo /fo"Debug\demo.exe.embed.manifest.res" Debug\demo_manifest.rc 
     1>C:\Program Files (x86)\MSBuild\Microsoft.Cpp\v4.0\Microsoft.CppBuild.targets(990,5): warning MSB8012: TargetPath(D:\php\php-sdk\phpdev\vc11\x86\php-5.6.20\ext\wing\lib\cximage\Debug\demo.exe) 与 Linker 的 OutputFile 属性值(D:\php\php-sdk\phpdev\vc11\x86\php-5.6.20\ext\wing\lib\cximage\bin\demod.exe)不匹配。这可能导致项目生成不正确。若要更正此问题，请确保 $(OutDir)、$(TargetName) 和 $(TargetExt) 属性值与 %(Link.OutputFile) 中指定的值匹配。
     1>C:\Program Files (x86)\MSBuild\Microsoft.Cpp\v4.0\Microsoft.CppBuild.targets(992,5): warning MSB8012: TargetName(demo) 与 Linker 的 OutputFile 属性值(demod)不匹配。这可能导致项目生成不正确。若要更正此问题，请确保 $(OutDir)、$(TargetName) 和 $(TargetExt) 属性值与 %(Link.OutputFile) 中指定的值匹配。
       Link:
         C:\Program Files (x86)\Microsoft Visual Studio 10.0\VC\bin\link.exe /ERRORREPORT:PROMPT /OUT:"../bin/demod.exe" /INCREMENTAL /NOLOGO wininet.lib ../Debug/png.lib ../Debug/jpeg.lib ../Debug/zlib.lib ../Debug/tiff.lib ../Debug/jbig.lib ../Debug/jasper.lib ../Debug/mng.lib ../Debug/libdcr.lib ../Debug/libpsd.lib ../Debug/cximage.lib /MANIFEST /ManifestFile:"Debug\demo.exe.intermediate.manifest" /MANIFESTUAC:"level='asInvoker' uiAccess='false'" /DEBUG /PDB:"D:\php\php-sdk\phpdev\vc11\x86\php-5.6.20\ext\wing\lib\cximage\Debug\demo.pdb" /SUBSYSTEM:WINDOWS /TLBID:1 /ENTRY:"wWinMainCRTStartup" /DYNAMICBASE /NXCOMPAT /IMPLIB:"D:\php\php-sdk\phpdev\vc11\x86\php-5.6.20\ext\wing\lib\cximage\Debug\demo.lib" /MACHINE:X86 Debug\demo.res
         Debug\demo.exe.embed.manifest.res
         Debug\BCMenu.obj
         Debug\ChildFrm.obj
         Debug\demo.obj
         Debug\demoDoc.obj
         Debug\demoView.obj
         Debug\dlgcapture.obj
         Debug\DlgColorize.obj
         Debug\DlgCombine.obj
         Debug\DlgCustomFilter.obj
         Debug\DlgDataExt.obj
         Debug\DlgDecBpp.obj
         Debug\DlgDither.obj
         Debug\DlgExpand.obj
         Debug\DlgFFT.obj
         Debug\DlgFloodFill.obj
         Debug\DlgGamma.obj
         Debug\DlgHisto.obj
         Debug\DlgIncBpp.obj
         Debug\DlgJpeg.obj
         Debug\DlgMix.obj
         Debug\DlgOpacity.obj
         Debug\DlgOptions.obj
         Debug\DlgPalette.obj
         Debug\DlgRepair.obj
         Debug\DlgResample.obj
         Debug\DlgRotate.obj
         Debug\DlgShadow.obj
         Debug\DlgSkew.obj
         Debug\DlgText.obj
         Debug\DlgThreshold.obj
         Debug\DlgURL.obj
         Debug\logomdi.obj
         Debug\MainFrm.obj
         Debug\Quantize.obj
         Debug\stdafx.obj
         Debug\TwainCpp.obj
         Debug\xTargetButton.obj
         "D:\php\php-sdk\phpdev\vc11\x86\php-5.6.20\ext\wing\lib\cximage\CxImage\Release\cximage.lib"
         "D:\php\php-sdk\phpdev\vc11\x86\php-5.6.20\ext\wing\lib\cximage\Release\jasper.lib"
         "D:\php\php-sdk\phpdev\vc11\x86\php-5.6.20\ext\wing\lib\cximage\Release\jbig.lib"
         "D:\php\php-sdk\phpdev\vc11\x86\php-5.6.20\ext\wing\lib\cximage\Release\jpeg.lib"
         "D:\php\php-sdk\phpdev\vc11\x86\php-5.6.20\ext\wing\lib\cximage\Release\libpsd.lib"
         "D:\php\php-sdk\phpdev\vc11\x86\php-5.6.20\ext\wing\lib\cximage\Release\mng.lib"
         "D:\php\php-sdk\phpdev\vc11\x86\php-5.6.20\ext\wing\lib\cximage\Release\png.lib"
         "D:\php\php-sdk\phpdev\vc11\x86\php-5.6.20\ext\wing\lib\cximage\Release\libdcr.lib"
         "D:\php\php-sdk\phpdev\vc11\x86\php-5.6.20\ext\wing\lib\cximage\Release\tiff.lib"
         "D:\php\php-sdk\phpdev\vc11\x86\php-5.6.20\ext\wing\lib\cximage\Release\zlib.lib"
     1>LINK : fatal error LNK1104: 无法打开文件“../Debug/cximage.lib”
     1>已完成生成项目“D:\php\php-sdk\phpdev\vc11\x86\php-5.6.20\ext\wing\lib\cximage\demo\demo.vcxproj”(rebuild 个目标)的操作 - 失败。

生成失败。

已用时间 00:00:32.93
