D:\PHP\PHP-SDK\PHPDEV\VC11\X86\PHP-5.6.20\EXT\WING\LIB\CXIMAGE\BIN\DEMODDLL.EXE
D:\PHP\PHP-SDK\PHPDEV\VC11\X86\PHP-5.6.20\EXT\WING\LIB\CXIMAGE\BIN\DEMODDLL.ILK
D:\PHP\PHP-SDK\PHPDEV\VC11\X86\PHP-5.6.20\EXT\WING\LIB\CXIMAGE\DEBUG\DEMODLL.PDB
D:\PHP\PHP-SDK\PHPDEV\VC11\X86\PHP-5.6.20\EXT\WING\LIB\CXIMAGE\DEMO\DEBUG\BCMENU.OBJ
D:\PHP\PHP-SDK\PHPDEV\VC11\X86\PHP-5.6.20\EXT\WING\LIB\CXIMAGE\DEMO\DEBUG\CHILDFRM.OBJ
D:\php\php-sdk\phpdev\vc11\x86\php-5.6.20\ext\wing\lib\cximage\demo\Debug\cl.command.1.tlog
D:\php\php-sdk\phpdev\vc11\x86\php-5.6.20\ext\wing\lib\cximage\demo\Debug\CL.read.1.tlog
D:\php\php-sdk\phpdev\vc11\x86\php-5.6.20\ext\wing\lib\cximage\demo\Debug\CL.write.1.tlog
D:\PHP\PHP-SDK\PHPDEV\VC11\X86\PHP-5.6.20\EXT\WING\LIB\CXIMAGE\DEMO\DEBUG\DEMO.OBJ
D:\PHP\PHP-SDK\PHPDEV\VC11\X86\PHP-5.6.20\EXT\WING\LIB\CXIMAGE\DEMO\DEBUG\DEMO.RES
D:\PHP\PHP-SDK\PHPDEV\VC11\X86\PHP-5.6.20\EXT\WING\LIB\CXIMAGE\DEMO\DEBUG\DEMODLL.EXE.EMBED.MANIFEST
D:\PHP\PHP-SDK\PHPDEV\VC11\X86\PHP-5.6.20\EXT\WING\LIB\CXIMAGE\DEMO\DEBUG\DEMODLL.EXE.EMBED.MANIFEST.RES
D:\PHP\PHP-SDK\PHPDEV\VC11\X86\PHP-5.6.20\EXT\WING\LIB\CXIMAGE\DEMO\DEBUG\DEMODLL.EXE.INTERMEDIATE.MANIFEST
D:\PHP\PHP-SDK\PHPDEV\VC11\X86\PHP-5.6.20\EXT\WING\LIB\CXIMAGE\DEMO\DEBUG\DEMODLL.PCH
D:\php\php-sdk\phpdev\vc11\x86\php-5.6.20\ext\wing\lib\cximage\demo\Debug\demodll.vcxprojResolveAssemblyReference.cache
D:\php\php-sdk\phpdev\vc11\x86\php-5.6.20\ext\wing\lib\cximage\demo\Debug\demodll.write.1.tlog
D:\php\php-sdk\phpdev\vc11\x86\php-5.6.20\ext\wing\lib\cximage\demo\Debug\demodll_manifest.rc
D:\PHP\PHP-SDK\PHPDEV\VC11\X86\PHP-5.6.20\EXT\WING\LIB\CXIMAGE\DEMO\DEBUG\DEMODOC.OBJ
D:\PHP\PHP-SDK\PHPDEV\VC11\X86\PHP-5.6.20\EXT\WING\LIB\CXIMAGE\DEMO\DEBUG\DEMOVIEW.OBJ
D:\PHP\PHP-SDK\PHPDEV\VC11\X86\PHP-5.6.20\EXT\WING\LIB\CXIMAGE\DEMO\DEBUG\DLGCAPTURE.OBJ
D:\PHP\PHP-SDK\PHPDEV\VC11\X86\PHP-5.6.20\EXT\WING\LIB\CXIMAGE\DEMO\DEBUG\DLGCOLORIZE.OBJ
D:\PHP\PHP-SDK\PHPDEV\VC11\X86\PHP-5.6.20\EXT\WING\LIB\CXIMAGE\DEMO\DEBUG\DLGCOMBINE.OBJ
D:\PHP\PHP-SDK\PHPDEV\VC11\X86\PHP-5.6.20\EXT\WING\LIB\CXIMAGE\DEMO\DEBUG\DLGCUSTOMFILTER.OBJ
D:\PHP\PHP-SDK\PHPDEV\VC11\X86\PHP-5.6.20\EXT\WING\LIB\CXIMAGE\DEMO\DEBUG\DLGDATAEXT.OBJ
D:\PHP\PHP-SDK\PHPDEV\VC11\X86\PHP-5.6.20\EXT\WING\LIB\CXIMAGE\DEMO\DEBUG\DLGDECBPP.OBJ
D:\PHP\PHP-SDK\PHPDEV\VC11\X86\PHP-5.6.20\EXT\WING\LIB\CXIMAGE\DEMO\DEBUG\DLGDITHER.OBJ
D:\PHP\PHP-SDK\PHPDEV\VC11\X86\PHP-5.6.20\EXT\WING\LIB\CXIMAGE\DEMO\DEBUG\DLGEXPAND.OBJ
D:\PHP\PHP-SDK\PHPDEV\VC11\X86\PHP-5.6.20\EXT\WING\LIB\CXIMAGE\DEMO\DEBUG\DLGFFT.OBJ
D:\PHP\PHP-SDK\PHPDEV\VC11\X86\PHP-5.6.20\EXT\WING\LIB\CXIMAGE\DEMO\DEBUG\DLGFLOODFILL.OBJ
D:\PHP\PHP-SDK\PHPDEV\VC11\X86\PHP-5.6.20\EXT\WING\LIB\CXIMAGE\DEMO\DEBUG\DLGGAMMA.OBJ
D:\PHP\PHP-SDK\PHPDEV\VC11\X86\PHP-5.6.20\EXT\WING\LIB\CXIMAGE\DEMO\DEBUG\DLGHISTO.OBJ
D:\PHP\PHP-SDK\PHPDEV\VC11\X86\PHP-5.6.20\EXT\WING\LIB\CXIMAGE\DEMO\DEBUG\DLGINCBPP.OBJ
D:\PHP\PHP-SDK\PHPDEV\VC11\X86\PHP-5.6.20\EXT\WING\LIB\CXIMAGE\DEMO\DEBUG\DLGJPEG.OBJ
D:\PHP\PHP-SDK\PHPDEV\VC11\X86\PHP-5.6.20\EXT\WING\LIB\CXIMAGE\DEMO\DEBUG\DLGMIX.OBJ
D:\PHP\PHP-SDK\PHPDEV\VC11\X86\PHP-5.6.20\EXT\WING\LIB\CXIMAGE\DEMO\DEBUG\DLGOPACITY.OBJ
D:\PHP\PHP-SDK\PHPDEV\VC11\X86\PHP-5.6.20\EXT\WING\LIB\CXIMAGE\DEMO\DEBUG\DLGOPTIONS.OBJ
D:\PHP\PHP-SDK\PHPDEV\VC11\X86\PHP-5.6.20\EXT\WING\LIB\CXIMAGE\DEMO\DEBUG\DLGPALETTE.OBJ
D:\PHP\PHP-SDK\PHPDEV\VC11\X86\PHP-5.6.20\EXT\WING\LIB\CXIMAGE\DEMO\DEBUG\DLGREPAIR.OBJ
D:\PHP\PHP-SDK\PHPDEV\VC11\X86\PHP-5.6.20\EXT\WING\LIB\CXIMAGE\DEMO\DEBUG\DLGRESAMPLE.OBJ
D:\PHP\PHP-SDK\PHPDEV\VC11\X86\PHP-5.6.20\EXT\WING\LIB\CXIMAGE\DEMO\DEBUG\DLGROTATE.OBJ
D:\PHP\PHP-SDK\PHPDEV\VC11\X86\PHP-5.6.20\EXT\WING\LIB\CXIMAGE\DEMO\DEBUG\DLGSHADOW.OBJ
D:\PHP\PHP-SDK\PHPDEV\VC11\X86\PHP-5.6.20\EXT\WING\LIB\CXIMAGE\DEMO\DEBUG\DLGSKEW.OBJ
D:\PHP\PHP-SDK\PHPDEV\VC11\X86\PHP-5.6.20\EXT\WING\LIB\CXIMAGE\DEMO\DEBUG\DLGTEXT.OBJ
D:\PHP\PHP-SDK\PHPDEV\VC11\X86\PHP-5.6.20\EXT\WING\LIB\CXIMAGE\DEMO\DEBUG\DLGTHRESHOLD.OBJ
D:\PHP\PHP-SDK\PHPDEV\VC11\X86\PHP-5.6.20\EXT\WING\LIB\CXIMAGE\DEMO\DEBUG\DLGURL.OBJ
D:\php\php-sdk\phpdev\vc11\x86\php-5.6.20\ext\wing\lib\cximage\demo\Debug\link.command.1.tlog
D:\php\php-sdk\phpdev\vc11\x86\php-5.6.20\ext\wing\lib\cximage\demo\Debug\link.read.1.tlog
D:\php\php-sdk\phpdev\vc11\x86\php-5.6.20\ext\wing\lib\cximage\demo\Debug\link.write.1.tlog
D:\php\php-sdk\phpdev\vc11\x86\php-5.6.20\ext\wing\lib\cximage\demo\Debug\link-cvtres.read.1.tlog
D:\php\php-sdk\phpdev\vc11\x86\php-5.6.20\ext\wing\lib\cximage\demo\Debug\link-cvtres.write.1.tlog
D:\PHP\PHP-SDK\PHPDEV\VC11\X86\PHP-5.6.20\EXT\WING\LIB\CXIMAGE\DEMO\DEBUG\LOGOMDI.OBJ
D:\PHP\PHP-SDK\PHPDEV\VC11\X86\PHP-5.6.20\EXT\WING\LIB\CXIMAGE\DEMO\DEBUG\MAINFRM.OBJ
D:\php\php-sdk\phpdev\vc11\x86\php-5.6.20\ext\wing\lib\cximage\demo\Debug\mt.command.1.tlog
D:\php\php-sdk\phpdev\vc11\x86\php-5.6.20\ext\wing\lib\cximage\demo\Debug\mt.read.1.tlog
D:\php\php-sdk\phpdev\vc11\x86\php-5.6.20\ext\wing\lib\cximage\demo\Debug\mt.write.1.tlog
D:\PHP\PHP-SDK\PHPDEV\VC11\X86\PHP-5.6.20\EXT\WING\LIB\CXIMAGE\DEMO\DEBUG\QUANTIZE.OBJ
D:\php\php-sdk\phpdev\vc11\x86\php-5.6.20\ext\wing\lib\cximage\demo\Debug\rc.command.1.tlog
D:\php\php-sdk\phpdev\vc11\x86\php-5.6.20\ext\wing\lib\cximage\demo\Debug\rc.read.1.tlog
D:\php\php-sdk\phpdev\vc11\x86\php-5.6.20\ext\wing\lib\cximage\demo\Debug\rc.write.1.tlog
D:\PHP\PHP-SDK\PHPDEV\VC11\X86\PHP-5.6.20\EXT\WING\LIB\CXIMAGE\DEMO\DEBUG\STDAFX.OBJ
D:\PHP\PHP-SDK\PHPDEV\VC11\X86\PHP-5.6.20\EXT\WING\LIB\CXIMAGE\DEMO\DEBUG\TWAINCPP.OBJ
D:\php\php-sdk\phpdev\vc11\x86\php-5.6.20\ext\wing\lib\cximage\demo\Debug\vc100.idb
D:\PHP\PHP-SDK\PHPDEV\VC11\X86\PHP-5.6.20\EXT\WING\LIB\CXIMAGE\DEMO\DEBUG\VC100.PDB
D:\PHP\PHP-SDK\PHPDEV\VC11\X86\PHP-5.6.20\EXT\WING\LIB\CXIMAGE\DEMO\DEBUG\XTARGETBUTTON.OBJ
