D:\php\php-sdk\phpdev\vc11\x86\php-5.6.20\ext\wing\lib\cximage\png\Release\cl.command.1.tlog
D:\php\php-sdk\phpdev\vc11\x86\php-5.6.20\ext\wing\lib\cximage\png\Release\CL.read.1.tlog
D:\php\php-sdk\phpdev\vc11\x86\php-5.6.20\ext\wing\lib\cximage\png\Release\CL.write.1.tlog
D:\php\php-sdk\phpdev\vc11\x86\php-5.6.20\ext\wing\lib\cximage\png\Release\lib.command.1.tlog
D:\php\php-sdk\phpdev\vc11\x86\php-5.6.20\ext\wing\lib\cximage\png\Release\Lib-link.read.1.tlog
D:\php\php-sdk\phpdev\vc11\x86\php-5.6.20\ext\wing\lib\cximage\png\Release\Lib-link.write.1.tlog
D:\php\php-sdk\phpdev\vc11\x86\php-5.6.20\ext\wing\lib\cximage\png\Release\png.obj
D:\php\php-sdk\phpdev\vc11\x86\php-5.6.20\ext\wing\lib\cximage\png\Release\png.write.1.tlog
D:\php\php-sdk\phpdev\vc11\x86\php-5.6.20\ext\wing\lib\cximage\png\Release\pngerror.obj
D:\php\php-sdk\phpdev\vc11\x86\php-5.6.20\ext\wing\lib\cximage\png\Release\pngget.obj
D:\php\php-sdk\phpdev\vc11\x86\php-5.6.20\ext\wing\lib\cximage\png\Release\pngmem.obj
D:\php\php-sdk\phpdev\vc11\x86\php-5.6.20\ext\wing\lib\cximage\png\Release\pngpread.obj
D:\php\php-sdk\phpdev\vc11\x86\php-5.6.20\ext\wing\lib\cximage\png\Release\pngread.obj
D:\php\php-sdk\phpdev\vc11\x86\php-5.6.20\ext\wing\lib\cximage\png\Release\pngrio.obj
D:\php\php-sdk\phpdev\vc11\x86\php-5.6.20\ext\wing\lib\cximage\png\Release\pngrtran.obj
D:\php\php-sdk\phpdev\vc11\x86\php-5.6.20\ext\wing\lib\cximage\png\Release\pngrutil.obj
D:\php\php-sdk\phpdev\vc11\x86\php-5.6.20\ext\wing\lib\cximage\png\Release\pngset.obj
D:\php\php-sdk\phpdev\vc11\x86\php-5.6.20\ext\wing\lib\cximage\png\Release\pngtrans.obj
D:\php\php-sdk\phpdev\vc11\x86\php-5.6.20\ext\wing\lib\cximage\png\Release\pngwio.obj
D:\php\php-sdk\phpdev\vc11\x86\php-5.6.20\ext\wing\lib\cximage\png\Release\pngwrite.obj
D:\php\php-sdk\phpdev\vc11\x86\php-5.6.20\ext\wing\lib\cximage\png\Release\pngwtran.obj
D:\php\php-sdk\phpdev\vc11\x86\php-5.6.20\ext\wing\lib\cximage\png\Release\pngwutil.obj
D:\php\php-sdk\phpdev\vc11\x86\php-5.6.20\ext\wing\lib\cximage\png\Release\vc100.pdb
D:\WEBTOP\CXIMAGE\PNG\RELEASE\PNG.OBJ
D:\WEBTOP\CXIMAGE\PNG\RELEASE\PNGERROR.OBJ
D:\WEBTOP\CXIMAGE\PNG\RELEASE\PNGGET.OBJ
D:\WEBTOP\CXIMAGE\PNG\RELEASE\PNGMEM.OBJ
D:\WEBTOP\CXIMAGE\PNG\RELEASE\PNGPREAD.OBJ
D:\WEBTOP\CXIMAGE\PNG\RELEASE\PNGREAD.OBJ
D:\WEBTOP\CXIMAGE\PNG\RELEASE\PNGRIO.OBJ
D:\WEBTOP\CXIMAGE\PNG\RELEASE\PNGRTRAN.OBJ
D:\WEBTOP\CXIMAGE\PNG\RELEASE\PNGRUTIL.OBJ
D:\WEBTOP\CXIMAGE\PNG\RELEASE\PNGSET.OBJ
D:\WEBTOP\CXIMAGE\PNG\RELEASE\PNGTRANS.OBJ
D:\WEBTOP\CXIMAGE\PNG\RELEASE\PNGWIO.OBJ
D:\WEBTOP\CXIMAGE\PNG\RELEASE\PNGWRITE.OBJ
D:\WEBTOP\CXIMAGE\PNG\RELEASE\PNGWTRAN.OBJ
D:\WEBTOP\CXIMAGE\PNG\RELEASE\PNGWUTIL.OBJ
D:\WEBTOP\CXIMAGE\PNG\RELEASE\VC100.PDB
D:\WEBTOP\CXIMAGE\RELEASE\PNG.LIB
