D:\php\php-sdk\phpdev\vc11\x86\php-5.6.20\ext\wing\lib\cximage\png\x64\Debug\cl.command.1.tlog
D:\php\php-sdk\phpdev\vc11\x86\php-5.6.20\ext\wing\lib\cximage\png\x64\Debug\CL.read.1.tlog
D:\php\php-sdk\phpdev\vc11\x86\php-5.6.20\ext\wing\lib\cximage\png\x64\Debug\CL.write.1.tlog
D:\php\php-sdk\phpdev\vc11\x86\php-5.6.20\ext\wing\lib\cximage\png\x64\Debug\lib.command.1.tlog
D:\php\php-sdk\phpdev\vc11\x86\php-5.6.20\ext\wing\lib\cximage\png\x64\Debug\Lib-link.read.1.tlog
D:\php\php-sdk\phpdev\vc11\x86\php-5.6.20\ext\wing\lib\cximage\png\x64\Debug\Lib-link.write.1.tlog
D:\php\php-sdk\phpdev\vc11\x86\php-5.6.20\ext\wing\lib\cximage\png\x64\Debug\png.obj
D:\php\php-sdk\phpdev\vc11\x86\php-5.6.20\ext\wing\lib\cximage\png\x64\Debug\png.write.1.tlog
D:\php\php-sdk\phpdev\vc11\x86\php-5.6.20\ext\wing\lib\cximage\png\x64\Debug\pngerror.obj
D:\php\php-sdk\phpdev\vc11\x86\php-5.6.20\ext\wing\lib\cximage\png\x64\Debug\pngget.obj
D:\php\php-sdk\phpdev\vc11\x86\php-5.6.20\ext\wing\lib\cximage\png\x64\Debug\pngmem.obj
D:\php\php-sdk\phpdev\vc11\x86\php-5.6.20\ext\wing\lib\cximage\png\x64\Debug\pngpread.obj
D:\php\php-sdk\phpdev\vc11\x86\php-5.6.20\ext\wing\lib\cximage\png\x64\Debug\pngread.obj
D:\php\php-sdk\phpdev\vc11\x86\php-5.6.20\ext\wing\lib\cximage\png\x64\Debug\pngrio.obj
D:\php\php-sdk\phpdev\vc11\x86\php-5.6.20\ext\wing\lib\cximage\png\x64\Debug\pngrtran.obj
D:\php\php-sdk\phpdev\vc11\x86\php-5.6.20\ext\wing\lib\cximage\png\x64\Debug\pngrutil.obj
D:\php\php-sdk\phpdev\vc11\x86\php-5.6.20\ext\wing\lib\cximage\png\x64\Debug\pngset.obj
D:\php\php-sdk\phpdev\vc11\x86\php-5.6.20\ext\wing\lib\cximage\png\x64\Debug\pngtrans.obj
D:\php\php-sdk\phpdev\vc11\x86\php-5.6.20\ext\wing\lib\cximage\png\x64\Debug\pngwio.obj
D:\php\php-sdk\phpdev\vc11\x86\php-5.6.20\ext\wing\lib\cximage\png\x64\Debug\pngwrite.obj
D:\php\php-sdk\phpdev\vc11\x86\php-5.6.20\ext\wing\lib\cximage\png\x64\Debug\pngwtran.obj
D:\php\php-sdk\phpdev\vc11\x86\php-5.6.20\ext\wing\lib\cximage\png\x64\Debug\pngwutil.obj
D:\php\php-sdk\phpdev\vc11\x86\php-5.6.20\ext\wing\lib\cximage\png\x64\Debug\vc100.idb
D:\php\php-sdk\phpdev\vc11\x86\php-5.6.20\ext\wing\lib\cximage\png\x64\Debug\vc100.pdb
D:\WEBTOP\CXIMAGE\PNG\X64\DEBUG\PNG.OBJ
D:\WEBTOP\CXIMAGE\PNG\X64\DEBUG\PNGERROR.OBJ
D:\WEBTOP\CXIMAGE\PNG\X64\DEBUG\PNGGET.OBJ
D:\WEBTOP\CXIMAGE\PNG\X64\DEBUG\PNGMEM.OBJ
D:\WEBTOP\CXIMAGE\PNG\X64\DEBUG\PNGPREAD.OBJ
D:\WEBTOP\CXIMAGE\PNG\X64\DEBUG\PNGREAD.OBJ
D:\WEBTOP\CXIMAGE\PNG\X64\DEBUG\PNGRIO.OBJ
D:\WEBTOP\CXIMAGE\PNG\X64\DEBUG\PNGRTRAN.OBJ
D:\WEBTOP\CXIMAGE\PNG\X64\DEBUG\PNGRUTIL.OBJ
D:\WEBTOP\CXIMAGE\PNG\X64\DEBUG\PNGSET.OBJ
D:\WEBTOP\CXIMAGE\PNG\X64\DEBUG\PNGTRANS.OBJ
D:\WEBTOP\CXIMAGE\PNG\X64\DEBUG\PNGWIO.OBJ
D:\WEBTOP\CXIMAGE\PNG\X64\DEBUG\PNGWRITE.OBJ
D:\WEBTOP\CXIMAGE\PNG\X64\DEBUG\PNGWTRAN.OBJ
D:\WEBTOP\CXIMAGE\PNG\X64\DEBUG\PNGWUTIL.OBJ
D:\WEBTOP\CXIMAGE\PNG\X64\DEBUG\VC100.PDB
D:\WEBTOP\CXIMAGE\X64\DEBUG\PNG.LIB
