生成启动时间为 2016/5/14 10:44:20。
     1>项目“D:\php\php-sdk\phpdev\vc11\x86\php-5.6.20\ext\wing\lib\cximage\raw\libdcr.vcxproj”在节点 2 上(rebuild 个目标)。
     1>_PrepareForClean:
         正在删除文件“x64\Release\libdcr.lastbuildstate”。
       InitializeBuildStatus:
         正在创建“x64\Release\libdcr.unsuccessfulbuild”，因为已指定“AlwaysCreate”。
       ClCompile:
         C:\Program Files (x86)\Microsoft Visual Studio 10.0\VC\bin\x86_amd64\CL.exe /c /Zi /nologo /W3 /WX- /O2 /Oi /GL /D WIN32 /D NDEBUG /D _LIB /D _CRT_SECURE_NO_DEPRECATE /D _UNICODE /D UNICODE /Gm- /EHsc /MD /GS /Gy /fp:precise /Zc:wchar_t /Zc:forScope /Fo"x64\Release\\" /Fd"x64\Release\vc100.pdb" /Gd /TC /errorReport:prompt libdcr.c
         libdcr.c
     1>libdcr.c(5563): warning C4267: “函数”: 从“size_t”转换到“long”，可能丢失数据
     1>libdcr.c(6648): warning C4244: “函数”: 从“__int64”转换到“int”，可能丢失数据
     1>libdcr.c(6740): warning C4267: “=”: 从“size_t”转换到“unsigned int”，可能丢失数据
     1>libdcr.c(7972): warning C4267: “=”: 从“size_t”转换到“unsigned int”，可能丢失数据
     1>libdcr.c(8160): warning C4244: “=”: 从“__int64”转换到“int”，可能丢失数据
     1>libdcr.c(8165): warning C4244: “函数”: 从“__int64”转换到“int”，可能丢失数据
     1>libdcr.c(8166): warning C4244: “函数”: 从“__int64”转换到“int”，可能丢失数据
     1>libdcr.c(8167): warning C4244: “函数”: 从“__int64”转换到“int”，可能丢失数据
     1>libdcr.c(8176): warning C4244: “函数”: 从“__int64”转换到“int”，可能丢失数据
     1>libdcr.c(8177): warning C4244: “函数”: 从“__int64”转换到“int”，可能丢失数据
     1>libdcr.c(8180): warning C4244: “函数”: 从“__int64”转换到“int”，可能丢失数据
     1>libdcr.c(8181): warning C4244: “函数”: 从“__int64”转换到“int”，可能丢失数据
     1>libdcr.c(8182): warning C4244: “函数”: 从“__int64”转换到“int”，可能丢失数据
     1>libdcr.c(8183): warning C4244: “函数”: 从“__int64”转换到“int”，可能丢失数据
     1>libdcr.c(8185): warning C4244: “函数”: 从“__int64”转换到“int”，可能丢失数据
     1>libdcr.c(8186): warning C4244: “函数”: 从“__int64”转换到“int”，可能丢失数据
     1>libdcr.c(8188): warning C4244: “函数”: 从“__int64”转换到“int”，可能丢失数据
     1>libdcr.c(8190): warning C4244: “函数”: 从“__int64”转换到“int”，可能丢失数据
     1>libdcr.c(8193): warning C4244: “函数”: 从“__int64”转换到“int”，可能丢失数据
     1>libdcr.c(8195): warning C4244: “函数”: 从“__int64”转换到“int”，可能丢失数据
     1>libdcr.c(8197): warning C4244: “函数”: 从“__int64”转换到“int”，可能丢失数据
     1>libdcr.c(8198): warning C4244: “函数”: 从“__int64”转换到“int”，可能丢失数据
     1>libdcr.c(8199): warning C4244: “函数”: 从“__int64”转换到“int”，可能丢失数据
     1>libdcr.c(8200): warning C4244: “函数”: 从“__int64”转换到“int”，可能丢失数据
     1>libdcr.c(8292): warning C4267: “return”: 从“size_t”转换到“int”，可能丢失数据
     1>libdcr.c(8297): warning C4267: “return”: 从“size_t”转换到“int”，可能丢失数据
       Lib:
         C:\Program Files (x86)\Microsoft Visual Studio 10.0\VC\bin\x86_amd64\Lib.exe /OUT:"D:\php\php-sdk\phpdev\vc11\x86\php-5.6.20\ext\wing\lib\cximage\x64\Release\libdcr.lib" /NOLOGO /LTCG x64\Release\libdcr.obj
         libdcr.vcxproj -> D:\php\php-sdk\phpdev\vc11\x86\php-5.6.20\ext\wing\lib\cximage\x64\Release\libdcr.lib
       FinalizeBuildStatus:
         正在删除文件“x64\Release\libdcr.unsuccessfulbuild”。
         正在对“x64\Release\libdcr.lastbuildstate”执行 Touch 任务。
     1>已完成生成项目“D:\php\php-sdk\phpdev\vc11\x86\php-5.6.20\ext\wing\lib\cximage\raw\libdcr.vcxproj”(rebuild 个目标)的操作。

生成成功。

已用时间 00:00:00.47
