生成启动时间为 2016/5/14 10:25:45。
     1>项目“D:\php\php-sdk\phpdev\vc11\x86\php-5.6.20\ext\wing\lib\libqrencode\libqrencode\libqrencode.vcxproj”在节点 2 上(Rebuild 个目标)。
     1>ClCompile:
         C:\Program Files (x86)\Microsoft Visual Studio 10.0\VC\bin\CL.exe /c /Zi /nologo /W3 /WX- /O2 /Oi /Oy- /GL /D WIN32 /D NDEBUG /D _LIB /D _MBCS /D HAVE_CONFIG_H /Gm- /EHsc /MT /GS /Gy /fp:precise /Zc:wchar_t /Zc:forScope /Fo"Release\\" /Fd"Release\vc100.pdb" /Gd /TC /analyze- /errorReport:prompt ..\bitstream.c ..\mask.c ..\mmask.c ..\mqrspec.c ..\qrencode.c ..\qrinput.c ..\qrspec.c ..\rsecc.c ..\split.c
         bitstream.c
         mask.c
         mmask.c
         mqrspec.c
         qrencode.c
         qrinput.c
         qrspec.c
         rsecc.c
         split.c
     1>..\split.c(287): warning C4996: 'strdup': The POSIX name for this item is deprecated. Instead, use the ISO C++ conformant name: _strdup. See online help for details.
                 C:\Program Files (x86)\Microsoft Visual Studio 10.0\VC\include\string.h(238) : 参见“strdup”的声明
       Lib:
         C:\Program Files (x86)\Microsoft Visual Studio 10.0\VC\bin\Lib.exe /OUT:"D:\php\php-sdk\phpdev\vc11\x86\php-5.6.20\ext\wing\Release\libqrencode.lib" /NOLOGO /LTCG Release\bitstream.obj
         Release\mask.obj
         Release\mmask.obj
         Release\mqrspec.obj
         Release\qrencode.obj
         Release\qrinput.obj
         Release\qrspec.obj
         Release\rsecc.obj
         Release\split.obj
         libqrencode.vcxproj -> D:\php\php-sdk\phpdev\vc11\x86\php-5.6.20\ext\wing\Release\libqrencode.lib
     1>已完成生成项目“D:\php\php-sdk\phpdev\vc11\x86\php-5.6.20\ext\wing\lib\libqrencode\libqrencode\libqrencode.vcxproj”(Rebuild 个目标)的操作。

生成成功。

已用时间 00:00:01.17
