D:\WING\LIBQRENCODE\LIBQRENCODE\RELEASE\SPLIT.OBJ
D:\WING\LIBQRENCODE\LIBQRENCODE\RELEASE\RSECC.OBJ
D:\WING\LIBQRENCODE\LIBQRENCODE\RELEASE\QRSPEC.OBJ
D:\WING\LIBQRENCODE\LIBQRENCODE\RELEASE\QRINPUT.OBJ
D:\WING\LIBQRENCODE\LIBQRENCODE\RELEASE\QRENCODE.OBJ
D:\WING\LIBQRENCODE\LIBQRENCODE\RELEASE\MQRSPEC.OBJ
D:\WING\LIBQRENCODE\LIBQRENCODE\RELEASE\MMASK.OBJ
D:\WING\LIBQRENCODE\LIBQRENCODE\RELEASE\MASK.OBJ
D:\WING\LIBQRENCODE\LIBQRENCODE\RELEASE\BITSTREAM.OBJ
D:\WING\LIBQRENCODE\LIBQRENCODE\RELEASE\VC100.PDB
D:\WING\RELEASE\LIBQRENCODE.LIB
D:\php\php-sdk\phpdev\vc11\x86\php-5.6.20\ext\wing\lib\libqrencode\libqrencode\Release\bitstream.obj
D:\php\php-sdk\phpdev\vc11\x86\php-5.6.20\ext\wing\lib\libqrencode\libqrencode\Release\mask.obj
D:\php\php-sdk\phpdev\vc11\x86\php-5.6.20\ext\wing\lib\libqrencode\libqrencode\Release\mmask.obj
D:\php\php-sdk\phpdev\vc11\x86\php-5.6.20\ext\wing\lib\libqrencode\libqrencode\Release\mqrspec.obj
D:\php\php-sdk\phpdev\vc11\x86\php-5.6.20\ext\wing\lib\libqrencode\libqrencode\Release\qrencode.obj
D:\php\php-sdk\phpdev\vc11\x86\php-5.6.20\ext\wing\lib\libqrencode\libqrencode\Release\qrinput.obj
D:\php\php-sdk\phpdev\vc11\x86\php-5.6.20\ext\wing\lib\libqrencode\libqrencode\Release\qrspec.obj
D:\php\php-sdk\phpdev\vc11\x86\php-5.6.20\ext\wing\lib\libqrencode\libqrencode\Release\rsecc.obj
D:\php\php-sdk\phpdev\vc11\x86\php-5.6.20\ext\wing\lib\libqrencode\libqrencode\Release\split.obj
D:\php\php-sdk\phpdev\vc11\x86\php-5.6.20\ext\wing\lib\libqrencode\libqrencode\Release\cl.command.1.tlog
D:\php\php-sdk\phpdev\vc11\x86\php-5.6.20\ext\wing\lib\libqrencode\libqrencode\Release\CL.read.1.tlog
D:\php\php-sdk\phpdev\vc11\x86\php-5.6.20\ext\wing\lib\libqrencode\libqrencode\Release\CL.write.1.tlog
D:\php\php-sdk\phpdev\vc11\x86\php-5.6.20\ext\wing\lib\libqrencode\libqrencode\Release\Lib-link.read.1.tlog
D:\php\php-sdk\phpdev\vc11\x86\php-5.6.20\ext\wing\lib\libqrencode\libqrencode\Release\Lib-link.write.1.tlog
D:\php\php-sdk\phpdev\vc11\x86\php-5.6.20\ext\wing\lib\libqrencode\libqrencode\Release\lib.command.1.tlog
D:\php\php-sdk\phpdev\vc11\x86\php-5.6.20\ext\wing\lib\libqrencode\libqrencode\Release\libqrencode.write.1.tlog
D:\php\php-sdk\phpdev\vc11\x86\php-5.6.20\ext\wing\lib\libqrencode\libqrencode\Release\vc100.pdb
