D:\PHP\PHP-SDK\PHPDEV\VC11\X86\PHP-5.6.20\EXT\WING\DEBUG_TS\LODEPNG.OBJ
D:\PHP\PHP-SDK\PHPDEV\VC11\X86\PHP-5.6.20\EXT\WING\DEBUG_TS\JPGD.OBJ
D:\PHP\PHP-SDK\PHPDEV\VC11\X86\PHP-5.6.20\EXT\WING\DEBUG_TS\IMAGEREADERSOURCE.OBJ
D:\PHP\PHP-SDK\PHPDEV\VC11\X86\PHP-5.6.20\EXT\WING\DEBUG_TS\LIBRARY.OBJ
D:\PHP\PHP-SDK\PHPDEV\VC11\X86\PHP-5.6.20\EXT\WING\DEBUG_TS\ZXING.OBJ
D:\PHP\PHP-SDK\PHPDEV\VC11\X86\PHP-5.6.20\EXT\WING\DEBUG_TS\VC110.PDB
D:\PHP\PHP-SDK\PHPDEV\VC11\X86\PHP-5.6.20\EXT\WING\DEBUG_TS\WING.OBJ
D:\php\php-sdk\phpdev\vc11\x86\php-5.6.20\ext\wing\Debug_TS\ImageReaderSource.obj
D:\php\php-sdk\phpdev\vc11\x86\php-5.6.20\ext\wing\Debug_TS\jpgd.obj
D:\php\php-sdk\phpdev\vc11\x86\php-5.6.20\ext\wing\Debug_TS\library.obj
D:\php\php-sdk\phpdev\vc11\x86\php-5.6.20\ext\wing\Debug_TS\lodepng.obj
D:\php\php-sdk\phpdev\vc11\x86\php-5.6.20\ext\wing\Debug_TS\wing.obj
D:\php\php-sdk\phpdev\vc11\x86\php-5.6.20\ext\wing\Debug_TS\zxing.obj
D:\php\php-sdk\phpdev\vc11\x86\php-5.6.20\ext\wing\Debug_TS\cl.command.1.tlog
D:\php\php-sdk\phpdev\vc11\x86\php-5.6.20\ext\wing\Debug_TS\CL.read.1.tlog
D:\php\php-sdk\phpdev\vc11\x86\php-5.6.20\ext\wing\Debug_TS\CL.write.1.tlog
D:\php\php-sdk\phpdev\vc11\x86\php-5.6.20\ext\wing\Debug_TS\link.31856.read.1.tlog
D:\php\php-sdk\phpdev\vc11\x86\php-5.6.20\ext\wing\Debug_TS\link.31856.write.1.tlog
D:\php\php-sdk\phpdev\vc11\x86\php-5.6.20\ext\wing\Debug_TS\link.32460.read.1.tlog
D:\php\php-sdk\phpdev\vc11\x86\php-5.6.20\ext\wing\Debug_TS\link.32460.write.1.tlog
D:\php\php-sdk\phpdev\vc11\x86\php-5.6.20\ext\wing\Debug_TS\link.command.1.tlog
D:\php\php-sdk\phpdev\vc11\x86\php-5.6.20\ext\wing\Debug_TS\link.read.1.tlog
D:\php\php-sdk\phpdev\vc11\x86\php-5.6.20\ext\wing\Debug_TS\link.write.1.tlog
D:\php\php-sdk\phpdev\vc11\x86\php-5.6.20\ext\wing\Debug_TS\php_wing.exp
D:\php\php-sdk\phpdev\vc11\x86\php-5.6.20\ext\wing\Debug_TS\vc110.pdb
