生成启动时间为 2016/5/14 10:45:03。
     1>项目“D:\php\php-sdk\phpdev\vc11\x86\php-5.6.20\ext\wing\lib\cximage\tiff\tiff.vcxproj”在节点 2 上(rebuild 个目标)。
     1>_PrepareForClean:
         正在删除文件“x64\Debug\tiff.lastbuildstate”。
       InitializeBuildStatus:
         正在创建“x64\Debug\tiff.unsuccessfulbuild”，因为已指定“AlwaysCreate”。
       ClCompile:
         C:\Program Files (x86)\Microsoft Visual Studio 10.0\VC\bin\x86_amd64\CL.exe /c /I..\zlib /Zi /nologo /W3 /WX- /Od /D WIN32 /D _DEBUG /D _LIB /D _CRT_SECURE_NO_DEPRECATE /D _UNICODE /D UNICODE /Gm /EHsc /RTC1 /MDd /GS /fp:precise /Zc:wchar_t /Zc:forScope /Fo"x64\Debug\\" /Fd"x64\Debug\vc100.pdb" /Gd /TC /errorReport:prompt tif_aux.c tif_close.c tif_codec.c tif_color.c tif_compress.c tif_dir.c tif_dirinfo.c tif_dirread.c tif_dirwrite.c tif_dumpmode.c tif_error.c tif_fax3.c tif_fax3sm.c tif_flush.c tif_getimage.c tif_jpeg.c tif_luv.c tif_lzw.c tif_next.c tif_ojpeg.c tif_open.c tif_packbits.c tif_pixarlog.c tif_predict.c tif_print.c tif_read.c tif_strip.c tif_swab.c tif_thunder.c tif_tile.c tif_version.c tif_warning.c tif_write.c tif_zip.c
         tif_zip.c
         tif_write.c
         tif_warning.c
         tif_version.c
         tif_tile.c
     1>tif_tile.c(41): warning C4267: “初始化”: 从“size_t”转换到“uint32”，可能丢失数据
     1>tif_tile.c(54): warning C4267: “初始化”: 从“size_t”转换到“uint32”，可能丢失数据
         tif_thunder.c
         tif_swab.c
         tif_strip.c
     1>tif_strip.c(41): warning C4267: “初始化”: 从“size_t”转换到“uint32”，可能丢失数据
     1>tif_strip.c(54): warning C4267: “初始化”: 从“size_t”转换到“uint32”，可能丢失数据
         tif_read.c
         tif_print.c
         tif_predict.c
         tif_pixarlog.c
         tif_packbits.c
     1>tif_packbits.c(101): warning C4244: “=”: 从“__int64”转换到“long”，可能丢失数据
     1>tif_packbits.c(102): warning C4244: “+=”: 从“__int64”转换到“tsize_t”，可能丢失数据
     1>tif_packbits.c(110): warning C4244: “+=”: 从“__int64”转换到“tsize_t”，可能丢失数据
     1>tif_packbits.c(186): warning C4244: “+=”: 从“__int64”转换到“tsize_t”，可能丢失数据
         tif_open.c
     1>tif_open.c(161): warning C4267: “函数”: 从“size_t”转换到“tsize_t”，可能丢失数据
         tif_ojpeg.c
         tif_next.c
         tif_lzw.c
         tif_luv.c
     1>tif_luv.c(1167): warning C4267: “初始化”: 从“size_t”转换到“uint32”，可能丢失数据
         tif_jpeg.c
     1>tif_jpeg.c(481): warning C4267: “-=”: 从“size_t”转换到“uint32”，可能丢失数据
         tif_getimage.c
         Generating Code...
         Compiling...
         tif_flush.c
         tif_fax3sm.c
         tif_fax3.c
     1>tif_fax3.c(260): warning C4244: “-=”: 从“__int64”转换到“tsize_t”，可能丢失数据
     1>tif_fax3.c(263): warning C4244: “-=”: 从“__int64”转换到“tsize_t”，可能丢失数据
     1>tif_fax3.c(313): warning C4244: “-=”: 从“__int64”转换到“tsize_t”，可能丢失数据
     1>tif_fax3.c(316): warning C4244: “-=”: 从“__int64”转换到“tsize_t”，可能丢失数据
     1>tif_fax3.c(1462): warning C4244: “-=”: 从“__int64”转换到“tsize_t”，可能丢失数据
     1>tif_fax3.c(1465): warning C4244: “-=”: 从“__int64”转换到“tsize_t”，可能丢失数据
     1>tif_fax3.c(1577): warning C4244: “-=”: 从“__int64”转换到“tsize_t”，可能丢失数据
     1>tif_fax3.c(1580): warning C4244: “-=”: 从“__int64”转换到“tsize_t”，可能丢失数据
         tif_error.c
         tif_dumpmode.c
         tif_dirwrite.c
     1>tif_dirwrite.c(179): warning C4267: “=”: 从“size_t”转换到“int”，可能丢失数据
     1>tif_dirwrite.c(486): warning C4267: “=”: 从“size_t”转换到“int”，可能丢失数据
     1>tif_dirwrite.c(1167): warning C4334: “<<”: 32 位移位的结果被隐式转换为 64 位(是否希望进行 64 位移位?)
         tif_dirread.c
         tif_dirinfo.c
     1>tif_dirinfo.c(548): warning C4267: “函数”: 从“size_t”转换到“int”，可能丢失数据
     1>tif_dirinfo.c(797): warning C4133: “函数”: 从“size_t *”到“unsigned int *”的类型不兼容
     1>tif_dirinfo.c(799): warning C4996: '_lfind': The POSIX name for this item is deprecated. Instead, use the ISO C++ conformant name: _lfind. See online help for details.
                 C:\Program Files (x86)\Microsoft Visual Studio 10.0\VC\include\search.h(53) : 参见“_lfind”的声明
         tif_dir.c
     1>tif_dir.c(49): warning C4267: “初始化”: 从“size_t”转换到“tsize_t”，可能丢失数据
     1>tif_dir.c(125): warning C4244: “return”: 从“__int64”转换到“uint32”，可能丢失数据
         tif_compress.c
     1>tif_compress.c(197): warning C4267: “函数”: 从“size_t”转换到“tsize_t”，可能丢失数据
         tif_color.c
         tif_codec.c
         tif_close.c
         tif_aux.c
     1>tif_aux.c(41): warning C4267: “初始化”: 从“size_t”转换到“tsize_t”，可能丢失数据
         Generating Code...
       Lib:
         C:\Program Files (x86)\Microsoft Visual Studio 10.0\VC\bin\x86_amd64\Lib.exe /OUT:"D:\php\php-sdk\phpdev\vc11\x86\php-5.6.20\ext\wing\lib\cximage\x64\Debug\tiff.lib" /NOLOGO x64\Debug\tif_aux.obj
         x64\Debug\tif_close.obj
         x64\Debug\tif_codec.obj
         x64\Debug\tif_color.obj
         x64\Debug\tif_compress.obj
         x64\Debug\tif_dir.obj
         x64\Debug\tif_dirinfo.obj
         x64\Debug\tif_dirread.obj
         x64\Debug\tif_dirwrite.obj
         x64\Debug\tif_dumpmode.obj
         x64\Debug\tif_error.obj
         x64\Debug\tif_fax3.obj
         x64\Debug\tif_fax3sm.obj
         x64\Debug\tif_flush.obj
         x64\Debug\tif_getimage.obj
         x64\Debug\tif_jpeg.obj
         x64\Debug\tif_luv.obj
         x64\Debug\tif_lzw.obj
         x64\Debug\tif_next.obj
         x64\Debug\tif_ojpeg.obj
         x64\Debug\tif_open.obj
         x64\Debug\tif_packbits.obj
         x64\Debug\tif_pixarlog.obj
         x64\Debug\tif_predict.obj
         x64\Debug\tif_print.obj
         x64\Debug\tif_read.obj
         x64\Debug\tif_strip.obj
         x64\Debug\tif_swab.obj
         x64\Debug\tif_thunder.obj
         x64\Debug\tif_tile.obj
         x64\Debug\tif_version.obj
         x64\Debug\tif_warning.obj
         x64\Debug\tif_write.obj
         x64\Debug\tif_zip.obj
         tiff.vcxproj -> D:\php\php-sdk\phpdev\vc11\x86\php-5.6.20\ext\wing\lib\cximage\x64\Debug\tiff.lib
       FinalizeBuildStatus:
         正在删除文件“x64\Debug\tiff.unsuccessfulbuild”。
         正在对“x64\Debug\tiff.lastbuildstate”执行 Touch 任务。
     1>已完成生成项目“D:\php\php-sdk\phpdev\vc11\x86\php-5.6.20\ext\wing\lib\cximage\tiff\tiff.vcxproj”(rebuild 个目标)的操作。

生成成功。

已用时间 00:00:01.41
