D:\php\php-sdk\phpdev\vc11\x86\php-5.6.20\ext\wing\lib\cximage\tiff\x64\Debug\cl.command.1.tlog
D:\php\php-sdk\phpdev\vc11\x86\php-5.6.20\ext\wing\lib\cximage\tiff\x64\Debug\CL.read.1.tlog
D:\php\php-sdk\phpdev\vc11\x86\php-5.6.20\ext\wing\lib\cximage\tiff\x64\Debug\CL.write.1.tlog
D:\php\php-sdk\phpdev\vc11\x86\php-5.6.20\ext\wing\lib\cximage\tiff\x64\Debug\lib.command.1.tlog
D:\php\php-sdk\phpdev\vc11\x86\php-5.6.20\ext\wing\lib\cximage\tiff\x64\Debug\Lib-link.read.1.tlog
D:\php\php-sdk\phpdev\vc11\x86\php-5.6.20\ext\wing\lib\cximage\tiff\x64\Debug\Lib-link.write.1.tlog
D:\php\php-sdk\phpdev\vc11\x86\php-5.6.20\ext\wing\lib\cximage\tiff\x64\Debug\tif_aux.obj
D:\php\php-sdk\phpdev\vc11\x86\php-5.6.20\ext\wing\lib\cximage\tiff\x64\Debug\tif_close.obj
D:\php\php-sdk\phpdev\vc11\x86\php-5.6.20\ext\wing\lib\cximage\tiff\x64\Debug\tif_codec.obj
D:\php\php-sdk\phpdev\vc11\x86\php-5.6.20\ext\wing\lib\cximage\tiff\x64\Debug\tif_color.obj
D:\php\php-sdk\phpdev\vc11\x86\php-5.6.20\ext\wing\lib\cximage\tiff\x64\Debug\tif_compress.obj
D:\php\php-sdk\phpdev\vc11\x86\php-5.6.20\ext\wing\lib\cximage\tiff\x64\Debug\tif_dir.obj
D:\php\php-sdk\phpdev\vc11\x86\php-5.6.20\ext\wing\lib\cximage\tiff\x64\Debug\tif_dirinfo.obj
D:\php\php-sdk\phpdev\vc11\x86\php-5.6.20\ext\wing\lib\cximage\tiff\x64\Debug\tif_dirread.obj
D:\php\php-sdk\phpdev\vc11\x86\php-5.6.20\ext\wing\lib\cximage\tiff\x64\Debug\tif_dirwrite.obj
D:\php\php-sdk\phpdev\vc11\x86\php-5.6.20\ext\wing\lib\cximage\tiff\x64\Debug\tif_dumpmode.obj
D:\php\php-sdk\phpdev\vc11\x86\php-5.6.20\ext\wing\lib\cximage\tiff\x64\Debug\tif_error.obj
D:\php\php-sdk\phpdev\vc11\x86\php-5.6.20\ext\wing\lib\cximage\tiff\x64\Debug\tif_fax3.obj
D:\php\php-sdk\phpdev\vc11\x86\php-5.6.20\ext\wing\lib\cximage\tiff\x64\Debug\tif_fax3sm.obj
D:\php\php-sdk\phpdev\vc11\x86\php-5.6.20\ext\wing\lib\cximage\tiff\x64\Debug\tif_flush.obj
D:\php\php-sdk\phpdev\vc11\x86\php-5.6.20\ext\wing\lib\cximage\tiff\x64\Debug\tif_getimage.obj
D:\php\php-sdk\phpdev\vc11\x86\php-5.6.20\ext\wing\lib\cximage\tiff\x64\Debug\tif_jpeg.obj
D:\php\php-sdk\phpdev\vc11\x86\php-5.6.20\ext\wing\lib\cximage\tiff\x64\Debug\tif_luv.obj
D:\php\php-sdk\phpdev\vc11\x86\php-5.6.20\ext\wing\lib\cximage\tiff\x64\Debug\tif_lzw.obj
D:\php\php-sdk\phpdev\vc11\x86\php-5.6.20\ext\wing\lib\cximage\tiff\x64\Debug\tif_next.obj
D:\php\php-sdk\phpdev\vc11\x86\php-5.6.20\ext\wing\lib\cximage\tiff\x64\Debug\tif_ojpeg.obj
D:\php\php-sdk\phpdev\vc11\x86\php-5.6.20\ext\wing\lib\cximage\tiff\x64\Debug\tif_open.obj
D:\php\php-sdk\phpdev\vc11\x86\php-5.6.20\ext\wing\lib\cximage\tiff\x64\Debug\tif_packbits.obj
D:\php\php-sdk\phpdev\vc11\x86\php-5.6.20\ext\wing\lib\cximage\tiff\x64\Debug\tif_pixarlog.obj
D:\php\php-sdk\phpdev\vc11\x86\php-5.6.20\ext\wing\lib\cximage\tiff\x64\Debug\tif_predict.obj
D:\php\php-sdk\phpdev\vc11\x86\php-5.6.20\ext\wing\lib\cximage\tiff\x64\Debug\tif_print.obj
D:\php\php-sdk\phpdev\vc11\x86\php-5.6.20\ext\wing\lib\cximage\tiff\x64\Debug\tif_read.obj
D:\php\php-sdk\phpdev\vc11\x86\php-5.6.20\ext\wing\lib\cximage\tiff\x64\Debug\tif_strip.obj
D:\php\php-sdk\phpdev\vc11\x86\php-5.6.20\ext\wing\lib\cximage\tiff\x64\Debug\tif_swab.obj
D:\php\php-sdk\phpdev\vc11\x86\php-5.6.20\ext\wing\lib\cximage\tiff\x64\Debug\tif_thunder.obj
D:\php\php-sdk\phpdev\vc11\x86\php-5.6.20\ext\wing\lib\cximage\tiff\x64\Debug\tif_tile.obj
D:\php\php-sdk\phpdev\vc11\x86\php-5.6.20\ext\wing\lib\cximage\tiff\x64\Debug\tif_version.obj
D:\php\php-sdk\phpdev\vc11\x86\php-5.6.20\ext\wing\lib\cximage\tiff\x64\Debug\tif_warning.obj
D:\php\php-sdk\phpdev\vc11\x86\php-5.6.20\ext\wing\lib\cximage\tiff\x64\Debug\tif_write.obj
D:\php\php-sdk\phpdev\vc11\x86\php-5.6.20\ext\wing\lib\cximage\tiff\x64\Debug\tif_zip.obj
D:\php\php-sdk\phpdev\vc11\x86\php-5.6.20\ext\wing\lib\cximage\tiff\x64\Debug\tiff.write.1.tlog
D:\php\php-sdk\phpdev\vc11\x86\php-5.6.20\ext\wing\lib\cximage\tiff\x64\Debug\vc100.idb
D:\php\php-sdk\phpdev\vc11\x86\php-5.6.20\ext\wing\lib\cximage\tiff\x64\Debug\vc100.pdb
D:\WEBTOP\CXIMAGE\TIFF\X64\DEBUG\TIF_AUX.OBJ
D:\WEBTOP\CXIMAGE\TIFF\X64\DEBUG\TIF_CLOSE.OBJ
D:\WEBTOP\CXIMAGE\TIFF\X64\DEBUG\TIF_CODEC.OBJ
D:\WEBTOP\CXIMAGE\TIFF\X64\DEBUG\TIF_COLOR.OBJ
D:\WEBTOP\CXIMAGE\TIFF\X64\DEBUG\TIF_COMPRESS.OBJ
D:\WEBTOP\CXIMAGE\TIFF\X64\DEBUG\TIF_DIR.OBJ
D:\WEBTOP\CXIMAGE\TIFF\X64\DEBUG\TIF_DIRINFO.OBJ
D:\WEBTOP\CXIMAGE\TIFF\X64\DEBUG\TIF_DIRREAD.OBJ
D:\WEBTOP\CXIMAGE\TIFF\X64\DEBUG\TIF_DIRWRITE.OBJ
D:\WEBTOP\CXIMAGE\TIFF\X64\DEBUG\TIF_DUMPMODE.OBJ
D:\WEBTOP\CXIMAGE\TIFF\X64\DEBUG\TIF_ERROR.OBJ
D:\WEBTOP\CXIMAGE\TIFF\X64\DEBUG\TIF_FAX3.OBJ
D:\WEBTOP\CXIMAGE\TIFF\X64\DEBUG\TIF_FAX3SM.OBJ
D:\WEBTOP\CXIMAGE\TIFF\X64\DEBUG\TIF_FLUSH.OBJ
D:\WEBTOP\CXIMAGE\TIFF\X64\DEBUG\TIF_GETIMAGE.OBJ
D:\WEBTOP\CXIMAGE\TIFF\X64\DEBUG\TIF_JPEG.OBJ
D:\WEBTOP\CXIMAGE\TIFF\X64\DEBUG\TIF_LUV.OBJ
D:\WEBTOP\CXIMAGE\TIFF\X64\DEBUG\TIF_LZW.OBJ
D:\WEBTOP\CXIMAGE\TIFF\X64\DEBUG\TIF_NEXT.OBJ
D:\WEBTOP\CXIMAGE\TIFF\X64\DEBUG\TIF_OJPEG.OBJ
D:\WEBTOP\CXIMAGE\TIFF\X64\DEBUG\TIF_OPEN.OBJ
D:\WEBTOP\CXIMAGE\TIFF\X64\DEBUG\TIF_PACKBITS.OBJ
D:\WEBTOP\CXIMAGE\TIFF\X64\DEBUG\TIF_PIXARLOG.OBJ
D:\WEBTOP\CXIMAGE\TIFF\X64\DEBUG\TIF_PREDICT.OBJ
D:\WEBTOP\CXIMAGE\TIFF\X64\DEBUG\TIF_PRINT.OBJ
D:\WEBTOP\CXIMAGE\TIFF\X64\DEBUG\TIF_READ.OBJ
D:\WEBTOP\CXIMAGE\TIFF\X64\DEBUG\TIF_STRIP.OBJ
D:\WEBTOP\CXIMAGE\TIFF\X64\DEBUG\TIF_SWAB.OBJ
D:\WEBTOP\CXIMAGE\TIFF\X64\DEBUG\TIF_THUNDER.OBJ
D:\WEBTOP\CXIMAGE\TIFF\X64\DEBUG\TIF_TILE.OBJ
D:\WEBTOP\CXIMAGE\TIFF\X64\DEBUG\TIF_VERSION.OBJ
D:\WEBTOP\CXIMAGE\TIFF\X64\DEBUG\TIF_WARNING.OBJ
D:\WEBTOP\CXIMAGE\TIFF\X64\DEBUG\TIF_WRITE.OBJ
D:\WEBTOP\CXIMAGE\TIFF\X64\DEBUG\TIF_ZIP.OBJ
D:\WEBTOP\CXIMAGE\TIFF\X64\DEBUG\VC100.PDB
D:\WEBTOP\CXIMAGE\X64\DEBUG\TIFF.LIB
