D:\php\php-sdk\phpdev\vc11\x86\php-5.6.20\ext\wing\lib\cximage\zlib\Release\adler32.obj
D:\php\php-sdk\phpdev\vc11\x86\php-5.6.20\ext\wing\lib\cximage\zlib\Release\cl.command.1.tlog
D:\php\php-sdk\phpdev\vc11\x86\php-5.6.20\ext\wing\lib\cximage\zlib\Release\CL.read.1.tlog
D:\php\php-sdk\phpdev\vc11\x86\php-5.6.20\ext\wing\lib\cximage\zlib\Release\CL.write.1.tlog
D:\php\php-sdk\phpdev\vc11\x86\php-5.6.20\ext\wing\lib\cximage\zlib\Release\compress.obj
D:\php\php-sdk\phpdev\vc11\x86\php-5.6.20\ext\wing\lib\cximage\zlib\Release\crc32.obj
D:\php\php-sdk\phpdev\vc11\x86\php-5.6.20\ext\wing\lib\cximage\zlib\Release\deflate.obj
D:\php\php-sdk\phpdev\vc11\x86\php-5.6.20\ext\wing\lib\cximage\zlib\Release\infback.obj
D:\php\php-sdk\phpdev\vc11\x86\php-5.6.20\ext\wing\lib\cximage\zlib\Release\inffast.obj
D:\php\php-sdk\phpdev\vc11\x86\php-5.6.20\ext\wing\lib\cximage\zlib\Release\inflate.obj
D:\php\php-sdk\phpdev\vc11\x86\php-5.6.20\ext\wing\lib\cximage\zlib\Release\inftrees.obj
D:\php\php-sdk\phpdev\vc11\x86\php-5.6.20\ext\wing\lib\cximage\zlib\Release\lib.command.1.tlog
D:\php\php-sdk\phpdev\vc11\x86\php-5.6.20\ext\wing\lib\cximage\zlib\Release\Lib-link.read.1.tlog
D:\php\php-sdk\phpdev\vc11\x86\php-5.6.20\ext\wing\lib\cximage\zlib\Release\Lib-link.write.1.tlog
D:\php\php-sdk\phpdev\vc11\x86\php-5.6.20\ext\wing\lib\cximage\zlib\Release\trees.obj
D:\php\php-sdk\phpdev\vc11\x86\php-5.6.20\ext\wing\lib\cximage\zlib\Release\uncompr.obj
D:\php\php-sdk\phpdev\vc11\x86\php-5.6.20\ext\wing\lib\cximage\zlib\Release\vc100.pdb
D:\php\php-sdk\phpdev\vc11\x86\php-5.6.20\ext\wing\lib\cximage\zlib\Release\zlib.write.1.tlog
D:\php\php-sdk\phpdev\vc11\x86\php-5.6.20\ext\wing\lib\cximage\zlib\Release\zutil.obj
D:\WEBTOP\CXIMAGE\RELEASE\ZLIB.LIB
D:\WEBTOP\CXIMAGE\ZLIB\RELEASE\ADLER32.OBJ
D:\WEBTOP\CXIMAGE\ZLIB\RELEASE\COMPRESS.OBJ
D:\WEBTOP\CXIMAGE\ZLIB\RELEASE\CRC32.OBJ
D:\WEBTOP\CXIMAGE\ZLIB\RELEASE\DEFLATE.OBJ
D:\WEBTOP\CXIMAGE\ZLIB\RELEASE\INFBACK.OBJ
D:\WEBTOP\CXIMAGE\ZLIB\RELEASE\INFFAST.OBJ
D:\WEBTOP\CXIMAGE\ZLIB\RELEASE\INFLATE.OBJ
D:\WEBTOP\CXIMAGE\ZLIB\RELEASE\INFTREES.OBJ
D:\WEBTOP\CXIMAGE\ZLIB\RELEASE\TREES.OBJ
D:\WEBTOP\CXIMAGE\ZLIB\RELEASE\UNCOMPR.OBJ
D:\WEBTOP\CXIMAGE\ZLIB\RELEASE\VC100.PDB
D:\WEBTOP\CXIMAGE\ZLIB\RELEASE\ZUTIL.OBJ
