D:\php\php-sdk\phpdev\vc11\x86\php-5.6.20\ext\wing\lib\cximage\png\Debug\cl.command.1.tlog
D:\php\php-sdk\phpdev\vc11\x86\php-5.6.20\ext\wing\lib\cximage\png\Debug\CL.read.1.tlog
D:\php\php-sdk\phpdev\vc11\x86\php-5.6.20\ext\wing\lib\cximage\png\Debug\CL.write.1.tlog
D:\php\php-sdk\phpdev\vc11\x86\php-5.6.20\ext\wing\lib\cximage\png\Debug\lib.command.1.tlog
D:\php\php-sdk\phpdev\vc11\x86\php-5.6.20\ext\wing\lib\cximage\png\Debug\Lib-link.read.1.tlog
D:\php\php-sdk\phpdev\vc11\x86\php-5.6.20\ext\wing\lib\cximage\png\Debug\Lib-link.write.1.tlog
D:\php\php-sdk\phpdev\vc11\x86\php-5.6.20\ext\wing\lib\cximage\png\Debug\png.obj
D:\php\php-sdk\phpdev\vc11\x86\php-5.6.20\ext\wing\lib\cximage\png\Debug\png.write.1.tlog
D:\php\php-sdk\phpdev\vc11\x86\php-5.6.20\ext\wing\lib\cximage\png\Debug\pngerror.obj
D:\php\php-sdk\phpdev\vc11\x86\php-5.6.20\ext\wing\lib\cximage\png\Debug\pngget.obj
D:\php\php-sdk\phpdev\vc11\x86\php-5.6.20\ext\wing\lib\cximage\png\Debug\pngmem.obj
D:\php\php-sdk\phpdev\vc11\x86\php-5.6.20\ext\wing\lib\cximage\png\Debug\pngpread.obj
D:\php\php-sdk\phpdev\vc11\x86\php-5.6.20\ext\wing\lib\cximage\png\Debug\pngread.obj
D:\php\php-sdk\phpdev\vc11\x86\php-5.6.20\ext\wing\lib\cximage\png\Debug\pngrio.obj
D:\php\php-sdk\phpdev\vc11\x86\php-5.6.20\ext\wing\lib\cximage\png\Debug\pngrtran.obj
D:\php\php-sdk\phpdev\vc11\x86\php-5.6.20\ext\wing\lib\cximage\png\Debug\pngrutil.obj
D:\php\php-sdk\phpdev\vc11\x86\php-5.6.20\ext\wing\lib\cximage\png\Debug\pngset.obj
D:\php\php-sdk\phpdev\vc11\x86\php-5.6.20\ext\wing\lib\cximage\png\Debug\pngtrans.obj
D:\php\php-sdk\phpdev\vc11\x86\php-5.6.20\ext\wing\lib\cximage\png\Debug\pngwio.obj
D:\php\php-sdk\phpdev\vc11\x86\php-5.6.20\ext\wing\lib\cximage\png\Debug\pngwrite.obj
D:\php\php-sdk\phpdev\vc11\x86\php-5.6.20\ext\wing\lib\cximage\png\Debug\pngwtran.obj
D:\php\php-sdk\phpdev\vc11\x86\php-5.6.20\ext\wing\lib\cximage\png\Debug\pngwutil.obj
D:\php\php-sdk\phpdev\vc11\x86\php-5.6.20\ext\wing\lib\cximage\png\Debug\vc100.idb
D:\php\php-sdk\phpdev\vc11\x86\php-5.6.20\ext\wing\lib\cximage\png\Debug\vc100.pdb
D:\WEBTOP\CXIMAGE\DEBUG\PNG.LIB
D:\WEBTOP\CXIMAGE\PNG\DEBUG\PNG.OBJ
D:\WEBTOP\CXIMAGE\PNG\DEBUG\PNGERROR.OBJ
D:\WEBTOP\CXIMAGE\PNG\DEBUG\PNGGET.OBJ
D:\WEBTOP\CXIMAGE\PNG\DEBUG\PNGMEM.OBJ
D:\WEBTOP\CXIMAGE\PNG\DEBUG\PNGPREAD.OBJ
D:\WEBTOP\CXIMAGE\PNG\DEBUG\PNGREAD.OBJ
D:\WEBTOP\CXIMAGE\PNG\DEBUG\PNGRIO.OBJ
D:\WEBTOP\CXIMAGE\PNG\DEBUG\PNGRTRAN.OBJ
D:\WEBTOP\CXIMAGE\PNG\DEBUG\PNGRUTIL.OBJ
D:\WEBTOP\CXIMAGE\PNG\DEBUG\PNGSET.OBJ
D:\WEBTOP\CXIMAGE\PNG\DEBUG\PNGTRANS.OBJ
D:\WEBTOP\CXIMAGE\PNG\DEBUG\PNGWIO.OBJ
D:\WEBTOP\CXIMAGE\PNG\DEBUG\PNGWRITE.OBJ
D:\WEBTOP\CXIMAGE\PNG\DEBUG\PNGWTRAN.OBJ
D:\WEBTOP\CXIMAGE\PNG\DEBUG\PNGWUTIL.OBJ
D:\WEBTOP\CXIMAGE\PNG\DEBUG\VC100.PDB
