D:\php\php-sdk\phpdev\vc11\x86\php-5.6.20\ext\wing\lib\cximage\mng\Debug\cl.command.1.tlog
D:\php\php-sdk\phpdev\vc11\x86\php-5.6.20\ext\wing\lib\cximage\mng\Debug\CL.read.1.tlog
D:\php\php-sdk\phpdev\vc11\x86\php-5.6.20\ext\wing\lib\cximage\mng\Debug\CL.write.1.tlog
D:\php\php-sdk\phpdev\vc11\x86\php-5.6.20\ext\wing\lib\cximage\mng\Debug\lib.command.1.tlog
D:\php\php-sdk\phpdev\vc11\x86\php-5.6.20\ext\wing\lib\cximage\mng\Debug\Lib-link.read.1.tlog
D:\php\php-sdk\phpdev\vc11\x86\php-5.6.20\ext\wing\lib\cximage\mng\Debug\Lib-link.write.1.tlog
D:\php\php-sdk\phpdev\vc11\x86\php-5.6.20\ext\wing\lib\cximage\mng\Debug\libmng_callback_xs.obj
D:\php\php-sdk\phpdev\vc11\x86\php-5.6.20\ext\wing\lib\cximage\mng\Debug\libmng_chunk_descr.obj
D:\php\php-sdk\phpdev\vc11\x86\php-5.6.20\ext\wing\lib\cximage\mng\Debug\libmng_chunk_io.obj
D:\php\php-sdk\phpdev\vc11\x86\php-5.6.20\ext\wing\lib\cximage\mng\Debug\libmng_chunk_prc.obj
D:\php\php-sdk\phpdev\vc11\x86\php-5.6.20\ext\wing\lib\cximage\mng\Debug\libmng_chunk_xs.obj
D:\php\php-sdk\phpdev\vc11\x86\php-5.6.20\ext\wing\lib\cximage\mng\Debug\libmng_cms.obj
D:\php\php-sdk\phpdev\vc11\x86\php-5.6.20\ext\wing\lib\cximage\mng\Debug\libmng_display.obj
D:\php\php-sdk\phpdev\vc11\x86\php-5.6.20\ext\wing\lib\cximage\mng\Debug\libmng_dither.obj
D:\php\php-sdk\phpdev\vc11\x86\php-5.6.20\ext\wing\lib\cximage\mng\Debug\libmng_error.obj
D:\php\php-sdk\phpdev\vc11\x86\php-5.6.20\ext\wing\lib\cximage\mng\Debug\libmng_filter.obj
D:\php\php-sdk\phpdev\vc11\x86\php-5.6.20\ext\wing\lib\cximage\mng\Debug\libmng_hlapi.obj
D:\php\php-sdk\phpdev\vc11\x86\php-5.6.20\ext\wing\lib\cximage\mng\Debug\libmng_jpeg.obj
D:\php\php-sdk\phpdev\vc11\x86\php-5.6.20\ext\wing\lib\cximage\mng\Debug\libmng_object_prc.obj
D:\php\php-sdk\phpdev\vc11\x86\php-5.6.20\ext\wing\lib\cximage\mng\Debug\libmng_pixels.obj
D:\php\php-sdk\phpdev\vc11\x86\php-5.6.20\ext\wing\lib\cximage\mng\Debug\libmng_prop_xs.obj
D:\php\php-sdk\phpdev\vc11\x86\php-5.6.20\ext\wing\lib\cximage\mng\Debug\libmng_read.obj
D:\php\php-sdk\phpdev\vc11\x86\php-5.6.20\ext\wing\lib\cximage\mng\Debug\libmng_trace.obj
D:\php\php-sdk\phpdev\vc11\x86\php-5.6.20\ext\wing\lib\cximage\mng\Debug\libmng_write.obj
D:\php\php-sdk\phpdev\vc11\x86\php-5.6.20\ext\wing\lib\cximage\mng\Debug\libmng_zlib.obj
D:\php\php-sdk\phpdev\vc11\x86\php-5.6.20\ext\wing\lib\cximage\mng\Debug\mng.write.1.tlog
D:\php\php-sdk\phpdev\vc11\x86\php-5.6.20\ext\wing\lib\cximage\mng\Debug\vc100.idb
D:\php\php-sdk\phpdev\vc11\x86\php-5.6.20\ext\wing\lib\cximage\mng\Debug\vc100.pdb
D:\WEBTOP\CXIMAGE\DEBUG\MNG.LIB
D:\WEBTOP\CXIMAGE\MNG\DEBUG\LIBMNG_CALLBACK_XS.OBJ
D:\WEBTOP\CXIMAGE\MNG\DEBUG\LIBMNG_CHUNK_DESCR.OBJ
D:\WEBTOP\CXIMAGE\MNG\DEBUG\LIBMNG_CHUNK_IO.OBJ
D:\WEBTOP\CXIMAGE\MNG\DEBUG\LIBMNG_CHUNK_PRC.OBJ
D:\WEBTOP\CXIMAGE\MNG\DEBUG\LIBMNG_CHUNK_XS.OBJ
D:\WEBTOP\CXIMAGE\MNG\DEBUG\LIBMNG_CMS.OBJ
D:\WEBTOP\CXIMAGE\MNG\DEBUG\LIBMNG_DISPLAY.OBJ
D:\WEBTOP\CXIMAGE\MNG\DEBUG\LIBMNG_DITHER.OBJ
D:\WEBTOP\CXIMAGE\MNG\DEBUG\LIBMNG_ERROR.OBJ
D:\WEBTOP\CXIMAGE\MNG\DEBUG\LIBMNG_FILTER.OBJ
D:\WEBTOP\CXIMAGE\MNG\DEBUG\LIBMNG_HLAPI.OBJ
D:\WEBTOP\CXIMAGE\MNG\DEBUG\LIBMNG_JPEG.OBJ
D:\WEBTOP\CXIMAGE\MNG\DEBUG\LIBMNG_OBJECT_PRC.OBJ
D:\WEBTOP\CXIMAGE\MNG\DEBUG\LIBMNG_PIXELS.OBJ
D:\WEBTOP\CXIMAGE\MNG\DEBUG\LIBMNG_PROP_XS.OBJ
D:\WEBTOP\CXIMAGE\MNG\DEBUG\LIBMNG_READ.OBJ
D:\WEBTOP\CXIMAGE\MNG\DEBUG\LIBMNG_TRACE.OBJ
D:\WEBTOP\CXIMAGE\MNG\DEBUG\LIBMNG_WRITE.OBJ
D:\WEBTOP\CXIMAGE\MNG\DEBUG\LIBMNG_ZLIB.OBJ
D:\WEBTOP\CXIMAGE\MNG\DEBUG\VC100.PDB
