生成启动时间为 2016/5/14 10:44:59。
     1>项目“D:\php\php-sdk\phpdev\vc11\x86\php-5.6.20\ext\wing\lib\cximage\jbig\jbig.vcxproj”在节点 2 上(rebuild 个目标)。
     1>_PrepareForClean:
         正在删除文件“x64\Release\jbig.lastbuildstate”。
       InitializeBuildStatus:
         正在创建“x64\Release\jbig.unsuccessfulbuild”，因为已指定“AlwaysCreate”。
       ClCompile:
         C:\Program Files (x86)\Microsoft Visual Studio 10.0\VC\bin\x86_amd64\CL.exe /c /Zi /nologo /W3 /WX- /O2 /Oi /GL /D WIN32 /D NDEBUG /D _LIB /D _CRT_SECURE_NO_DEPRECATE /D _UNICODE /D UNICODE /Gm- /EHsc /MD /GS /Gy /fp:precise /Zc:wchar_t /Zc:forScope /Fo"x64\Release\\" /Fd"x64\Release\vc100.pdb" /Gd /TC /errorReport:prompt jbig.c jbig_tab.c
         jbig.c
     1>jbig.c(2667): warning C4267: “-=”: 从“size_t”转换到“unsigned long”，可能丢失数据
     1>jbig.c(3121): warning C4244: “=”: 从“__int64”转换到“unsigned long”，可能丢失数据
         jbig_tab.c
       Lib:
         C:\Program Files (x86)\Microsoft Visual Studio 10.0\VC\bin\x86_amd64\Lib.exe /OUT:"D:\php\php-sdk\phpdev\vc11\x86\php-5.6.20\ext\wing\lib\cximage\x64\Release\jbig.lib" /NOLOGO /LTCG x64\Release\jbig.obj
         x64\Release\jbig_tab.obj
         jbig.vcxproj -> D:\php\php-sdk\phpdev\vc11\x86\php-5.6.20\ext\wing\lib\cximage\x64\Release\jbig.lib
       FinalizeBuildStatus:
         正在删除文件“x64\Release\jbig.unsuccessfulbuild”。
         正在对“x64\Release\jbig.lastbuildstate”执行 Touch 任务。
     1>已完成生成项目“D:\php\php-sdk\phpdev\vc11\x86\php-5.6.20\ext\wing\lib\cximage\jbig\jbig.vcxproj”(rebuild 个目标)的操作。

生成成功。

已用时间 00:00:00.28
