D:\php\php-sdk\phpdev\vc11\x86\php-5.6.20\ext\wing\lib\cximage\demo\x64\Debug\BCMenu.obj
D:\php\php-sdk\phpdev\vc11\x86\php-5.6.20\ext\wing\lib\cximage\demo\x64\Debug\ChildFrm.obj
D:\php\php-sdk\phpdev\vc11\x86\php-5.6.20\ext\wing\lib\cximage\demo\x64\Debug\cl.command.1.tlog
D:\php\php-sdk\phpdev\vc11\x86\php-5.6.20\ext\wing\lib\cximage\demo\x64\Debug\CL.read.1.tlog
D:\php\php-sdk\phpdev\vc11\x86\php-5.6.20\ext\wing\lib\cximage\demo\x64\Debug\CL.write.1.tlog
D:\php\php-sdk\phpdev\vc11\x86\php-5.6.20\ext\wing\lib\cximage\demo\x64\Debug\demo.exe.embed.manifest
D:\php\php-sdk\phpdev\vc11\x86\php-5.6.20\ext\wing\lib\cximage\demo\x64\Debug\demo.exe.embed.manifest.res
D:\php\php-sdk\phpdev\vc11\x86\php-5.6.20\ext\wing\lib\cximage\demo\x64\Debug\demo.exe.intermediate.manifest
D:\php\php-sdk\phpdev\vc11\x86\php-5.6.20\ext\wing\lib\cximage\demo\x64\Debug\demo.obj
D:\php\php-sdk\phpdev\vc11\x86\php-5.6.20\ext\wing\lib\cximage\demo\x64\Debug\demo.pch
D:\php\php-sdk\phpdev\vc11\x86\php-5.6.20\ext\wing\lib\cximage\demo\x64\Debug\demo.res
D:\php\php-sdk\phpdev\vc11\x86\php-5.6.20\ext\wing\lib\cximage\demo\x64\Debug\demo.write.1.tlog
D:\php\php-sdk\phpdev\vc11\x86\php-5.6.20\ext\wing\lib\cximage\demo\x64\Debug\demo_manifest.rc
D:\php\php-sdk\phpdev\vc11\x86\php-5.6.20\ext\wing\lib\cximage\demo\x64\Debug\demoDoc.obj
D:\php\php-sdk\phpdev\vc11\x86\php-5.6.20\ext\wing\lib\cximage\demo\x64\Debug\demoView.obj
D:\php\php-sdk\phpdev\vc11\x86\php-5.6.20\ext\wing\lib\cximage\demo\x64\Debug\dlgcapture.obj
D:\php\php-sdk\phpdev\vc11\x86\php-5.6.20\ext\wing\lib\cximage\demo\x64\Debug\DlgColorize.obj
D:\php\php-sdk\phpdev\vc11\x86\php-5.6.20\ext\wing\lib\cximage\demo\x64\Debug\DlgCombine.obj
D:\php\php-sdk\phpdev\vc11\x86\php-5.6.20\ext\wing\lib\cximage\demo\x64\Debug\DlgCustomFilter.obj
D:\php\php-sdk\phpdev\vc11\x86\php-5.6.20\ext\wing\lib\cximage\demo\x64\Debug\DlgDataExt.obj
D:\php\php-sdk\phpdev\vc11\x86\php-5.6.20\ext\wing\lib\cximage\demo\x64\Debug\DlgDecBpp.obj
D:\php\php-sdk\phpdev\vc11\x86\php-5.6.20\ext\wing\lib\cximage\demo\x64\Debug\DlgDither.obj
D:\php\php-sdk\phpdev\vc11\x86\php-5.6.20\ext\wing\lib\cximage\demo\x64\Debug\DlgExpand.obj
D:\php\php-sdk\phpdev\vc11\x86\php-5.6.20\ext\wing\lib\cximage\demo\x64\Debug\DlgFFT.obj
D:\php\php-sdk\phpdev\vc11\x86\php-5.6.20\ext\wing\lib\cximage\demo\x64\Debug\DlgFloodFill.obj
D:\php\php-sdk\phpdev\vc11\x86\php-5.6.20\ext\wing\lib\cximage\demo\x64\Debug\DlgGamma.obj
D:\php\php-sdk\phpdev\vc11\x86\php-5.6.20\ext\wing\lib\cximage\demo\x64\Debug\DlgHisto.obj
D:\php\php-sdk\phpdev\vc11\x86\php-5.6.20\ext\wing\lib\cximage\demo\x64\Debug\DlgIncBpp.obj
D:\php\php-sdk\phpdev\vc11\x86\php-5.6.20\ext\wing\lib\cximage\demo\x64\Debug\DlgJpeg.obj
D:\php\php-sdk\phpdev\vc11\x86\php-5.6.20\ext\wing\lib\cximage\demo\x64\Debug\DlgMix.obj
D:\php\php-sdk\phpdev\vc11\x86\php-5.6.20\ext\wing\lib\cximage\demo\x64\Debug\DlgOpacity.obj
D:\php\php-sdk\phpdev\vc11\x86\php-5.6.20\ext\wing\lib\cximage\demo\x64\Debug\DlgOptions.obj
D:\php\php-sdk\phpdev\vc11\x86\php-5.6.20\ext\wing\lib\cximage\demo\x64\Debug\DlgPalette.obj
D:\php\php-sdk\phpdev\vc11\x86\php-5.6.20\ext\wing\lib\cximage\demo\x64\Debug\DlgRepair.obj
D:\php\php-sdk\phpdev\vc11\x86\php-5.6.20\ext\wing\lib\cximage\demo\x64\Debug\DlgResample.obj
D:\php\php-sdk\phpdev\vc11\x86\php-5.6.20\ext\wing\lib\cximage\demo\x64\Debug\DlgRotate.obj
D:\php\php-sdk\phpdev\vc11\x86\php-5.6.20\ext\wing\lib\cximage\demo\x64\Debug\DlgShadow.obj
D:\php\php-sdk\phpdev\vc11\x86\php-5.6.20\ext\wing\lib\cximage\demo\x64\Debug\DlgSkew.obj
D:\php\php-sdk\phpdev\vc11\x86\php-5.6.20\ext\wing\lib\cximage\demo\x64\Debug\DlgText.obj
D:\php\php-sdk\phpdev\vc11\x86\php-5.6.20\ext\wing\lib\cximage\demo\x64\Debug\DlgThreshold.obj
D:\php\php-sdk\phpdev\vc11\x86\php-5.6.20\ext\wing\lib\cximage\demo\x64\Debug\DlgURL.obj
D:\php\php-sdk\phpdev\vc11\x86\php-5.6.20\ext\wing\lib\cximage\demo\x64\Debug\link.command.1.tlog
D:\php\php-sdk\phpdev\vc11\x86\php-5.6.20\ext\wing\lib\cximage\demo\x64\Debug\link.read.1.tlog
D:\php\php-sdk\phpdev\vc11\x86\php-5.6.20\ext\wing\lib\cximage\demo\x64\Debug\link.write.1.tlog
D:\php\php-sdk\phpdev\vc11\x86\php-5.6.20\ext\wing\lib\cximage\demo\x64\Debug\link-cvtres.read.1.tlog
D:\php\php-sdk\phpdev\vc11\x86\php-5.6.20\ext\wing\lib\cximage\demo\x64\Debug\link-cvtres.write.1.tlog
D:\php\php-sdk\phpdev\vc11\x86\php-5.6.20\ext\wing\lib\cximage\demo\x64\Debug\logomdi.obj
D:\php\php-sdk\phpdev\vc11\x86\php-5.6.20\ext\wing\lib\cximage\demo\x64\Debug\MainFrm.obj
D:\php\php-sdk\phpdev\vc11\x86\php-5.6.20\ext\wing\lib\cximage\demo\x64\Debug\mt.command.1.tlog
D:\php\php-sdk\phpdev\vc11\x86\php-5.6.20\ext\wing\lib\cximage\demo\x64\Debug\mt.read.1.tlog
D:\php\php-sdk\phpdev\vc11\x86\php-5.6.20\ext\wing\lib\cximage\demo\x64\Debug\mt.write.1.tlog
D:\php\php-sdk\phpdev\vc11\x86\php-5.6.20\ext\wing\lib\cximage\demo\x64\Debug\Quantize.obj
D:\php\php-sdk\phpdev\vc11\x86\php-5.6.20\ext\wing\lib\cximage\demo\x64\Debug\rc.command.1.tlog
D:\php\php-sdk\phpdev\vc11\x86\php-5.6.20\ext\wing\lib\cximage\demo\x64\Debug\rc.read.1.tlog
D:\php\php-sdk\phpdev\vc11\x86\php-5.6.20\ext\wing\lib\cximage\demo\x64\Debug\rc.write.1.tlog
D:\php\php-sdk\phpdev\vc11\x86\php-5.6.20\ext\wing\lib\cximage\demo\x64\Debug\stdafx.obj
D:\php\php-sdk\phpdev\vc11\x86\php-5.6.20\ext\wing\lib\cximage\demo\x64\Debug\TwainCpp.obj
D:\php\php-sdk\phpdev\vc11\x86\php-5.6.20\ext\wing\lib\cximage\demo\x64\Debug\vc100.idb
D:\php\php-sdk\phpdev\vc11\x86\php-5.6.20\ext\wing\lib\cximage\demo\x64\Debug\vc100.pdb
D:\php\php-sdk\phpdev\vc11\x86\php-5.6.20\ext\wing\lib\cximage\demo\x64\Debug\xTargetButton.obj
D:\WEBTOP\CXIMAGE\DEMO\X64\DEBUG\BCMENU.OBJ
D:\WEBTOP\CXIMAGE\DEMO\X64\DEBUG\CHILDFRM.OBJ
D:\WEBTOP\CXIMAGE\DEMO\X64\DEBUG\DEMO.EXE.EMBED.MANIFEST
D:\WEBTOP\CXIMAGE\DEMO\X64\DEBUG\DEMO.EXE.EMBED.MANIFEST.RES
D:\WEBTOP\CXIMAGE\DEMO\X64\DEBUG\DEMO.EXE.INTERMEDIATE.MANIFEST
D:\WEBTOP\CXIMAGE\DEMO\X64\DEBUG\DEMO.OBJ
D:\WEBTOP\CXIMAGE\DEMO\X64\DEBUG\DEMO.PCH
D:\WEBTOP\CXIMAGE\DEMO\X64\DEBUG\DEMO.RES
D:\WEBTOP\CXIMAGE\DEMO\X64\DEBUG\DEMODOC.OBJ
D:\WEBTOP\CXIMAGE\DEMO\X64\DEBUG\DEMOVIEW.OBJ
D:\WEBTOP\CXIMAGE\DEMO\X64\DEBUG\DLGCAPTURE.OBJ
D:\WEBTOP\CXIMAGE\DEMO\X64\DEBUG\DLGCOLORIZE.OBJ
D:\WEBTOP\CXIMAGE\DEMO\X64\DEBUG\DLGCOMBINE.OBJ
D:\WEBTOP\CXIMAGE\DEMO\X64\DEBUG\DLGCUSTOMFILTER.OBJ
D:\WEBTOP\CXIMAGE\DEMO\X64\DEBUG\DLGDATAEXT.OBJ
D:\WEBTOP\CXIMAGE\DEMO\X64\DEBUG\DLGDECBPP.OBJ
D:\WEBTOP\CXIMAGE\DEMO\X64\DEBUG\DLGDITHER.OBJ
D:\WEBTOP\CXIMAGE\DEMO\X64\DEBUG\DLGEXPAND.OBJ
D:\WEBTOP\CXIMAGE\DEMO\X64\DEBUG\DLGFFT.OBJ
D:\WEBTOP\CXIMAGE\DEMO\X64\DEBUG\DLGFLOODFILL.OBJ
D:\WEBTOP\CXIMAGE\DEMO\X64\DEBUG\DLGGAMMA.OBJ
D:\WEBTOP\CXIMAGE\DEMO\X64\DEBUG\DLGHISTO.OBJ
D:\WEBTOP\CXIMAGE\DEMO\X64\DEBUG\DLGINCBPP.OBJ
D:\WEBTOP\CXIMAGE\DEMO\X64\DEBUG\DLGJPEG.OBJ
D:\WEBTOP\CXIMAGE\DEMO\X64\DEBUG\DLGMIX.OBJ
D:\WEBTOP\CXIMAGE\DEMO\X64\DEBUG\DLGOPACITY.OBJ
D:\WEBTOP\CXIMAGE\DEMO\X64\DEBUG\DLGOPTIONS.OBJ
D:\WEBTOP\CXIMAGE\DEMO\X64\DEBUG\DLGPALETTE.OBJ
D:\WEBTOP\CXIMAGE\DEMO\X64\DEBUG\DLGREPAIR.OBJ
D:\WEBTOP\CXIMAGE\DEMO\X64\DEBUG\DLGRESAMPLE.OBJ
D:\WEBTOP\CXIMAGE\DEMO\X64\DEBUG\DLGROTATE.OBJ
D:\WEBTOP\CXIMAGE\DEMO\X64\DEBUG\DLGSHADOW.OBJ
D:\WEBTOP\CXIMAGE\DEMO\X64\DEBUG\DLGSKEW.OBJ
D:\WEBTOP\CXIMAGE\DEMO\X64\DEBUG\DLGTEXT.OBJ
D:\WEBTOP\CXIMAGE\DEMO\X64\DEBUG\DLGTHRESHOLD.OBJ
D:\WEBTOP\CXIMAGE\DEMO\X64\DEBUG\DLGURL.OBJ
D:\WEBTOP\CXIMAGE\DEMO\X64\DEBUG\LOGOMDI.OBJ
D:\WEBTOP\CXIMAGE\DEMO\X64\DEBUG\MAINFRM.OBJ
D:\WEBTOP\CXIMAGE\DEMO\X64\DEBUG\QUANTIZE.OBJ
D:\WEBTOP\CXIMAGE\DEMO\X64\DEBUG\STDAFX.OBJ
D:\WEBTOP\CXIMAGE\DEMO\X64\DEBUG\TWAINCPP.OBJ
D:\WEBTOP\CXIMAGE\DEMO\X64\DEBUG\VC100.PDB
D:\WEBTOP\CXIMAGE\DEMO\X64\DEBUG\XTARGETBUTTON.OBJ
D:\WEBTOP\CXIMAGE\X64\DEBUG\DEMO.EXE
D:\webtop\cximage\x64\Debug\demo.exp
D:\WEBTOP\CXIMAGE\X64\DEBUG\DEMO.ILK
D:\webtop\cximage\x64\Debug\demo.lib
D:\WEBTOP\CXIMAGE\X64\DEBUG\DEMO.PDB
