D:\PHP\PHP-SDK\PHPDEV\VC11\X86\PHP-5.6.20\EXT\WING\LIB\CXIMAGE\DEMO\X64\DEBUG\BCMENU.OBJ
D:\PHP\PHP-SDK\PHPDEV\VC11\X86\PHP-5.6.20\EXT\WING\LIB\CXIMAGE\DEMO\X64\DEBUG\CHILDFRM.OBJ
D:\php\php-sdk\phpdev\vc11\x86\php-5.6.20\ext\wing\lib\cximage\demo\x64\Debug\cl.command.1.tlog
D:\php\php-sdk\phpdev\vc11\x86\php-5.6.20\ext\wing\lib\cximage\demo\x64\Debug\CL.read.1.tlog
D:\php\php-sdk\phpdev\vc11\x86\php-5.6.20\ext\wing\lib\cximage\demo\x64\Debug\CL.write.1.tlog
D:\PHP\PHP-SDK\PHPDEV\VC11\X86\PHP-5.6.20\EXT\WING\LIB\CXIMAGE\DEMO\X64\DEBUG\DEMO.OBJ
D:\PHP\PHP-SDK\PHPDEV\VC11\X86\PHP-5.6.20\EXT\WING\LIB\CXIMAGE\DEMO\X64\DEBUG\DEMO.RES
D:\php\php-sdk\phpdev\vc11\x86\php-5.6.20\ext\wing\lib\cximage\demo\x64\Debug\demodll.exe.embed.manifest
D:\PHP\PHP-SDK\PHPDEV\VC11\X86\PHP-5.6.20\EXT\WING\LIB\CXIMAGE\DEMO\X64\DEBUG\DEMODLL.EXE.EMBED.MANIFEST.RES
D:\PHP\PHP-SDK\PHPDEV\VC11\X86\PHP-5.6.20\EXT\WING\LIB\CXIMAGE\DEMO\X64\DEBUG\DEMODLL.PCH
D:\php\php-sdk\phpdev\vc11\x86\php-5.6.20\ext\wing\lib\cximage\demo\x64\Debug\demodll.write.1.tlog
D:\php\php-sdk\phpdev\vc11\x86\php-5.6.20\ext\wing\lib\cximage\demo\x64\Debug\demodll_manifest.rc
D:\PHP\PHP-SDK\PHPDEV\VC11\X86\PHP-5.6.20\EXT\WING\LIB\CXIMAGE\DEMO\X64\DEBUG\DEMODOC.OBJ
D:\PHP\PHP-SDK\PHPDEV\VC11\X86\PHP-5.6.20\EXT\WING\LIB\CXIMAGE\DEMO\X64\DEBUG\DEMOVIEW.OBJ
D:\PHP\PHP-SDK\PHPDEV\VC11\X86\PHP-5.6.20\EXT\WING\LIB\CXIMAGE\DEMO\X64\DEBUG\DLGCAPTURE.OBJ
D:\PHP\PHP-SDK\PHPDEV\VC11\X86\PHP-5.6.20\EXT\WING\LIB\CXIMAGE\DEMO\X64\DEBUG\DLGCOLORIZE.OBJ
D:\PHP\PHP-SDK\PHPDEV\VC11\X86\PHP-5.6.20\EXT\WING\LIB\CXIMAGE\DEMO\X64\DEBUG\DLGCOMBINE.OBJ
D:\PHP\PHP-SDK\PHPDEV\VC11\X86\PHP-5.6.20\EXT\WING\LIB\CXIMAGE\DEMO\X64\DEBUG\DLGCUSTOMFILTER.OBJ
D:\PHP\PHP-SDK\PHPDEV\VC11\X86\PHP-5.6.20\EXT\WING\LIB\CXIMAGE\DEMO\X64\DEBUG\DLGDATAEXT.OBJ
D:\PHP\PHP-SDK\PHPDEV\VC11\X86\PHP-5.6.20\EXT\WING\LIB\CXIMAGE\DEMO\X64\DEBUG\DLGDECBPP.OBJ
D:\PHP\PHP-SDK\PHPDEV\VC11\X86\PHP-5.6.20\EXT\WING\LIB\CXIMAGE\DEMO\X64\DEBUG\DLGDITHER.OBJ
D:\PHP\PHP-SDK\PHPDEV\VC11\X86\PHP-5.6.20\EXT\WING\LIB\CXIMAGE\DEMO\X64\DEBUG\DLGEXPAND.OBJ
D:\PHP\PHP-SDK\PHPDEV\VC11\X86\PHP-5.6.20\EXT\WING\LIB\CXIMAGE\DEMO\X64\DEBUG\DLGFFT.OBJ
D:\PHP\PHP-SDK\PHPDEV\VC11\X86\PHP-5.6.20\EXT\WING\LIB\CXIMAGE\DEMO\X64\DEBUG\DLGFLOODFILL.OBJ
D:\PHP\PHP-SDK\PHPDEV\VC11\X86\PHP-5.6.20\EXT\WING\LIB\CXIMAGE\DEMO\X64\DEBUG\DLGGAMMA.OBJ
D:\PHP\PHP-SDK\PHPDEV\VC11\X86\PHP-5.6.20\EXT\WING\LIB\CXIMAGE\DEMO\X64\DEBUG\DLGHISTO.OBJ
D:\PHP\PHP-SDK\PHPDEV\VC11\X86\PHP-5.6.20\EXT\WING\LIB\CXIMAGE\DEMO\X64\DEBUG\DLGINCBPP.OBJ
D:\PHP\PHP-SDK\PHPDEV\VC11\X86\PHP-5.6.20\EXT\WING\LIB\CXIMAGE\DEMO\X64\DEBUG\DLGJPEG.OBJ
D:\PHP\PHP-SDK\PHPDEV\VC11\X86\PHP-5.6.20\EXT\WING\LIB\CXIMAGE\DEMO\X64\DEBUG\DLGMIX.OBJ
D:\PHP\PHP-SDK\PHPDEV\VC11\X86\PHP-5.6.20\EXT\WING\LIB\CXIMAGE\DEMO\X64\DEBUG\DLGOPACITY.OBJ
D:\PHP\PHP-SDK\PHPDEV\VC11\X86\PHP-5.6.20\EXT\WING\LIB\CXIMAGE\DEMO\X64\DEBUG\DLGOPTIONS.OBJ
D:\PHP\PHP-SDK\PHPDEV\VC11\X86\PHP-5.6.20\EXT\WING\LIB\CXIMAGE\DEMO\X64\DEBUG\DLGPALETTE.OBJ
D:\PHP\PHP-SDK\PHPDEV\VC11\X86\PHP-5.6.20\EXT\WING\LIB\CXIMAGE\DEMO\X64\DEBUG\DLGREPAIR.OBJ
D:\PHP\PHP-SDK\PHPDEV\VC11\X86\PHP-5.6.20\EXT\WING\LIB\CXIMAGE\DEMO\X64\DEBUG\DLGRESAMPLE.OBJ
D:\PHP\PHP-SDK\PHPDEV\VC11\X86\PHP-5.6.20\EXT\WING\LIB\CXIMAGE\DEMO\X64\DEBUG\DLGROTATE.OBJ
D:\PHP\PHP-SDK\PHPDEV\VC11\X86\PHP-5.6.20\EXT\WING\LIB\CXIMAGE\DEMO\X64\DEBUG\DLGSHADOW.OBJ
D:\PHP\PHP-SDK\PHPDEV\VC11\X86\PHP-5.6.20\EXT\WING\LIB\CXIMAGE\DEMO\X64\DEBUG\DLGSKEW.OBJ
D:\PHP\PHP-SDK\PHPDEV\VC11\X86\PHP-5.6.20\EXT\WING\LIB\CXIMAGE\DEMO\X64\DEBUG\DLGTEXT.OBJ
D:\PHP\PHP-SDK\PHPDEV\VC11\X86\PHP-5.6.20\EXT\WING\LIB\CXIMAGE\DEMO\X64\DEBUG\DLGTHRESHOLD.OBJ
D:\PHP\PHP-SDK\PHPDEV\VC11\X86\PHP-5.6.20\EXT\WING\LIB\CXIMAGE\DEMO\X64\DEBUG\DLGURL.OBJ
D:\php\php-sdk\phpdev\vc11\x86\php-5.6.20\ext\wing\lib\cximage\demo\x64\Debug\link.command.1.tlog
D:\php\php-sdk\phpdev\vc11\x86\php-5.6.20\ext\wing\lib\cximage\demo\x64\Debug\link.read.1.tlog
D:\php\php-sdk\phpdev\vc11\x86\php-5.6.20\ext\wing\lib\cximage\demo\x64\Debug\link.write.1.tlog
D:\PHP\PHP-SDK\PHPDEV\VC11\X86\PHP-5.6.20\EXT\WING\LIB\CXIMAGE\DEMO\X64\DEBUG\LOGOMDI.OBJ
D:\PHP\PHP-SDK\PHPDEV\VC11\X86\PHP-5.6.20\EXT\WING\LIB\CXIMAGE\DEMO\X64\DEBUG\MAINFRM.OBJ
D:\PHP\PHP-SDK\PHPDEV\VC11\X86\PHP-5.6.20\EXT\WING\LIB\CXIMAGE\DEMO\X64\DEBUG\QUANTIZE.OBJ
D:\php\php-sdk\phpdev\vc11\x86\php-5.6.20\ext\wing\lib\cximage\demo\x64\Debug\rc.command.1.tlog
D:\php\php-sdk\phpdev\vc11\x86\php-5.6.20\ext\wing\lib\cximage\demo\x64\Debug\rc.read.1.tlog
D:\php\php-sdk\phpdev\vc11\x86\php-5.6.20\ext\wing\lib\cximage\demo\x64\Debug\rc.write.1.tlog
D:\PHP\PHP-SDK\PHPDEV\VC11\X86\PHP-5.6.20\EXT\WING\LIB\CXIMAGE\DEMO\X64\DEBUG\STDAFX.OBJ
D:\PHP\PHP-SDK\PHPDEV\VC11\X86\PHP-5.6.20\EXT\WING\LIB\CXIMAGE\DEMO\X64\DEBUG\TWAINCPP.OBJ
D:\php\php-sdk\phpdev\vc11\x86\php-5.6.20\ext\wing\lib\cximage\demo\x64\Debug\vc100.idb
D:\PHP\PHP-SDK\PHPDEV\VC11\X86\PHP-5.6.20\EXT\WING\LIB\CXIMAGE\DEMO\X64\DEBUG\VC100.PDB
D:\PHP\PHP-SDK\PHPDEV\VC11\X86\PHP-5.6.20\EXT\WING\LIB\CXIMAGE\DEMO\X64\DEBUG\XTARGETBUTTON.OBJ
