生成启动时间为 2016/5/14 10:44:39。
     1>项目“D:\php\php-sdk\phpdev\vc11\x86\php-5.6.20\ext\wing\lib\cximage\jasper\jasper.vcxproj”在节点 2 上(rebuild 个目标)。
     1>_PrepareForClean:
         正在删除文件“x64\Debug\jasper.lastbuildstate”。
       InitializeBuildStatus:
         正在创建“x64\Debug\jasper.unsuccessfulbuild”，因为已指定“AlwaysCreate”。
       ClCompile:
         C:\Program Files (x86)\Microsoft Visual Studio 10.0\VC\bin\x86_amd64\CL.exe /c /I.\include /Zi /nologo /W3 /WX- /Od /D WIN32 /D _DEBUG /D _LIB /D JAS_WIN_MSVC_BUILD /D _CRT_SECURE_NO_DEPRECATE /D EXCLUDE_JPG_SUPPORT /D _UNICODE /D UNICODE /Gm /EHsc /RTC1 /MDd /GS /fp:precise /Zc:wchar_t /Zc:forScope /Fo"x64\Debug\\" /Fd"x64\Debug\vc100.pdb" /Gd /TC /errorReport:prompt base\jas_cm.c base\jas_debug.c base\jas_getopt.c base\jas_icc.c base\jas_iccdata.c base\jas_image.c base\jas_init.c base\jas_malloc.c base\jas_seq.c base\jas_stream.c base\jas_string.c base\jas_tvp.c base\jas_version.c bmp\bmp_cod.c bmp\bmp_dec.c bmp\bmp_enc.c jp2\jp2_cod.c jp2\jp2_dec.c jp2\jp2_enc.c jpc\jpc_bs.c jpc\jpc_cs.c jpc\jpc_dec.c jpc\jpc_enc.c jpc\jpc_math.c jpc\jpc_mct.c jpc\jpc_mqcod.c jpc\jpc_mqdec.c jpc\jpc_mqenc.c jpc\jpc_qmfb.c jpc\jpc_t1cod.c jpc\jpc_t1dec.c jpc\jpc_t1enc.c jpc\jpc_t2cod.c jpc\jpc_t2dec.c jpc\jpc_t2enc.c jpc\jpc_tagtree.c jpc\jpc_tsfb.c jpc\jpc_util.c jpg\jpg_dummy.c jpg\jpg_val.c mif\mif_cod.c pgx\pgx_cod.c pgx\pgx_dec.c pgx\pgx_enc.c pnm\pnm_cod.c pnm\pnm_dec.c pnm\pnm_enc.c ras\ras_cod.c ras\ras_dec.c ras\ras_enc.c
         ras_enc.c
         ras_dec.c
         ras_cod.c
         pnm_enc.c
         pnm_dec.c
     1>pnm\pnm_dec.c(360): warning C4244: “=”: 从“int_fast64_t”转换到“jas_seqent_t”，可能丢失数据
         pnm_cod.c
         pgx_enc.c
         pgx_dec.c
         pgx_cod.c
         mif_cod.c
         jpg_val.c
         jpg_dummy.c
         jpc_util.c
         jpc_tsfb.c
     1>jpc\jpc_tsfb.c(124): warning C4013: “jpc_tsfb_analyze2”未定义；假设外部返回 int
     1>jpc\jpc_tsfb.c(151): warning C4013: “jpc_tsfb_synthesize2”未定义；假设外部返回 int
     1>jpc\jpc_tsfb.c(201): warning C4244: “return”: 从“__int64”转换到“int”，可能丢失数据
         jpc_tagtree.c
         jpc_t2enc.c
     1>jpc\jpc_t2enc.c(230): warning C4244: “函数”: 从“__int64”转换到“int”，可能丢失数据
     1>jpc\jpc_t2enc.c(238): warning C4244: “函数”: 从“__int64”转换到“int”，可能丢失数据
     1>jpc\jpc_t2enc.c(249): warning C4244: “函数”: 从“__int64”转换到“int”，可能丢失数据
     1>jpc\jpc_t2enc.c(265): warning C4244: “函数”: 从“__int64”转换到“int”，可能丢失数据
     1>jpc\jpc_t2enc.c(284): warning C4244: “=”: 从“__int64”转换到“int”，可能丢失数据
     1>jpc\jpc_t2enc.c(372): warning C4244: “=”: 从“__int64”转换到“int”，可能丢失数据
     1>jpc\jpc_t2enc.c(533): warning C4244: “函数”: 从“__int64”转换到“int”，可能丢失数据
         jpc_t2dec.c
         jpc_t2cod.c
         jpc_t1enc.c
     1>jpc\jpc_t1enc.c(141): warning C4018: “<”: 有符号/无符号不匹配
     1>jpc\jpc_t1enc.c(231): warning C4244: “函数”: 从“__int64”转换到“int”，可能丢失数据
     1>jpc\jpc_t1enc.c(232): warning C4244: “函数”: 从“__int64”转换到“int”，可能丢失数据
     1>jpc\jpc_t1enc.c(453): warning C4244: “=”: 从“__int64”转换到“int”，可能丢失数据
     1>jpc\jpc_t1enc.c(454): warning C4244: “=”: 从“__int64”转换到“int”，可能丢失数据
     1>jpc\jpc_t1enc.c(552): warning C4244: “=”: 从“__int64”转换到“int”，可能丢失数据
     1>jpc\jpc_t1enc.c(553): warning C4244: “=”: 从“__int64”转换到“int”，可能丢失数据
     1>jpc\jpc_t1enc.c(655): warning C4244: “=”: 从“__int64”转换到“int”，可能丢失数据
     1>jpc\jpc_t1enc.c(656): warning C4244: “=”: 从“__int64”转换到“int”，可能丢失数据
     1>jpc\jpc_t1enc.c(747): warning C4244: “=”: 从“__int64”转换到“int”，可能丢失数据
     1>jpc\jpc_t1enc.c(748): warning C4244: “=”: 从“__int64”转换到“int”，可能丢失数据
     1>jpc\jpc_t1enc.c(855): warning C4244: “=”: 从“__int64”转换到“int”，可能丢失数据
     1>jpc\jpc_t1enc.c(856): warning C4244: “=”: 从“__int64”转换到“int”，可能丢失数据
         jpc_t1dec.c
     1>jpc\jpc_t1dec.c(204): warning C4244: “=”: 从“__int64”转换到“int”，可能丢失数据
     1>jpc\jpc_t1dec.c(390): warning C4244: “=”: 从“__int64”转换到“int”，可能丢失数据
     1>jpc\jpc_t1dec.c(391): warning C4244: “=”: 从“__int64”转换到“int”，可能丢失数据
     1>jpc\jpc_t1dec.c(496): warning C4244: “=”: 从“__int64”转换到“int”，可能丢失数据
     1>jpc\jpc_t1dec.c(497): warning C4244: “=”: 从“__int64”转换到“int”，可能丢失数据
     1>jpc\jpc_t1dec.c(599): warning C4244: “=”: 从“__int64”转换到“int”，可能丢失数据
     1>jpc\jpc_t1dec.c(600): warning C4244: “=”: 从“__int64”转换到“int”，可能丢失数据
     1>jpc\jpc_t1dec.c(697): warning C4244: “=”: 从“__int64”转换到“int”，可能丢失数据
     1>jpc\jpc_t1dec.c(698): warning C4244: “=”: 从“__int64”转换到“int”，可能丢失数据
     1>jpc\jpc_t1dec.c(814): warning C4244: “=”: 从“__int64”转换到“int”，可能丢失数据
     1>jpc\jpc_t1dec.c(815): warning C4244: “=”: 从“__int64”转换到“int”，可能丢失数据
         Generating Code...
         Compiling...
         jpc_t1cod.c
         jpc_qmfb.c
         jpc_mqenc.c
         jpc_mqdec.c
         jpc_mqcod.c
         jpc_mct.c
         jpc_math.c
         jpc_enc.c
     1>jpc\jpc_enc.c(963): warning C4267: “=”: 从“size_t”转换到“uint_fast16_t”，可能丢失数据
     1>jpc\jpc_enc.c(1033): warning C4244: “=”: 从“uint_fast16_t”转换到“uint_fast8_t”，可能丢失数据
     1>jpc\jpc_enc.c(1034): warning C4244: “=”: 从“uint_fast16_t”转换到“uint_fast8_t”，可能丢失数据
     1>jpc\jpc_enc.c(1795): warning C4244: “函数”: 从“__int64”转换到“int”，可能丢失数据
     1>jpc\jpc_enc.c(1795): warning C4244: “函数”: 从“__int64”转换到“int”，可能丢失数据
     1>jpc\jpc_enc.c(1891): warning C4244: “函数”: 从“__int64”转换到“int”，可能丢失数据
     1>jpc\jpc_enc.c(1891): warning C4244: “函数”: 从“__int64”转换到“int”，可能丢失数据
     1>jpc\jpc_enc.c(2062): warning C4244: “=”: 从“__int64”转换到“uint_fast16_t”，可能丢失数据
     1>jpc\jpc_enc.c(2170): warning C4244: “=”: 从“__int64”转换到“uint_fast16_t”，可能丢失数据
     1>jpc\jpc_enc.c(2270): warning C4244: “=”: 从“__int64”转换到“uint_fast16_t”，可能丢失数据
     1>jpc\jpc_enc.c(2271): warning C4244: “=”: 从“__int64”转换到“uint_fast16_t”，可能丢失数据
     1>jpc\jpc_enc.c(2296): warning C4018: “<”: 有符号/无符号不匹配
     1>jpc\jpc_enc.c(2305): warning C4018: “<”: 有符号/无符号不匹配
     1>jpc\jpc_enc.c(2328): warning C4018: “<”: 有符号/无符号不匹配
     1>jpc\jpc_enc.c(2368): warning C4244: “=”: 从“__int64”转换到“uint_fast16_t”，可能丢失数据
     1>jpc\jpc_enc.c(2369): warning C4244: “=”: 从“__int64”转换到“uint_fast32_t”，可能丢失数据
     1>jpc\jpc_enc.c(2388): warning C4018: “>”: 有符号/无符号不匹配
     1>jpc\jpc_enc.c(2389): warning C4018: “>”: 有符号/无符号不匹配
     1>jpc\jpc_enc.c(2391): warning C4018: “<”: 有符号/无符号不匹配
     1>jpc\jpc_enc.c(2393): warning C4018: “<”: 有符号/无符号不匹配
     1>jpc\jpc_enc.c(2428): warning C4018: “<”: 有符号/无符号不匹配
     1>jpc\jpc_enc.c(2437): warning C4018: “<”: 有符号/无符号不匹配
     1>jpc\jpc_enc.c(2470): warning C4018: “<”: 有符号/无符号不匹配
     1>jpc\jpc_enc.c(2504): warning C4244: “=”: 从“__int64”转换到“uint_fast32_t”，可能丢失数据
     1>jpc\jpc_enc.c(2606): warning C4018: “<”: 有符号/无符号不匹配
     1>jpc\jpc_enc.c(2612): warning C4018: “<”: 有符号/无符号不匹配
         jpc_dec.c
         jpc_cs.c
     1>jpc\jpc_cs.c(691): warning C4244: “函数”: 从“uint_fast16_t”转换到“uint_fast8_t”，可能丢失数据
     1>jpc\jpc_cs.c(825): warning C4244: “函数”: 从“uint_fast16_t”转换到“uint_fast8_t”，可能丢失数据
     1>jpc\jpc_cs.c(922): warning C4244: “函数”: 从“uint_fast16_t”转换到“uint_fast8_t”，可能丢失数据
     1>jpc\jpc_cs.c(1283): warning C4244: “函数”: 从“uint_fast16_t”转换到“uint_fast8_t”，可能丢失数据
     1>jpc\jpc_cs.c(1288): warning C4244: “函数”: 从“uint_fast16_t”转换到“uint_fast8_t”，可能丢失数据
         jpc_bs.c
         jp2_enc.c
         jp2_dec.c
         jp2_cod.c
     1>jp2\jp2_cod.c(269): warning C4244: “=”: 从“uint_fast64_t”转换到“uint_fast32_t”，可能丢失数据
     1>jp2\jp2_cod.c(270): warning C4244: “=”: 从“uint_fast64_t”转换到“uint_fast32_t”，可能丢失数据
         bmp_enc.c
         bmp_dec.c
         bmp_cod.c
         jas_version.c
         jas_tvp.c
         jas_string.c
     1>base\jas_string.c(90): warning C4267: “=”: 从“size_t”转换到“int”，可能丢失数据
         Generating Code...
         Compiling...
         jas_stream.c
     1>base\jas_stream.c(286): warning C4996: 'open': The POSIX name for this item is deprecated. Instead, use the ISO C++ conformant name: _open. See online help for details.
                 C:\Program Files (x86)\Microsoft Visual Studio 10.0\VC\include\io.h(312) : 参见“open”的声明
     1>base\jas_stream.c(373): warning C4996: 'open': The POSIX name for this item is deprecated. Instead, use the ISO C++ conformant name: _open. See online help for details.
                 C:\Program Files (x86)\Microsoft Visual Studio 10.0\VC\include\io.h(312) : 参见“open”的声明
     1>base\jas_stream.c(384): warning C4996: 'unlink': The POSIX name for this item is deprecated. Instead, use the ISO C++ conformant name: _unlink. See online help for details.
                 C:\Program Files (x86)\Microsoft Visual Studio 10.0\VC\include\stdio.h(299) : 参见“unlink”的声明
     1>base\jas_stream.c(423): warning C4996: 'setmode': The POSIX name for this item is deprecated. Instead, use the ISO C++ conformant name: _setmode. See online help for details.
                 C:\Program Files (x86)\Microsoft Visual Studio 10.0\VC\include\io.h(314) : 参见“setmode”的声明
     1>base\jas_stream.c(681): warning C4244: “=”: 从“__int64”转换到“int”，可能丢失数据
     1>base\jas_stream.c(818): warning C4244: “=”: 从“__int64”转换到“int”，可能丢失数据
     1>base\jas_stream.c(1094): warning C4996: 'read': The POSIX name for this item is deprecated. Instead, use the ISO C++ conformant name: _read. See online help for details.
                 C:\Program Files (x86)\Microsoft Visual Studio 10.0\VC\include\io.h(313) : 参见“read”的声明
     1>base\jas_stream.c(1100): warning C4996: 'write': The POSIX name for this item is deprecated. Instead, use the ISO C++ conformant name: _write. See online help for details.
                 C:\Program Files (x86)\Microsoft Visual Studio 10.0\VC\include\io.h(318) : 参见“write”的声明
     1>base\jas_stream.c(1113): warning C4996: 'close': The POSIX name for this item is deprecated. Instead, use the ISO C++ conformant name: _close. See online help for details.
                 C:\Program Files (x86)\Microsoft Visual Studio 10.0\VC\include\io.h(302) : 参见“close”的声明
     1>base\jas_stream.c(1115): warning C4996: 'unlink': The POSIX name for this item is deprecated. Instead, use the ISO C++ conformant name: _unlink. See online help for details.
                 C:\Program Files (x86)\Microsoft Visual Studio 10.0\VC\include\stdio.h(299) : 参见“unlink”的声明
     1>base\jas_stream.c(1129): warning C4267: “return”: 从“size_t”转换到“int”，可能丢失数据
     1>base\jas_stream.c(1136): warning C4267: “return”: 从“size_t”转换到“int”，可能丢失数据
         jas_seq.c
     1>base\jas_seq.c(265): warning C4244: “=”: 从“__int64”转换到“int”，可能丢失数据
     1>base\jas_seq.c(285): warning C4244: “=”: 从“__int64”转换到“int”，可能丢失数据
     1>base\jas_seq.c(310): warning C4244: “=”: 从“__int64”转换到“int”，可能丢失数据
     1>base\jas_seq.c(328): warning C4244: “=”: 从“__int64”转换到“int”，可能丢失数据
     1>base\jas_seq.c(370): warning C4244: “=”: 从“__int64”转换到“int”，可能丢失数据
     1>base\jas_seq.c(437): warning C4267: “=”: 从“size_t”转换到“int”，可能丢失数据
         jas_malloc.c
         jas_init.c
         jas_image.c
     1>base\jas_image.c(436): warning C4244: “=”: 从“__int64”转换到“int”，可能丢失数据
     1>base\jas_image.c(487): warning C4244: “=”: 从“__int64”转换到“int”，可能丢失数据
         jas_iccdata.c
         jas_icc.c
     1>base\jas_icc.c(1115): warning C4267: “=”: 从“size_t”转换到“jas_iccuint32_t”，可能丢失数据
     1>base\jas_icc.c(1139): warning C4267: “return”: 从“size_t”转换到“int”，可能丢失数据
     1>base\jas_icc.c(1219): warning C4267: “return”: 从“size_t”转换到“int”，可能丢失数据
     1>base\jas_icc.c(1604): warning C4244: “=”: 从“UINT64”转换到“jas_iccuint16_t”，可能丢失数据
     1>base\jas_icc.c(1614): warning C4244: “=”: 从“INT64”转换到“jas_iccsint32_t”，可能丢失数据
     1>base\jas_icc.c(1623): warning C4244: “=”: 从“UINT64”转换到“jas_iccuint32_t”，可能丢失数据
         jas_getopt.c
         jas_debug.c
         jas_cm.c
         Generating Code...
       Lib:
         C:\Program Files (x86)\Microsoft Visual Studio 10.0\VC\bin\x86_amd64\Lib.exe /OUT:"D:\php\php-sdk\phpdev\vc11\x86\php-5.6.20\ext\wing\lib\cximage\x64\Debug\jasper.lib" /NOLOGO x64\Debug\jas_cm.obj
         x64\Debug\jas_debug.obj
         x64\Debug\jas_getopt.obj
         x64\Debug\jas_icc.obj
         x64\Debug\jas_iccdata.obj
         x64\Debug\jas_image.obj
         x64\Debug\jas_init.obj
         x64\Debug\jas_malloc.obj
         x64\Debug\jas_seq.obj
         x64\Debug\jas_stream.obj
         x64\Debug\jas_string.obj
         x64\Debug\jas_tvp.obj
         x64\Debug\jas_version.obj
         x64\Debug\bmp_cod.obj
         x64\Debug\bmp_dec.obj
         x64\Debug\bmp_enc.obj
         x64\Debug\jp2_cod.obj
         x64\Debug\jp2_dec.obj
         x64\Debug\jp2_enc.obj
         x64\Debug\jpc_bs.obj
         x64\Debug\jpc_cs.obj
         x64\Debug\jpc_dec.obj
         x64\Debug\jpc_enc.obj
         x64\Debug\jpc_math.obj
         x64\Debug\jpc_mct.obj
         x64\Debug\jpc_mqcod.obj
         x64\Debug\jpc_mqdec.obj
         x64\Debug\jpc_mqenc.obj
         x64\Debug\jpc_qmfb.obj
         x64\Debug\jpc_t1cod.obj
         x64\Debug\jpc_t1dec.obj
         x64\Debug\jpc_t1enc.obj
         x64\Debug\jpc_t2cod.obj
         x64\Debug\jpc_t2dec.obj
         x64\Debug\jpc_t2enc.obj
         x64\Debug\jpc_tagtree.obj
         x64\Debug\jpc_tsfb.obj
         x64\Debug\jpc_util.obj
         x64\Debug\jpg_dummy.obj
         x64\Debug\jpg_val.obj
         x64\Debug\mif_cod.obj
         x64\Debug\pgx_cod.obj
         x64\Debug\pgx_dec.obj
         x64\Debug\pgx_enc.obj
         x64\Debug\pnm_cod.obj
         x64\Debug\pnm_dec.obj
         x64\Debug\pnm_enc.obj
         x64\Debug\ras_cod.obj
         x64\Debug\ras_dec.obj
         x64\Debug\ras_enc.obj
         jasper.vcxproj -> D:\php\php-sdk\phpdev\vc11\x86\php-5.6.20\ext\wing\lib\cximage\x64\Debug\jasper.lib
       FinalizeBuildStatus:
         正在删除文件“x64\Debug\jasper.unsuccessfulbuild”。
         正在对“x64\Debug\jasper.lastbuildstate”执行 Touch 任务。
     1>已完成生成项目“D:\php\php-sdk\phpdev\vc11\x86\php-5.6.20\ext\wing\lib\cximage\jasper\jasper.vcxproj”(rebuild 个目标)的操作。

生成成功。

已用时间 00:00:10.04
