D:\php\php-sdk\phpdev\vc11\x86\php-5.6.20\ext\wing\lib\cximage\CxImage\.\Release\cximage.lib
D:\php\php-sdk\phpdev\vc11\x86\php-5.6.20\ext\wing\lib\cximage\CxImage\Release\cl.command.1.tlog
D:\php\php-sdk\phpdev\vc11\x86\php-5.6.20\ext\wing\lib\cximage\CxImage\Release\CL.read.1.tlog
D:\php\php-sdk\phpdev\vc11\x86\php-5.6.20\ext\wing\lib\cximage\CxImage\Release\CL.write.1.tlog
D:\PHP\PHP-SDK\PHPDEV\VC11\X86\PHP-5.6.20\EXT\WING\LIB\CXIMAGE\CXIMAGE\RELEASE\CXIMAGE.LIB
D:\php\php-sdk\phpdev\vc11\x86\php-5.6.20\ext\wing\lib\cximage\CxImage\Release\lib.command.1.tlog
D:\php\php-sdk\phpdev\vc11\x86\php-5.6.20\ext\wing\lib\cximage\CxImage\Release\Lib-link.read.1.tlog
D:\php\php-sdk\phpdev\vc11\x86\php-5.6.20\ext\wing\lib\cximage\CxImage\Release\Lib-link.write.1.tlog
D:\PHP\PHP-SDK\PHPDEV\VC11\X86\PHP-5.6.20\EXT\WING\LIB\CXIMAGE\CXIMAGE\RELEASE\TIF_XFILE.OBJ
D:\PHP\PHP-SDK\PHPDEV\VC11\X86\PHP-5.6.20\EXT\WING\LIB\CXIMAGE\CXIMAGE\RELEASE\VC110.PDB
D:\PHP\PHP-SDK\PHPDEV\VC11\X86\PHP-5.6.20\EXT\WING\LIB\CXIMAGE\CXIMAGE\RELEASE\XIMABMP.OBJ
D:\PHP\PHP-SDK\PHPDEV\VC11\X86\PHP-5.6.20\EXT\WING\LIB\CXIMAGE\CXIMAGE\RELEASE\XIMADSP.OBJ
D:\PHP\PHP-SDK\PHPDEV\VC11\X86\PHP-5.6.20\EXT\WING\LIB\CXIMAGE\CXIMAGE\RELEASE\XIMAENC.OBJ
D:\PHP\PHP-SDK\PHPDEV\VC11\X86\PHP-5.6.20\EXT\WING\LIB\CXIMAGE\CXIMAGE\RELEASE\XIMAEXIF.OBJ
D:\PHP\PHP-SDK\PHPDEV\VC11\X86\PHP-5.6.20\EXT\WING\LIB\CXIMAGE\CXIMAGE\RELEASE\XIMAGE.OBJ
D:\PHP\PHP-SDK\PHPDEV\VC11\X86\PHP-5.6.20\EXT\WING\LIB\CXIMAGE\CXIMAGE\RELEASE\XIMAGIF.OBJ
D:\PHP\PHP-SDK\PHPDEV\VC11\X86\PHP-5.6.20\EXT\WING\LIB\CXIMAGE\CXIMAGE\RELEASE\XIMAHIST.OBJ
D:\PHP\PHP-SDK\PHPDEV\VC11\X86\PHP-5.6.20\EXT\WING\LIB\CXIMAGE\CXIMAGE\RELEASE\XIMAICO.OBJ
D:\PHP\PHP-SDK\PHPDEV\VC11\X86\PHP-5.6.20\EXT\WING\LIB\CXIMAGE\CXIMAGE\RELEASE\XIMAINFO.OBJ
D:\PHP\PHP-SDK\PHPDEV\VC11\X86\PHP-5.6.20\EXT\WING\LIB\CXIMAGE\CXIMAGE\RELEASE\XIMAINT.OBJ
D:\PHP\PHP-SDK\PHPDEV\VC11\X86\PHP-5.6.20\EXT\WING\LIB\CXIMAGE\CXIMAGE\RELEASE\XIMAJAS.OBJ
D:\PHP\PHP-SDK\PHPDEV\VC11\X86\PHP-5.6.20\EXT\WING\LIB\CXIMAGE\CXIMAGE\RELEASE\XIMAJBG.OBJ
D:\PHP\PHP-SDK\PHPDEV\VC11\X86\PHP-5.6.20\EXT\WING\LIB\CXIMAGE\CXIMAGE\RELEASE\XIMAJPG.OBJ
D:\PHP\PHP-SDK\PHPDEV\VC11\X86\PHP-5.6.20\EXT\WING\LIB\CXIMAGE\CXIMAGE\RELEASE\XIMALPHA.OBJ
D:\PHP\PHP-SDK\PHPDEV\VC11\X86\PHP-5.6.20\EXT\WING\LIB\CXIMAGE\CXIMAGE\RELEASE\XIMALYR.OBJ
D:\PHP\PHP-SDK\PHPDEV\VC11\X86\PHP-5.6.20\EXT\WING\LIB\CXIMAGE\CXIMAGE\RELEASE\XIMAMNG.OBJ
D:\PHP\PHP-SDK\PHPDEV\VC11\X86\PHP-5.6.20\EXT\WING\LIB\CXIMAGE\CXIMAGE\RELEASE\XIMAPAL.OBJ
D:\PHP\PHP-SDK\PHPDEV\VC11\X86\PHP-5.6.20\EXT\WING\LIB\CXIMAGE\CXIMAGE\RELEASE\XIMAPCX.OBJ
D:\PHP\PHP-SDK\PHPDEV\VC11\X86\PHP-5.6.20\EXT\WING\LIB\CXIMAGE\CXIMAGE\RELEASE\XIMAPNG.OBJ
D:\PHP\PHP-SDK\PHPDEV\VC11\X86\PHP-5.6.20\EXT\WING\LIB\CXIMAGE\CXIMAGE\RELEASE\XIMAPSD.OBJ
D:\PHP\PHP-SDK\PHPDEV\VC11\X86\PHP-5.6.20\EXT\WING\LIB\CXIMAGE\CXIMAGE\RELEASE\XIMARAW.OBJ
D:\PHP\PHP-SDK\PHPDEV\VC11\X86\PHP-5.6.20\EXT\WING\LIB\CXIMAGE\CXIMAGE\RELEASE\XIMASEL.OBJ
D:\PHP\PHP-SDK\PHPDEV\VC11\X86\PHP-5.6.20\EXT\WING\LIB\CXIMAGE\CXIMAGE\RELEASE\XIMASKA.OBJ
D:\PHP\PHP-SDK\PHPDEV\VC11\X86\PHP-5.6.20\EXT\WING\LIB\CXIMAGE\CXIMAGE\RELEASE\XIMATGA.OBJ
D:\PHP\PHP-SDK\PHPDEV\VC11\X86\PHP-5.6.20\EXT\WING\LIB\CXIMAGE\CXIMAGE\RELEASE\XIMATH.OBJ
D:\PHP\PHP-SDK\PHPDEV\VC11\X86\PHP-5.6.20\EXT\WING\LIB\CXIMAGE\CXIMAGE\RELEASE\XIMATIF.OBJ
D:\PHP\PHP-SDK\PHPDEV\VC11\X86\PHP-5.6.20\EXT\WING\LIB\CXIMAGE\CXIMAGE\RELEASE\XIMATRAN.OBJ
D:\PHP\PHP-SDK\PHPDEV\VC11\X86\PHP-5.6.20\EXT\WING\LIB\CXIMAGE\CXIMAGE\RELEASE\XIMAWBMP.OBJ
D:\PHP\PHP-SDK\PHPDEV\VC11\X86\PHP-5.6.20\EXT\WING\LIB\CXIMAGE\CXIMAGE\RELEASE\XIMAWMF.OBJ
D:\PHP\PHP-SDK\PHPDEV\VC11\X86\PHP-5.6.20\EXT\WING\LIB\CXIMAGE\CXIMAGE\RELEASE\XIMAWND.OBJ
D:\PHP\PHP-SDK\PHPDEV\VC11\X86\PHP-5.6.20\EXT\WING\LIB\CXIMAGE\CXIMAGE\RELEASE\XMEMFILE.OBJ
