生成启动时间为 2016/5/14 10:51:06。
     1>项目“D:\php\php-sdk\phpdev\vc11\x86\php-5.6.20\ext\wing\lib\cximage\CxImage\cximage.vcxproj”在节点 2 上(build 个目标)。
     1>InitializeBuildStatus:
         正在创建“.\Release\cximage.unsuccessfulbuild”，因为已指定“AlwaysCreate”。
       ClCompile:
         C:\Program Files (x86)\Microsoft Visual Studio 10.0\VC\bin\CL.exe /c /I..\jpeg /I..\png /I..\zlib /I..\mng /I..\tiff /I..\j2k /I..\jasper\include /Zi /nologo /W3 /WX- /O2 /Ob1 /Oy- /D WIN32 /D NDEBUG /D _LIB /D JAS_WIN_MSVC_BUILD /D _CRT_SECURE_NO_DEPRECATE /GF /Gm- /EHsc /MT /GS /Gy /fp:precise /Zc:wchar_t /Zc:forScope /Fo".\Release/" /Fd".\Release/vc100.pdb" /Gd /TP /analyze- /errorReport:prompt tif_xfile.cpp ximabmp.cpp ximadsp.cpp ximaenc.cpp ximaexif.cpp xImage.cpp ximagif.cpp ximahist.cpp ximaico.cpp ximainfo.cpp ximaint.cpp ximajas.cpp ximajbg.cpp ximajpg.cpp ximalpha.cpp ximalyr.cpp ximamng.cpp ximapal.cpp ximapcx.cpp ximapng.cpp ximapsd.cpp ximaraw.cpp ximasel.cpp ximaska.cpp ximatga.cpp ximath.cpp ximatif.cpp ximatran.cpp ximawbmp.cpp ximawmf.cpp ximawnd.cpp xmemfile.cpp
         tif_xfile.cpp
         ximabmp.cpp
         ximadsp.cpp
     1>ximadsp.cpp(2910): warning C4819: 该文件包含不能在当前代码页(936)中表示的字符。请将该文件保存为 Unicode 格式以防止数据丢失
         ximaenc.cpp
         ximaexif.cpp
         xImage.cpp
         ximagif.cpp
         ximahist.cpp
         ximaico.cpp
         ximainfo.cpp
         ximaint.cpp
         ximajas.cpp
         ximajbg.cpp
         ximajpg.cpp
         ximalpha.cpp
         ximalyr.cpp
         ximamng.cpp
         ximapal.cpp
         ximapcx.cpp
         ximapng.cpp
         正在生成代码...
         正在编译...
         ximapsd.cpp
     1>ximapsd.cpp : warning C4819: 该文件包含不能在当前代码页(936)中表示的字符。请将该文件保存为 Unicode 格式以防止数据丢失
         ximaraw.cpp
         ximasel.cpp
         ximaska.cpp
         ximatga.cpp
         ximath.cpp
         ximatif.cpp
         ximatran.cpp
         ximawbmp.cpp
         ximawmf.cpp
         ximawnd.cpp
         xmemfile.cpp
         正在生成代码...
       Lib:
         C:\Program Files (x86)\Microsoft Visual Studio 10.0\VC\bin\Lib.exe /OUT:".\Release\cximage.lib" /NOLOGO .\Release/tif_xfile.obj
         .\Release/ximabmp.obj
         .\Release/ximadsp.obj
         .\Release/ximaenc.obj
         .\Release/ximaexif.obj
         .\Release/xImage.obj
         .\Release/ximagif.obj
         .\Release/ximahist.obj
         .\Release/ximaico.obj
         .\Release/ximainfo.obj
         .\Release/ximaint.obj
         .\Release/ximajas.obj
         .\Release/ximajbg.obj
         .\Release/ximajpg.obj
         .\Release/ximalpha.obj
         .\Release/ximalyr.obj
         .\Release/ximamng.obj
         .\Release/ximapal.obj
         .\Release/ximapcx.obj
         .\Release/ximapng.obj
         .\Release/ximapsd.obj
         .\Release/ximaraw.obj
         .\Release/ximasel.obj
         .\Release/ximaska.obj
         .\Release/ximatga.obj
         .\Release/ximath.obj
         .\Release/ximatif.obj
         .\Release/ximatran.obj
         .\Release/ximawbmp.obj
         .\Release/ximawmf.obj
         .\Release/ximawnd.obj
         .\Release/xmemfile.obj
         cximage.vcxproj -> D:\php\php-sdk\phpdev\vc11\x86\php-5.6.20\ext\wing\lib\cximage\CxImage\.\Release\cximage.lib
       FinalizeBuildStatus:
         正在删除文件“.\Release\cximage.unsuccessfulbuild”。
         正在对“.\Release\cximage.lastbuildstate”执行 Touch 任务。
     1>已完成生成项目“D:\php\php-sdk\phpdev\vc11\x86\php-5.6.20\ext\wing\lib\cximage\CxImage\cximage.vcxproj”(build 个目标)的操作。

生成成功。

已用时间 00:00:11.00
