D:\php\php-sdk\phpdev\vc11\x86\php-5.6.20\ext\wing\lib\cximage\jpeg\x64\Release\cl.command.1.tlog
D:\php\php-sdk\phpdev\vc11\x86\php-5.6.20\ext\wing\lib\cximage\jpeg\x64\Release\CL.read.1.tlog
D:\php\php-sdk\phpdev\vc11\x86\php-5.6.20\ext\wing\lib\cximage\jpeg\x64\Release\CL.write.1.tlog
D:\php\php-sdk\phpdev\vc11\x86\php-5.6.20\ext\wing\lib\cximage\jpeg\x64\Release\jaricom.obj
D:\php\php-sdk\phpdev\vc11\x86\php-5.6.20\ext\wing\lib\cximage\jpeg\x64\Release\jcapimin.obj
D:\php\php-sdk\phpdev\vc11\x86\php-5.6.20\ext\wing\lib\cximage\jpeg\x64\Release\jcapistd.obj
D:\php\php-sdk\phpdev\vc11\x86\php-5.6.20\ext\wing\lib\cximage\jpeg\x64\Release\jcarith.obj
D:\php\php-sdk\phpdev\vc11\x86\php-5.6.20\ext\wing\lib\cximage\jpeg\x64\Release\jccoefct.obj
D:\php\php-sdk\phpdev\vc11\x86\php-5.6.20\ext\wing\lib\cximage\jpeg\x64\Release\jccolor.obj
D:\php\php-sdk\phpdev\vc11\x86\php-5.6.20\ext\wing\lib\cximage\jpeg\x64\Release\jcdctmgr.obj
D:\php\php-sdk\phpdev\vc11\x86\php-5.6.20\ext\wing\lib\cximage\jpeg\x64\Release\jchuff.obj
D:\php\php-sdk\phpdev\vc11\x86\php-5.6.20\ext\wing\lib\cximage\jpeg\x64\Release\jcinit.obj
D:\php\php-sdk\phpdev\vc11\x86\php-5.6.20\ext\wing\lib\cximage\jpeg\x64\Release\jcmainct.obj
D:\php\php-sdk\phpdev\vc11\x86\php-5.6.20\ext\wing\lib\cximage\jpeg\x64\Release\jcmarker.obj
D:\php\php-sdk\phpdev\vc11\x86\php-5.6.20\ext\wing\lib\cximage\jpeg\x64\Release\jcmaster.obj
D:\php\php-sdk\phpdev\vc11\x86\php-5.6.20\ext\wing\lib\cximage\jpeg\x64\Release\jcomapi.obj
D:\php\php-sdk\phpdev\vc11\x86\php-5.6.20\ext\wing\lib\cximage\jpeg\x64\Release\jcparam.obj
D:\php\php-sdk\phpdev\vc11\x86\php-5.6.20\ext\wing\lib\cximage\jpeg\x64\Release\jcprepct.obj
D:\php\php-sdk\phpdev\vc11\x86\php-5.6.20\ext\wing\lib\cximage\jpeg\x64\Release\jcsample.obj
D:\php\php-sdk\phpdev\vc11\x86\php-5.6.20\ext\wing\lib\cximage\jpeg\x64\Release\jctrans.obj
D:\php\php-sdk\phpdev\vc11\x86\php-5.6.20\ext\wing\lib\cximage\jpeg\x64\Release\jdapimin.obj
D:\php\php-sdk\phpdev\vc11\x86\php-5.6.20\ext\wing\lib\cximage\jpeg\x64\Release\jdapistd.obj
D:\php\php-sdk\phpdev\vc11\x86\php-5.6.20\ext\wing\lib\cximage\jpeg\x64\Release\jdarith.obj
D:\php\php-sdk\phpdev\vc11\x86\php-5.6.20\ext\wing\lib\cximage\jpeg\x64\Release\jdatadst.obj
D:\php\php-sdk\phpdev\vc11\x86\php-5.6.20\ext\wing\lib\cximage\jpeg\x64\Release\jdatasrc.obj
D:\php\php-sdk\phpdev\vc11\x86\php-5.6.20\ext\wing\lib\cximage\jpeg\x64\Release\jdcoefct.obj
D:\php\php-sdk\phpdev\vc11\x86\php-5.6.20\ext\wing\lib\cximage\jpeg\x64\Release\jdcolor.obj
D:\php\php-sdk\phpdev\vc11\x86\php-5.6.20\ext\wing\lib\cximage\jpeg\x64\Release\jddctmgr.obj
D:\php\php-sdk\phpdev\vc11\x86\php-5.6.20\ext\wing\lib\cximage\jpeg\x64\Release\jdhuff.obj
D:\php\php-sdk\phpdev\vc11\x86\php-5.6.20\ext\wing\lib\cximage\jpeg\x64\Release\jdinput.obj
D:\php\php-sdk\phpdev\vc11\x86\php-5.6.20\ext\wing\lib\cximage\jpeg\x64\Release\jdmainct.obj
D:\php\php-sdk\phpdev\vc11\x86\php-5.6.20\ext\wing\lib\cximage\jpeg\x64\Release\jdmarker.obj
D:\php\php-sdk\phpdev\vc11\x86\php-5.6.20\ext\wing\lib\cximage\jpeg\x64\Release\jdmaster.obj
D:\php\php-sdk\phpdev\vc11\x86\php-5.6.20\ext\wing\lib\cximage\jpeg\x64\Release\jdmerge.obj
D:\php\php-sdk\phpdev\vc11\x86\php-5.6.20\ext\wing\lib\cximage\jpeg\x64\Release\jdpostct.obj
D:\php\php-sdk\phpdev\vc11\x86\php-5.6.20\ext\wing\lib\cximage\jpeg\x64\Release\jdsample.obj
D:\php\php-sdk\phpdev\vc11\x86\php-5.6.20\ext\wing\lib\cximage\jpeg\x64\Release\jdtrans.obj
D:\php\php-sdk\phpdev\vc11\x86\php-5.6.20\ext\wing\lib\cximage\jpeg\x64\Release\jerror.obj
D:\php\php-sdk\phpdev\vc11\x86\php-5.6.20\ext\wing\lib\cximage\jpeg\x64\Release\jfdctflt.obj
D:\php\php-sdk\phpdev\vc11\x86\php-5.6.20\ext\wing\lib\cximage\jpeg\x64\Release\jfdctfst.obj
D:\php\php-sdk\phpdev\vc11\x86\php-5.6.20\ext\wing\lib\cximage\jpeg\x64\Release\jfdctint.obj
D:\php\php-sdk\phpdev\vc11\x86\php-5.6.20\ext\wing\lib\cximage\jpeg\x64\Release\jidctflt.obj
D:\php\php-sdk\phpdev\vc11\x86\php-5.6.20\ext\wing\lib\cximage\jpeg\x64\Release\jidctfst.obj
D:\php\php-sdk\phpdev\vc11\x86\php-5.6.20\ext\wing\lib\cximage\jpeg\x64\Release\jidctint.obj
D:\php\php-sdk\phpdev\vc11\x86\php-5.6.20\ext\wing\lib\cximage\jpeg\x64\Release\jmemmgr.obj
D:\php\php-sdk\phpdev\vc11\x86\php-5.6.20\ext\wing\lib\cximage\jpeg\x64\Release\jmemnobs.obj
D:\php\php-sdk\phpdev\vc11\x86\php-5.6.20\ext\wing\lib\cximage\jpeg\x64\Release\jpeg.write.1.tlog
D:\php\php-sdk\phpdev\vc11\x86\php-5.6.20\ext\wing\lib\cximage\jpeg\x64\Release\jquant1.obj
D:\php\php-sdk\phpdev\vc11\x86\php-5.6.20\ext\wing\lib\cximage\jpeg\x64\Release\jquant2.obj
D:\php\php-sdk\phpdev\vc11\x86\php-5.6.20\ext\wing\lib\cximage\jpeg\x64\Release\jutils.obj
D:\php\php-sdk\phpdev\vc11\x86\php-5.6.20\ext\wing\lib\cximage\jpeg\x64\Release\lib.command.1.tlog
D:\php\php-sdk\phpdev\vc11\x86\php-5.6.20\ext\wing\lib\cximage\jpeg\x64\Release\Lib-link.read.1.tlog
D:\php\php-sdk\phpdev\vc11\x86\php-5.6.20\ext\wing\lib\cximage\jpeg\x64\Release\Lib-link.write.1.tlog
D:\php\php-sdk\phpdev\vc11\x86\php-5.6.20\ext\wing\lib\cximage\jpeg\x64\Release\vc100.pdb
D:\WEBTOP\CXIMAGE\JPEG\X64\RELEASE\JARICOM.OBJ
D:\WEBTOP\CXIMAGE\JPEG\X64\RELEASE\JCAPIMIN.OBJ
D:\WEBTOP\CXIMAGE\JPEG\X64\RELEASE\JCAPISTD.OBJ
D:\WEBTOP\CXIMAGE\JPEG\X64\RELEASE\JCARITH.OBJ
D:\WEBTOP\CXIMAGE\JPEG\X64\RELEASE\JCCOEFCT.OBJ
D:\WEBTOP\CXIMAGE\JPEG\X64\RELEASE\JCCOLOR.OBJ
D:\WEBTOP\CXIMAGE\JPEG\X64\RELEASE\JCDCTMGR.OBJ
D:\WEBTOP\CXIMAGE\JPEG\X64\RELEASE\JCHUFF.OBJ
D:\WEBTOP\CXIMAGE\JPEG\X64\RELEASE\JCINIT.OBJ
D:\WEBTOP\CXIMAGE\JPEG\X64\RELEASE\JCMAINCT.OBJ
D:\WEBTOP\CXIMAGE\JPEG\X64\RELEASE\JCMARKER.OBJ
D:\WEBTOP\CXIMAGE\JPEG\X64\RELEASE\JCMASTER.OBJ
D:\WEBTOP\CXIMAGE\JPEG\X64\RELEASE\JCOMAPI.OBJ
D:\WEBTOP\CXIMAGE\JPEG\X64\RELEASE\JCPARAM.OBJ
D:\WEBTOP\CXIMAGE\JPEG\X64\RELEASE\JCPREPCT.OBJ
D:\WEBTOP\CXIMAGE\JPEG\X64\RELEASE\JCSAMPLE.OBJ
D:\WEBTOP\CXIMAGE\JPEG\X64\RELEASE\JCTRANS.OBJ
D:\WEBTOP\CXIMAGE\JPEG\X64\RELEASE\JDAPIMIN.OBJ
D:\WEBTOP\CXIMAGE\JPEG\X64\RELEASE\JDAPISTD.OBJ
D:\WEBTOP\CXIMAGE\JPEG\X64\RELEASE\JDARITH.OBJ
D:\WEBTOP\CXIMAGE\JPEG\X64\RELEASE\JDATADST.OBJ
D:\WEBTOP\CXIMAGE\JPEG\X64\RELEASE\JDATASRC.OBJ
D:\WEBTOP\CXIMAGE\JPEG\X64\RELEASE\JDCOEFCT.OBJ
D:\WEBTOP\CXIMAGE\JPEG\X64\RELEASE\JDCOLOR.OBJ
D:\WEBTOP\CXIMAGE\JPEG\X64\RELEASE\JDDCTMGR.OBJ
D:\WEBTOP\CXIMAGE\JPEG\X64\RELEASE\JDHUFF.OBJ
D:\WEBTOP\CXIMAGE\JPEG\X64\RELEASE\JDINPUT.OBJ
D:\WEBTOP\CXIMAGE\JPEG\X64\RELEASE\JDMAINCT.OBJ
D:\WEBTOP\CXIMAGE\JPEG\X64\RELEASE\JDMARKER.OBJ
D:\WEBTOP\CXIMAGE\JPEG\X64\RELEASE\JDMASTER.OBJ
D:\WEBTOP\CXIMAGE\JPEG\X64\RELEASE\JDMERGE.OBJ
D:\WEBTOP\CXIMAGE\JPEG\X64\RELEASE\JDPOSTCT.OBJ
D:\WEBTOP\CXIMAGE\JPEG\X64\RELEASE\JDSAMPLE.OBJ
D:\WEBTOP\CXIMAGE\JPEG\X64\RELEASE\JDTRANS.OBJ
D:\WEBTOP\CXIMAGE\JPEG\X64\RELEASE\JERROR.OBJ
D:\WEBTOP\CXIMAGE\JPEG\X64\RELEASE\JFDCTFLT.OBJ
D:\WEBTOP\CXIMAGE\JPEG\X64\RELEASE\JFDCTFST.OBJ
D:\WEBTOP\CXIMAGE\JPEG\X64\RELEASE\JFDCTINT.OBJ
D:\WEBTOP\CXIMAGE\JPEG\X64\RELEASE\JIDCTFLT.OBJ
D:\WEBTOP\CXIMAGE\JPEG\X64\RELEASE\JIDCTFST.OBJ
D:\WEBTOP\CXIMAGE\JPEG\X64\RELEASE\JIDCTINT.OBJ
D:\WEBTOP\CXIMAGE\JPEG\X64\RELEASE\JMEMMGR.OBJ
D:\WEBTOP\CXIMAGE\JPEG\X64\RELEASE\JMEMNOBS.OBJ
D:\WEBTOP\CXIMAGE\JPEG\X64\RELEASE\JQUANT1.OBJ
D:\WEBTOP\CXIMAGE\JPEG\X64\RELEASE\JQUANT2.OBJ
D:\WEBTOP\CXIMAGE\JPEG\X64\RELEASE\JUTILS.OBJ
D:\WEBTOP\CXIMAGE\JPEG\X64\RELEASE\VC100.PDB
D:\WEBTOP\CXIMAGE\X64\RELEASE\JPEG.LIB
