生成启动时间为 2016/5/14 10:45:00。
     1>项目“D:\php\php-sdk\phpdev\vc11\x86\php-5.6.20\ext\wing\lib\cximage\jbig\jbig.vcxproj”在节点 2 上(rebuild 个目标)。
     1>_PrepareForClean:
         正在删除文件“Release\jbig.lastbuildstate”。
       InitializeBuildStatus:
         正在创建“Release\jbig.unsuccessfulbuild”，因为已指定“AlwaysCreate”。
       ClCompile:
         C:\Program Files (x86)\Microsoft Visual Studio 10.0\VC\bin\CL.exe /c /Zi /nologo /W3 /WX- /O2 /Oi /Oy- /GL /D WIN32 /D NDEBUG /D _LIB /D _CRT_SECURE_NO_DEPRECATE /D _MBCS /Gm- /EHsc /MT /GS /Gy /fp:precise /Zc:wchar_t /Zc:forScope /Fo"Release\\" /Fd"Release\vc100.pdb" /Gd /TC /analyze- /errorReport:prompt jbig.c jbig_tab.c
         jbig.c
         jbig_tab.c
       Lib:
         C:\Program Files (x86)\Microsoft Visual Studio 10.0\VC\bin\Lib.exe /OUT:"D:\php\php-sdk\phpdev\vc11\x86\php-5.6.20\ext\wing\lib\cximage\Release\jbig.lib" /NOLOGO /LTCG Release\jbig.obj
         Release\jbig_tab.obj
         jbig.vcxproj -> D:\php\php-sdk\phpdev\vc11\x86\php-5.6.20\ext\wing\lib\cximage\Release\jbig.lib
       FinalizeBuildStatus:
         正在删除文件“Release\jbig.unsuccessfulbuild”。
         正在对“Release\jbig.lastbuildstate”执行 Touch 任务。
     1>已完成生成项目“D:\php\php-sdk\phpdev\vc11\x86\php-5.6.20\ext\wing\lib\cximage\jbig\jbig.vcxproj”(rebuild 个目标)的操作。

生成成功。

已用时间 00:00:00.26
