D:\php\php-sdk\phpdev\vc11\x86\php-5.6.20\ext\wing\lib\cximage\jasper\Release\bmp_cod.obj
D:\php\php-sdk\phpdev\vc11\x86\php-5.6.20\ext\wing\lib\cximage\jasper\Release\bmp_dec.obj
D:\php\php-sdk\phpdev\vc11\x86\php-5.6.20\ext\wing\lib\cximage\jasper\Release\bmp_enc.obj
D:\php\php-sdk\phpdev\vc11\x86\php-5.6.20\ext\wing\lib\cximage\jasper\Release\cl.command.1.tlog
D:\php\php-sdk\phpdev\vc11\x86\php-5.6.20\ext\wing\lib\cximage\jasper\Release\CL.read.1.tlog
D:\php\php-sdk\phpdev\vc11\x86\php-5.6.20\ext\wing\lib\cximage\jasper\Release\CL.write.1.tlog
D:\php\php-sdk\phpdev\vc11\x86\php-5.6.20\ext\wing\lib\cximage\jasper\Release\jas_cm.obj
D:\php\php-sdk\phpdev\vc11\x86\php-5.6.20\ext\wing\lib\cximage\jasper\Release\jas_debug.obj
D:\php\php-sdk\phpdev\vc11\x86\php-5.6.20\ext\wing\lib\cximage\jasper\Release\jas_getopt.obj
D:\php\php-sdk\phpdev\vc11\x86\php-5.6.20\ext\wing\lib\cximage\jasper\Release\jas_icc.obj
D:\php\php-sdk\phpdev\vc11\x86\php-5.6.20\ext\wing\lib\cximage\jasper\Release\jas_iccdata.obj
D:\php\php-sdk\phpdev\vc11\x86\php-5.6.20\ext\wing\lib\cximage\jasper\Release\jas_image.obj
D:\php\php-sdk\phpdev\vc11\x86\php-5.6.20\ext\wing\lib\cximage\jasper\Release\jas_init.obj
D:\php\php-sdk\phpdev\vc11\x86\php-5.6.20\ext\wing\lib\cximage\jasper\Release\jas_malloc.obj
D:\php\php-sdk\phpdev\vc11\x86\php-5.6.20\ext\wing\lib\cximage\jasper\Release\jas_seq.obj
D:\php\php-sdk\phpdev\vc11\x86\php-5.6.20\ext\wing\lib\cximage\jasper\Release\jas_stream.obj
D:\php\php-sdk\phpdev\vc11\x86\php-5.6.20\ext\wing\lib\cximage\jasper\Release\jas_string.obj
D:\php\php-sdk\phpdev\vc11\x86\php-5.6.20\ext\wing\lib\cximage\jasper\Release\jas_tvp.obj
D:\php\php-sdk\phpdev\vc11\x86\php-5.6.20\ext\wing\lib\cximage\jasper\Release\jas_version.obj
D:\php\php-sdk\phpdev\vc11\x86\php-5.6.20\ext\wing\lib\cximage\jasper\Release\jasper.write.1.tlog
D:\php\php-sdk\phpdev\vc11\x86\php-5.6.20\ext\wing\lib\cximage\jasper\Release\jp2_cod.obj
D:\php\php-sdk\phpdev\vc11\x86\php-5.6.20\ext\wing\lib\cximage\jasper\Release\jp2_dec.obj
D:\php\php-sdk\phpdev\vc11\x86\php-5.6.20\ext\wing\lib\cximage\jasper\Release\jp2_enc.obj
D:\php\php-sdk\phpdev\vc11\x86\php-5.6.20\ext\wing\lib\cximage\jasper\Release\jpc_bs.obj
D:\php\php-sdk\phpdev\vc11\x86\php-5.6.20\ext\wing\lib\cximage\jasper\Release\jpc_cs.obj
D:\php\php-sdk\phpdev\vc11\x86\php-5.6.20\ext\wing\lib\cximage\jasper\Release\jpc_dec.obj
D:\php\php-sdk\phpdev\vc11\x86\php-5.6.20\ext\wing\lib\cximage\jasper\Release\jpc_enc.obj
D:\php\php-sdk\phpdev\vc11\x86\php-5.6.20\ext\wing\lib\cximage\jasper\Release\jpc_math.obj
D:\php\php-sdk\phpdev\vc11\x86\php-5.6.20\ext\wing\lib\cximage\jasper\Release\jpc_mct.obj
D:\php\php-sdk\phpdev\vc11\x86\php-5.6.20\ext\wing\lib\cximage\jasper\Release\jpc_mqcod.obj
D:\php\php-sdk\phpdev\vc11\x86\php-5.6.20\ext\wing\lib\cximage\jasper\Release\jpc_mqdec.obj
D:\php\php-sdk\phpdev\vc11\x86\php-5.6.20\ext\wing\lib\cximage\jasper\Release\jpc_mqenc.obj
D:\php\php-sdk\phpdev\vc11\x86\php-5.6.20\ext\wing\lib\cximage\jasper\Release\jpc_qmfb.obj
D:\php\php-sdk\phpdev\vc11\x86\php-5.6.20\ext\wing\lib\cximage\jasper\Release\jpc_t1cod.obj
D:\php\php-sdk\phpdev\vc11\x86\php-5.6.20\ext\wing\lib\cximage\jasper\Release\jpc_t1dec.obj
D:\php\php-sdk\phpdev\vc11\x86\php-5.6.20\ext\wing\lib\cximage\jasper\Release\jpc_t1enc.obj
D:\php\php-sdk\phpdev\vc11\x86\php-5.6.20\ext\wing\lib\cximage\jasper\Release\jpc_t2cod.obj
D:\php\php-sdk\phpdev\vc11\x86\php-5.6.20\ext\wing\lib\cximage\jasper\Release\jpc_t2dec.obj
D:\php\php-sdk\phpdev\vc11\x86\php-5.6.20\ext\wing\lib\cximage\jasper\Release\jpc_t2enc.obj
D:\php\php-sdk\phpdev\vc11\x86\php-5.6.20\ext\wing\lib\cximage\jasper\Release\jpc_tagtree.obj
D:\php\php-sdk\phpdev\vc11\x86\php-5.6.20\ext\wing\lib\cximage\jasper\Release\jpc_tsfb.obj
D:\php\php-sdk\phpdev\vc11\x86\php-5.6.20\ext\wing\lib\cximage\jasper\Release\jpc_util.obj
D:\php\php-sdk\phpdev\vc11\x86\php-5.6.20\ext\wing\lib\cximage\jasper\Release\jpg_dummy.obj
D:\php\php-sdk\phpdev\vc11\x86\php-5.6.20\ext\wing\lib\cximage\jasper\Release\jpg_val.obj
D:\php\php-sdk\phpdev\vc11\x86\php-5.6.20\ext\wing\lib\cximage\jasper\Release\lib.command.1.tlog
D:\php\php-sdk\phpdev\vc11\x86\php-5.6.20\ext\wing\lib\cximage\jasper\Release\Lib-link.read.1.tlog
D:\php\php-sdk\phpdev\vc11\x86\php-5.6.20\ext\wing\lib\cximage\jasper\Release\Lib-link.write.1.tlog
D:\php\php-sdk\phpdev\vc11\x86\php-5.6.20\ext\wing\lib\cximage\jasper\Release\mif_cod.obj
D:\php\php-sdk\phpdev\vc11\x86\php-5.6.20\ext\wing\lib\cximage\jasper\Release\pgx_cod.obj
D:\php\php-sdk\phpdev\vc11\x86\php-5.6.20\ext\wing\lib\cximage\jasper\Release\pgx_dec.obj
D:\php\php-sdk\phpdev\vc11\x86\php-5.6.20\ext\wing\lib\cximage\jasper\Release\pgx_enc.obj
D:\php\php-sdk\phpdev\vc11\x86\php-5.6.20\ext\wing\lib\cximage\jasper\Release\pnm_cod.obj
D:\php\php-sdk\phpdev\vc11\x86\php-5.6.20\ext\wing\lib\cximage\jasper\Release\pnm_dec.obj
D:\php\php-sdk\phpdev\vc11\x86\php-5.6.20\ext\wing\lib\cximage\jasper\Release\pnm_enc.obj
D:\php\php-sdk\phpdev\vc11\x86\php-5.6.20\ext\wing\lib\cximage\jasper\Release\ras_cod.obj
D:\php\php-sdk\phpdev\vc11\x86\php-5.6.20\ext\wing\lib\cximage\jasper\Release\ras_dec.obj
D:\php\php-sdk\phpdev\vc11\x86\php-5.6.20\ext\wing\lib\cximage\jasper\Release\ras_enc.obj
D:\php\php-sdk\phpdev\vc11\x86\php-5.6.20\ext\wing\lib\cximage\jasper\Release\vc100.pdb
D:\WEBTOP\CXIMAGE\JASPER\RELEASE\BMP_COD.OBJ
D:\WEBTOP\CXIMAGE\JASPER\RELEASE\BMP_DEC.OBJ
D:\WEBTOP\CXIMAGE\JASPER\RELEASE\BMP_ENC.OBJ
D:\WEBTOP\CXIMAGE\JASPER\RELEASE\JAS_CM.OBJ
D:\WEBTOP\CXIMAGE\JASPER\RELEASE\JAS_DEBUG.OBJ
D:\WEBTOP\CXIMAGE\JASPER\RELEASE\JAS_GETOPT.OBJ
D:\WEBTOP\CXIMAGE\JASPER\RELEASE\JAS_ICC.OBJ
D:\WEBTOP\CXIMAGE\JASPER\RELEASE\JAS_ICCDATA.OBJ
D:\WEBTOP\CXIMAGE\JASPER\RELEASE\JAS_IMAGE.OBJ
D:\WEBTOP\CXIMAGE\JASPER\RELEASE\JAS_INIT.OBJ
D:\WEBTOP\CXIMAGE\JASPER\RELEASE\JAS_MALLOC.OBJ
D:\WEBTOP\CXIMAGE\JASPER\RELEASE\JAS_SEQ.OBJ
D:\WEBTOP\CXIMAGE\JASPER\RELEASE\JAS_STREAM.OBJ
D:\WEBTOP\CXIMAGE\JASPER\RELEASE\JAS_STRING.OBJ
D:\WEBTOP\CXIMAGE\JASPER\RELEASE\JAS_TVP.OBJ
D:\WEBTOP\CXIMAGE\JASPER\RELEASE\JAS_VERSION.OBJ
D:\WEBTOP\CXIMAGE\JASPER\RELEASE\JP2_COD.OBJ
D:\WEBTOP\CXIMAGE\JASPER\RELEASE\JP2_DEC.OBJ
D:\WEBTOP\CXIMAGE\JASPER\RELEASE\JP2_ENC.OBJ
D:\WEBTOP\CXIMAGE\JASPER\RELEASE\JPC_BS.OBJ
D:\WEBTOP\CXIMAGE\JASPER\RELEASE\JPC_CS.OBJ
D:\WEBTOP\CXIMAGE\JASPER\RELEASE\JPC_DEC.OBJ
D:\WEBTOP\CXIMAGE\JASPER\RELEASE\JPC_ENC.OBJ
D:\WEBTOP\CXIMAGE\JASPER\RELEASE\JPC_MATH.OBJ
D:\WEBTOP\CXIMAGE\JASPER\RELEASE\JPC_MCT.OBJ
D:\WEBTOP\CXIMAGE\JASPER\RELEASE\JPC_MQCOD.OBJ
D:\WEBTOP\CXIMAGE\JASPER\RELEASE\JPC_MQDEC.OBJ
D:\WEBTOP\CXIMAGE\JASPER\RELEASE\JPC_MQENC.OBJ
D:\WEBTOP\CXIMAGE\JASPER\RELEASE\JPC_QMFB.OBJ
D:\WEBTOP\CXIMAGE\JASPER\RELEASE\JPC_T1COD.OBJ
D:\WEBTOP\CXIMAGE\JASPER\RELEASE\JPC_T1DEC.OBJ
D:\WEBTOP\CXIMAGE\JASPER\RELEASE\JPC_T1ENC.OBJ
D:\WEBTOP\CXIMAGE\JASPER\RELEASE\JPC_T2COD.OBJ
D:\WEBTOP\CXIMAGE\JASPER\RELEASE\JPC_T2DEC.OBJ
D:\WEBTOP\CXIMAGE\JASPER\RELEASE\JPC_T2ENC.OBJ
D:\WEBTOP\CXIMAGE\JASPER\RELEASE\JPC_TAGTREE.OBJ
D:\WEBTOP\CXIMAGE\JASPER\RELEASE\JPC_TSFB.OBJ
D:\WEBTOP\CXIMAGE\JASPER\RELEASE\JPC_UTIL.OBJ
D:\WEBTOP\CXIMAGE\JASPER\RELEASE\JPG_DUMMY.OBJ
D:\WEBTOP\CXIMAGE\JASPER\RELEASE\JPG_VAL.OBJ
D:\WEBTOP\CXIMAGE\JASPER\RELEASE\MIF_COD.OBJ
D:\WEBTOP\CXIMAGE\JASPER\RELEASE\PGX_COD.OBJ
D:\WEBTOP\CXIMAGE\JASPER\RELEASE\PGX_DEC.OBJ
D:\WEBTOP\CXIMAGE\JASPER\RELEASE\PGX_ENC.OBJ
D:\WEBTOP\CXIMAGE\JASPER\RELEASE\PNM_COD.OBJ
D:\WEBTOP\CXIMAGE\JASPER\RELEASE\PNM_DEC.OBJ
D:\WEBTOP\CXIMAGE\JASPER\RELEASE\PNM_ENC.OBJ
D:\WEBTOP\CXIMAGE\JASPER\RELEASE\RAS_COD.OBJ
D:\WEBTOP\CXIMAGE\JASPER\RELEASE\RAS_DEC.OBJ
D:\WEBTOP\CXIMAGE\JASPER\RELEASE\RAS_ENC.OBJ
D:\WEBTOP\CXIMAGE\JASPER\RELEASE\VC100.PDB
D:\WEBTOP\CXIMAGE\RELEASE\JASPER.LIB
