生成启动时间为 2016/5/14 10:44:14。
     1>项目“D:\php\php-sdk\phpdev\vc11\x86\php-5.6.20\ext\wing\lib\cximage\libpsd\libpsd.vcxproj”在节点 2 上(rebuild 个目标)。
     1>_PrepareForClean:
         正在删除文件“x64\Release\libpsd.lastbuildstate”。
       InitializeBuildStatus:
         正在创建“x64\Release\libpsd.unsuccessfulbuild”，因为已指定“AlwaysCreate”。
       ClCompile:
         C:\Program Files (x86)\Microsoft Visual Studio 10.0\VC\bin\x86_amd64\CL.exe /c /Zi /nologo /W3 /WX- /O2 /Oi /GL /D WIN32 /D NDEBUG /D _LIB /D _CRT_SECURE_NO_DEPRECATE /D _UNICODE /D UNICODE /Gm- /EHsc /MD /GS /Gy /fp:precise /Zc:wchar_t /Zc:forScope /Fo"x64\Release\\" /Fd"x64\Release\vc100.pdb" /Gd /TC /errorReport:prompt adjustment.c bevel_emboss.c bitmap.c blend.c boundary.c brightness_contrast.c channel_image.c channel_mixer.c color.c color_balance.c color_mode.c color_overlay.c curves.c descriptor.c drop_shadow.c effects.c file_header.c fixed.c gaussian_blur.c gradient_blend.c gradient_fill.c gradient_map.c gradient_overlay.c hue_saturation.c image_data.c image_resource.c inner_glow.c inner_shadow.c invert.c layer_mask.c levels.c outer_glow.c path.c pattern.c pattern_fill.c pattern_overlay.c photo_filter.c posterize.c psd.c psd_system.c psd_zip.c rect.c satin.c selective_color.c solid_color.c stream.c stroke.c threshold.c thumbnail.c type_tool.c
         adjustment.c
         bevel_emboss.c
         bitmap.c
         blend.c
         boundary.c
         brightness_contrast.c
         channel_image.c
         channel_mixer.c
         color.c
         color_balance.c
         color_mode.c
         color_overlay.c
         curves.c
         descriptor.c
         drop_shadow.c
         effects.c
         file_header.c
         fixed.c
         gaussian_blur.c
         gradient_blend.c
         Compiling...
         gradient_fill.c
         gradient_map.c
         gradient_overlay.c
         hue_saturation.c
         image_data.c
         image_resource.c
         inner_glow.c
         inner_shadow.c
         invert.c
         layer_mask.c
         levels.c
         outer_glow.c
         path.c
         pattern.c
         pattern_fill.c
         pattern_overlay.c
         photo_filter.c
         posterize.c
         psd.c
         psd_system.c
     1>psd_system.c(59): warning C4267: “return”: 从“size_t”转换到“psd_int”，可能丢失数据
         Compiling...
         psd_zip.c
         rect.c
         satin.c
         selective_color.c
         solid_color.c
         stream.c
         stroke.c
         threshold.c
         thumbnail.c
         type_tool.c
       Lib:
         C:\Program Files (x86)\Microsoft Visual Studio 10.0\VC\bin\x86_amd64\Lib.exe /OUT:"D:\php\php-sdk\phpdev\vc11\x86\php-5.6.20\ext\wing\lib\cximage\x64\Release\libpsd.lib" /NOLOGO /LTCG x64\Release\adjustment.obj
         x64\Release\bevel_emboss.obj
         x64\Release\bitmap.obj
         x64\Release\blend.obj
         x64\Release\boundary.obj
         x64\Release\brightness_contrast.obj
         x64\Release\channel_image.obj
         x64\Release\channel_mixer.obj
         x64\Release\color.obj
         x64\Release\color_balance.obj
         x64\Release\color_mode.obj
         x64\Release\color_overlay.obj
         x64\Release\curves.obj
         x64\Release\descriptor.obj
         x64\Release\drop_shadow.obj
         x64\Release\effects.obj
         x64\Release\file_header.obj
         x64\Release\fixed.obj
         x64\Release\gaussian_blur.obj
         x64\Release\gradient_blend.obj
         x64\Release\gradient_fill.obj
         x64\Release\gradient_map.obj
         x64\Release\gradient_overlay.obj
         x64\Release\hue_saturation.obj
         x64\Release\image_data.obj
         x64\Release\image_resource.obj
         x64\Release\inner_glow.obj
         x64\Release\inner_shadow.obj
         x64\Release\invert.obj
         x64\Release\layer_mask.obj
         x64\Release\levels.obj
         x64\Release\outer_glow.obj
         x64\Release\path.obj
         x64\Release\pattern.obj
         x64\Release\pattern_fill.obj
         x64\Release\pattern_overlay.obj
         x64\Release\photo_filter.obj
         x64\Release\posterize.obj
         x64\Release\psd.obj
         x64\Release\psd_system.obj
         x64\Release\psd_zip.obj
         x64\Release\rect.obj
         x64\Release\satin.obj
         x64\Release\selective_color.obj
         x64\Release\solid_color.obj
         x64\Release\stream.obj
         x64\Release\stroke.obj
         x64\Release\threshold.obj
         x64\Release\thumbnail.obj
         x64\Release\type_tool.obj
         libpsd.vcxproj -> D:\php\php-sdk\phpdev\vc11\x86\php-5.6.20\ext\wing\lib\cximage\x64\Release\libpsd.lib
       FinalizeBuildStatus:
         正在删除文件“x64\Release\libpsd.unsuccessfulbuild”。
         正在对“x64\Release\libpsd.lastbuildstate”执行 Touch 任务。
     1>已完成生成项目“D:\php\php-sdk\phpdev\vc11\x86\php-5.6.20\ext\wing\lib\cximage\libpsd\libpsd.vcxproj”(rebuild 个目标)的操作。

生成成功。

已用时间 00:00:01.23
