D:\php\php-sdk\phpdev\vc11\x86\php-5.6.20\ext\wing\lib\cximage\libpsd\Debug\adjustment.obj
D:\php\php-sdk\phpdev\vc11\x86\php-5.6.20\ext\wing\lib\cximage\libpsd\Debug\bevel_emboss.obj
D:\php\php-sdk\phpdev\vc11\x86\php-5.6.20\ext\wing\lib\cximage\libpsd\Debug\bitmap.obj
D:\php\php-sdk\phpdev\vc11\x86\php-5.6.20\ext\wing\lib\cximage\libpsd\Debug\blend.obj
D:\php\php-sdk\phpdev\vc11\x86\php-5.6.20\ext\wing\lib\cximage\libpsd\Debug\boundary.obj
D:\php\php-sdk\phpdev\vc11\x86\php-5.6.20\ext\wing\lib\cximage\libpsd\Debug\brightness_contrast.obj
D:\php\php-sdk\phpdev\vc11\x86\php-5.6.20\ext\wing\lib\cximage\libpsd\Debug\channel_image.obj
D:\php\php-sdk\phpdev\vc11\x86\php-5.6.20\ext\wing\lib\cximage\libpsd\Debug\channel_mixer.obj
D:\php\php-sdk\phpdev\vc11\x86\php-5.6.20\ext\wing\lib\cximage\libpsd\Debug\cl.command.1.tlog
D:\php\php-sdk\phpdev\vc11\x86\php-5.6.20\ext\wing\lib\cximage\libpsd\Debug\CL.read.1.tlog
D:\php\php-sdk\phpdev\vc11\x86\php-5.6.20\ext\wing\lib\cximage\libpsd\Debug\CL.write.1.tlog
D:\php\php-sdk\phpdev\vc11\x86\php-5.6.20\ext\wing\lib\cximage\libpsd\Debug\color.obj
D:\php\php-sdk\phpdev\vc11\x86\php-5.6.20\ext\wing\lib\cximage\libpsd\Debug\color_balance.obj
D:\php\php-sdk\phpdev\vc11\x86\php-5.6.20\ext\wing\lib\cximage\libpsd\Debug\color_mode.obj
D:\php\php-sdk\phpdev\vc11\x86\php-5.6.20\ext\wing\lib\cximage\libpsd\Debug\color_overlay.obj
D:\php\php-sdk\phpdev\vc11\x86\php-5.6.20\ext\wing\lib\cximage\libpsd\Debug\curves.obj
D:\php\php-sdk\phpdev\vc11\x86\php-5.6.20\ext\wing\lib\cximage\libpsd\Debug\descriptor.obj
D:\php\php-sdk\phpdev\vc11\x86\php-5.6.20\ext\wing\lib\cximage\libpsd\Debug\drop_shadow.obj
D:\php\php-sdk\phpdev\vc11\x86\php-5.6.20\ext\wing\lib\cximage\libpsd\Debug\effects.obj
D:\php\php-sdk\phpdev\vc11\x86\php-5.6.20\ext\wing\lib\cximage\libpsd\Debug\file_header.obj
D:\php\php-sdk\phpdev\vc11\x86\php-5.6.20\ext\wing\lib\cximage\libpsd\Debug\fixed.obj
D:\php\php-sdk\phpdev\vc11\x86\php-5.6.20\ext\wing\lib\cximage\libpsd\Debug\gaussian_blur.obj
D:\php\php-sdk\phpdev\vc11\x86\php-5.6.20\ext\wing\lib\cximage\libpsd\Debug\gradient_blend.obj
D:\php\php-sdk\phpdev\vc11\x86\php-5.6.20\ext\wing\lib\cximage\libpsd\Debug\gradient_fill.obj
D:\php\php-sdk\phpdev\vc11\x86\php-5.6.20\ext\wing\lib\cximage\libpsd\Debug\gradient_map.obj
D:\php\php-sdk\phpdev\vc11\x86\php-5.6.20\ext\wing\lib\cximage\libpsd\Debug\gradient_overlay.obj
D:\php\php-sdk\phpdev\vc11\x86\php-5.6.20\ext\wing\lib\cximage\libpsd\Debug\hue_saturation.obj
D:\php\php-sdk\phpdev\vc11\x86\php-5.6.20\ext\wing\lib\cximage\libpsd\Debug\image_data.obj
D:\php\php-sdk\phpdev\vc11\x86\php-5.6.20\ext\wing\lib\cximage\libpsd\Debug\image_resource.obj
D:\php\php-sdk\phpdev\vc11\x86\php-5.6.20\ext\wing\lib\cximage\libpsd\Debug\inner_glow.obj
D:\php\php-sdk\phpdev\vc11\x86\php-5.6.20\ext\wing\lib\cximage\libpsd\Debug\inner_shadow.obj
D:\php\php-sdk\phpdev\vc11\x86\php-5.6.20\ext\wing\lib\cximage\libpsd\Debug\invert.obj
D:\php\php-sdk\phpdev\vc11\x86\php-5.6.20\ext\wing\lib\cximage\libpsd\Debug\layer_mask.obj
D:\php\php-sdk\phpdev\vc11\x86\php-5.6.20\ext\wing\lib\cximage\libpsd\Debug\levels.obj
D:\php\php-sdk\phpdev\vc11\x86\php-5.6.20\ext\wing\lib\cximage\libpsd\Debug\lib.command.1.tlog
D:\php\php-sdk\phpdev\vc11\x86\php-5.6.20\ext\wing\lib\cximage\libpsd\Debug\Lib-link.read.1.tlog
D:\php\php-sdk\phpdev\vc11\x86\php-5.6.20\ext\wing\lib\cximage\libpsd\Debug\Lib-link.write.1.tlog
D:\php\php-sdk\phpdev\vc11\x86\php-5.6.20\ext\wing\lib\cximage\libpsd\Debug\libpsd.write.1.tlog
D:\php\php-sdk\phpdev\vc11\x86\php-5.6.20\ext\wing\lib\cximage\libpsd\Debug\outer_glow.obj
D:\php\php-sdk\phpdev\vc11\x86\php-5.6.20\ext\wing\lib\cximage\libpsd\Debug\path.obj
D:\php\php-sdk\phpdev\vc11\x86\php-5.6.20\ext\wing\lib\cximage\libpsd\Debug\pattern.obj
D:\php\php-sdk\phpdev\vc11\x86\php-5.6.20\ext\wing\lib\cximage\libpsd\Debug\pattern_fill.obj
D:\php\php-sdk\phpdev\vc11\x86\php-5.6.20\ext\wing\lib\cximage\libpsd\Debug\pattern_overlay.obj
D:\php\php-sdk\phpdev\vc11\x86\php-5.6.20\ext\wing\lib\cximage\libpsd\Debug\photo_filter.obj
D:\php\php-sdk\phpdev\vc11\x86\php-5.6.20\ext\wing\lib\cximage\libpsd\Debug\posterize.obj
D:\php\php-sdk\phpdev\vc11\x86\php-5.6.20\ext\wing\lib\cximage\libpsd\Debug\psd.obj
D:\php\php-sdk\phpdev\vc11\x86\php-5.6.20\ext\wing\lib\cximage\libpsd\Debug\psd_system.obj
D:\php\php-sdk\phpdev\vc11\x86\php-5.6.20\ext\wing\lib\cximage\libpsd\Debug\psd_zip.obj
D:\php\php-sdk\phpdev\vc11\x86\php-5.6.20\ext\wing\lib\cximage\libpsd\Debug\rect.obj
D:\php\php-sdk\phpdev\vc11\x86\php-5.6.20\ext\wing\lib\cximage\libpsd\Debug\satin.obj
D:\php\php-sdk\phpdev\vc11\x86\php-5.6.20\ext\wing\lib\cximage\libpsd\Debug\selective_color.obj
D:\php\php-sdk\phpdev\vc11\x86\php-5.6.20\ext\wing\lib\cximage\libpsd\Debug\solid_color.obj
D:\php\php-sdk\phpdev\vc11\x86\php-5.6.20\ext\wing\lib\cximage\libpsd\Debug\stream.obj
D:\php\php-sdk\phpdev\vc11\x86\php-5.6.20\ext\wing\lib\cximage\libpsd\Debug\stroke.obj
D:\php\php-sdk\phpdev\vc11\x86\php-5.6.20\ext\wing\lib\cximage\libpsd\Debug\threshold.obj
D:\php\php-sdk\phpdev\vc11\x86\php-5.6.20\ext\wing\lib\cximage\libpsd\Debug\thumbnail.obj
D:\php\php-sdk\phpdev\vc11\x86\php-5.6.20\ext\wing\lib\cximage\libpsd\Debug\type_tool.obj
D:\php\php-sdk\phpdev\vc11\x86\php-5.6.20\ext\wing\lib\cximage\libpsd\Debug\vc100.idb
D:\php\php-sdk\phpdev\vc11\x86\php-5.6.20\ext\wing\lib\cximage\libpsd\Debug\vc100.pdb
D:\WEBTOP\CXIMAGE\DEBUG\LIBPSD.LIB
D:\WEBTOP\CXIMAGE\LIBPSD\DEBUG\ADJUSTMENT.OBJ
D:\WEBTOP\CXIMAGE\LIBPSD\DEBUG\BEVEL_EMBOSS.OBJ
D:\WEBTOP\CXIMAGE\LIBPSD\DEBUG\BITMAP.OBJ
D:\WEBTOP\CXIMAGE\LIBPSD\DEBUG\BLEND.OBJ
D:\WEBTOP\CXIMAGE\LIBPSD\DEBUG\BOUNDARY.OBJ
D:\WEBTOP\CXIMAGE\LIBPSD\DEBUG\BRIGHTNESS_CONTRAST.OBJ
D:\WEBTOP\CXIMAGE\LIBPSD\DEBUG\CHANNEL_IMAGE.OBJ
D:\WEBTOP\CXIMAGE\LIBPSD\DEBUG\CHANNEL_MIXER.OBJ
D:\WEBTOP\CXIMAGE\LIBPSD\DEBUG\COLOR.OBJ
D:\WEBTOP\CXIMAGE\LIBPSD\DEBUG\COLOR_BALANCE.OBJ
D:\WEBTOP\CXIMAGE\LIBPSD\DEBUG\COLOR_MODE.OBJ
D:\WEBTOP\CXIMAGE\LIBPSD\DEBUG\COLOR_OVERLAY.OBJ
D:\WEBTOP\CXIMAGE\LIBPSD\DEBUG\CURVES.OBJ
D:\WEBTOP\CXIMAGE\LIBPSD\DEBUG\DESCRIPTOR.OBJ
D:\WEBTOP\CXIMAGE\LIBPSD\DEBUG\DROP_SHADOW.OBJ
D:\WEBTOP\CXIMAGE\LIBPSD\DEBUG\EFFECTS.OBJ
D:\WEBTOP\CXIMAGE\LIBPSD\DEBUG\FILE_HEADER.OBJ
D:\WEBTOP\CXIMAGE\LIBPSD\DEBUG\FIXED.OBJ
D:\WEBTOP\CXIMAGE\LIBPSD\DEBUG\GAUSSIAN_BLUR.OBJ
D:\WEBTOP\CXIMAGE\LIBPSD\DEBUG\GRADIENT_BLEND.OBJ
D:\WEBTOP\CXIMAGE\LIBPSD\DEBUG\GRADIENT_FILL.OBJ
D:\WEBTOP\CXIMAGE\LIBPSD\DEBUG\GRADIENT_MAP.OBJ
D:\WEBTOP\CXIMAGE\LIBPSD\DEBUG\GRADIENT_OVERLAY.OBJ
D:\WEBTOP\CXIMAGE\LIBPSD\DEBUG\HUE_SATURATION.OBJ
D:\WEBTOP\CXIMAGE\LIBPSD\DEBUG\IMAGE_DATA.OBJ
D:\WEBTOP\CXIMAGE\LIBPSD\DEBUG\IMAGE_RESOURCE.OBJ
D:\WEBTOP\CXIMAGE\LIBPSD\DEBUG\INNER_GLOW.OBJ
D:\WEBTOP\CXIMAGE\LIBPSD\DEBUG\INNER_SHADOW.OBJ
D:\WEBTOP\CXIMAGE\LIBPSD\DEBUG\INVERT.OBJ
D:\WEBTOP\CXIMAGE\LIBPSD\DEBUG\LAYER_MASK.OBJ
D:\WEBTOP\CXIMAGE\LIBPSD\DEBUG\LEVELS.OBJ
D:\WEBTOP\CXIMAGE\LIBPSD\DEBUG\OUTER_GLOW.OBJ
D:\WEBTOP\CXIMAGE\LIBPSD\DEBUG\PATH.OBJ
D:\WEBTOP\CXIMAGE\LIBPSD\DEBUG\PATTERN.OBJ
D:\WEBTOP\CXIMAGE\LIBPSD\DEBUG\PATTERN_FILL.OBJ
D:\WEBTOP\CXIMAGE\LIBPSD\DEBUG\PATTERN_OVERLAY.OBJ
D:\WEBTOP\CXIMAGE\LIBPSD\DEBUG\PHOTO_FILTER.OBJ
D:\WEBTOP\CXIMAGE\LIBPSD\DEBUG\POSTERIZE.OBJ
D:\WEBTOP\CXIMAGE\LIBPSD\DEBUG\PSD.OBJ
D:\WEBTOP\CXIMAGE\LIBPSD\DEBUG\PSD_SYSTEM.OBJ
D:\WEBTOP\CXIMAGE\LIBPSD\DEBUG\PSD_ZIP.OBJ
D:\WEBTOP\CXIMAGE\LIBPSD\DEBUG\RECT.OBJ
D:\WEBTOP\CXIMAGE\LIBPSD\DEBUG\SATIN.OBJ
D:\WEBTOP\CXIMAGE\LIBPSD\DEBUG\SELECTIVE_COLOR.OBJ
D:\WEBTOP\CXIMAGE\LIBPSD\DEBUG\SOLID_COLOR.OBJ
D:\WEBTOP\CXIMAGE\LIBPSD\DEBUG\STREAM.OBJ
D:\WEBTOP\CXIMAGE\LIBPSD\DEBUG\STROKE.OBJ
D:\WEBTOP\CXIMAGE\LIBPSD\DEBUG\THRESHOLD.OBJ
D:\WEBTOP\CXIMAGE\LIBPSD\DEBUG\THUMBNAIL.OBJ
D:\WEBTOP\CXIMAGE\LIBPSD\DEBUG\TYPE_TOOL.OBJ
D:\WEBTOP\CXIMAGE\LIBPSD\DEBUG\VC100.PDB
