D:\php\php-sdk\phpdev\vc11\x86\php-5.6.20\ext\wing\lib\cximage\jasper\Debug\bmp_cod.obj
D:\php\php-sdk\phpdev\vc11\x86\php-5.6.20\ext\wing\lib\cximage\jasper\Debug\bmp_dec.obj
D:\php\php-sdk\phpdev\vc11\x86\php-5.6.20\ext\wing\lib\cximage\jasper\Debug\bmp_enc.obj
D:\php\php-sdk\phpdev\vc11\x86\php-5.6.20\ext\wing\lib\cximage\jasper\Debug\cl.command.1.tlog
D:\php\php-sdk\phpdev\vc11\x86\php-5.6.20\ext\wing\lib\cximage\jasper\Debug\CL.read.1.tlog
D:\php\php-sdk\phpdev\vc11\x86\php-5.6.20\ext\wing\lib\cximage\jasper\Debug\CL.write.1.tlog
D:\php\php-sdk\phpdev\vc11\x86\php-5.6.20\ext\wing\lib\cximage\jasper\Debug\jas_cm.obj
D:\php\php-sdk\phpdev\vc11\x86\php-5.6.20\ext\wing\lib\cximage\jasper\Debug\jas_debug.obj
D:\php\php-sdk\phpdev\vc11\x86\php-5.6.20\ext\wing\lib\cximage\jasper\Debug\jas_getopt.obj
D:\php\php-sdk\phpdev\vc11\x86\php-5.6.20\ext\wing\lib\cximage\jasper\Debug\jas_icc.obj
D:\php\php-sdk\phpdev\vc11\x86\php-5.6.20\ext\wing\lib\cximage\jasper\Debug\jas_iccdata.obj
D:\php\php-sdk\phpdev\vc11\x86\php-5.6.20\ext\wing\lib\cximage\jasper\Debug\jas_image.obj
D:\php\php-sdk\phpdev\vc11\x86\php-5.6.20\ext\wing\lib\cximage\jasper\Debug\jas_init.obj
D:\php\php-sdk\phpdev\vc11\x86\php-5.6.20\ext\wing\lib\cximage\jasper\Debug\jas_malloc.obj
D:\php\php-sdk\phpdev\vc11\x86\php-5.6.20\ext\wing\lib\cximage\jasper\Debug\jas_seq.obj
D:\php\php-sdk\phpdev\vc11\x86\php-5.6.20\ext\wing\lib\cximage\jasper\Debug\jas_stream.obj
D:\php\php-sdk\phpdev\vc11\x86\php-5.6.20\ext\wing\lib\cximage\jasper\Debug\jas_string.obj
D:\php\php-sdk\phpdev\vc11\x86\php-5.6.20\ext\wing\lib\cximage\jasper\Debug\jas_tvp.obj
D:\php\php-sdk\phpdev\vc11\x86\php-5.6.20\ext\wing\lib\cximage\jasper\Debug\jas_version.obj
D:\php\php-sdk\phpdev\vc11\x86\php-5.6.20\ext\wing\lib\cximage\jasper\Debug\jasper.write.1.tlog
D:\php\php-sdk\phpdev\vc11\x86\php-5.6.20\ext\wing\lib\cximage\jasper\Debug\jp2_cod.obj
D:\php\php-sdk\phpdev\vc11\x86\php-5.6.20\ext\wing\lib\cximage\jasper\Debug\jp2_dec.obj
D:\php\php-sdk\phpdev\vc11\x86\php-5.6.20\ext\wing\lib\cximage\jasper\Debug\jp2_enc.obj
D:\php\php-sdk\phpdev\vc11\x86\php-5.6.20\ext\wing\lib\cximage\jasper\Debug\jpc_bs.obj
D:\php\php-sdk\phpdev\vc11\x86\php-5.6.20\ext\wing\lib\cximage\jasper\Debug\jpc_cs.obj
D:\php\php-sdk\phpdev\vc11\x86\php-5.6.20\ext\wing\lib\cximage\jasper\Debug\jpc_dec.obj
D:\php\php-sdk\phpdev\vc11\x86\php-5.6.20\ext\wing\lib\cximage\jasper\Debug\jpc_enc.obj
D:\php\php-sdk\phpdev\vc11\x86\php-5.6.20\ext\wing\lib\cximage\jasper\Debug\jpc_math.obj
D:\php\php-sdk\phpdev\vc11\x86\php-5.6.20\ext\wing\lib\cximage\jasper\Debug\jpc_mct.obj
D:\php\php-sdk\phpdev\vc11\x86\php-5.6.20\ext\wing\lib\cximage\jasper\Debug\jpc_mqcod.obj
D:\php\php-sdk\phpdev\vc11\x86\php-5.6.20\ext\wing\lib\cximage\jasper\Debug\jpc_mqdec.obj
D:\php\php-sdk\phpdev\vc11\x86\php-5.6.20\ext\wing\lib\cximage\jasper\Debug\jpc_mqenc.obj
D:\php\php-sdk\phpdev\vc11\x86\php-5.6.20\ext\wing\lib\cximage\jasper\Debug\jpc_qmfb.obj
D:\php\php-sdk\phpdev\vc11\x86\php-5.6.20\ext\wing\lib\cximage\jasper\Debug\jpc_t1cod.obj
D:\php\php-sdk\phpdev\vc11\x86\php-5.6.20\ext\wing\lib\cximage\jasper\Debug\jpc_t1dec.obj
D:\php\php-sdk\phpdev\vc11\x86\php-5.6.20\ext\wing\lib\cximage\jasper\Debug\jpc_t1enc.obj
D:\php\php-sdk\phpdev\vc11\x86\php-5.6.20\ext\wing\lib\cximage\jasper\Debug\jpc_t2cod.obj
D:\php\php-sdk\phpdev\vc11\x86\php-5.6.20\ext\wing\lib\cximage\jasper\Debug\jpc_t2dec.obj
D:\php\php-sdk\phpdev\vc11\x86\php-5.6.20\ext\wing\lib\cximage\jasper\Debug\jpc_t2enc.obj
D:\php\php-sdk\phpdev\vc11\x86\php-5.6.20\ext\wing\lib\cximage\jasper\Debug\jpc_tagtree.obj
D:\php\php-sdk\phpdev\vc11\x86\php-5.6.20\ext\wing\lib\cximage\jasper\Debug\jpc_tsfb.obj
D:\php\php-sdk\phpdev\vc11\x86\php-5.6.20\ext\wing\lib\cximage\jasper\Debug\jpc_util.obj
D:\php\php-sdk\phpdev\vc11\x86\php-5.6.20\ext\wing\lib\cximage\jasper\Debug\jpg_dummy.obj
D:\php\php-sdk\phpdev\vc11\x86\php-5.6.20\ext\wing\lib\cximage\jasper\Debug\jpg_val.obj
D:\php\php-sdk\phpdev\vc11\x86\php-5.6.20\ext\wing\lib\cximage\jasper\Debug\lib.command.1.tlog
D:\php\php-sdk\phpdev\vc11\x86\php-5.6.20\ext\wing\lib\cximage\jasper\Debug\Lib-link.read.1.tlog
D:\php\php-sdk\phpdev\vc11\x86\php-5.6.20\ext\wing\lib\cximage\jasper\Debug\Lib-link.write.1.tlog
D:\php\php-sdk\phpdev\vc11\x86\php-5.6.20\ext\wing\lib\cximage\jasper\Debug\mif_cod.obj
D:\php\php-sdk\phpdev\vc11\x86\php-5.6.20\ext\wing\lib\cximage\jasper\Debug\pgx_cod.obj
D:\php\php-sdk\phpdev\vc11\x86\php-5.6.20\ext\wing\lib\cximage\jasper\Debug\pgx_dec.obj
D:\php\php-sdk\phpdev\vc11\x86\php-5.6.20\ext\wing\lib\cximage\jasper\Debug\pgx_enc.obj
D:\php\php-sdk\phpdev\vc11\x86\php-5.6.20\ext\wing\lib\cximage\jasper\Debug\pnm_cod.obj
D:\php\php-sdk\phpdev\vc11\x86\php-5.6.20\ext\wing\lib\cximage\jasper\Debug\pnm_dec.obj
D:\php\php-sdk\phpdev\vc11\x86\php-5.6.20\ext\wing\lib\cximage\jasper\Debug\pnm_enc.obj
D:\php\php-sdk\phpdev\vc11\x86\php-5.6.20\ext\wing\lib\cximage\jasper\Debug\ras_cod.obj
D:\php\php-sdk\phpdev\vc11\x86\php-5.6.20\ext\wing\lib\cximage\jasper\Debug\ras_dec.obj
D:\php\php-sdk\phpdev\vc11\x86\php-5.6.20\ext\wing\lib\cximage\jasper\Debug\ras_enc.obj
D:\php\php-sdk\phpdev\vc11\x86\php-5.6.20\ext\wing\lib\cximage\jasper\Debug\vc100.idb
D:\php\php-sdk\phpdev\vc11\x86\php-5.6.20\ext\wing\lib\cximage\jasper\Debug\vc100.pdb
D:\WEBTOP\CXIMAGE\DEBUG\JASPER.LIB
D:\WEBTOP\CXIMAGE\JASPER\DEBUG\BMP_COD.OBJ
D:\WEBTOP\CXIMAGE\JASPER\DEBUG\BMP_DEC.OBJ
D:\WEBTOP\CXIMAGE\JASPER\DEBUG\BMP_ENC.OBJ
D:\WEBTOP\CXIMAGE\JASPER\DEBUG\JAS_CM.OBJ
D:\WEBTOP\CXIMAGE\JASPER\DEBUG\JAS_DEBUG.OBJ
D:\WEBTOP\CXIMAGE\JASPER\DEBUG\JAS_GETOPT.OBJ
D:\WEBTOP\CXIMAGE\JASPER\DEBUG\JAS_ICC.OBJ
D:\WEBTOP\CXIMAGE\JASPER\DEBUG\JAS_ICCDATA.OBJ
D:\WEBTOP\CXIMAGE\JASPER\DEBUG\JAS_IMAGE.OBJ
D:\WEBTOP\CXIMAGE\JASPER\DEBUG\JAS_INIT.OBJ
D:\WEBTOP\CXIMAGE\JASPER\DEBUG\JAS_MALLOC.OBJ
D:\WEBTOP\CXIMAGE\JASPER\DEBUG\JAS_SEQ.OBJ
D:\WEBTOP\CXIMAGE\JASPER\DEBUG\JAS_STREAM.OBJ
D:\WEBTOP\CXIMAGE\JASPER\DEBUG\JAS_STRING.OBJ
D:\WEBTOP\CXIMAGE\JASPER\DEBUG\JAS_TVP.OBJ
D:\WEBTOP\CXIMAGE\JASPER\DEBUG\JAS_VERSION.OBJ
D:\WEBTOP\CXIMAGE\JASPER\DEBUG\JP2_COD.OBJ
D:\WEBTOP\CXIMAGE\JASPER\DEBUG\JP2_DEC.OBJ
D:\WEBTOP\CXIMAGE\JASPER\DEBUG\JP2_ENC.OBJ
D:\WEBTOP\CXIMAGE\JASPER\DEBUG\JPC_BS.OBJ
D:\WEBTOP\CXIMAGE\JASPER\DEBUG\JPC_CS.OBJ
D:\WEBTOP\CXIMAGE\JASPER\DEBUG\JPC_DEC.OBJ
D:\WEBTOP\CXIMAGE\JASPER\DEBUG\JPC_ENC.OBJ
D:\WEBTOP\CXIMAGE\JASPER\DEBUG\JPC_MATH.OBJ
D:\WEBTOP\CXIMAGE\JASPER\DEBUG\JPC_MCT.OBJ
D:\WEBTOP\CXIMAGE\JASPER\DEBUG\JPC_MQCOD.OBJ
D:\WEBTOP\CXIMAGE\JASPER\DEBUG\JPC_MQDEC.OBJ
D:\WEBTOP\CXIMAGE\JASPER\DEBUG\JPC_MQENC.OBJ
D:\WEBTOP\CXIMAGE\JASPER\DEBUG\JPC_QMFB.OBJ
D:\WEBTOP\CXIMAGE\JASPER\DEBUG\JPC_T1COD.OBJ
D:\WEBTOP\CXIMAGE\JASPER\DEBUG\JPC_T1DEC.OBJ
D:\WEBTOP\CXIMAGE\JASPER\DEBUG\JPC_T1ENC.OBJ
D:\WEBTOP\CXIMAGE\JASPER\DEBUG\JPC_T2COD.OBJ
D:\WEBTOP\CXIMAGE\JASPER\DEBUG\JPC_T2DEC.OBJ
D:\WEBTOP\CXIMAGE\JASPER\DEBUG\JPC_T2ENC.OBJ
D:\WEBTOP\CXIMAGE\JASPER\DEBUG\JPC_TAGTREE.OBJ
D:\WEBTOP\CXIMAGE\JASPER\DEBUG\JPC_TSFB.OBJ
D:\WEBTOP\CXIMAGE\JASPER\DEBUG\JPC_UTIL.OBJ
D:\WEBTOP\CXIMAGE\JASPER\DEBUG\JPG_DUMMY.OBJ
D:\WEBTOP\CXIMAGE\JASPER\DEBUG\JPG_VAL.OBJ
D:\WEBTOP\CXIMAGE\JASPER\DEBUG\MIF_COD.OBJ
D:\WEBTOP\CXIMAGE\JASPER\DEBUG\PGX_COD.OBJ
D:\WEBTOP\CXIMAGE\JASPER\DEBUG\PGX_DEC.OBJ
D:\WEBTOP\CXIMAGE\JASPER\DEBUG\PGX_ENC.OBJ
D:\WEBTOP\CXIMAGE\JASPER\DEBUG\PNM_COD.OBJ
D:\WEBTOP\CXIMAGE\JASPER\DEBUG\PNM_DEC.OBJ
D:\WEBTOP\CXIMAGE\JASPER\DEBUG\PNM_ENC.OBJ
D:\WEBTOP\CXIMAGE\JASPER\DEBUG\RAS_COD.OBJ
D:\WEBTOP\CXIMAGE\JASPER\DEBUG\RAS_DEC.OBJ
D:\WEBTOP\CXIMAGE\JASPER\DEBUG\RAS_ENC.OBJ
D:\WEBTOP\CXIMAGE\JASPER\DEBUG\VC100.PDB
