D:\php\php-sdk\phpdev\vc11\x86\php-5.6.20\ext\wing\lib\cximage\png\x64\Release\cl.command.1.tlog
D:\php\php-sdk\phpdev\vc11\x86\php-5.6.20\ext\wing\lib\cximage\png\x64\Release\CL.read.1.tlog
D:\php\php-sdk\phpdev\vc11\x86\php-5.6.20\ext\wing\lib\cximage\png\x64\Release\CL.write.1.tlog
D:\php\php-sdk\phpdev\vc11\x86\php-5.6.20\ext\wing\lib\cximage\png\x64\Release\lib.command.1.tlog
D:\php\php-sdk\phpdev\vc11\x86\php-5.6.20\ext\wing\lib\cximage\png\x64\Release\Lib-link.read.1.tlog
D:\php\php-sdk\phpdev\vc11\x86\php-5.6.20\ext\wing\lib\cximage\png\x64\Release\Lib-link.write.1.tlog
D:\php\php-sdk\phpdev\vc11\x86\php-5.6.20\ext\wing\lib\cximage\png\x64\Release\png.obj
D:\php\php-sdk\phpdev\vc11\x86\php-5.6.20\ext\wing\lib\cximage\png\x64\Release\png.write.1.tlog
D:\php\php-sdk\phpdev\vc11\x86\php-5.6.20\ext\wing\lib\cximage\png\x64\Release\pngerror.obj
D:\php\php-sdk\phpdev\vc11\x86\php-5.6.20\ext\wing\lib\cximage\png\x64\Release\pngget.obj
D:\php\php-sdk\phpdev\vc11\x86\php-5.6.20\ext\wing\lib\cximage\png\x64\Release\pngmem.obj
D:\php\php-sdk\phpdev\vc11\x86\php-5.6.20\ext\wing\lib\cximage\png\x64\Release\pngpread.obj
D:\php\php-sdk\phpdev\vc11\x86\php-5.6.20\ext\wing\lib\cximage\png\x64\Release\pngread.obj
D:\php\php-sdk\phpdev\vc11\x86\php-5.6.20\ext\wing\lib\cximage\png\x64\Release\pngrio.obj
D:\php\php-sdk\phpdev\vc11\x86\php-5.6.20\ext\wing\lib\cximage\png\x64\Release\pngrtran.obj
D:\php\php-sdk\phpdev\vc11\x86\php-5.6.20\ext\wing\lib\cximage\png\x64\Release\pngrutil.obj
D:\php\php-sdk\phpdev\vc11\x86\php-5.6.20\ext\wing\lib\cximage\png\x64\Release\pngset.obj
D:\php\php-sdk\phpdev\vc11\x86\php-5.6.20\ext\wing\lib\cximage\png\x64\Release\pngtrans.obj
D:\php\php-sdk\phpdev\vc11\x86\php-5.6.20\ext\wing\lib\cximage\png\x64\Release\pngwio.obj
D:\php\php-sdk\phpdev\vc11\x86\php-5.6.20\ext\wing\lib\cximage\png\x64\Release\pngwrite.obj
D:\php\php-sdk\phpdev\vc11\x86\php-5.6.20\ext\wing\lib\cximage\png\x64\Release\pngwtran.obj
D:\php\php-sdk\phpdev\vc11\x86\php-5.6.20\ext\wing\lib\cximage\png\x64\Release\pngwutil.obj
D:\php\php-sdk\phpdev\vc11\x86\php-5.6.20\ext\wing\lib\cximage\png\x64\Release\vc100.pdb
D:\WEBTOP\CXIMAGE\PNG\X64\RELEASE\PNG.OBJ
D:\WEBTOP\CXIMAGE\PNG\X64\RELEASE\PNGERROR.OBJ
D:\WEBTOP\CXIMAGE\PNG\X64\RELEASE\PNGGET.OBJ
D:\WEBTOP\CXIMAGE\PNG\X64\RELEASE\PNGMEM.OBJ
D:\WEBTOP\CXIMAGE\PNG\X64\RELEASE\PNGPREAD.OBJ
D:\WEBTOP\CXIMAGE\PNG\X64\RELEASE\PNGREAD.OBJ
D:\WEBTOP\CXIMAGE\PNG\X64\RELEASE\PNGRIO.OBJ
D:\WEBTOP\CXIMAGE\PNG\X64\RELEASE\PNGRTRAN.OBJ
D:\WEBTOP\CXIMAGE\PNG\X64\RELEASE\PNGRUTIL.OBJ
D:\WEBTOP\CXIMAGE\PNG\X64\RELEASE\PNGSET.OBJ
D:\WEBTOP\CXIMAGE\PNG\X64\RELEASE\PNGTRANS.OBJ
D:\WEBTOP\CXIMAGE\PNG\X64\RELEASE\PNGWIO.OBJ
D:\WEBTOP\CXIMAGE\PNG\X64\RELEASE\PNGWRITE.OBJ
D:\WEBTOP\CXIMAGE\PNG\X64\RELEASE\PNGWTRAN.OBJ
D:\WEBTOP\CXIMAGE\PNG\X64\RELEASE\PNGWUTIL.OBJ
D:\WEBTOP\CXIMAGE\PNG\X64\RELEASE\VC100.PDB
D:\WEBTOP\CXIMAGE\X64\RELEASE\PNG.LIB
