D:\php\php-sdk\phpdev\vc11\x86\php-5.6.20\ext\wing\lib\cximage\zlib\x64\Release\adler32.obj
D:\php\php-sdk\phpdev\vc11\x86\php-5.6.20\ext\wing\lib\cximage\zlib\x64\Release\cl.command.1.tlog
D:\php\php-sdk\phpdev\vc11\x86\php-5.6.20\ext\wing\lib\cximage\zlib\x64\Release\CL.read.1.tlog
D:\php\php-sdk\phpdev\vc11\x86\php-5.6.20\ext\wing\lib\cximage\zlib\x64\Release\CL.write.1.tlog
D:\php\php-sdk\phpdev\vc11\x86\php-5.6.20\ext\wing\lib\cximage\zlib\x64\Release\compress.obj
D:\php\php-sdk\phpdev\vc11\x86\php-5.6.20\ext\wing\lib\cximage\zlib\x64\Release\crc32.obj
D:\php\php-sdk\phpdev\vc11\x86\php-5.6.20\ext\wing\lib\cximage\zlib\x64\Release\deflate.obj
D:\php\php-sdk\phpdev\vc11\x86\php-5.6.20\ext\wing\lib\cximage\zlib\x64\Release\infback.obj
D:\php\php-sdk\phpdev\vc11\x86\php-5.6.20\ext\wing\lib\cximage\zlib\x64\Release\inffast.obj
D:\php\php-sdk\phpdev\vc11\x86\php-5.6.20\ext\wing\lib\cximage\zlib\x64\Release\inflate.obj
D:\php\php-sdk\phpdev\vc11\x86\php-5.6.20\ext\wing\lib\cximage\zlib\x64\Release\inftrees.obj
D:\php\php-sdk\phpdev\vc11\x86\php-5.6.20\ext\wing\lib\cximage\zlib\x64\Release\lib.command.1.tlog
D:\php\php-sdk\phpdev\vc11\x86\php-5.6.20\ext\wing\lib\cximage\zlib\x64\Release\Lib-link.read.1.tlog
D:\php\php-sdk\phpdev\vc11\x86\php-5.6.20\ext\wing\lib\cximage\zlib\x64\Release\Lib-link.write.1.tlog
D:\php\php-sdk\phpdev\vc11\x86\php-5.6.20\ext\wing\lib\cximage\zlib\x64\Release\trees.obj
D:\php\php-sdk\phpdev\vc11\x86\php-5.6.20\ext\wing\lib\cximage\zlib\x64\Release\uncompr.obj
D:\php\php-sdk\phpdev\vc11\x86\php-5.6.20\ext\wing\lib\cximage\zlib\x64\Release\vc100.pdb
D:\php\php-sdk\phpdev\vc11\x86\php-5.6.20\ext\wing\lib\cximage\zlib\x64\Release\zlib.write.1.tlog
D:\php\php-sdk\phpdev\vc11\x86\php-5.6.20\ext\wing\lib\cximage\zlib\x64\Release\zutil.obj
D:\WEBTOP\CXIMAGE\X64\RELEASE\ZLIB.LIB
D:\WEBTOP\CXIMAGE\ZLIB\X64\RELEASE\ADLER32.OBJ
D:\WEBTOP\CXIMAGE\ZLIB\X64\RELEASE\COMPRESS.OBJ
D:\WEBTOP\CXIMAGE\ZLIB\X64\RELEASE\CRC32.OBJ
D:\WEBTOP\CXIMAGE\ZLIB\X64\RELEASE\DEFLATE.OBJ
D:\WEBTOP\CXIMAGE\ZLIB\X64\RELEASE\INFBACK.OBJ
D:\WEBTOP\CXIMAGE\ZLIB\X64\RELEASE\INFFAST.OBJ
D:\WEBTOP\CXIMAGE\ZLIB\X64\RELEASE\INFLATE.OBJ
D:\WEBTOP\CXIMAGE\ZLIB\X64\RELEASE\INFTREES.OBJ
D:\WEBTOP\CXIMAGE\ZLIB\X64\RELEASE\TREES.OBJ
D:\WEBTOP\CXIMAGE\ZLIB\X64\RELEASE\UNCOMPR.OBJ
D:\WEBTOP\CXIMAGE\ZLIB\X64\RELEASE\VC100.PDB
D:\WEBTOP\CXIMAGE\ZLIB\X64\RELEASE\ZUTIL.OBJ
