生成启动时间为 2016/5/14 10:43:51。
     1>项目“D:\php\php-sdk\phpdev\vc11\x86\php-5.6.20\ext\wing\lib\cximage\mng\mng.vcxproj”在节点 2 上(rebuild 个目标)。
     1>_PrepareForClean:
         正在删除文件“x64\Debug\mng.lastbuildstate”。
       PrepareForBuild:
         正在创建目录“D:\php\php-sdk\phpdev\vc11\x86\php-5.6.20\ext\wing\lib\cximage\x64\Debug\”。
       InitializeBuildStatus:
         正在创建“x64\Debug\mng.unsuccessfulbuild”，因为已指定“AlwaysCreate”。
       ClCompile:
         C:\Program Files (x86)\Microsoft Visual Studio 10.0\VC\bin\x86_amd64\CL.exe /c /Zi /nologo /W3 /WX- /Od /D WIN32 /D _DEBUG /D _LIB /D _WINDOWS /D MNG_SUPPORT_DISPLAY /D MNG_SUPPORT_READ /D MNG_SUPPORT_WRITE /D MNG_ACCESS_CHUNKS /D MNG_STORE_CHUNKS /D MNG_ERROR_TELLTALE /D _CRT_SECURE_NO_DEPRECATE /D _UNICODE /D UNICODE /Gm /EHsc /RTC1 /MDd /GS /fp:precise /Zc:wchar_t /Zc:forScope /Fo"x64\Debug\\" /Fd"x64\Debug\vc100.pdb" /Gd /TC /errorReport:prompt libmng_callback_xs.c libmng_chunk_descr.c libmng_chunk_io.c libmng_chunk_prc.c libmng_chunk_xs.c libmng_cms.c libmng_display.c libmng_dither.c libmng_error.c libmng_filter.c libmng_hlapi.c libmng_jpeg.c libmng_object_prc.c libmng_pixels.c libmng_prop_xs.c libmng_read.c libmng_trace.c libmng_write.c libmng_zlib.c
         libmng_zlib.c
         libmng_write.c
         libmng_trace.c
         libmng_read.c
         libmng_prop_xs.c
         libmng_pixels.c
         libmng_object_prc.c
         libmng_jpeg.c
         libmng_hlapi.c
     1>libmng_hlapi.c(579): warning C4267: “=”: 从“size_t”转换到“mng_uint32”，可能丢失数据
     1>libmng_hlapi.c(582): warning C4267: “=”: 从“size_t”转换到“mng_uint32”，可能丢失数据
         libmng_filter.c
         libmng_error.c
         libmng_dither.c
         libmng_display.c
         libmng_cms.c
         libmng_chunk_xs.c
         libmng_chunk_prc.c
         libmng_chunk_io.c
     1>libmng_chunk_io.c(2489): warning C4244: “=”: 从“__int64”转换到“mng_uint32”，可能丢失数据
     1>libmng_chunk_io.c(5536): warning C4244: “=”: 从“__int64”转换到“mng_uint32”，可能丢失数据
         libmng_chunk_descr.c
         libmng_callback_xs.c
         Generating Code...
       Lib:
         C:\Program Files (x86)\Microsoft Visual Studio 10.0\VC\bin\x86_amd64\Lib.exe /OUT:"D:\php\php-sdk\phpdev\vc11\x86\php-5.6.20\ext\wing\lib\cximage\x64\Debug\mng.lib" /NOLOGO x64\Debug\libmng_callback_xs.obj
         x64\Debug\libmng_chunk_descr.obj
         x64\Debug\libmng_chunk_io.obj
         x64\Debug\libmng_chunk_prc.obj
         x64\Debug\libmng_chunk_xs.obj
         x64\Debug\libmng_cms.obj
         x64\Debug\libmng_display.obj
         x64\Debug\libmng_dither.obj
         x64\Debug\libmng_error.obj
         x64\Debug\libmng_filter.obj
         x64\Debug\libmng_hlapi.obj
         x64\Debug\libmng_jpeg.obj
         x64\Debug\libmng_object_prc.obj
         x64\Debug\libmng_pixels.obj
         x64\Debug\libmng_prop_xs.obj
         x64\Debug\libmng_read.obj
         x64\Debug\libmng_trace.obj
         x64\Debug\libmng_write.obj
         x64\Debug\libmng_zlib.obj
         mng.vcxproj -> D:\php\php-sdk\phpdev\vc11\x86\php-5.6.20\ext\wing\lib\cximage\x64\Debug\mng.lib
       FinalizeBuildStatus:
         正在删除文件“x64\Debug\mng.unsuccessfulbuild”。
         正在对“x64\Debug\mng.lastbuildstate”执行 Touch 任务。
     1>已完成生成项目“D:\php\php-sdk\phpdev\vc11\x86\php-5.6.20\ext\wing\lib\cximage\mng\mng.vcxproj”(rebuild 个目标)的操作。

生成成功。

已用时间 00:00:01.21
